MEAN: 100
100 0.0 2.03483387183e-16 9.64925015005e-17 0.112366666667 [ 1963.49975586] 284950082.56
200 0.0 2.03483387183e-16 9.64925015005e-17 0.112366666667 [ 2205.16308594] 254894154.88
300 0.0 2.03483387183e-16 9.64925015005e-17 0.112366666667 [ 2250.46362305] 244218755.467
400 0.0 2.03483387183e-16 9.64925015005e-17 0.112366666667 [ 2248.29321289] 238792768.52
500 0.0 2.03483387183e-16 9.64925015005e-17 0.112366666667 [ 2248.05615234] 235615421.184
600 0.0 2.03483387183e-16 9.64925015005e-17 0.112366666667 [ 2254.578125] 233411906.933
700 0.0 2.03483387183e-16 9.64925015005e-17 0.112366666667 [ 2246.9934082] 231860215.269
800 0.0 2.03483387183e-16 9.64925015005e-17 0.112366666667 [ 2247.47583008] 230727012.52
900 0.0 2.03483387183e-16 9.64925015005e-17 0.112366666667 [ 2244.11157227] 229775439.271
1000 0.0 2.03483387183e-16 9.64925015005e-17 0.112366666667 [ 2246.24731445] 229086887.728
1100 0.0 2.03483387183e-16 9.64925015005e-17 0.112366666667 [ 2243.69995117] 228488764.247
1200 0.0 2.03483387183e-16 9.64925015005e-17 0.112366666667 [ 2254.73583984] 227990349.027
1300 0.0 2.03483387183e-16 9.64925015005e-17 0.112366666667 [ 2249.16162109] 227596488.738
1400 0.0 2.03483387183e-16 9.64925015005e-17 0.112366666667 [ 2246.04492188] 227230891.04
1500 0.0 2.03483387183e-16 9.64925015005e-17 0.112366666667 [ 2248.53735352] 226891120.832
1600 0.0 2.03483387183e-16 9.64925015005e-17 0.112366666667 [ 2250.39355469] 226659338.47
1700 0.0 2.03483387183e-16 9.64925015005e-17 0.112366666667 [ 2246.41845703] 226396566.334
1800 0.0 2.03483387183e-16 9.64925015005e-17 0.112366666667 [ 2240.00268555] 226188493.458
1900 0.0 2.03483387183e-16 9.64925015005e-17 0.112366666667 [ 2250.80444336] 226009595.2
2000 0.0 2.03483387183e-16 9.64925015005e-17 0.112366666667 [ 2249.21826172] 225831771.896
2100 0.0 2.03483387183e-16 9.64925015005e-17 0.112366666667 [ 2256.36621094] 225676738.301
2200 0.0 2.03483387183e-16 9.64925015005e-17 0.112366666667 [ 2252.36987305] 225550437.84
2300 0.0 2.03483387183e-16 9.64925015005e-17 0.112366666667 [ 2245.45385742] 225416139.277
2400 0.0 2.03483387183e-16 9.64925015005e-17 0.112366666667 [ 2246.98486328] 225291479.92
2500 0.0 2.03483387183e-16 9.64925015005e-17 0.112366666667 [ 2244.01708984] 225181011.667
2600 0.0 2.03483387183e-16 9.64925015005e-17 0.112366666667 [ 2247.90942383] 225086323.686
2700 0.0 2.03483387183e-16 9.64925015005e-17 0.112366666667 [ 2245.67089844] 224990910.791
2800 0.0 2.03483387183e-16 9.64925015005e-17 0.112366666667 [ 2256.07885742] 224912924.4
2900 0.0 2.03483387183e-16 9.64925015005e-17 0.112366666667 [ 2243.26513672] 224827341.468
3000 0.0 2.03483387183e-16 9.64925015005e-17 0.112366666667 [ 2250.47973633] 224754496.869
3100 0.0 2.03483387183e-16 9.64925015005e-17 0.112366666667 [ 2254.87353516] 224691888.908
3200 0.0 2.03483387183e-16 9.64925015005e-17 0.112366666667 [ 2243.50537109] 224634056.48
3300 0.0 2.03483387183e-16 9.64925015005e-17 0.112366666667 [ 2245.90869141] 224572341.968
3400 0.0 2.03483387183e-16 9.64925015005e-17 0.112366666667 [ 2248.11694336] 224500448.414
3500 0.0 2.03483387183e-16 9.64925015005e-17 0.112366666667 [ 2250.4128418] 224455309.573
3600 0.0 2.03483387183e-16 9.64925015005e-17 0.112366666667 [ 2244.37207031] 224397164.013
3700 0.0 2.03483387183e-16 9.64925015005e-17 0.112366666667 [ 2255.36962891] 224357104.182
3800 0.0 2.03483387183e-16 9.64925015005e-17 0.112366666667 [ 2248.72509766] 224311530.669
3900 0.0 2.03483387183e-16 9.64925015005e-17 0.112366666667 [ 2248.61352539] 224267541.358
4000 0.0 2.03483387183e-16 9.64925015005e-17 0.112366666667 [ 2252.12670898] 224224163.056
4100 0.0 2.03483387183e-16 9.64925015005e-17 0.112366666667 [ 2253.28027344] 224179466.962
4200 0.0 2.03483387183e-16 9.64925015005e-17 0.112366666667 [ 2248.62109375] 224141872.541
4300 0.0 2.03483387183e-16 9.64925015005e-17 0.112366666667 [ 2251.96020508] 224113759.073
4400 0.0 2.03483387183e-16 9.64925015005e-17 0.112366666667 [ 2243.65820312] 224069645.64
4500 0.0 2.03483387183e-16 9.64925015005e-17 0.112366666667 [ 2256.06494141] 224035377.678
4600 0.0 2.03483387183e-16 9.64925015005e-17 0.112366666667 [ 2255.98608398] 224000374.428
4700 0.0 2.03483387183e-16 9.64925015005e-17 0.112366666667 [ 2243.68994141] 223979032.306
4800 0.0 2.03483387183e-16 9.64925015005e-17 0.112366666667 [ 2252.19262695] 223951115.05
4900 0.0 2.03483387183e-16 9.64925015005e-17 0.112366666667 [ 2253.81347656] 223928579.869
5000 0.0 2.03483387183e-16 9.64925015005e-17 0.112366666667 [ 2254.18505859] 223902774.634
5100 0.0 2.03483387183e-16 9.64925015005e-17 0.112366666667 [ 2247.91015625] 223881108.797
5200 0.0 2.03483387183e-16 9.64925015005e-17 0.112366666667 [ 2254.14672852] 223858505.32
5300 0.0 2.03483387183e-16 9.64925015005e-17 0.112366666667 [ 2246.80200195] 223826698.119
5400 0.0 2.03483387183e-16 9.64925015005e-17 0.112366666667 [ 2242.07958984] 223802316.453
5500 0.0 2.03483387183e-16 9.64925015005e-17 0.112366666667 [ 2249.59448242] 223782700.233
5600 0.0 2.03483387183e-16 9.64925015005e-17 0.112366666667 [ 2254.08569336] 223759830.766
5700 0.0 2.03483387183e-16 9.64925015005e-17 0.112366666667 [ 2258.54077148] 223739708.775
5800 0.0 2.03483387183e-16 9.64925015005e-17 0.112366666667 [ 2243.99487305] 223717130.634
5900 0.0 2.03483387183e-16 9.64925015005e-17 0.112366666667 [ 2248.67895508] 223700960.96
6000 0.0 2.03483387183e-16 9.64925015005e-17 0.112366666667 [ 2249.86083984] 223683592.715
Done training
