DIM=256
100	0.0565	0.0746	0.1157	0.1915	10.0078	7355.4981
200	-0.0000	-0.0000	0.0000	0.1124	10.0164	7272.9061
300	0.0000	0.0000	0.0000	0.1124	10.0279	7177.5886
400	0.0000	0.0000	0.0000	0.1124	10.0425	7079.3035
500	0.0000	0.0000	0.0000	0.1124	10.0595	6996.3790
600	0.0000	0.0000	0.0000	0.1124	10.0788	6917.9651
700	0.0000	0.0000	0.0000	0.1124	10.1005	6842.4209
800	0.0000	0.0000	0.0000	0.1124	10.1243	6768.9401
900	0.0000	0.0000	0.0000	0.1124	10.1504	6704.6910
1000	0.0000	0.0000	0.0000	0.1124	10.1786	6640.3565
1100	0.0000	0.0000	0.0000	0.1124	10.2089	6578.0279
1200	0.0000	0.0000	0.0000	0.1124	10.2413	6518.6971
1300	0.0000	0.0000	0.0000	0.1124	10.2756	6463.9507
1400	0.0000	0.0000	0.0000	0.1124	10.3120	6407.9961
1500	0.0000	0.0000	0.0000	0.1124	10.3502	6352.3557
1600	0.0000	0.0000	0.0000	0.1124	10.3903	6301.3911
1700	0.0000	0.0000	0.0000	0.1124	10.4322	6253.1523
1800	0.0000	0.0000	0.0000	0.1124	10.4759	6204.9933
1900	0.0000	0.0000	0.0000	0.1124	10.5215	6160.8705
2000	0.0000	0.0000	0.0000	0.1124	10.5687	6116.0269
2100	0.0000	0.0000	0.0000	0.1124	10.6175	6071.8850
2200	0.0000	0.0000	0.0000	0.1124	10.6680	6029.5287
2300	0.0000	0.0000	0.0000	0.1124	10.7200	5989.3427
2400	0.0000	0.0000	0.0000	0.1124	10.7735	5950.5985
2500	0.0000	0.0000	0.0000	0.1124	10.8285	5912.8516
2600	0.0000	0.0000	0.0000	0.1124	10.8849	5876.4707
2700	0.0000	0.0000	0.0000	0.1124	10.9427	5840.8355
2800	0.0000	0.0000	0.0000	0.1124	11.0018	5806.7916
2900	0.0000	0.0000	0.0000	0.1124	11.0620	5773.9040
3000	0.0000	0.0000	0.0000	0.1124	11.1236	5741.5236
3100	0.0000	0.0000	0.0000	0.1124	11.1863	5710.1491
3200	0.0000	0.0000	0.0000	0.1124	11.2503	5680.0112
3300	0.0000	0.0000	0.0000	0.1124	11.3153	5650.5596
3400	0.0000	0.0000	0.0000	0.1124	11.3813	5622.6231
3500	0.0000	0.0000	0.0000	0.1124	11.4483	5595.1921
3600	0.0000	0.0000	0.0000	0.1124	11.5166	5568.3492
3700	0.0000	0.0000	0.0000	0.1124	11.5857	5542.5954
3800	0.0000	0.0000	0.0000	0.1124	11.6557	5517.0456
3900	0.0000	0.0000	0.0000	0.1124	11.7265	5492.7805
4000	0.0000	0.0000	0.0000	0.1124	11.7981	5469.0296
4100	0.0000	0.0000	0.0000	0.1124	11.8703	5446.0194
4200	0.0000	0.0000	0.0000	0.1124	11.9432	5424.1025
4300	0.0000	0.0000	0.0000	0.1124	12.0168	5402.3794
4400	0.0000	0.0000	0.0000	0.1124	12.0909	5381.2451
4500	0.0000	0.0000	0.0000	0.1124	12.1655	5361.2722
4600	0.0000	0.0000	0.0000	0.1124	12.2406	5341.1954
4700	0.0000	0.0000	0.0000	0.1124	12.3158	5321.4567
4800	0.0000	0.0000	0.0000	0.1124	12.3916	5303.0181
4900	0.0000	0.0000	0.0000	0.1124	12.4680	5284.6625
5000	0.0000	0.0000	0.0000	0.1124	12.5443	5266.5314
5100	0.0000	0.0000	0.0000	0.1124	12.6207	5249.1881
5200	0.0000	0.0000	0.0000	0.1124	12.6973	5232.4183
5300	0.0000	0.0000	0.0000	0.1124	12.7739	5215.8207
5400	0.0000	0.0000	0.0000	0.1124	12.8511	5200.2776
5500	0.0000	0.0000	0.0000	0.1124	12.9283	5184.8282
5600	0.0000	0.0000	0.0000	0.1124	13.0046	5169.3000
5700	0.0000	0.0000	0.0000	0.1124	13.0801	5154.1695
5800	0.0000	0.0000	0.0000	0.1124	13.1565	5139.9288
5900	0.0000	0.0000	0.0000	0.1124	13.2318	5125.5611
6000	0.0000	0.0000	0.0000	0.1124	13.3073	5111.8964
6100	0.0000	0.0000	0.0000	0.1124	13.3815	5098.2130
6200	0.0000	0.0000	0.0000	0.1124	13.4555	5084.9029
6300	0.0000	0.0000	0.0000	0.1124	13.5286	5071.8140
6400	0.0000	0.0000	0.0000	0.1124	13.6013	5059.0805
6500	0.0000	0.0000	0.0000	0.1124	13.6732	5046.6358
6600	0.0000	0.0000	0.0000	0.1124	13.7442	5034.4980
6700	0.0000	0.0000	0.0000	0.1124	13.8132	5022.1592
6800	0.0000	0.0000	0.0000	0.1124	13.8821	5010.5726
6900	0.0000	0.0000	0.0000	0.1124	13.9496	4999.1295
7000	0.0000	0.0000	0.0000	0.1124	14.0160	4987.7570
7100	0.0000	0.0000	0.0000	0.1124	14.0812	4976.6049
7200	0.0000	0.0000	0.0000	0.1124	14.1441	4965.4507
7300	0.0000	0.0000	0.0000	0.1124	14.2064	4954.5499
7400	0.0000	0.0000	0.0000	0.1124	14.2668	4943.8625
7500	0.0000	0.0000	0.0000	0.1124	14.3261	4933.3585
7600	0.0000	0.0000	0.0000	0.1124	14.3842	4923.1847
7700	0.0000	0.0000	0.0000	0.1124	14.4384	4912.8840
7800	0.0000	0.0000	0.0000	0.1124	14.4911	4902.6021
7900	0.0000	0.0000	0.0000	0.1124	14.5437	4892.6239
8000	0.0000	0.0000	0.0000	0.1124	14.5930	4882.7084
8100	0.0000	0.0000	0.0001	0.1124	14.6404	4872.9205
8200	0.0000	0.0000	0.0001	0.1124	14.6861	4863.3805
8300	-0.0000	-0.0000	0.0001	0.1124	14.7304	4853.6618
8400	0.0000	0.0000	0.0001	0.1124	14.7706	4844.2469
8500	-0.0000	0.0000	0.0001	0.1124	14.8080	4834.7119
8600	0.0000	-0.0000	0.0001	0.1124	14.8457	4825.5397
8700	0.0000	-0.0000	0.0001	0.1124	14.8801	4816.3648
8800	-0.0000	0.0000	0.0001	0.1124	14.9125	4807.1287
8900	0.0000	-0.0000	0.0001	0.1124	14.9407	4798.1245
9000	0.0000	0.0000	0.0001	0.1124	14.9685	4789.1754
9100	0.0000	-0.0000	0.0001	0.1124	14.9934	4780.2354
9200	0.0000	0.0000	0.0002	0.1124	15.0170	4771.4942
9300	0.0000	0.0000	0.0002	0.1124	15.0354	4762.6838
9400	-0.0000	0.0000	0.0002	0.1125	15.0526	4753.8579
9500	-0.0000	0.0000	0.0002	0.1125	15.0675	4745.0774
9600	-0.0000	0.0001	0.0003	0.1125	15.0814	4736.5496
9700	-0.0000	0.0001	0.0003	0.1125	15.0923	4727.9643
9800	-0.0000	0.0001	0.0002	0.1125	15.1015	4719.4368
9900	-0.0000	0.0001	0.0004	0.1126	15.1067	4710.8701
10000	-0.0000	0.0002	0.0004	0.1126	15.1101	4702.3834
10100	-0.0000	0.0002	0.0005	0.1126	15.1109	4694.0258
10200	-0.0000	0.0002	0.0006	0.1127	15.1094	4685.7306
10300	-0.0000	0.0002	0.0006	0.1127	15.1073	4677.4290
10400	-0.0000	0.0003	0.0008	0.1128	15.1039	4669.1254
10500	-0.0000	0.0004	0.0009	0.1129	15.0986	4661.0433
10600	-0.0000	0.0003	0.0008	0.1129	15.0878	4652.8005
10700	-0.0000	0.0004	0.0009	0.1129	15.0794	4644.5259
10800	-0.0000	0.0005	0.0012	0.1131	15.0670	4636.3538
10900	-0.0000	0.0005	0.0011	0.1130	15.0518	4628.1837
11000	-0.0000	0.0006	0.0013	0.1132	15.0401	4620.0656
11100	-0.0000	0.0006	0.0013	0.1132	15.0234	4612.0012
11200	-0.0000	0.0006	0.0014	0.1132	15.0100	4604.0244
11300	-0.0000	0.0007	0.0015	0.1133	14.9917	4596.0464
11400	-0.0000	0.0006	0.0014	0.1133	14.9736	4588.1807
11500	-0.0000	0.0007	0.0016	0.1134	14.9540	4580.1524
11600	-0.0000	0.0008	0.0018	0.1135	14.9327	4572.1882
11700	-0.0000	0.0008	0.0017	0.1135	14.9135	4564.3977
11800	-0.0000	0.0010	0.0021	0.1137	14.8946	4556.7442
11900	-0.0000	0.0012	0.0025	0.1139	14.8761	4548.9653
12000	0.0000	0.0014	0.0029	0.1142	14.8551	4541.0388
12100	0.0000	0.0015	0.0031	0.1144	14.8410	4533.1824
12200	0.0000	0.0015	0.0032	0.1144	14.8191	4525.5112
12300	0.0000	0.0017	0.0035	0.1144	14.7997	4517.8278
12400	0.0000	0.0017	0.0036	0.1147	14.7862	4510.1820
12500	0.0000	0.0022	0.0045	0.1150	14.7683	4502.5301
12600	0.0000	0.0025	0.0050	0.1155	14.7514	4494.8493
12700	0.0001	0.0028	0.0056	0.1159	14.7406	4487.2868
12800	0.0001	0.0029	0.0057	0.1159	14.7309	4479.7345
12900	0.0001	0.0033	0.0066	0.1162	14.7222	4472.1577
13000	0.0002	0.0041	0.0081	0.1168	14.7183	4464.5871
13100	0.0002	0.0049	0.0095	0.1176	14.7203	4457.0780
13200	0.0004	0.0061	0.0118	0.1187	14.7250	4449.5732
13300	0.0005	0.0070	0.0134	0.1197	14.7315	4442.1037
13400	0.0006	0.0075	0.0142	0.1203	14.7406	4434.5823
13500	0.0009	0.0093	0.0174	0.1226	14.7575	4427.2022
13600	0.0013	0.0113	0.0211	0.1256	14.7759	4419.8396
13700	0.0018	0.0134	0.0246	0.1287	14.8052	4412.5074
13800	0.0029	0.0173	0.0313	0.1344	14.8408	4405.1596
13900	0.0039	0.0200	0.0358	0.1386	14.8829	4397.8002
14000	0.0050	0.0223	0.0396	0.1426	14.9239	4390.4664
14100	0.0067	0.0257	0.0450	0.1480	14.9671	4383.2702
14200	0.0083	0.0281	0.0486	0.1522	15.0129	4376.0101
14300	0.0101	0.0309	0.0529	0.1564	15.0610	4368.6799
14400	0.0107	0.0314	0.0536	0.1575	15.1101	4361.5570
14500	0.0128	0.0343	0.0580	0.1615	15.1565	4354.3266
14600	0.0144	0.0362	0.0610	0.1648	15.1990	4347.0892
14700	0.0159	0.0380	0.0635	0.1677	15.2447	4339.9533
14800	0.0180	0.0409	0.0681	0.1714	15.2957	4332.8984
14900	0.0207	0.0430	0.0710	0.1759	15.3420	4325.7426
15000	0.0217	0.0439	0.0724	0.1774	15.3870	4318.7512
15100	0.0231	0.0453	0.0743	0.1800	15.4352	4311.7375
15200	0.0244	0.0460	0.0751	0.1817	15.4805	4304.7106
15300	0.0251	0.0468	0.0764	0.1827	15.5226	4297.7128
15400	0.0267	0.0478	0.0776	0.1847	15.5659	4290.7142
15500	0.0271	0.0479	0.0775	0.1855	15.6056	4283.6639
15600	0.0274	0.0477	0.0770	0.1858	15.6462	4276.7517
15700	0.0281	0.0478	0.0770	0.1868	15.6835	4269.8224
15800	0.0294	0.0485	0.0779	0.1887	15.7236	4262.8850
15900	0.0293	0.0483	0.0775	0.1883	15.7644	4256.0710
16000	0.0309	0.0495	0.0790	0.1904	15.8032	4249.2147
16100	0.0313	0.0498	0.0794	0.1908	15.8371	4242.3594
16200	0.0324	0.0510	0.0813	0.1918	15.8710	4235.5534
16300	0.0328	0.0510	0.0811	0.1925	15.9037	4228.7234
16400	0.0328	0.0506	0.0804	0.1928	15.9367	4221.9897
16500	0.0340	0.0516	0.0816	0.1941	15.9669	4215.1665
16600	0.0345	0.0522	0.0825	0.1946	15.9969	4208.3994
16700	0.0348	0.0521	0.0822	0.1951	16.0291	4201.7054
16800	0.0353	0.0526	0.0830	0.1957	16.0588	4195.1442
16900	0.0357	0.0529	0.0833	0.1960	16.0859	4188.4749
17000	0.0360	0.0530	0.0833	0.1965	16.1117	4181.8624
17100	0.0367	0.0538	0.0845	0.1973	16.1361	4175.2613
17200	0.0374	0.0541	0.0849	0.1981	16.1589	4168.7185
17300	0.0373	0.0538	0.0842	0.1979	16.1835	4162.1338
17400	0.0373	0.0536	0.0839	0.1981	16.2036	4155.5342
17500	0.0382	0.0544	0.0850	0.1990	16.2247	4149.0565
17600	0.0377	0.0537	0.0840	0.1984	16.2435	4142.5108
17700	0.0380	0.0539	0.0842	0.1988	16.2634	4136.0126
17800	0.0387	0.0545	0.0850	0.1997	16.2828	4129.5703
17900	0.0394	0.0553	0.0861	0.2006	16.2985	4123.2184
18000	0.0393	0.0550	0.0856	0.2004	16.3160	4116.7254
18100	0.0398	0.0554	0.0861	0.2009	16.3265	4110.4074
18200	0.0404	0.0563	0.0875	0.2016	16.3409	4104.0780
18300	0.0411	0.0570	0.0884	0.2021	16.3537	4097.6372
18400	0.0411	0.0566	0.0878	0.2019	16.3647	4091.2861
18500	0.0411	0.0568	0.0881	0.2021	16.3784	4084.9921
18600	0.0411	0.0567	0.0878	0.2023	16.3863	4078.7018
18700	0.0417	0.0573	0.0886	0.2028	16.3933	4072.3547
18800	0.0416	0.0571	0.0883	0.2024	16.4039	4066.1436
18900	0.0421	0.0578	0.0892	0.2028	16.4091	4059.9117
19000	0.0423	0.0580	0.0894	0.2028	16.4161	4053.7427
19100	0.0428	0.0587	0.0903	0.2032	16.4260	4047.5747
19200	0.0431	0.0587	0.0902	0.2034	16.4343	4041.4477
19300	0.0433	0.0592	0.0908	0.2034	16.4456	4035.3367
19400	0.0435	0.0595	0.0912	0.2032	16.4529	4029.2496
19500	0.0439	0.0602	0.0921	0.2034	16.4624	4023.2124
19600	0.0447	0.0613	0.0935	0.2041	16.4734	4017.1261
19700	0.0449	0.0619	0.0941	0.2040	16.4829	4011.0369
19800	0.0449	0.0626	0.0949	0.2038	16.4913	4004.9450
19900	0.0451	0.0630	0.0953	0.2050	16.5060	3998.9881
20000	0.0451	0.0639	0.0962	0.2056	16.5164	3992.9892
20100	0.0464	0.0656	0.0984	0.2070	16.5344	3987.0577
20200	0.0468	0.0674	0.1007	0.2064	16.5555	3981.0740
20300	0.0473	0.0688	0.1021	0.2079	16.5761	3975.1289
20400	0.0476	0.0700	0.1035	0.2086	16.5993	3969.1853
20500	0.0475	0.0712	0.1047	0.2094	16.6263	3963.3241
20600	0.0484	0.0740	0.1081	0.2100	16.6561	3957.4547
20700	0.0496	0.0764	0.1111	0.2105	16.6907	3951.5936
20800	0.0505	0.0789	0.1141	0.2122	16.7251	3945.7993
20900	0.0512	0.0807	0.1162	0.2109	16.7624	3940.0200
21000	0.0536	0.0841	0.1203	0.2144	16.7981	3934.1446
21100	0.0543	0.0856	0.1219	0.2146	16.8330	3928.3509
21200	0.0560	0.0884	0.1254	0.2165	16.8712	3922.6198
21300	0.0581	0.0905	0.1278	0.2171	16.9075	3916.8580
21400	0.0597	0.0927	0.1305	0.2185	16.9456	3911.1906
21500	0.0623	0.0958	0.1346	0.2205	16.9796	3905.4504
21600	0.0638	0.0980	0.1374	0.2222	17.0214	3899.8077
21700	0.0665	0.1008	0.1408	0.2237	17.0576	3894.1092
21800	0.0683	0.1025	0.1428	0.2246	17.0899	3888.5522
21900	0.0696	0.1039	0.1446	0.2257	17.1253	3882.9008
22000	0.0715	0.1058	0.1470	0.2286	17.1626	3877.2651
22100	0.0738	0.1080	0.1497	0.2314	17.1979	3871.7120
22200	0.0767	0.1108	0.1532	0.2342	17.2323	3866.1499
22300	0.0771	0.1109	0.1533	0.2346	17.2678	3860.6196
22400	0.0788	0.1132	0.1563	0.2360	17.3021	3855.1048
22500	0.0810	0.1152	0.1588	0.2374	17.3357	3849.5517
22600	0.0829	0.1170	0.1609	0.2397	17.3698	3844.0637
22700	0.0845	0.1182	0.1621	0.2413	17.4030	3838.5923
22800	0.0852	0.1197	0.1641	0.2421	17.4374	3833.1521
22900	0.0870	0.1211	0.1658	0.2432	17.4645	3827.7506
23000	0.0877	0.1222	0.1672	0.2440	17.4988	3822.3143
23100	0.0880	0.1228	0.1677	0.2449	17.5317	3816.9063
23200	0.0900	0.1254	0.1710	0.2461	17.5641	3811.5262
23300	0.0921	0.1278	0.1738	0.2484	17.5987	3806.1220
23400	0.0935	0.1304	0.1770	0.2497	17.6353	3800.7878
23500	0.0930	0.1307	0.1773	0.2497	17.6693	3795.4997
23600	0.0956	0.1341	0.1814	0.2520	17.7060	3790.1453
23700	0.0966	0.1367	0.1843	0.2539	17.7489	3784.8407
23800	0.0977	0.1386	0.1865	0.2547	17.7916	3779.5590
23900	0.0992	0.1416	0.1898	0.2569	17.8338	3774.2690
24000	0.1017	0.1455	0.1943	0.2590	17.8761	3769.0512
24100	0.1029	0.1485	0.1977	0.2606	17.9260	3763.8068
24200	0.1048	0.1521	0.2015	0.2623	17.9732	3758.5939
24300	0.1060	0.1549	0.2047	0.2631	18.0256	3753.3747
24400	0.1082	0.1584	0.2084	0.2652	18.0780	3748.2045
24500	0.1099	0.1613	0.2117	0.2658	18.1303	3743.0482
24600	0.1109	0.1634	0.2134	0.2666	18.1817	3737.9154
24700	0.1140	0.1676	0.2178	0.2687	18.2390	3732.7436
24800	0.1155	0.1702	0.2208	0.2695	18.2928	3727.6588
24900	0.1187	0.1751	0.2258	0.2714	18.3517	3722.5911
25000	0.1211	0.1791	0.2299	0.2723	18.4141	3717.5079
25100	0.1240	0.1831	0.2341	0.2734	18.4764	3712.3737
25200	0.1266	0.1874	0.2386	0.2749	18.5419	3707.3692
25300	0.1293	0.1916	0.2428	0.2762	18.6078	3702.4138
25400	0.1340	0.1978	0.2495	0.2791	18.6789	3697.3511
25500	0.1360	0.2016	0.2536	0.2806	18.7489	3692.3469
25600	0.1399	0.2078	0.2599	0.2852	18.8173	3687.3402
25700	0.1435	0.2133	0.2655	0.2879	18.8912	3682.3652
25800	0.1464	0.2181	0.2704	0.2912	18.9626	3677.3937
25900	0.1511	0.2249	0.2774	0.2952	19.0371	3672.4307
26000	0.1534	0.2284	0.2809	0.2963	19.1153	3667.4986
26100	0.1573	0.2339	0.2861	0.3008	19.1951	3662.6008
26200	0.1616	0.2398	0.2923	0.3045	19.2788	3657.7074
26300	0.1656	0.2446	0.2968	0.3084	19.3655	3652.8764
26400	0.1691	0.2492	0.3012	0.3115	19.4513	3647.9683
26500	0.1721	0.2533	0.3055	0.3134	19.5365	3643.1174
26600	0.1757	0.2573	0.3092	0.3174	19.6207	3638.2866
26700	0.1786	0.2604	0.3119	0.3202	19.7041	3633.3908
26800	0.1824	0.2644	0.3155	0.3240	19.7925	3628.6290
26900	0.1859	0.2676	0.3185	0.3276	19.8794	3623.8521
27000	0.1895	0.2716	0.3220	0.3306	19.9657	3619.0626
27100	0.1915	0.2736	0.3238	0.3324	20.0487	3614.2713
27200	0.1954	0.2778	0.3277	0.3358	20.1328	3609.5198
27300	0.1980	0.2814	0.3314	0.3383	20.2203	3604.7833
27400	0.1998	0.2831	0.3325	0.3393	20.3043	3600.0659
27500	0.2026	0.2855	0.3348	0.3419	20.3875	3595.3573
27600	0.2053	0.2888	0.3379	0.3438	20.4750	3590.6761
27700	0.2081	0.2909	0.3396	0.3458	20.5602	3585.9749
27800	0.2090	0.2929	0.3415	0.3459	20.6446	3581.3188
27900	0.2118	0.2957	0.3441	0.3477	20.7265	3576.7011
28000	0.2140	0.2982	0.3464	0.3479	20.8083	3572.0384
28100	0.2150	0.2992	0.3470	0.3483	20.8888	3567.3865
28200	0.2161	0.3008	0.3486	0.3491	20.9702	3562.7845
28300	0.2164	0.3011	0.3485	0.3493	21.0505	3558.2059
28400	0.2184	0.3034	0.3508	0.3510	21.1275	3553.5883
28500	0.2181	0.3030	0.3500	0.3513	21.2044	3549.0609
28600	0.2190	0.3046	0.3519	0.3517	21.2807	3544.4804
28700	0.2191	0.3047	0.3515	0.3513	21.3549	3539.9291
28800	0.2193	0.3053	0.3521	0.3513	21.4288	3535.3851
28900	0.2198	0.3054	0.3518	0.3518	21.4972	3530.9006
29000	0.2195	0.3053	0.3514	0.3523	21.5691	3526.4352
29100	0.2189	0.3055	0.3514	0.3514	21.6371	3521.9751
29200	0.2198	0.3069	0.3528	0.3519	21.7051	3517.4418
29300	0.2202	0.3068	0.3526	0.3520	21.7710	3512.9624
29400	0.2193	0.3065	0.3518	0.3513	21.8360	3508.4726
29500	0.2195	0.3064	0.3514	0.3526	21.9005	3504.0344
29600	0.2182	0.3059	0.3506	0.3525	21.9615	3499.5928
29700	0.2187	0.3067	0.3516	0.3527	22.0244	3495.1797
29800	0.2177	0.3055	0.3500	0.3525	22.0810	3490.7683
29900	0.2189	0.3073	0.3520	0.3533	22.1382	3486.3936
30000	0.2186	0.3074	0.3518	0.3529	22.1973	3482.0374
30100	0.2183	0.3072	0.3516	0.3538	22.2545	3477.6791
30200	0.2175	0.3065	0.3503	0.3527	22.3099	3473.3024
30300	0.2173	0.3068	0.3507	0.3538	22.3603	3468.9734
30400	0.2185	0.3078	0.3519	0.3549	22.4094	3464.6728
30500	0.2186	0.3078	0.3517	0.3551	22.4610	3460.3378
30600	0.2186	0.3079	0.3517	0.3557	22.5114	3456.0565
30700	0.2175	0.3071	0.3505	0.3564	22.5589	3451.7630
30800	0.2175	0.3074	0.3508	0.3567	22.6059	3447.5203
30900	0.2181	0.3074	0.3505	0.3568	22.6509	3443.2630
31000	0.2164	0.3064	0.3494	0.3572	22.6939	3439.0089
31100	0.2176	0.3078	0.3508	0.3585	22.7372	3434.7519
31200	0.2170	0.3079	0.3506	0.3586	22.7739	3430.5341
31300	0.2170	0.3082	0.3511	0.3594	22.8133	3426.3539
31400	0.2160	0.3071	0.3496	0.3590	22.8507	3422.1522
31500	0.2158	0.3074	0.3502	0.3587	22.8882	3417.9595
31600	0.2168	0.3089	0.3517	0.3602	22.9189	3413.7799
31700	0.2167	0.3080	0.3504	0.3610	22.9535	3409.5941
31800	0.2183	0.3105	0.3535	0.3617	22.9864	3405.4498
31900	0.2169	0.3091	0.3514	0.3622	23.0170	3401.3066
32000	0.2170	0.3094	0.3516	0.3624	23.0463	3397.1937
32100	0.2167	0.3090	0.3511	0.3629	23.0777	3393.0615
32200	0.2176	0.3107	0.3530	0.3633	23.1070	3388.9517
32300	0.2168	0.3091	0.3510	0.3643	23.1325	3384.8472
32400	0.2162	0.3083	0.3498	0.3635	23.1575	3380.7999
32500	0.2156	0.3091	0.3508	0.3644	23.1789	3376.7123
32600	0.2174	0.3110	0.3531	0.3642	23.2019	3372.6660
32700	0.2190	0.3122	0.3541	0.3671	23.2228	3368.6199
32800	0.2183	0.3118	0.3534	0.3675	23.2469	3364.5953
32900	0.2192	0.3133	0.3550	0.3691	23.2699	3360.6009
33000	0.2206	0.3144	0.3559	0.3710	23.2910	3356.5804
33100	0.2210	0.3158	0.3575	0.3716	23.3109	3352.5646
33200	0.2206	0.3150	0.3565	0.3715	23.3291	3348.5998
33300	0.2212	0.3164	0.3576	0.3723	23.3461	3344.6193
33400	0.2224	0.3169	0.3576	0.3731	23.3652	3340.6335
33500	0.2228	0.3183	0.3590	0.3751	23.3830	3336.7092
33600	0.2239	0.3196	0.3601	0.3762	23.3999	3332.7692
33700	0.2253	0.3224	0.3627	0.3780	23.4170	3328.8534
33800	0.2250	0.3224	0.3626	0.3778	23.4349	3324.9077
33900	0.2262	0.3240	0.3638	0.3795	23.4510	3320.9860
34000	0.2266	0.3252	0.3651	0.3813	23.4677	3317.1018
34100	0.2287	0.3279	0.3675	0.3835	23.4861	3313.2288
34200	0.2297	0.3300	0.3696	0.3866	23.5045	3309.3590
34300	0.2308	0.3314	0.3705	0.3881	23.5229	3305.5152
34400	0.2335	0.3340	0.3730	0.3907	23.5392	3301.6646
34500	0.2342	0.3349	0.3736	0.3925	23.5614	3297.7919
34600	0.2347	0.3366	0.3754	0.3939	23.5803	3293.9729
34700	0.2365	0.3382	0.3767	0.3962	23.5990	3290.1346
34800	0.2377	0.3400	0.3783	0.3973	23.6214	3286.3414
34900	0.2392	0.3419	0.3803	0.3997	23.6444	3282.5314
35000	0.2410	0.3422	0.3799	0.4013	23.6686	3278.7468
35100	0.2413	0.3428	0.3804	0.4034	23.6907	3274.9752
35200	0.2434	0.3448	0.3821	0.4053	23.7123	3271.2137
35300	0.2440	0.3454	0.3826	0.4054	23.7282	3267.4658
35400	0.2443	0.3467	0.3836	0.4065	23.7491	3263.7061
35500	0.2452	0.3481	0.3851	0.4071	23.7709	3259.9666
35600	0.2470	0.3492	0.3857	0.4086	23.7934	3256.2610
35700	0.2483	0.3501	0.3866	0.4102	23.8181	3252.5305
35800	0.2487	0.3505	0.3866	0.4117	23.8372	3248.8308
35900	0.2484	0.3505	0.3866	0.4118	23.8592	3245.1537
36000	0.2488	0.3511	0.3869	0.4122	23.8818	3241.4443
36100	0.2509	0.3528	0.3883	0.4136	23.9027	3237.7465
36200	0.2516	0.3533	0.3887	0.4144	23.9232	3234.1026
36300	0.2511	0.3531	0.3882	0.4156	23.9480	3230.4368
36400	0.2523	0.3538	0.3887	0.4157	23.9672	3226.7703
36500	0.2525	0.3543	0.3890	0.4162	23.9854	3223.1333
36600	0.2537	0.3555	0.3901	0.4173	24.0065	3219.5488
36700	0.2542	0.3553	0.3896	0.4186	24.0270	3215.9539
36800	0.2565	0.3575	0.3917	0.4202	24.0471	3212.3508
36900	0.2559	0.3579	0.3920	0.4207	24.0675	3208.7572
37000	0.2563	0.3578	0.3913	0.4213	24.0864	3205.1654
37100	0.2569	0.3584	0.3917	0.4215	24.1103	3201.5851
37200	0.2580	0.3593	0.3921	0.4223	24.1324	3198.0070
37300	0.2581	0.3595	0.3922	0.4233	24.1556	3194.4029
37400	0.2596	0.3614	0.3941	0.4245	24.1737	3190.8951
37500	0.2582	0.3605	0.3927	0.4245	24.1968	3187.3556
37600	0.2591	0.3616	0.3936	0.4249	24.2201	3183.8452
37700	0.2600	0.3626	0.3943	0.4257	24.2444	3180.3235
37800	0.2605	0.3620	0.3930	0.4262	24.2728	3176.8184
37900	0.2620	0.3637	0.3943	0.4276	24.2972	3173.3184
38000	0.2612	0.3634	0.3939	0.4275	24.3235	3169.8426
38100	0.2621	0.3647	0.3950	0.4283	24.3514	3166.3304
38200	0.2618	0.3649	0.3946	0.4279	24.3812	3162.8828
38300	0.2639	0.3672	0.3965	0.4300	24.4101	3159.4276
38400	0.2636	0.3666	0.3952	0.4296	24.4412	3155.9757
38500	0.2644	0.3679	0.3960	0.4307	24.4697	3152.5358
38600	0.2644	0.3682	0.3959	0.4310	24.5048	3149.1144
38700	0.2660	0.3697	0.3966	0.4319	24.5385	3145.6751
38800	0.2653	0.3697	0.3962	0.4316	24.5706	3142.2648
38900	0.2660	0.3717	0.3975	0.4328	24.6071	3138.8608
39000	0.2676	0.3730	0.3983	0.4340	24.6454	3135.4636
39100	0.2676	0.3732	0.3977	0.4344	24.6839	3132.0816
39200	0.2681	0.3739	0.3978	0.4355	24.7253	3128.6901
39300	0.2690	0.3759	0.3995	0.4372	24.7631	3125.3249
39400	0.2675	0.3746	0.3975	0.4370	24.8013	3121.9629
39500	0.2686	0.3757	0.3979	0.4382	24.8431	3118.6144
39600	0.2695	0.3780	0.3992	0.4400	24.8864	3115.2734
39700	0.2700	0.3782	0.3988	0.4415	24.9298	3111.9520
39800	0.2694	0.3786	0.3992	0.4419	24.9704	3108.6256
39900	0.2712	0.3811	0.4006	0.4441	25.0165	3105.3061
40000	0.2709	0.3811	0.4001	0.4455	25.0599	3101.9846
40100	0.2711	0.3826	0.4010	0.4462	25.1100	3098.6903
40200	0.2716	0.3824	0.4002	0.4480	25.1602	3095.3978
40300	0.2728	0.3841	0.4015	0.4498	25.2100	3092.1206
40400	0.2737	0.3852	0.4020	0.4524	25.2619	3088.8502
40500	0.2740	0.3862	0.4028	0.4525	25.3072	3085.5694
40600	0.2730	0.3849	0.4009	0.4529	25.3554	3082.3043
40700	0.2757	0.3866	0.4019	0.4564	25.4023	3079.0759
40800	0.2764	0.3880	0.4030	0.4576	25.4510	3075.8300
40900	0.2773	0.3890	0.4038	0.4585	25.4997	3072.6076
41000	0.2772	0.3888	0.4028	0.4601	25.5548	3069.3764
41100	0.2762	0.3891	0.4031	0.4589	25.6053	3066.1644
41200	0.2786	0.3907	0.4042	0.4620	25.6591	3062.9394
41300	0.2781	0.3914	0.4041	0.4625	25.7098	3059.7536
41400	0.2795	0.3931	0.4057	0.4644	25.7595	3056.5676
41500	0.2788	0.3919	0.4040	0.4655	25.8135	3053.3821
41600	0.2824	0.3951	0.4067	0.4691	25.8668	3050.1969
41700	0.2821	0.3953	0.4068	0.4688	25.9165	3047.0421
41800	0.2827	0.3964	0.4073	0.4708	25.9698	3043.8982
41900	0.2832	0.3960	0.4063	0.4711	26.0176	3040.7567
42000	0.2868	0.4001	0.4102	0.4757	26.0693	3037.6078
42100	0.2869	0.4008	0.4103	0.4765	26.1193	3034.4935
42200	0.2886	0.4027	0.4121	0.4780	26.1720	3031.3649
42300	0.2888	0.4023	0.4108	0.4798	26.2220	3028.2626
42400	0.2906	0.4039	0.4121	0.4823	26.2752	3025.1480
42500	0.2909	0.4061	0.4142	0.4826	26.3295	3022.0431
42600	0.2905	0.4057	0.4134	0.4840	26.3867	3018.9356
42700	0.2925	0.4082	0.4151	0.4862	26.4418	3015.8694
42800	0.2920	0.4079	0.4142	0.4884	26.4976	3012.7967
42900	0.2940	0.4092	0.4154	0.4899	26.5559	3009.7359
43000	0.2941	0.4110	0.4164	0.4916	26.6117	3006.6698
43100	0.2947	0.4115	0.4162	0.4943	26.6662	3003.6084
43200	0.2955	0.4142	0.4185	0.4970	26.7279	3000.5542
43300	0.2968	0.4157	0.4191	0.4990	26.7865	2997.5149
43400	0.3001	0.4189	0.4218	0.5047	26.8427	2994.5035
43500	0.3005	0.4208	0.4227	0.5077	26.9031	2991.4707
43600	0.3025	0.4233	0.4253	0.5096	26.9602	2988.4359
43700	0.3022	0.4240	0.4254	0.5119	27.0246	2985.4233
43800	0.3034	0.4251	0.4259	0.5149	27.0884	2982.4468
43900	0.3041	0.4278	0.4281	0.5172	27.1498	2979.4348
44000	0.3073	0.4294	0.4303	0.5224	27.2156	2976.4402
44100	0.3102	0.4319	0.4331	0.5261	27.2761	2973.4738
44200	0.3121	0.4337	0.4354	0.5283	27.3396	2970.5114
44300	0.3128	0.4337	0.4358	0.5316	27.4035	2967.5599
44400	0.3172	0.4367	0.4392	0.5358	27.4658	2964.6141
44500	0.3179	0.4370	0.4398	0.5364	27.5281	2961.6780
44600	0.3207	0.4390	0.4422	0.5391	27.5909	2958.7202
44700	0.3230	0.4407	0.4442	0.5419	27.6519	2955.8106
44800	0.3242	0.4416	0.4452	0.5430	27.7110	2952.8945
44900	0.3269	0.4443	0.4483	0.5460	27.7736	2949.9591
45000	0.3284	0.4444	0.4486	0.5476	27.8341	2947.0469
45100	0.3310	0.4459	0.4505	0.5498	27.8949	2944.1474
45200	0.3320	0.4476	0.4521	0.5506	27.9533	2941.2302
45300	0.3351	0.4501	0.4549	0.5533	28.0139	2938.3358
45400	0.3397	0.4513	0.4566	0.5576	28.0701	2935.4837
45500	0.3395	0.4519	0.4573	0.5576	28.1295	2932.6068
45600	0.3406	0.4531	0.4586	0.5592	28.1900	2929.7353
45700	0.3425	0.4540	0.4598	0.5626	28.2465	2926.8744
45800	0.3441	0.4553	0.4613	0.5641	28.3032	2924.0235
45900	0.3448	0.4552	0.4614	0.5660	28.3581	2921.1731
46000	0.3479	0.4581	0.4643	0.5686	28.4146	2918.3295
46100	0.3504	0.4596	0.4662	0.5707	28.4695	2915.5006
46200	0.3500	0.4593	0.4660	0.5721	28.5221	2912.6760
46300	0.3506	0.4591	0.4662	0.5732	28.5735	2909.8648
46400	0.3544	0.4619	0.4692	0.5764	28.6241	2907.0417
46500	0.3547	0.4625	0.4697	0.5772	28.6751	2904.2470
46600	0.3558	0.4639	0.4712	0.5782	28.7274	2901.4315
46700	0.3579	0.4642	0.4718	0.5806	28.7790	2898.6484
46800	0.3579	0.4639	0.4718	0.5822	28.8288	2895.8728
46900	0.3594	0.4665	0.4744	0.5828	28.8774	2893.0870
47000	0.3605	0.4673	0.4753	0.5846	28.9252	2890.3002
47100	0.3632	0.4686	0.4769	0.5874	28.9727	2887.5477
47200	0.3656	0.4700	0.4784	0.5904	29.0216	2884.7928
47300	0.3662	0.4718	0.4802	0.5911	29.0659	2882.0469
47400	0.3681	0.4732	0.4816	0.5925	29.1122	2879.3106
47500	0.3689	0.4737	0.4822	0.5934	29.1567	2876.5635
47600	0.3691	0.4737	0.4824	0.5952	29.2025	2873.8184
47700	0.3707	0.4750	0.4839	0.5964	29.2493	2871.0999
47800	0.3722	0.4761	0.4849	0.5980	29.2903	2868.3737
47900	0.3728	0.4771	0.4860	0.5989	29.3282	2865.6879
48000	0.3757	0.4790	0.4881	0.6008	29.3650	2862.9909
48100	0.3749	0.4791	0.4882	0.6011	29.4072	2860.2895
48200	0.3767	0.4792	0.4886	0.6032	29.4434	2857.6040
48300	0.3790	0.4817	0.4911	0.6049	29.4823	2854.9291
48400	0.3789	0.4815	0.4910	0.6050	29.5210	2852.2336
48500	0.3811	0.4830	0.4927	0.6068	29.5563	2849.5717
48600	0.3815	0.4836	0.4933	0.6071	29.5926	2846.9035
48700	0.3818	0.4839	0.4938	0.6085	29.6316	2844.2240
48800	0.3833	0.4842	0.4944	0.6099	29.6682	2841.5738
48900	0.3852	0.4868	0.4970	0.6117	29.7010	2838.9498
49000	0.3878	0.4885	0.4987	0.6139	29.7315	2836.3140
49100	0.3888	0.4893	0.4997	0.6146	29.7665	2833.6722
49200	0.3915	0.4919	0.5022	0.6166	29.8000	2831.0572
49300	0.3912	0.4920	0.5026	0.6168	29.8365	2828.4532
49400	0.3923	0.4925	0.5031	0.6173	29.8713	2825.8234
49500	0.3927	0.4928	0.5037	0.6178	29.9018	2823.2075
49600	0.3939	0.4937	0.5047	0.6189	29.9322	2820.6012
49700	0.3937	0.4939	0.5049	0.6183	29.9591	2818.0154
49800	0.3957	0.4947	0.5059	0.6203	29.9874	2815.4328
49900	0.3988	0.4970	0.5085	0.6231	30.0189	2812.8299
50000	0.3988	0.4979	0.5095	0.6230	30.0477	2810.2432
50100	0.3992	0.4979	0.5097	0.6237	30.0753	2807.6819
50200	0.3993	0.4970	0.5089	0.6236	30.1026	2805.1266
50300	0.3988	0.4966	0.5087	0.6235	30.1286	2802.5740
50400	0.4013	0.4994	0.5116	0.6258	30.1558	2800.0389
50500	0.4014	0.4994	0.5117	0.6254	30.1844	2797.5011
50600	0.4024	0.5005	0.5129	0.6266	30.2136	2794.9615
50700	0.4035	0.5007	0.5134	0.6276	30.2417	2792.4309
50800	0.4050	0.5018	0.5146	0.6290	30.2689	2789.8946
50900	0.4048	0.5017	0.5146	0.6286	30.2954	2787.3713
51000	0.4059	0.5024	0.5156	0.6292	30.3219	2784.8652
51100	0.4070	0.5033	0.5168	0.6298	30.3453	2782.3693
51200	0.4075	0.5031	0.5168	0.6310	30.3704	2779.8899
51300	0.4074	0.5031	0.5169	0.6304	30.4011	2777.3815
51400	0.4076	0.5035	0.5174	0.6317	30.4293	2774.8860
51500	0.4100	0.5049	0.5191	0.6323	30.4512	2772.3915
51600	0.4101	0.5053	0.5197	0.6320	30.4779	2769.9071
51700	0.4116	0.5064	0.5210	0.6339	30.5022	2767.4394
51800	0.4119	0.5060	0.5209	0.6340	30.5270	2764.9776
51900	0.4105	0.5049	0.5199	0.6334	30.5539	2762.5122
52000	0.4107	0.5049	0.5201	0.6332	30.5755	2760.0672
52100	0.4109	0.5056	0.5211	0.6337	30.6053	2757.6164
52200	0.4100	0.5046	0.5203	0.6328	30.6334	2755.1607
52300	0.4103	0.5047	0.5207	0.6337	30.6573	2752.7342
52400	0.4112	0.5046	0.5209	0.6344	30.6824	2750.3084
52500	0.4122	0.5050	0.5217	0.6342	30.7056	2747.8766
52600	0.4133	0.5063	0.5231	0.6353	30.7314	2745.4615
52700	0.4135	0.5060	0.5230	0.6353	30.7586	2743.0534
52800	0.4138	0.5062	0.5235	0.6354	30.7890	2740.6261
52900	0.4145	0.5070	0.5245	0.6361	30.8144	2738.2117
53000	0.4139	0.5061	0.5238	0.6359	30.8415	2735.8047
53100	0.4132	0.5050	0.5230	0.6358	30.8717	2733.4232
53200	0.4134	0.5061	0.5244	0.6362	30.9003	2731.0314
53300	0.4134	0.5055	0.5240	0.6361	30.9253	2728.6686
53400	0.4143	0.5066	0.5252	0.6376	30.9539	2726.2976
53500	0.4135	0.5061	0.5250	0.6369	30.9807	2723.9204
53600	0.4144	0.5068	0.5262	0.6376	31.0072	2721.5677
53700	0.4119	0.5044	0.5242	0.6365	31.0353	2719.2027
53800	0.4128	0.5050	0.5250	0.6372	31.0628	2716.8607
53900	0.4116	0.5038	0.5242	0.6369	31.0934	2714.5189
54000	0.4124	0.5049	0.5255	0.6371	31.1239	2712.1684
54100	0.4127	0.5043	0.5252	0.6379	31.1553	2709.8320
54200	0.4112	0.5034	0.5245	0.6366	31.1838	2707.4932
54300	0.4127	0.5040	0.5252	0.6380	31.2140	2705.1573
54400	0.4097	0.5021	0.5235	0.6359	31.2464	2702.8398
54500	0.4113	0.5039	0.5258	0.6374	31.2746	2700.5349
54600	0.4103	0.5030	0.5250	0.6364	31.3077	2698.2367
54700	0.4111	0.5036	0.5258	0.6380	31.3371	2695.9354
54800	0.4103	0.5025	0.5250	0.6371	31.3684	2693.6415
54900	0.4102	0.5023	0.5250	0.6371	31.4013	2691.3595
55000	0.4100	0.5030	0.5259	0.6373	31.4367	2689.0706
55100	0.4083	0.5017	0.5247	0.6363	31.4673	2686.7763
55200	0.4069	0.5011	0.5245	0.6358	31.5011	2684.4982
55300	0.4070	0.5009	0.5245	0.6357	31.5345	2682.2280
55400	0.4064	0.4997	0.5236	0.6356	31.5667	2679.9544
55500	0.4061	0.4998	0.5241	0.6360	31.5995	2677.6800
55600	0.4047	0.4992	0.5236	0.6351	31.6311	2675.4356
55700	0.4043	0.4982	0.5230	0.6352	31.6599	2673.1989
55800	0.4039	0.4985	0.5232	0.6348	31.6982	2670.9461
55900	0.4039	0.4986	0.5235	0.6349	31.7326	2668.7016
56000	0.4036	0.4982	0.5234	0.6354	31.7668	2666.4669
56100	0.4029	0.4980	0.5232	0.6345	31.7992	2664.2339
56200	0.4027	0.4977	0.5233	0.6344	31.8308	2662.0175
56300	0.4036	0.4983	0.5242	0.6358	31.8648	2659.7886
56400	0.4019	0.4968	0.5229	0.6346	31.8979	2657.5787
56500	0.4015	0.4966	0.5230	0.6341	31.9319	2655.3657
56600	0.4010	0.4963	0.5227	0.6343	31.9627	2653.1504
56700	0.3991	0.4945	0.5212	0.6331	31.9982	2650.9470
56800	0.3991	0.4958	0.5224	0.6336	32.0310	2648.7582
56900	0.3987	0.4950	0.5220	0.6331	32.0655	2646.5736
57000	0.3991	0.4950	0.5222	0.6339	32.1004	2644.3934
57100	0.3988	0.4948	0.5222	0.6343	32.1307	2642.2171
57200	0.3982	0.4948	0.5224	0.6334	32.1620	2640.0415
57300	0.3952	0.4930	0.5207	0.6316	32.1974	2637.8602
57400	0.3963	0.4937	0.5217	0.6326	32.2307	2635.6959
57500	0.3951	0.4924	0.5207	0.6325	32.2669	2633.5298
57600	0.3939	0.4916	0.5201	0.6314	32.3007	2631.3907
57700	0.3947	0.4918	0.5204	0.6329	32.3328	2629.2442
57800	0.3963	0.4927	0.5216	0.6340	32.3685	2627.0982
57900	0.3933	0.4910	0.5200	0.6325	32.4010	2624.9510
58000	0.3930	0.4905	0.5198	0.6323	32.4316	2622.8124
58100	0.3919	0.4897	0.5190	0.6313	32.4649	2620.6982
58200	0.3936	0.4920	0.5218	0.6335	32.4975	2618.5641
58300	0.3927	0.4910	0.5208	0.6334	32.5289	2616.4432
58400	0.3934	0.4914	0.5214	0.6338	32.5591	2614.3131
58500	0.3903	0.4888	0.5189	0.6328	32.5943	2612.2062
58600	0.3903	0.4895	0.5199	0.6330	32.6244	2610.0979
58700	0.3920	0.4901	0.5208	0.6340	32.6621	2607.9983
58800	0.3899	0.4892	0.5201	0.6337	32.6976	2605.9158
58900	0.3897	0.4888	0.5198	0.6338	32.7299	2603.8228
59000	0.3897	0.4888	0.5199	0.6344	32.7620	2601.7471
59100	0.3900	0.4891	0.5203	0.6346	32.7924	2599.6608
59200	0.3878	0.4870	0.5185	0.6336	32.8280	2597.5884
59300	0.3886	0.4872	0.5188	0.6347	32.8604	2595.5135
59400	0.3877	0.4874	0.5192	0.6344	32.8943	2593.4289
59500	0.3875	0.4875	0.5194	0.6347	32.9232	2591.3596
59600	0.3876	0.4873	0.5194	0.6353	32.9536	2589.2966
59700	0.3881	0.4876	0.5197	0.6359	32.9849	2587.2461
59800	0.3877	0.4874	0.5197	0.6360	33.0211	2585.1871
59900	0.3878	0.4885	0.5208	0.6367	33.0530	2583.1463
60000	0.3860	0.4869	0.5196	0.6357	33.0871	2581.1094
60100	0.3864	0.4870	0.5199	0.6367	33.1136	2579.0724
60200	0.3864	0.4873	0.5202	0.6370	33.1474	2577.0322
60300	0.3870	0.4881	0.5212	0.6381	33.1798	2575.0069
60400	0.3862	0.4868	0.5200	0.6376	33.2118	2572.9904
60500	0.3868	0.4881	0.5215	0.6391	33.2454	2570.9773
60600	0.3860	0.4879	0.5215	0.6390	33.2746	2568.9562
60700	0.3857	0.4873	0.5210	0.6393	33.3041	2566.9449
60800	0.3855	0.4866	0.5204	0.6399	33.3292	2564.9440
60900	0.3849	0.4865	0.5205	0.6397	33.3580	2562.9458
61000	0.3870	0.4882	0.5223	0.6420	33.3910	2560.9530
61100	0.3863	0.4882	0.5225	0.6418	33.4194	2558.9615
61200	0.3867	0.4881	0.5225	0.6419	33.4497	2556.9706
61300	0.3869	0.4870	0.5216	0.6427	33.4757	2554.9878
61400	0.3860	0.4872	0.5218	0.6421	33.5019	2552.9947
61500	0.3868	0.4877	0.5225	0.6427	33.5293	2551.0255
61600	0.3877	0.4890	0.5238	0.6438	33.5575	2549.0546
61700	0.3868	0.4884	0.5232	0.6437	33.5837	2547.0907
61800	0.3863	0.4885	0.5235	0.6443	33.6094	2545.1364
61900	0.3881	0.4896	0.5247	0.6458	33.6369	2543.1771
62000	0.3880	0.4893	0.5246	0.6457	33.6656	2541.2254
62100	0.3879	0.4894	0.5248	0.6462	33.6881	2539.2711
62200	0.3871	0.4889	0.5244	0.6464	33.7103	2537.3415
62300	0.3873	0.4888	0.5244	0.6470	33.7328	2535.3957
62400	0.3868	0.4885	0.5242	0.6467	33.7582	2533.4598
62500	0.3881	0.4893	0.5252	0.6480	33.7848	2531.5325
62600	0.3867	0.4891	0.5249	0.6466	33.8125	2529.6095
62700	0.3878	0.4891	0.5251	0.6479	33.8354	2527.6820
62800	0.3859	0.4885	0.5245	0.6472	33.8579	2525.7603
62900	0.3848	0.4875	0.5235	0.6462	33.8738	2523.8455
63000	0.3856	0.4883	0.5243	0.6474	33.8970	2521.9364
63100	0.3882	0.4897	0.5261	0.6496	33.9195	2520.0310
63200	0.3859	0.4884	0.5249	0.6483	33.9403	2518.1336
63300	0.3873	0.4896	0.5261	0.6500	33.9636	2516.2284
63400	0.3873	0.4896	0.5261	0.6499	33.9852	2514.3350
63500	0.3854	0.4884	0.5250	0.6489	34.0050	2512.4549
63600	0.3853	0.4885	0.5253	0.6486	34.0240	2510.5678
63700	0.3855	0.4893	0.5259	0.6495	34.0459	2508.6790
63800	0.3872	0.4896	0.5264	0.6509	34.0657	2506.8021
63900	0.3861	0.4884	0.5254	0.6509	34.0842	2504.9337
64000	0.3874	0.4906	0.5277	0.6515	34.1017	2503.0600
64100	0.3843	0.4887	0.5258	0.6504	34.1215	2501.1994
64200	0.3848	0.4886	0.5258	0.6504	34.1438	2499.3426
64300	0.3872	0.4901	0.5276	0.6525	34.1658	2497.4928
64400	0.3855	0.4888	0.5262	0.6515	34.1854	2495.6216
64500	0.3859	0.4898	0.5274	0.6522	34.2033	2493.7661
64600	0.3876	0.4901	0.5277	0.6539	34.2218	2491.9246
64700	0.3866	0.4894	0.5272	0.6535	34.2426	2490.0938
64800	0.3873	0.4897	0.5276	0.6539	34.2617	2488.2613
64900	0.3882	0.4902	0.5284	0.6549	34.2782	2486.4173
65000	0.3889	0.4910	0.5291	0.6549	34.2951	2484.6000
65100	0.3865	0.4901	0.5282	0.6539	34.3190	2482.7737
65200	0.3876	0.4904	0.5287	0.6552	34.3338	2480.9651
65300	0.3846	0.4889	0.5273	0.6539	34.3467	2479.1449
65400	0.3858	0.4883	0.5267	0.6542	34.3636	2477.3247
65500	0.3866	0.4896	0.5281	0.6557	34.3811	2475.5138
65600	0.3855	0.4891	0.5277	0.6550	34.3986	2473.6973
65700	0.3873	0.4904	0.5291	0.6566	34.4129	2471.8971
65800	0.3878	0.4903	0.5292	0.6569	34.4276	2470.1068
65900	0.3870	0.4892	0.5282	0.6565	34.4431	2468.3092
66000	0.3862	0.4892	0.5282	0.6563	34.4593	2466.5252
66100	0.3871	0.4899	0.5291	0.6571	34.4754	2464.7412
66200	0.3874	0.4897	0.5291	0.6576	34.4901	2462.9561
66300	0.3881	0.4908	0.5303	0.6576	34.5034	2461.1869
66400	0.3881	0.4904	0.5301	0.6580	34.5197	2459.4029
66500	0.3888	0.4909	0.5308	0.6593	34.5343	2457.6178
66600	0.3899	0.4913	0.5313	0.6602	34.5517	2455.8640
66700	0.3882	0.4904	0.5307	0.6595	34.5734	2454.0923
66800	0.3888	0.4905	0.5310	0.6606	34.5852	2452.3172
66900	0.3882	0.4905	0.5312	0.6607	34.5997	2450.5753
67000	0.3897	0.4908	0.5318	0.6619	34.6157	2448.8177
67100	0.3896	0.4912	0.5323	0.6624	34.6335	2447.0747
67200	0.3902	0.4916	0.5329	0.6629	34.6499	2445.3336
67300	0.3892	0.4911	0.5328	0.6624	34.6700	2443.5907
67400	0.3896	0.4908	0.5328	0.6630	34.6891	2441.8539
67500	0.3896	0.4918	0.5340	0.6633	34.7080	2440.1170
67600	0.3913	0.4932	0.5356	0.6653	34.7237	2438.3918
67700	0.3917	0.4933	0.5361	0.6658	34.7420	2436.6576
67800	0.3889	0.4909	0.5337	0.6636	34.7649	2434.9367
67900	0.3904	0.4914	0.5347	0.6649	34.7889	2433.2154
68000	0.3910	0.4925	0.5359	0.6651	34.8079	2431.4885
68100	0.3910	0.4916	0.5353	0.6657	34.8255	2429.7785
68200	0.3904	0.4914	0.5353	0.6658	34.8467	2428.0650
68300	0.3916	0.4913	0.5353	0.6663	34.8693	2426.3627
68400	0.3912	0.4911	0.5352	0.6663	34.8920	2424.6685
68500	0.3909	0.4909	0.5352	0.6664	34.9112	2422.9602
68600	0.3910	0.4913	0.5361	0.6670	34.9359	2421.2587
68700	0.3906	0.4907	0.5356	0.6671	34.9598	2419.5696
68800	0.3908	0.4913	0.5365	0.6672	34.9854	2417.8828
68900	0.3902	0.4903	0.5355	0.6670	35.0059	2416.2037
69000	0.3906	0.4901	0.5357	0.6682	35.0328	2414.5264
69100	0.3900	0.4899	0.5355	0.6675	35.0563	2412.8350
69200	0.3908	0.4899	0.5359	0.6683	35.0809	2411.1581
69300	0.3927	0.4908	0.5371	0.6699	35.1065	2409.4888
69400	0.3924	0.4899	0.5365	0.6700	35.1329	2407.8198
69500	0.3914	0.4889	0.5356	0.6695	35.1589	2406.1597
69600	0.3914	0.4895	0.5363	0.6700	35.1846	2404.5114
69700	0.3913	0.4891	0.5362	0.6704	35.2142	2402.8377
69800	0.3913	0.4891	0.5364	0.6707	35.2441	2401.1840
69900	0.3893	0.4878	0.5353	0.6689	35.2670	2399.5358
70000	0.3895	0.4883	0.5359	0.6691	35.2926	2397.8988
70100	0.3922	0.4893	0.5373	0.6715	35.3210	2396.2644
70200	0.3946	0.4907	0.5391	0.6732	35.3510	2394.6252
70300	0.3930	0.4899	0.5383	0.6722	35.3829	2392.9841
70400	0.3917	0.4888	0.5375	0.6720	35.4106	2391.3472
70500	0.3916	0.4879	0.5368	0.6725	35.4416	2389.7186
70600	0.3914	0.4880	0.5371	0.6728	35.4747	2388.0923
70700	0.3915	0.4880	0.5371	0.6731	35.5037	2386.4726
70800	0.3909	0.4872	0.5365	0.6723	35.5298	2384.8563
70900	0.3917	0.4878	0.5375	0.6727	35.5580	2383.2367
71000	0.3908	0.4876	0.5374	0.6722	35.5915	2381.6212
71100	0.3887	0.4859	0.5359	0.6713	35.6223	2380.0154
71200	0.3912	0.4872	0.5373	0.6736	35.6540	2378.4088
71300	0.3895	0.4857	0.5360	0.6727	35.6856	2376.8079
71400	0.3903	0.4854	0.5360	0.6736	35.7184	2375.2074
71500	0.3880	0.4848	0.5353	0.6721	35.7456	2373.6064
71600	0.3902	0.4859	0.5368	0.6736	35.7803	2372.0091
71700	0.3891	0.4851	0.5361	0.6732	35.8176	2370.4232
71800	0.3884	0.4845	0.5359	0.6735	35.8543	2368.8309
71900	0.3889	0.4849	0.5366	0.6740	35.8842	2367.2552
72000	0.3889	0.4843	0.5361	0.6742	35.9200	2365.6743
72100	0.3877	0.4836	0.5355	0.6732	35.9537	2364.0902
72200	0.3882	0.4839	0.5359	0.6739	35.9912	2362.5180
72300	0.3895	0.4847	0.5370	0.6756	36.0279	2360.9537
72400	0.3904	0.4850	0.5377	0.6768	36.0624	2359.3843
72500	0.3879	0.4838	0.5366	0.6754	36.0997	2357.8127
72600	0.3881	0.4842	0.5369	0.6753	36.1318	2356.2523
72700	0.3872	0.4832	0.5362	0.6753	36.1681	2354.6921
72800	0.3870	0.4827	0.5359	0.6753	36.2027	2353.1414
72900	0.3866	0.4826	0.5359	0.6759	36.2350	2351.5849
73000	0.3854	0.4826	0.5361	0.6754	36.2713	2350.0494
73100	0.3875	0.4838	0.5374	0.6768	36.3090	2348.5017
73200	0.3863	0.4826	0.5364	0.6769	36.3450	2346.9488
73300	0.3875	0.4841	0.5380	0.6775	36.3829	2345.3993
73400	0.3867	0.4829	0.5370	0.6779	36.4176	2343.8583
73500	0.3845	0.4816	0.5361	0.6770	36.4527	2342.3277
73600	0.3858	0.4823	0.5367	0.6778	36.4854	2340.8001
73700	0.3845	0.4822	0.5368	0.6774	36.5216	2339.2684
73800	0.3851	0.4826	0.5373	0.6779	36.5624	2337.7528
73900	0.3842	0.4827	0.5376	0.6782	36.6003	2336.2239
74000	0.3855	0.4830	0.5381	0.6793	36.6401	2334.7077
74100	0.3820	0.4812	0.5364	0.6769	36.6766	2333.1914
74200	0.3835	0.4814	0.5369	0.6784	36.7134	2331.6861
74300	0.3822	0.4814	0.5366	0.6778	36.7431	2330.1778
74400	0.3809	0.4806	0.5361	0.6774	36.7806	2328.6652
74500	0.3839	0.4824	0.5381	0.6801	36.8175	2327.1620
74600	0.3829	0.4817	0.5376	0.6800	36.8541	2325.6582
74700	0.3812	0.4812	0.5372	0.6801	36.8914	2324.1591
74800	0.3813	0.4807	0.5368	0.6799	36.9291	2322.6683
74900	0.3827	0.4817	0.5381	0.6810	36.9636	2321.1821
75000	0.3824	0.4813	0.5377	0.6807	37.0005	2319.6860
75100	0.3792	0.4800	0.5363	0.6787	37.0377	2318.1970
75200	0.3790	0.4801	0.5365	0.6790	37.0761	2316.7061
75300	0.3801	0.4801	0.5368	0.6801	37.1087	2315.2283
75400	0.3791	0.4804	0.5372	0.6803	37.1431	2313.7491
75500	0.3803	0.4810	0.5379	0.6808	37.1775	2312.2806
75600	0.3798	0.4808	0.5379	0.6811	37.2143	2310.8145
75700	0.3803	0.4807	0.5377	0.6819	37.2502	2309.3543
75800	0.3774	0.4797	0.5370	0.6802	37.2888	2307.8748
75900	0.3786	0.4804	0.5378	0.6812	37.3210	2306.4109
76000	0.3771	0.4794	0.5369	0.6811	37.3516	2304.9578
76100	0.3784	0.4803	0.5380	0.6828	37.3839	2303.5062
76200	0.3766	0.4793	0.5370	0.6812	37.4230	2302.0444
76300	0.3756	0.4789	0.5365	0.6805	37.4594	2300.5903
76400	0.3761	0.4795	0.5374	0.6815	37.4928	2299.1414
76500	0.3767	0.4796	0.5376	0.6818	37.5291	2297.6896
76600	0.3757	0.4788	0.5371	0.6816	37.5650	2296.2434
76700	0.3754	0.4796	0.5378	0.6818	37.5975	2294.8057
76800	0.3748	0.4787	0.5370	0.6818	37.6275	2293.3770
76900	0.3749	0.4795	0.5381	0.6824	37.6680	2291.9303
77000	0.3734	0.4780	0.5364	0.6812	37.7010	2290.4897
77100	0.3754	0.4794	0.5380	0.6823	37.7331	2289.0569
77200	0.3750	0.4794	0.5380	0.6825	37.7649	2287.6344
77300	0.3736	0.4785	0.5371	0.6814	37.7985	2286.2220
77400	0.3743	0.4783	0.5370	0.6823	37.8318	2284.8072
77500	0.3734	0.4783	0.5372	0.6813	37.8609	2283.3831
77600	0.3753	0.4800	0.5391	0.6828	37.8923	2281.9713
77700	0.3744	0.4790	0.5382	0.6825	37.9258	2280.5557
77800	0.3734	0.4784	0.5375	0.6822	37.9552	2279.1538
77900	0.3759	0.4800	0.5392	0.6843	37.9872	2277.7519
78000	0.3743	0.4794	0.5387	0.6836	38.0219	2276.3430
78100	0.3746	0.4793	0.5386	0.6836	38.0558	2274.9440
78200	0.3738	0.4792	0.5388	0.6837	38.0874	2273.5491
78300	0.3744	0.4794	0.5390	0.6836	38.1175	2272.1555
78400	0.3746	0.4796	0.5391	0.6840	38.1425	2270.7623
78500	0.3755	0.4802	0.5399	0.6855	38.1700	2269.3707
78600	0.3754	0.4809	0.5407	0.6861	38.1998	2267.9746
78700	0.3743	0.4801	0.5401	0.6852	38.2294	2266.5891
78800	0.3746	0.4798	0.5397	0.6847	38.2583	2265.2081
78900	0.3732	0.4789	0.5389	0.6847	38.2837	2263.8299
79000	0.3719	0.4790	0.5391	0.6836	38.3139	2262.4487
79100	0.3718	0.4785	0.5387	0.6835	38.3410	2261.0726
79200	0.3713	0.4779	0.5379	0.6836	38.3671	2259.7008
79300	0.3713	0.4783	0.5384	0.6838	38.3898	2258.3350
79400	0.3707	0.4778	0.5381	0.6841	38.4137	2256.9653
79500	0.3715	0.4786	0.5388	0.6841	38.4408	2255.6031
79600	0.3694	0.4776	0.5378	0.6826	38.4735	2254.2357
79700	0.3702	0.4788	0.5392	0.6837	38.5005	2252.8808
79800	0.3713	0.4789	0.5394	0.6852	38.5289	2251.5216
79900	0.3717	0.4787	0.5391	0.6851	38.5497	2250.1696
80000	0.3710	0.4788	0.5394	0.6843	38.5743	2248.8116
80100	0.3710	0.4788	0.5392	0.6849	38.6030	2247.4596
80200	0.3707	0.4780	0.5386	0.6846	38.6266	2246.1160
80300	0.3709	0.4783	0.5390	0.6850	38.6521	2244.7800
80400	0.3708	0.4792	0.5400	0.6853	38.6761	2243.4386
80500	0.3707	0.4787	0.5395	0.6854	38.7000	2242.1039
80600	0.3715	0.4799	0.5410	0.6863	38.7228	2240.7696
80700	0.3717	0.4794	0.5405	0.6866	38.7467	2239.4342
80800	0.3713	0.4793	0.5402	0.6862	38.7693	2238.1006
80900	0.3712	0.4798	0.5411	0.6862	38.7962	2236.7728
81000	0.3699	0.4786	0.5396	0.6850	38.8148	2235.4448
81100	0.3701	0.4785	0.5396	0.6851	38.8358	2234.1178
81200	0.3706	0.4796	0.5408	0.6857	38.8561	2232.7944
81300	0.3703	0.4792	0.5404	0.6858	38.8788	2231.4757
81400	0.3729	0.4807	0.5422	0.6880	38.9015	2230.1583
81500	0.3689	0.4785	0.5400	0.6856	38.9192	2228.8475
81600	0.3698	0.4792	0.5408	0.6865	38.9434	2227.5387
81700	0.3690	0.4789	0.5405	0.6863	38.9654	2226.2334
81800	0.3689	0.4787	0.5403	0.6855	38.9816	2224.9327
81900	0.3698	0.4800	0.5418	0.6868	39.0010	2223.6256
82000	0.3705	0.4793	0.5410	0.6868	39.0219	2222.3157
82100	0.3692	0.4787	0.5405	0.6862	39.0406	2221.0140
82200	0.3698	0.4790	0.5406	0.6862	39.0607	2219.7221
82300	0.3680	0.4779	0.5396	0.6854	39.0794	2218.4179
82400	0.3668	0.4769	0.5385	0.6846	39.0991	2217.1216
82500	0.3675	0.4780	0.5398	0.6855	39.1177	2215.8375
82600	0.3685	0.4786	0.5405	0.6861	39.1358	2214.5531
82700	0.3683	0.4790	0.5409	0.6863	39.1543	2213.2767
82800	0.3683	0.4791	0.5411	0.6862	39.1707	2211.9962
82900	0.3668	0.4783	0.5403	0.6846	39.1856	2210.7092
83000	0.3686	0.4796	0.5417	0.6866	39.2004	2209.4346
83100	0.3684	0.4789	0.5411	0.6867	39.2207	2208.1542
83200	0.3672	0.4781	0.5403	0.6855	39.2435	2206.8793
83300	0.3677	0.4785	0.5408	0.6866	39.2565	2205.6150
83400	0.3677	0.4790	0.5413	0.6864	39.2767	2204.3486
83500	0.3671	0.4785	0.5409	0.6862	39.2935	2203.0772
83600	0.3669	0.4778	0.5400	0.6857	39.3062	2201.8138
83700	0.3667	0.4783	0.5407	0.6863	39.3210	2200.5570
83800	0.3673	0.4785	0.5409	0.6867	39.3381	2199.2969
83900	0.3661	0.4779	0.5404	0.6865	39.3528	2198.0437
84000	0.3648	0.4772	0.5396	0.6850	39.3749	2196.7878
84100	0.3671	0.4783	0.5409	0.6872	39.3886	2195.5423
84200	0.3657	0.4773	0.5398	0.6858	39.4031	2194.2998
84300	0.3668	0.4784	0.5411	0.6868	39.4208	2193.0446
84400	0.3663	0.4782	0.5408	0.6862	39.4350	2191.7905
84500	0.3663	0.4787	0.5414	0.6871	39.4505	2190.5480
84600	0.3654	0.4781	0.5408	0.6864	39.4687	2189.3083
84700	0.3667	0.4788	0.5415	0.6874	39.4851	2188.0676
84800	0.3653	0.4782	0.5411	0.6874	39.4972	2186.8318
84900	0.3670	0.4783	0.5412	0.6885	39.5107	2185.5986
85000	0.3654	0.4777	0.5405	0.6873	39.5236	2184.3711
85100	0.3646	0.4774	0.5402	0.6864	39.5395	2183.1366
85200	0.3653	0.4776	0.5406	0.6869	39.5514	2181.9083
85300	0.3640	0.4774	0.5403	0.6862	39.5646	2180.6774
85400	0.3648	0.4773	0.5402	0.6865	39.5802	2179.4545
85500	0.3646	0.4778	0.5408	0.6867	39.5916	2178.2366
85600	0.3653	0.4780	0.5411	0.6875	39.6061	2177.0241
85700	0.3654	0.4777	0.5407	0.6869	39.6195	2175.8038
85800	0.3649	0.4781	0.5413	0.6870	39.6340	2174.5958
85900	0.3638	0.4774	0.5405	0.6862	39.6439	2173.3905
86000	0.3645	0.4783	0.5415	0.6873	39.6585	2172.1773
86100	0.3650	0.4786	0.5418	0.6879	39.6687	2170.9672
86200	0.3641	0.4777	0.5409	0.6875	39.6815	2169.7690
86300	0.3641	0.4777	0.5409	0.6872	39.6943	2168.5689
86400	0.3646	0.4781	0.5414	0.6881	39.7068	2167.3656
86500	0.3639	0.4778	0.5412	0.6873	39.7233	2166.1655
86600	0.3652	0.4785	0.5421	0.6886	39.7324	2164.9725
86700	0.3630	0.4768	0.5402	0.6868	39.7395	2163.7807
86800	0.3632	0.4776	0.5410	0.6872	39.7481	2162.5895
86900	0.3642	0.4779	0.5413	0.6882	39.7599	2161.3977
87000	0.3642	0.4777	0.5413	0.6882	39.7728	2160.2101
87100	0.3642	0.4780	0.5415	0.6884	39.7839	2159.0249
87200	0.3645	0.4775	0.5413	0.6888	39.7975	2157.8411
87300	0.3637	0.4779	0.5415	0.6888	39.8098	2156.6582
87400	0.3635	0.4776	0.5413	0.6885	39.8199	2155.4772
87500	0.3625	0.4772	0.5409	0.6877	39.8319	2154.2968
87600	0.3620	0.4766	0.5404	0.6877	39.8437	2153.1296
87700	0.3608	0.4758	0.5395	0.6869	39.8582	2151.9559
87800	0.3615	0.4770	0.5407	0.6870	39.8649	2150.7867
87900	0.3615	0.4769	0.5406	0.6874	39.8765	2149.6124
88000	0.3627	0.4772	0.5411	0.6879	39.8891	2148.4459
88100	0.3607	0.4760	0.5398	0.6866	39.9002	2147.2804
88200	0.3605	0.4764	0.5404	0.6872	39.9119	2146.1246
88300	0.3605	0.4766	0.5406	0.6875	39.9224	2144.9611
88400	0.3613	0.4775	0.5416	0.6881	39.9335	2143.7981
88500	0.3600	0.4760	0.5400	0.6872	39.9446	2142.6518
88600	0.3618	0.4774	0.5416	0.6889	39.9544	2141.4927
88700	0.3609	0.4767	0.5408	0.6886	39.9663	2140.3415
88800	0.3606	0.4770	0.5411	0.6882	39.9772	2139.1943
88900	0.3592	0.4765	0.5408	0.6880	39.9876	2138.0462
89000	0.3601	0.4767	0.5410	0.6886	40.0023	2136.9043
89100	0.3617	0.4778	0.5422	0.6900	40.0115	2135.7622
89200	0.3599	0.4766	0.5410	0.6885	40.0226	2134.6152
89300	0.3606	0.4772	0.5417	0.6888	40.0336	2133.4752
89400	0.3612	0.4769	0.5413	0.6900	40.0441	2132.3366
89500	0.3584	0.4755	0.5398	0.6883	40.0541	2131.1979
89600	0.3613	0.4779	0.5426	0.6899	40.0667	2130.0594
89700	0.3601	0.4769	0.5415	0.6897	40.0732	2128.9273
89800	0.3603	0.4767	0.5413	0.6898	40.0820	2127.7983
89900	0.3597	0.4767	0.5413	0.6900	40.0915	2126.6794
90000	0.3605	0.4774	0.5421	0.6901	40.1023	2125.5515
90100	0.3595	0.4770	0.5419	0.6899	40.1152	2124.4283
90200	0.3598	0.4770	0.5417	0.6904	40.1191	2123.3032
90300	0.3594	0.4767	0.5415	0.6900	40.1309	2122.1824
90400	0.3587	0.4764	0.5413	0.6908	40.1431	2121.0625
90500	0.3578	0.4759	0.5407	0.6906	40.1518	2119.9514
90600	0.3603	0.4776	0.5428	0.6922	40.1638	2118.8419
90700	0.3584	0.4764	0.5415	0.6908	40.1742	2117.7259
90800	0.3577	0.4762	0.5413	0.6907	40.1838	2116.6150
90900	0.3609	0.4782	0.5435	0.6932	40.1927	2115.5077
91000	0.3607	0.4775	0.5428	0.6935	40.2007	2114.4065
91100	0.3591	0.4762	0.5414	0.6921	40.2080	2113.2999
91200	0.3582	0.4755	0.5409	0.6919	40.2164	2112.2002
91300	0.3580	0.4765	0.5421	0.6926	40.2255	2111.0985
91400	0.3566	0.4761	0.5416	0.6916	40.2373	2110.0008
91500	0.3583	0.4769	0.5426	0.6932	40.2457	2108.9037
91600	0.3563	0.4758	0.5414	0.6919	40.2550	2107.8100
91700	0.3575	0.4761	0.5418	0.6925	40.2650	2106.7198
91800	0.3581	0.4773	0.5432	0.6935	40.2758	2105.6317
91900	0.3572	0.4760	0.5419	0.6931	40.2902	2104.5362
92000	0.3576	0.4767	0.5427	0.6935	40.3021	2103.4508
92100	0.3561	0.4757	0.5416	0.6931	40.3128	2102.3662
92200	0.3568	0.4765	0.5425	0.6934	40.3229	2101.2911
92300	0.3559	0.4755	0.5417	0.6937	40.3396	2100.2066
92400	0.3568	0.4764	0.5428	0.6944	40.3477	2099.1273
92500	0.3543	0.4753	0.5416	0.6935	40.3595	2098.0483
92600	0.3540	0.4749	0.5414	0.6935	40.3700	2096.9689
92700	0.3555	0.4761	0.5426	0.6946	40.3841	2095.8905
92800	0.3553	0.4762	0.5429	0.6947	40.4001	2094.8153
92900	0.3551	0.4760	0.5428	0.6956	40.4114	2093.7481
93000	0.3559	0.4758	0.5427	0.6963	40.4260	2092.6883
93100	0.3545	0.4751	0.5420	0.6957	40.4381	2091.6203
93200	0.3557	0.4761	0.5432	0.6960	40.4500	2090.5509
93300	0.3568	0.4772	0.5444	0.6976	40.4620	2089.4955
93400	0.3553	0.4768	0.5442	0.6969	40.4820	2088.4290
93500	0.3542	0.4758	0.5432	0.6971	40.4925	2087.3697
93600	0.3563	0.4770	0.5447	0.6987	40.5119	2086.3119
93700	0.3543	0.4762	0.5439	0.6978	40.5279	2085.2519
93800	0.3547	0.4766	0.5444	0.6984	40.5418	2084.1897
93900	0.3547	0.4767	0.5447	0.6989	40.5579	2083.1347
94000	0.3545	0.4765	0.5446	0.6989	40.5738	2082.0881
94100	0.3557	0.4776	0.5459	0.7007	40.5898	2081.0423
94200	0.3556	0.4768	0.5451	0.7005	40.6047	2080.0031
94300	0.3529	0.4760	0.5445	0.6994	40.6232	2078.9539
94400	0.3527	0.4755	0.5439	0.6995	40.6373	2077.9153
94500	0.3533	0.4756	0.5443	0.7000	40.6576	2076.8700
94600	0.3544	0.4771	0.5459	0.7013	40.6718	2075.8330
94700	0.3538	0.4769	0.5458	0.7013	40.6911	2074.7951
94800	0.3535	0.4768	0.5457	0.7016	40.7072	2073.7590
94900	0.3535	0.4770	0.5460	0.7020	40.7255	2072.7227
95000	0.3553	0.4774	0.5466	0.7029	40.7435	2071.6834
95100	0.3519	0.4762	0.5453	0.7010	40.7628	2070.6476
95200	0.3538	0.4773	0.5466	0.7028	40.7798	2069.6278
95300	0.3528	0.4763	0.5457	0.7026	40.8002	2068.5971
95400	0.3510	0.4755	0.5450	0.7024	40.8204	2067.5755
95500	0.3513	0.4756	0.5451	0.7025	40.8342	2066.5496
95600	0.3502	0.4753	0.5449	0.7013	40.8567	2065.5218
95700	0.3490	0.4741	0.5438	0.7013	40.8788	2064.4929
95800	0.3476	0.4736	0.5432	0.7008	40.8995	2063.4797
95900	0.3520	0.4765	0.5464	0.7034	40.9206	2062.4663
96000	0.3503	0.4758	0.5459	0.7035	40.9399	2061.4563
96100	0.3514	0.4764	0.5465	0.7044	40.9602	2060.4467
96200	0.3501	0.4758	0.5459	0.7034	40.9788	2059.4406
96300	0.3502	0.4760	0.5462	0.7041	41.0017	2058.4228
96400	0.3482	0.4748	0.5449	0.7034	41.0260	2057.4126
96500	0.3491	0.4757	0.5462	0.7043	41.0493	2056.4041
96600	0.3505	0.4769	0.5476	0.7060	41.0703	2055.4027
96700	0.3494	0.4761	0.5467	0.7050	41.0901	2054.3956
96800	0.3488	0.4754	0.5459	0.7045	41.1128	2053.3854
96900	0.3476	0.4746	0.5452	0.7039	41.1420	2052.3853
97000	0.3494	0.4759	0.5467	0.7060	41.1588	2051.3921
97100	0.3484	0.4754	0.5461	0.7050	41.1834	2050.3995
97200	0.3496	0.4760	0.5468	0.7059	41.2054	2049.4059
97300	0.3483	0.4750	0.5459	0.7052	41.2280	2048.4105
97400	0.3483	0.4755	0.5465	0.7059	41.2527	2047.4189
97500	0.3469	0.4752	0.5461	0.7053	41.2755	2046.4314
97600	0.3461	0.4744	0.5453	0.7048	41.2944	2045.4407
97700	0.3473	0.4754	0.5466	0.7063	41.3145	2044.4523
97800	0.3468	0.4749	0.5461	0.7055	41.3409	2043.4680
97900	0.3463	0.4741	0.5452	0.7047	41.3637	2042.4848
98000	0.3463	0.4748	0.5461	0.7059	41.3856	2041.5029
98100	0.3455	0.4745	0.5457	0.7054	41.4082	2040.5171
98200	0.3459	0.4741	0.5454	0.7059	41.4306	2039.5352
98300	0.3443	0.4736	0.5449	0.7044	41.4534	2038.5573
98400	0.3455	0.4740	0.5453	0.7058	41.4748	2037.5891
98500	0.3456	0.4742	0.5456	0.7058	41.4962	2036.6156
98600	0.3467	0.4755	0.5470	0.7068	41.5176	2035.6441
98700	0.3459	0.4751	0.5469	0.7074	41.5345	2034.6709
98800	0.3455	0.4744	0.5461	0.7073	41.5561	2033.6992
98900	0.3453	0.4743	0.5460	0.7073	41.5817	2032.7280
99000	0.3460	0.4745	0.5462	0.7078	41.6042	2031.7657
99100	0.3444	0.4740	0.5458	0.7069	41.6282	2030.7989
99200	0.3437	0.4737	0.5456	0.7066	41.6520	2029.8371
99300	0.3437	0.4736	0.5455	0.7073	41.6753	2028.8715
99400	0.3412	0.4717	0.5434	0.7050	41.6987	2027.9195
99500	0.3441	0.4738	0.5459	0.7079	41.7198	2026.9641
99600	0.3435	0.4736	0.5457	0.7069	41.7397	2026.0046
99700	0.3427	0.4732	0.5453	0.7079	41.7651	2025.0414
99800	0.3424	0.4734	0.5456	0.7073	41.7846	2024.0890
99900	0.3435	0.4738	0.5461	0.7086	41.8081	2023.1366
100000	0.3417	0.4723	0.5445	0.7071	41.8270	2022.1817
100100	0.3418	0.4737	0.5461	0.7082	41.8506	2021.2392
100200	0.3439	0.4742	0.5466	0.7091	41.8721	2020.2934
100300	0.3440	0.4750	0.5476	0.7098	41.8954	2019.3458
100400	0.3429	0.4739	0.5463	0.7091	41.9168	2018.3979
100500	0.3416	0.4729	0.5454	0.7087	41.9394	2017.4571
100600	0.3424	0.4733	0.5457	0.7091	41.9557	2016.5156
100700	0.3413	0.4730	0.5456	0.7090	41.9770	2015.5806
100800	0.3424	0.4735	0.5461	0.7090	41.9992	2014.6445
100900	0.3421	0.4743	0.5471	0.7099	42.0234	2013.7047
101000	0.3414	0.4739	0.5468	0.7097	42.0466	2012.7655
101100	0.3402	0.4728	0.5457	0.7092	42.0678	2011.8272
101200	0.3410	0.4735	0.5464	0.7096	42.0907	2010.8958
101300	0.3403	0.4724	0.5451	0.7098	42.1125	2009.9701
101400	0.3408	0.4728	0.5459	0.7106	42.1284	2009.0454
101500	0.3416	0.4731	0.5461	0.7105	42.1475	2008.1113
101600	0.3410	0.4730	0.5461	0.7107	42.1669	2007.1897
101700	0.3397	0.4723	0.5453	0.7100	42.1889	2006.2659
101800	0.3407	0.4739	0.5471	0.7107	42.2113	2005.3395
101900	0.3401	0.4732	0.5464	0.7108	42.2333	2004.4189
102000	0.3409	0.4731	0.5464	0.7112	42.2549	2003.4990
102100	0.3405	0.4731	0.5463	0.7114	42.2775	2002.5785
102200	0.3395	0.4733	0.5467	0.7112	42.3000	2001.6524
102300	0.3393	0.4724	0.5457	0.7109	42.3202	2000.7405
102400	0.3386	0.4726	0.5460	0.7112	42.3407	1999.8285
102500	0.3384	0.4728	0.5462	0.7113	42.3604	1998.9180
102600	0.3390	0.4731	0.5466	0.7121	42.3842	1998.0081
102700	0.3393	0.4738	0.5473	0.7121	42.4037	1997.0982
102800	0.3398	0.4734	0.5471	0.7127	42.4231	1996.1902
102900	0.3386	0.4728	0.5464	0.7120	42.4433	1995.2819
103000	0.3391	0.4731	0.5469	0.7134	42.4618	1994.3746
103100	0.3402	0.4740	0.5478	0.7137	42.4872	1993.4687
103200	0.3392	0.4736	0.5475	0.7142	42.5105	1992.5676
103300	0.3390	0.4741	0.5482	0.7145	42.5327	1991.6649
103400	0.3398	0.4747	0.5489	0.7151	42.5539	1990.7658
103500	0.3380	0.4730	0.5470	0.7142	42.5746	1989.8655
103600	0.3388	0.4733	0.5474	0.7144	42.5987	1988.9638
103700	0.3378	0.4731	0.5472	0.7141	42.6178	1988.0685
103800	0.3373	0.4728	0.5469	0.7137	42.6351	1987.1779
103900	0.3365	0.4728	0.5470	0.7141	42.6526	1986.2870
104000	0.3385	0.4738	0.5481	0.7152	42.6766	1985.3952
104100	0.3364	0.4723	0.5466	0.7142	42.6979	1984.5018
104200	0.3358	0.4723	0.5465	0.7137	42.7185	1983.6140
104300	0.3380	0.4736	0.5482	0.7159	42.7406	1982.7214
104400	0.3377	0.4735	0.5479	0.7155	42.7578	1981.8401
104500	0.3376	0.4732	0.5478	0.7156	42.7799	1980.9535
104600	0.3371	0.4726	0.5471	0.7163	42.8011	1980.0711
104700	0.3363	0.4727	0.5473	0.7158	42.8216	1979.1902
104800	0.3375	0.4742	0.5489	0.7176	42.8393	1978.3036
104900	0.3370	0.4734	0.5481	0.7174	42.8570	1977.4303
105000	0.3369	0.4732	0.5480	0.7166	42.8764	1976.5541
105100	0.3367	0.4739	0.5490	0.7178	42.9029	1975.6812
105200	0.3381	0.4746	0.5498	0.7195	42.9206	1974.8013
105300	0.3377	0.4742	0.5493	0.7188	42.9369	1973.9270
105400	0.3357	0.4732	0.5483	0.7177	42.9573	1973.0577
105500	0.3348	0.4725	0.5474	0.7174	42.9764	1972.1846
105600	0.3353	0.4729	0.5479	0.7174	42.9960	1971.3143
105700	0.3355	0.4732	0.5484	0.7186	43.0137	1970.4446
105800	0.3352	0.4730	0.5481	0.7180	43.0334	1969.5795
105900	0.3349	0.4732	0.5484	0.7179	43.0534	1968.7160
106000	0.3347	0.4723	0.5475	0.7181	43.0718	1967.8513
106100	0.3335	0.4719	0.5470	0.7161	43.0904	1966.9830
106200	0.3334	0.4711	0.5462	0.7173	43.1119	1966.1232
106300	0.3350	0.4733	0.5487	0.7185	43.1272	1965.2596
106400	0.3332	0.4721	0.5474	0.7174	43.1443	1964.3993
106500	0.3342	0.4724	0.5478	0.7188	43.1684	1963.5448
106600	0.3334	0.4718	0.5472	0.7187	43.1873	1962.6878
106700	0.3331	0.4713	0.5465	0.7176	43.2107	1961.8349
106800	0.3337	0.4722	0.5477	0.7186	43.2308	1960.9777
106900	0.3331	0.4721	0.5476	0.7185	43.2445	1960.1228
107000	0.3343	0.4728	0.5484	0.7197	43.2618	1959.2743
107100	0.3330	0.4718	0.5475	0.7190	43.2841	1958.4208
107200	0.3327	0.4720	0.5477	0.7191	43.3036	1957.5756
107300	0.3334	0.4726	0.5484	0.7200	43.3187	1956.7310
107400	0.3321	0.4714	0.5471	0.7194	43.3385	1955.8838
107500	0.3335	0.4729	0.5488	0.7211	43.3593	1955.0360
107600	0.3312	0.4705	0.5463	0.7193	43.3763	1954.1894
107700	0.3323	0.4717	0.5476	0.7206	43.3947	1953.3464
107800	0.3329	0.4717	0.5477	0.7209	43.4162	1952.5086
107900	0.3329	0.4726	0.5487	0.7219	43.4352	1951.6700
108000	0.3341	0.4729	0.5493	0.7235	43.4537	1950.8307
108100	0.3326	0.4721	0.5482	0.7218	43.4749	1949.9903
108200	0.3327	0.4725	0.5487	0.7217	43.4950	1949.1527
108300	0.3317	0.4714	0.5475	0.7210	43.5143	1948.3180
108400	0.3323	0.4720	0.5482	0.7214	43.5275	1947.4895
108500	0.3324	0.4713	0.5477	0.7229	43.5486	1946.6553
108600	0.3328	0.4720	0.5485	0.7231	43.5638	1945.8252
108700	0.3320	0.4717	0.5481	0.7222	43.5795	1944.9963
108800	0.3321	0.4716	0.5481	0.7229	43.6006	1944.1734
108900	0.3317	0.4720	0.5485	0.7231	43.6203	1943.3404
109000	0.3314	0.4711	0.5477	0.7229	43.6382	1942.5144
109100	0.3314	0.4721	0.5488	0.7235	43.6535	1941.6906
109200	0.3320	0.4719	0.5486	0.7236	43.6713	1940.8688
109300	0.3316	0.4715	0.5482	0.7238	43.6900	1940.0441
109400	0.3302	0.4707	0.5474	0.7228	43.7105	1939.2213
109500	0.3309	0.4711	0.5479	0.7236	43.7292	1938.4089
109600	0.3311	0.4715	0.5486	0.7238	43.7425	1937.5922
109700	0.3296	0.4703	0.5473	0.7226	43.7595	1936.7789
109800	0.3301	0.4708	0.5479	0.7239	43.7794	1935.9580
109900	0.3303	0.4713	0.5486	0.7246	43.7983	1935.1457
110000	0.3306	0.4709	0.5481	0.7238	43.8190	1934.3309
110100	0.3301	0.4710	0.5483	0.7241	43.8347	1933.5234
110200	0.3291	0.4708	0.5481	0.7243	43.8538	1932.7082
110300	0.3307	0.4718	0.5492	0.7255	43.8693	1931.9001
110400	0.3306	0.4712	0.5487	0.7259	43.8920	1931.0907
110500	0.3306	0.4714	0.5490	0.7260	43.9107	1930.2843
110600	0.3298	0.4713	0.5489	0.7251	43.9318	1929.4748
110700	0.3293	0.4714	0.5491	0.7254	43.9517	1928.6732
110800	0.3300	0.4718	0.5498	0.7270	43.9699	1927.8659
110900	0.3301	0.4710	0.5488	0.7265	43.9896	1927.0611
111000	0.3301	0.4713	0.5492	0.7268	44.0079	1926.2654
111100	0.3291	0.4711	0.5491	0.7263	44.0271	1925.4607
111200	0.3304	0.4718	0.5499	0.7282	44.0476	1924.6646
111300	0.3287	0.4705	0.5486	0.7265	44.0668	1923.8619
111400	0.3297	0.4717	0.5500	0.7280	44.0843	1923.0733
111500	0.3291	0.4713	0.5495	0.7273	44.1066	1922.2780
111600	0.3285	0.4706	0.5488	0.7266	44.1211	1921.4858
111700	0.3287	0.4703	0.5487	0.7278	44.1401	1920.6924
111800	0.3283	0.4705	0.5489	0.7276	44.1574	1919.8953
111900	0.3276	0.4706	0.5490	0.7271	44.1746	1919.1099
112000	0.3281	0.4709	0.5495	0.7278	44.1943	1918.3185
112100	0.3279	0.4703	0.5489	0.7276	44.2144	1917.5341
112200	0.3302	0.4718	0.5507	0.7299	44.2351	1916.7503
112300	0.3289	0.4711	0.5499	0.7294	44.2544	1915.9613
112400	0.3274	0.4701	0.5490	0.7293	44.2753	1915.1769
112500	0.3287	0.4712	0.5502	0.7296	44.2959	1914.3933
112600	0.3285	0.4706	0.5496	0.7301	44.3142	1913.6133
112700	0.3285	0.4713	0.5505	0.7304	44.3349	1912.8352
112800	0.3285	0.4707	0.5498	0.7306	44.3561	1912.0565
112900	0.3272	0.4699	0.5491	0.7296	44.3791	1911.2753
113000	0.3286	0.4718	0.5514	0.7319	44.4013	1910.5011
113100	0.3270	0.4702	0.5496	0.7298	44.4181	1909.7221
113200	0.3268	0.4697	0.5490	0.7299	44.4396	1908.9478
113300	0.3267	0.4700	0.5494	0.7301	44.4597	1908.1765
113400	0.3269	0.4700	0.5496	0.7307	44.4802	1907.4025
113500	0.3273	0.4702	0.5501	0.7315	44.5029	1906.6241
113600	0.3273	0.4703	0.5501	0.7315	44.5237	1905.8506
113700	0.3256	0.4691	0.5489	0.7307	44.5484	1905.0793
113800	0.3263	0.4700	0.5498	0.7308	44.5703	1904.3106
113900	0.3256	0.4694	0.5493	0.7310	44.5899	1903.5475
114000	0.3266	0.4700	0.5499	0.7318	44.6112	1902.7876
114100	0.3261	0.4707	0.5509	0.7330	44.6338	1902.0214
114200	0.3260	0.4698	0.5501	0.7326	44.6524	1901.2565
114300	0.3256	0.4695	0.5497	0.7321	44.6752	1900.4945
114400	0.3249	0.4691	0.5492	0.7313	44.6993	1899.7284
114500	0.3254	0.4695	0.5497	0.7322	44.7190	1898.9741
114600	0.3261	0.4697	0.5501	0.7328	44.7434	1898.2160
114700	0.3262	0.4701	0.5507	0.7334	44.7647	1897.4580
114800	0.3264	0.4704	0.5512	0.7342	44.7931	1896.6955
114900	0.3257	0.4702	0.5511	0.7340	44.8170	1895.9394
115000	0.3254	0.4699	0.5508	0.7337	44.8396	1895.1840
115100	0.3259	0.4701	0.5510	0.7346	44.8610	1894.4322
115200	0.3246	0.4692	0.5500	0.7336	44.8821	1893.6817
115300	0.3250	0.4697	0.5507	0.7340	44.9051	1892.9319
115400	0.3245	0.4689	0.5498	0.7336	44.9249	1892.1774
115500	0.3237	0.4686	0.5495	0.7333	44.9492	1891.4302
115600	0.3242	0.4693	0.5504	0.7339	44.9748	1890.6794
115700	0.3240	0.4692	0.5505	0.7349	45.0014	1889.9300
115800	0.3249	0.4697	0.5510	0.7350	45.0205	1889.1860
115900	0.3244	0.4692	0.5505	0.7347	45.0440	1888.4371
116000	0.3226	0.4688	0.5500	0.7333	45.0653	1887.6887
116100	0.3236	0.4685	0.5498	0.7349	45.0886	1886.9479
116200	0.3244	0.4700	0.5516	0.7359	45.1091	1886.2101
116300	0.3226	0.4688	0.5503	0.7341	45.1323	1885.4703
116400	0.3236	0.4696	0.5513	0.7356	45.1658	1884.7269
116500	0.3223	0.4684	0.5500	0.7346	45.1907	1883.9893
116600	0.3232	0.4693	0.5509	0.7352	45.2168	1883.2468
116700	0.3241	0.4699	0.5517	0.7363	45.2388	1882.5095
116800	0.3229	0.4689	0.5507	0.7357	45.2625	1881.7736
116900	0.3225	0.4687	0.5505	0.7355	45.2821	1881.0404
117000	0.3223	0.4682	0.5500	0.7352	45.3038	1880.3075
117100	0.3222	0.4681	0.5499	0.7351	45.3307	1879.5714
117200	0.3223	0.4688	0.5509	0.7358	45.3547	1878.8360
117300	0.3217	0.4683	0.5503	0.7356	45.3757	1878.1073
117400	0.3215	0.4680	0.5499	0.7353	45.3963	1877.3777
117500	0.3221	0.4688	0.5509	0.7360	45.4172	1876.6543
117600	0.3214	0.4680	0.5500	0.7360	45.4417	1875.9263
117700	0.3213	0.4691	0.5514	0.7366	45.4643	1875.2023
117800	0.3217	0.4688	0.5512	0.7371	45.4880	1874.4764
117900	0.3219	0.4690	0.5512	0.7367	45.5114	1873.7505
118000	0.3210	0.4689	0.5512	0.7368	45.5362	1873.0290
118100	0.3211	0.4685	0.5509	0.7363	45.5555	1872.3040
118200	0.3202	0.4673	0.5495	0.7357	45.5781	1871.5849
118300	0.3214	0.4687	0.5512	0.7365	45.5989	1870.8625
118400	0.3204	0.4675	0.5498	0.7356	45.6225	1870.1456
118500	0.3209	0.4686	0.5511	0.7374	45.6462	1869.4267
118600	0.3212	0.4682	0.5509	0.7377	45.6691	1868.7083
118700	0.3213	0.4686	0.5513	0.7381	45.6893	1867.9925
118800	0.3198	0.4680	0.5506	0.7360	45.7148	1867.2808
118900	0.3199	0.4674	0.5501	0.7365	45.7413	1866.5645
119000	0.3197	0.4672	0.5498	0.7361	45.7692	1865.8494
119100	0.3204	0.4681	0.5509	0.7370	45.7890	1865.1381
119200	0.3200	0.4683	0.5511	0.7372	45.8080	1864.4266
119300	0.3191	0.4681	0.5509	0.7361	45.8262	1863.7217
119400	0.3199	0.4687	0.5518	0.7374	45.8445	1863.0131
119500	0.3185	0.4673	0.5502	0.7369	45.8647	1862.3053
119600	0.3178	0.4669	0.5499	0.7361	45.8867	1861.5979
119700	0.3196	0.4680	0.5510	0.7379	45.9065	1860.8930
119800	0.3190	0.4676	0.5506	0.7375	45.9314	1860.1845
119900	0.3193	0.4682	0.5513	0.7378	45.9527	1859.4834
120000	0.3182	0.4668	0.5497	0.7369	45.9749	1858.7798
120100	0.3188	0.4680	0.5512	0.7370	45.9978	1858.0750
120200	0.3185	0.4673	0.5505	0.7372	46.0172	1857.3771
120300	0.3178	0.4672	0.5504	0.7368	46.0364	1856.6800
120400	0.3176	0.4672	0.5504	0.7364	46.0581	1855.9804
120500	0.3173	0.4667	0.5499	0.7364	46.0798	1855.2796
120600	0.3182	0.4672	0.5505	0.7377	46.0962	1854.5840
120700	0.3184	0.4674	0.5508	0.7378	46.1172	1853.8879
120800	0.3171	0.4669	0.5502	0.7370	46.1355	1853.1924
120900	0.3175	0.4677	0.5511	0.7371	46.1548	1852.4964
121000	0.3170	0.4670	0.5502	0.7370	46.1745	1851.8042
121100	0.3178	0.4676	0.5511	0.7376	46.1948	1851.1124
121200	0.3159	0.4664	0.5498	0.7362	46.2150	1850.4209
121300	0.3173	0.4673	0.5507	0.7365	46.2350	1849.7317
121400	0.3166	0.4664	0.5499	0.7368	46.2557	1849.0411
121500	0.3157	0.4664	0.5498	0.7361	46.2748	1848.3523
121600	0.3164	0.4664	0.5498	0.7366	46.2933	1847.6640
121700	0.3165	0.4663	0.5499	0.7366	46.3084	1846.9780
121800	0.3159	0.4660	0.5496	0.7367	46.3258	1846.2927
121900	0.3165	0.4668	0.5505	0.7373	46.3479	1845.6037
122000	0.3170	0.4671	0.5508	0.7373	46.3632	1844.9228
122100	0.3167	0.4667	0.5505	0.7372	46.3805	1844.2367
122200	0.3174	0.4673	0.5513	0.7380	46.3926	1843.5605
122300	0.3174	0.4674	0.5512	0.7379	46.4083	1842.8802
122400	0.3172	0.4675	0.5515	0.7380	46.4304	1842.1980
122500	0.3173	0.4673	0.5512	0.7384	46.4508	1841.5183
122600	0.3169	0.4675	0.5517	0.7383	46.4692	1840.8321
122700	0.3166	0.4675	0.5516	0.7379	46.4841	1840.1553
122800	0.3168	0.4675	0.5517	0.7374	46.4990	1839.4803
122900	0.3161	0.4669	0.5510	0.7374	46.5179	1838.8112
123000	0.3166	0.4676	0.5517	0.7378	46.5335	1838.1386
123100	0.3164	0.4671	0.5513	0.7385	46.5561	1837.4601
123200	0.3162	0.4668	0.5510	0.7375	46.5752	1836.7903
123300	0.3167	0.4671	0.5514	0.7382	46.5920	1836.1225
123400	0.3164	0.4672	0.5516	0.7382	46.6072	1835.4543
123500	0.3154	0.4660	0.5501	0.7371	46.6222	1834.7798
123600	0.3158	0.4668	0.5511	0.7375	46.6382	1834.1104
123700	0.3170	0.4670	0.5513	0.7384	46.6527	1833.4408
123800	0.3158	0.4667	0.5511	0.7381	46.6707	1832.7739
123900	0.3150	0.4667	0.5511	0.7375	46.6888	1832.1114
124000	0.3160	0.4670	0.5514	0.7379	46.7051	1831.4453
124100	0.3147	0.4663	0.5508	0.7378	46.7186	1830.7828
124200	0.3152	0.4664	0.5510	0.7382	46.7348	1830.1201
124300	0.3158	0.4666	0.5511	0.7383	46.7514	1829.4510
124400	0.3146	0.4662	0.5506	0.7373	46.7677	1828.7873
124500	0.3149	0.4657	0.5501	0.7376	46.7877	1828.1259
124600	0.3142	0.4662	0.5508	0.7379	46.8054	1827.4702
124700	0.3148	0.4665	0.5512	0.7375	46.8206	1826.8129
124800	0.3149	0.4660	0.5506	0.7371	46.8317	1826.1603
124900	0.3148	0.4663	0.5510	0.7376	46.8471	1825.4966
125000	0.3143	0.4663	0.5510	0.7377	46.8591	1824.8447
125100	0.3134	0.4654	0.5500	0.7367	46.8753	1824.1882
125200	0.3137	0.4661	0.5510	0.7376	46.8898	1823.5363
125300	0.3135	0.4644	0.5490	0.7369	46.9071	1822.8827
125400	0.3144	0.4656	0.5504	0.7381	46.9222	1822.2301
125500	0.3138	0.4656	0.5505	0.7374	46.9390	1821.5714
125600	0.3139	0.4654	0.5503	0.7380	46.9540	1820.9180
125700	0.3146	0.4668	0.5520	0.7390	46.9692	1820.2687
125800	0.3142	0.4660	0.5511	0.7384	46.9856	1819.6208
125900	0.3136	0.4659	0.5510	0.7378	46.9999	1818.9774
126000	0.3142	0.4662	0.5515	0.7388	47.0157	1818.3304
126100	0.3135	0.4660	0.5513	0.7378	47.0302	1817.6817
126200	0.3140	0.4664	0.5516	0.7386	47.0501	1817.0358
126300	0.3135	0.4654	0.5507	0.7382	47.0650	1816.3899
126400	0.3138	0.4658	0.5511	0.7385	47.0785	1815.7487
126500	0.3124	0.4653	0.5507	0.7376	47.0957	1815.1115
126600	0.3138	0.4664	0.5519	0.7386	47.1094	1814.4678
126700	0.3144	0.4665	0.5521	0.7394	47.1244	1813.8306
126800	0.3136	0.4660	0.5515	0.7390	47.1427	1813.1864
126900	0.3138	0.4666	0.5523	0.7396	47.1559	1812.5436
127000	0.3137	0.4658	0.5514	0.7390	47.1729	1811.9058
127100	0.3142	0.4668	0.5526	0.7399	47.1838	1811.2679
127200	0.3141	0.4666	0.5524	0.7400	47.2013	1810.6344
127300	0.3138	0.4664	0.5522	0.7405	47.2138	1809.9982
127400	0.3137	0.4664	0.5523	0.7401	47.2301	1809.3620
127500	0.3128	0.4652	0.5509	0.7388	47.2460	1808.7275
127600	0.3131	0.4660	0.5518	0.7396	47.2612	1808.0931
127700	0.3121	0.4655	0.5513	0.7387	47.2800	1807.4626
127800	0.3129	0.4662	0.5521	0.7391	47.2946	1806.8293
127900	0.3121	0.4655	0.5515	0.7390	47.3088	1806.1962
128000	0.3115	0.4654	0.5514	0.7388	47.3218	1805.5675
128100	0.3123	0.4656	0.5516	0.7391	47.3379	1804.9368
128200	0.3132	0.4662	0.5525	0.7403	47.3560	1804.3056
128300	0.3134	0.4660	0.5523	0.7410	47.3737	1803.6840
128400	0.3129	0.4662	0.5526	0.7407	47.3864	1803.0589
128500	0.3134	0.4666	0.5530	0.7415	47.4004	1802.4285
128600	0.3121	0.4661	0.5524	0.7398	47.4183	1801.8009
128700	0.3123	0.4660	0.5523	0.7399	47.4365	1801.1756
128800	0.3128	0.4663	0.5527	0.7403	47.4522	1800.5571
128900	0.3127	0.4664	0.5530	0.7406	47.4679	1799.9351
129000	0.3124	0.4656	0.5521	0.7403	47.4792	1799.3170
129100	0.3114	0.4650	0.5514	0.7401	47.4925	1798.6995
129200	0.3107	0.4646	0.5509	0.7386	47.5107	1798.0797
129300	0.3117	0.4653	0.5518	0.7395	47.5253	1797.4596
129400	0.3124	0.4663	0.5529	0.7414	47.5400	1796.8403
129500	0.3122	0.4660	0.5527	0.7407	47.5521	1796.2222
129600	0.3122	0.4662	0.5530	0.7412	47.5686	1795.6051
129700	0.3117	0.4654	0.5521	0.7405	47.5788	1794.9884
129800	0.3119	0.4659	0.5527	0.7410	47.5942	1794.3698
129900	0.3114	0.4655	0.5523	0.7409	47.6130	1793.7551
130000	0.3107	0.4651	0.5516	0.7398	47.6274	1793.1459
130100	0.3102	0.4651	0.5518	0.7396	47.6432	1792.5342
130200	0.3110	0.4655	0.5523	0.7411	47.6591	1791.9222
130300	0.3105	0.4649	0.5518	0.7403	47.6806	1791.3120
130400	0.3098	0.4643	0.5511	0.7391	47.6936	1790.7037
130500	0.3107	0.4656	0.5525	0.7406	47.7082	1790.0897
130600	0.3109	0.4657	0.5526	0.7406	47.7259	1789.4826
130700	0.3105	0.4652	0.5521	0.7405	47.7384	1788.8762
130800	0.3100	0.4646	0.5515	0.7400	47.7541	1788.2673
130900	0.3102	0.4647	0.5515	0.7407	47.7652	1787.6564
131000	0.3100	0.4651	0.5521	0.7402	47.7836	1787.0467
131100	0.3096	0.4647	0.5517	0.7402	47.7997	1786.4447
131200	0.3103	0.4656	0.5528	0.7417	47.8160	1785.8411
131300	0.3100	0.4653	0.5524	0.7414	47.8296	1785.2397
131400	0.3096	0.4648	0.5520	0.7405	47.8469	1784.6388
131500	0.3092	0.4645	0.5516	0.7401	47.8630	1784.0367
131600	0.3088	0.4644	0.5514	0.7393	47.8788	1783.4361
131700	0.3098	0.4652	0.5526	0.7410	47.8976	1782.8374
131800	0.3097	0.4658	0.5533	0.7410	47.9099	1782.2377
131900	0.3087	0.4644	0.5518	0.7403	47.9265	1781.6394
132000	0.3083	0.4638	0.5510	0.7397	47.9426	1781.0425
132100	0.3085	0.4637	0.5511	0.7400	47.9589	1780.4435
132200	0.3074	0.4634	0.5506	0.7386	47.9733	1779.8512
132300	0.3082	0.4638	0.5512	0.7395	47.9917	1779.2552
132400	0.3082	0.4641	0.5516	0.7405	48.0072	1778.6574
132500	0.3073	0.4630	0.5502	0.7393	48.0208	1778.0676
132600	0.3079	0.4634	0.5508	0.7399	48.0351	1777.4728
132700	0.3076	0.4636	0.5511	0.7399	48.0460	1776.8808
132800	0.3076	0.4635	0.5510	0.7403	48.0635	1776.2901
132900	0.3069	0.4629	0.5504	0.7406	48.0771	1775.7021
133000	0.3069	0.4626	0.5501	0.7399	48.0947	1775.1128
133100	0.3067	0.4629	0.5504	0.7395	48.1115	1774.5205
133200	0.3068	0.4629	0.5505	0.7401	48.1275	1773.9293
133300	0.3069	0.4633	0.5509	0.7403	48.1442	1773.3378
133400	0.3064	0.4626	0.5502	0.7400	48.1589	1772.7491
133500	0.3062	0.4627	0.5503	0.7393	48.1767	1772.1625
133600	0.3069	0.4631	0.5509	0.7407	48.1928	1771.5762
133700	0.3062	0.4624	0.5501	0.7397	48.2073	1770.9960
133800	0.3047	0.4614	0.5491	0.7386	48.2193	1770.4141
133900	0.3057	0.4623	0.5499	0.7395	48.2343	1769.8308
134000	0.3060	0.4628	0.5507	0.7402	48.2502	1769.2466
134100	0.3063	0.4622	0.5500	0.7410	48.2673	1768.6646
134200	0.3060	0.4623	0.5502	0.7402	48.2820	1768.0834
134300	0.3061	0.4626	0.5506	0.7411	48.2956	1767.5019
134400	0.3057	0.4620	0.5499	0.7406	48.3120	1766.9243
134500	0.3051	0.4620	0.5499	0.7401	48.3267	1766.3441
134600	0.3060	0.4626	0.5506	0.7411	48.3403	1765.7669
134700	0.3056	0.4623	0.5503	0.7408	48.3555	1765.1932
134800	0.3055	0.4626	0.5507	0.7413	48.3735	1764.6135
134900	0.3059	0.4625	0.5507	0.7418	48.3869	1764.0360
135000	0.3059	0.4625	0.5507	0.7420	48.4017	1763.4622
135100	0.3048	0.4618	0.5500	0.7413	48.4200	1762.8850
135200	0.3046	0.4618	0.5499	0.7408	48.4344	1762.3086
135300	0.3047	0.4614	0.5496	0.7408	48.4495	1761.7349
135400	0.3045	0.4615	0.5498	0.7417	48.4652	1761.1646
135500	0.3049	0.4613	0.5495	0.7421	48.4782	1760.5953
135600	0.3042	0.4613	0.5496	0.7410	48.4927	1760.0257
135700	0.3035	0.4607	0.5490	0.7409	48.5080	1759.4539
135800	0.3044	0.4611	0.5494	0.7410	48.5264	1758.8841
135900	0.3045	0.4619	0.5504	0.7411	48.5419	1758.3181
136000	0.3060	0.4630	0.5516	0.7427	48.5550	1757.7480
136100	0.3039	0.4613	0.5498	0.7416	48.5671	1757.1805
136200	0.3045	0.4612	0.5497	0.7420	48.5826	1756.6136
136300	0.3049	0.4622	0.5509	0.7429	48.6004	1756.0443
136400	0.3044	0.4615	0.5501	0.7426	48.6168	1755.4780
136500	0.3041	0.4612	0.5497	0.7420	48.6296	1754.9159
136600	0.3043	0.4614	0.5501	0.7430	48.6418	1754.3532
136700	0.3044	0.4614	0.5501	0.7427	48.6602	1753.7921
136800	0.3047	0.4609	0.5494	0.7426	48.6774	1753.2279
136900	0.3036	0.4602	0.5487	0.7428	48.6908	1752.6645
137000	0.3036	0.4605	0.5491	0.7421	48.7088	1752.1065
137100	0.3040	0.4611	0.5499	0.7434	48.7187	1751.5442
137200	0.3030	0.4602	0.5490	0.7428	48.7357	1750.9859
137300	0.3023	0.4597	0.5484	0.7415	48.7567	1750.4232
137400	0.3030	0.4599	0.5486	0.7424	48.7718	1749.8677
137500	0.3033	0.4604	0.5493	0.7427	48.7858	1749.3088
137600	0.3026	0.4602	0.5489	0.7421	48.8035	1748.7454
137700	0.3018	0.4588	0.5474	0.7415	48.8201	1748.1917
137800	0.3025	0.4596	0.5485	0.7430	48.8336	1747.6383
137900	0.3023	0.4590	0.5479	0.7422	48.8450	1747.0884
138000	0.3019	0.4595	0.5485	0.7425	48.8643	1746.5341
138100	0.3023	0.4598	0.5488	0.7428	48.8821	1745.9787
138200	0.3026	0.4599	0.5490	0.7430	48.8965	1745.4271
138300	0.3027	0.4601	0.5492	0.7439	48.9124	1744.8754
138400	0.3019	0.4591	0.5483	0.7431	48.9273	1744.3248
138500	0.3016	0.4596	0.5488	0.7425	48.9463	1743.7728
138600	0.3016	0.4597	0.5490	0.7434	48.9585	1743.2235
138700	0.3020	0.4595	0.5488	0.7433	48.9725	1742.6736
138800	0.3006	0.4588	0.5480	0.7425	48.9901	1742.1238
138900	0.3021	0.4595	0.5488	0.7438	49.0035	1741.5758
139000	0.3019	0.4592	0.5485	0.7437	49.0200	1741.0287
139100	0.3017	0.4593	0.5487	0.7437	49.0345	1740.4841
139200	0.3021	0.4597	0.5492	0.7443	49.0523	1739.9391
139300	0.3014	0.4590	0.5486	0.7442	49.0690	1739.3888
139400	0.3015	0.4592	0.5487	0.7439	49.0868	1738.8460
139500	0.3009	0.4589	0.5483	0.7434	49.1035	1738.2994
139600	0.3017	0.4594	0.5490	0.7449	49.1210	1737.7598
139700	0.3025	0.4592	0.5488	0.7451	49.1368	1737.2181
139800	0.3018	0.4600	0.5498	0.7457	49.1518	1736.6778
139900	0.3013	0.4590	0.5488	0.7448	49.1683	1736.1340
140000	0.3005	0.4584	0.5481	0.7443	49.1847	1735.5933
140100	0.3003	0.4580	0.5477	0.7439	49.1988	1735.0519
140200	0.3007	0.4586	0.5484	0.7442	49.2162	1734.5137
140300	0.3001	0.4584	0.5482	0.7444	49.2330	1733.9762
140400	0.3006	0.4586	0.5487	0.7455	49.2499	1733.4399
140500	0.2994	0.4571	0.5469	0.7436	49.2655	1732.9007
140600	0.2997	0.4574	0.5474	0.7452	49.2808	1732.3662
140700	0.2997	0.4577	0.5477	0.7444	49.2954	1731.8328
140800	0.2993	0.4571	0.5471	0.7446	49.3137	1731.2964
140900	0.3004	0.4578	0.5479	0.7456	49.3319	1730.7593
141000	0.2997	0.4578	0.5479	0.7450	49.3502	1730.2260
141100	0.3005	0.4579	0.5480	0.7457	49.3682	1729.6936
141200	0.2995	0.4575	0.5476	0.7449	49.3838	1729.1587
141300	0.2990	0.4566	0.5467	0.7443	49.3993	1728.6277
141400	0.2987	0.4562	0.5464	0.7445	49.4190	1728.0960
141500	0.2985	0.4567	0.5469	0.7448	49.4388	1727.5624
141600	0.2992	0.4572	0.5476	0.7451	49.4523	1727.0366
141700	0.2988	0.4570	0.5473	0.7446	49.4715	1726.5102
141800	0.2981	0.4564	0.5468	0.7445	49.4872	1725.9806
141900	0.2993	0.4570	0.5473	0.7455	49.5071	1725.4531
142000	0.2981	0.4566	0.5471	0.7451	49.5244	1724.9257
142100	0.2983	0.4563	0.5467	0.7448	49.5381	1724.3983
142200	0.2990	0.4569	0.5475	0.7460	49.5546	1723.8717
142300	0.2988	0.4570	0.5476	0.7463	49.5721	1723.3456
142400	0.2966	0.4553	0.5457	0.7437	49.5920	1722.8172
142500	0.2973	0.4560	0.5466	0.7452	49.6081	1722.2960
142600	0.2968	0.4554	0.5460	0.7451	49.6287	1721.7696
142700	0.2972	0.4553	0.5459	0.7450	49.6418	1721.2477
142800	0.2978	0.4564	0.5473	0.7463	49.6578	1720.7269
142900	0.2981	0.4565	0.5474	0.7463	49.6757	1720.2053
143000	0.2985	0.4565	0.5474	0.7467	49.6939	1719.6851
143100	0.2975	0.4560	0.5470	0.7469	49.7109	1719.1640
143200	0.2972	0.4556	0.5464	0.7454	49.7295	1718.6449
143300	0.2973	0.4562	0.5472	0.7461	49.7470	1718.1245
143400	0.2969	0.4555	0.5464	0.7460	49.7636	1717.6082
143500	0.2972	0.4562	0.5473	0.7464	49.7833	1717.0877
143600	0.2966	0.4551	0.5461	0.7454	49.7989	1716.5686
143700	0.2966	0.4556	0.5467	0.7458	49.8156	1716.0566
143800	0.2968	0.4555	0.5465	0.7459	49.8343	1715.5391
143900	0.2958	0.4552	0.5464	0.7454	49.8513	1715.0261
144000	0.2962	0.4550	0.5462	0.7460	49.8703	1714.5103
144100	0.2963	0.4554	0.5467	0.7460	49.8890	1713.9977
144200	0.2960	0.4548	0.5459	0.7457	49.9054	1713.4826
144300	0.2947	0.4539	0.5451	0.7451	49.9254	1712.9699
144400	0.2958	0.4550	0.5462	0.7459	49.9461	1712.4562
144500	0.2958	0.4544	0.5456	0.7463	49.9650	1711.9444
144600	0.2959	0.4545	0.5458	0.7465	49.9806	1711.4371
144700	0.2964	0.4554	0.5469	0.7473	49.9959	1710.9250
144800	0.2952	0.4542	0.5455	0.7463	50.0150	1710.4163
144900	0.2953	0.4546	0.5460	0.7462	50.0355	1709.9058
145000	0.2953	0.4545	0.5460	0.7466	50.0515	1709.3941
145100	0.2952	0.4542	0.5456	0.7468	50.0729	1708.8860
145200	0.2944	0.4534	0.5447	0.7450	50.0922	1708.3819
145300	0.2954	0.4542	0.5457	0.7460	50.1117	1707.8716
145400	0.2955	0.4543	0.5460	0.7467	50.1286	1707.3648
145500	0.2948	0.4543	0.5461	0.7465	50.1440	1706.8577
145600	0.2943	0.4534	0.5449	0.7455	50.1673	1706.3573
145700	0.2947	0.4540	0.5457	0.7469	50.1859	1705.8528
145800	0.2944	0.4539	0.5455	0.7464	50.2005	1705.3515
145900	0.2939	0.4536	0.5454	0.7465	50.2177	1704.8494
146000	0.2935	0.4533	0.5451	0.7459	50.2385	1704.3409
146100	0.2934	0.4534	0.5451	0.7460	50.2506	1703.8381
146200	0.2939	0.4535	0.5453	0.7468	50.2672	1703.3380
146300	0.2931	0.4528	0.5444	0.7459	50.2832	1702.8400
146400	0.2941	0.4538	0.5456	0.7472	50.3041	1702.3418
146500	0.2936	0.4536	0.5455	0.7462	50.3226	1701.8410
146600	0.2941	0.4541	0.5461	0.7475	50.3399	1701.3378
146700	0.2937	0.4535	0.5455	0.7466	50.3562	1700.8369
146800	0.2926	0.4533	0.5453	0.7464	50.3704	1700.3432
146900	0.2932	0.4536	0.5456	0.7469	50.3879	1699.8462
147000	0.2925	0.4528	0.5447	0.7462	50.4064	1699.3523
147100	0.2932	0.4535	0.5456	0.7476	50.4253	1698.8563
147200	0.2929	0.4537	0.5458	0.7471	50.4416	1698.3596
147300	0.2930	0.4531	0.5452	0.7467	50.4586	1697.8626
147400	0.2922	0.4534	0.5455	0.7465	50.4757	1697.3684
147500	0.2920	0.4528	0.5448	0.7458	50.4945	1696.8743
147600	0.2920	0.4529	0.5450	0.7463	50.5067	1696.3830
147700	0.2915	0.4523	0.5444	0.7462	50.5230	1695.8941
147800	0.2908	0.4519	0.5439	0.7457	50.5392	1695.3977
147900	0.2917	0.4522	0.5443	0.7464	50.5526	1694.9078
148000	0.2918	0.4525	0.5447	0.7467	50.5736	1694.4144
148100	0.2920	0.4524	0.5447	0.7471	50.5875	1693.9266
148200	0.2919	0.4533	0.5456	0.7471	50.6047	1693.4353
148300	0.2924	0.4528	0.5452	0.7479	50.6214	1692.9448
148400	0.2902	0.4519	0.5441	0.7458	50.6350	1692.4571
148500	0.2919	0.4527	0.5452	0.7474	50.6517	1691.9700
148600	0.2909	0.4524	0.5447	0.7467	50.6695	1691.4809
148700	0.2909	0.4526	0.5451	0.7471	50.6899	1690.9946
148800	0.2906	0.4524	0.5448	0.7468	50.7021	1690.5084
148900	0.2908	0.4518	0.5441	0.7458	50.7160	1690.0222
149000	0.2909	0.4520	0.5444	0.7471	50.7335	1689.5341
149100	0.2908	0.4522	0.5447	0.7478	50.7494	1689.0493
149200	0.2898	0.4517	0.5441	0.7463	50.7642	1688.5638
149300	0.2894	0.4512	0.5437	0.7460	50.7770	1688.0790
149400	0.2898	0.4513	0.5437	0.7462	50.7930	1687.5988
149500	0.2899	0.4515	0.5439	0.7467	50.8055	1687.1168
149600	0.2895	0.4515	0.5440	0.7463	50.8257	1686.6361
149700	0.2904	0.4521	0.5448	0.7478	50.8424	1686.1518
149800	0.2888	0.4505	0.5428	0.7462	50.8587	1685.6731
149900	0.2893	0.4512	0.5438	0.7465	50.8707	1685.1930
150000	0.2891	0.4509	0.5434	0.7468	50.8831	1684.7132
150100	0.2892	0.4509	0.5434	0.7467	50.9001	1684.2326
150200	0.2886	0.4514	0.5441	0.7468	50.9158	1683.7532
150300	0.2886	0.4512	0.5439	0.7466	50.9312	1683.2793
150400	0.2893	0.4524	0.5453	0.7481	50.9448	1682.8016
150500	0.2904	0.4522	0.5450	0.7486	50.9622	1682.3253
150600	0.2894	0.4516	0.5444	0.7475	50.9788	1681.8484
150700	0.2886	0.4512	0.5440	0.7473	50.9922	1681.3713
150800	0.2893	0.4512	0.5440	0.7472	51.0062	1680.8962
150900	0.2893	0.4522	0.5451	0.7477	51.0255	1680.4202
151000	0.2886	0.4512	0.5441	0.7475	51.0428	1679.9466
151100	0.2885	0.4508	0.5435	0.7470	51.0565	1679.4714
151200	0.2896	0.4517	0.5446	0.7481	51.0720	1679.0011
151300	0.2881	0.4509	0.5438	0.7470	51.0864	1678.5292
151400	0.2890	0.4512	0.5442	0.7479	51.0995	1678.0557
151500	0.2891	0.4517	0.5448	0.7478	51.1162	1677.5822
151600	0.2883	0.4506	0.5436	0.7472	51.1340	1677.1112
151700	0.2880	0.4503	0.5431	0.7470	51.1474	1676.6433
151800	0.2881	0.4505	0.5434	0.7479	51.1606	1676.1743
151900	0.2885	0.4512	0.5444	0.7483	51.1741	1675.7038
152000	0.2883	0.4508	0.5438	0.7479	51.1888	1675.2334
152100	0.2883	0.4508	0.5440	0.7475	51.2071	1674.7658
152200	0.2885	0.4510	0.5440	0.7484	51.2231	1674.2993
152300	0.2890	0.4517	0.5449	0.7491	51.2355	1673.8343
152400	0.2886	0.4513	0.5445	0.7487	51.2479	1673.3666
152500	0.2881	0.4514	0.5446	0.7486	51.2539	1672.9026
152600	0.2881	0.4515	0.5448	0.7489	51.2679	1672.4345
152700	0.2883	0.4513	0.5447	0.7484	51.2829	1671.9694
152800	0.2878	0.4508	0.5440	0.7481	51.2992	1671.5035
152900	0.2878	0.4511	0.5444	0.7480	51.3162	1671.0404
153000	0.2877	0.4510	0.5444	0.7484	51.3271	1670.5780
153100	0.2871	0.4505	0.5438	0.7482	51.3434	1670.1131
153200	0.2867	0.4498	0.5429	0.7475	51.3551	1669.6508
153300	0.2868	0.4500	0.5433	0.7475	51.3687	1669.1873
153400	0.2866	0.4498	0.5431	0.7472	51.3846	1668.7269
153500	0.2869	0.4506	0.5441	0.7480	51.3958	1668.2670
153600	0.2861	0.4497	0.5430	0.7470	51.4080	1667.8095
153700	0.2861	0.4496	0.5429	0.7475	51.4203	1667.3502
153800	0.2876	0.4508	0.5445	0.7496	51.4357	1666.8902
153900	0.2859	0.4500	0.5436	0.7475	51.4496	1666.4285
154000	0.2862	0.4501	0.5437	0.7480	51.4640	1665.9733
154100	0.2867	0.4499	0.5433	0.7486	51.4715	1665.5181
154200	0.2869	0.4504	0.5441	0.7491	51.4860	1665.0615
154300	0.2854	0.4491	0.5426	0.7477	51.5019	1664.6067
154400	0.2857	0.4495	0.5431	0.7472	51.5104	1664.1518
154500	0.2869	0.4504	0.5441	0.7489	51.5265	1663.6967
154600	0.2858	0.4499	0.5437	0.7479	51.5368	1663.2409
154700	0.2863	0.4503	0.5441	0.7484	51.5486	1662.7869
154800	0.2858	0.4496	0.5433	0.7480	51.5629	1662.3305
154900	0.2862	0.4501	0.5440	0.7488	51.5786	1661.8754
155000	0.2854	0.4492	0.5429	0.7481	51.5908	1661.4223
155100	0.2857	0.4501	0.5440	0.7488	51.6024	1660.9680
155200	0.2868	0.4507	0.5446	0.7499	51.6145	1660.5163
155300	0.2857	0.4493	0.5431	0.7480	51.6255	1660.0673
155400	0.2857	0.4497	0.5435	0.7480	51.6408	1659.6166
155500	0.2855	0.4496	0.5435	0.7481	51.6555	1659.1634
155600	0.2852	0.4502	0.5442	0.7478	51.6685	1658.7138
155700	0.2842	0.4491	0.5430	0.7474	51.6807	1658.2638
155800	0.2847	0.4491	0.5430	0.7476	51.6949	1657.8149
155900	0.2842	0.4490	0.5430	0.7474	51.7059	1657.3703
156000	0.2843	0.4492	0.5432	0.7480	51.7211	1656.9213
156100	0.2845	0.4489	0.5429	0.7482	51.7331	1656.4767
156200	0.2851	0.4496	0.5437	0.7490	51.7466	1656.0253
156300	0.2851	0.4492	0.5433	0.7490	51.7613	1655.5800
156400	0.2854	0.4494	0.5437	0.7494	51.7713	1655.1329
156500	0.2851	0.4491	0.5433	0.7489	51.7821	1654.6888
156600	0.2836	0.4481	0.5422	0.7477	51.7998	1654.2435
156700	0.2848	0.4492	0.5436	0.7493	51.8193	1653.7998
156800	0.2846	0.4491	0.5435	0.7488	51.8325	1653.3559
156900	0.2839	0.4485	0.5427	0.7484	51.8411	1652.9106
157000	0.2839	0.4487	0.5431	0.7487	51.8562	1652.4668
157100	0.2841	0.4490	0.5434	0.7486	51.8694	1652.0276
157200	0.2846	0.4490	0.5433	0.7493	51.8800	1651.5871
157300	0.2832	0.4485	0.5428	0.7488	51.8912	1651.1452
157400	0.2839	0.4486	0.5431	0.7487	51.9047	1650.7051
157500	0.2841	0.4488	0.5433	0.7497	51.9168	1650.2638
157600	0.2839	0.4487	0.5433	0.7490	51.9363	1649.8232
157700	0.2832	0.4478	0.5422	0.7483	51.9514	1649.3848
157800	0.2831	0.4480	0.5424	0.7481	51.9623	1648.9480
157900	0.2826	0.4479	0.5424	0.7483	51.9788	1648.5079
158000	0.2828	0.4476	0.5420	0.7482	51.9894	1648.0724
158100	0.2829	0.4479	0.5424	0.7491	52.0045	1647.6318
158200	0.2827	0.4474	0.5419	0.7484	52.0191	1647.1939
158300	0.2834	0.4483	0.5430	0.7498	52.0326	1646.7589
158400	0.2832	0.4488	0.5436	0.7498	52.0444	1646.3241
158500	0.2823	0.4480	0.5427	0.7494	52.0579	1645.8886
158600	0.2826	0.4480	0.5428	0.7491	52.0723	1645.4536
158700	0.2823	0.4478	0.5427	0.7491	52.0879	1645.0155
158800	0.2823	0.4480	0.5428	0.7492	52.1014	1644.5833
158900	0.2830	0.4481	0.5430	0.7497	52.1183	1644.1476
159000	0.2819	0.4477	0.5426	0.7486	52.1328	1643.7156
159100	0.2820	0.4477	0.5425	0.7486	52.1449	1643.2807
159200	0.2824	0.4478	0.5427	0.7494	52.1610	1642.8510
159300	0.2818	0.4471	0.5419	0.7488	52.1747	1642.4203
159400	0.2820	0.4475	0.5424	0.7488	52.1901	1641.9908
159500	0.2814	0.4471	0.5421	0.7486	52.2036	1641.5593
159600	0.2806	0.4467	0.5416	0.7479	52.2190	1641.1280
159700	0.2817	0.4472	0.5422	0.7487	52.2349	1640.6970
159800	0.2814	0.4469	0.5419	0.7486	52.2504	1640.2687
159900	0.2813	0.4469	0.5418	0.7486	52.2663	1639.8410
160000	0.2804	0.4458	0.5406	0.7478	52.2822	1639.4131
160100	0.2803	0.4463	0.5413	0.7478	52.2945	1638.9856
160200	0.2807	0.4465	0.5416	0.7480	52.3067	1638.5557
160300	0.2802	0.4462	0.5412	0.7476	52.3238	1638.1277
160400	0.2802	0.4463	0.5414	0.7480	52.3362	1637.7023
160500	0.2792	0.4449	0.5398	0.7467	52.3489	1637.2741
160600	0.2801	0.4463	0.5415	0.7481	52.3640	1636.8484
160700	0.2792	0.4451	0.5401	0.7473	52.3796	1636.4207
160800	0.2806	0.4467	0.5420	0.7493	52.3953	1635.9982
160900	0.2795	0.4461	0.5413	0.7478	52.4109	1635.5736
161000	0.2796	0.4462	0.5415	0.7476	52.4278	1635.1475
161100	0.2794	0.4462	0.5415	0.7485	52.4431	1634.7253
161200	0.2797	0.4464	0.5418	0.7491	52.4571	1634.3007
161300	0.2796	0.4465	0.5420	0.7486	52.4732	1633.8802
161400	0.2803	0.4467	0.5422	0.7492	52.4895	1633.4583
161500	0.2793	0.4461	0.5416	0.7485	52.5039	1633.0383
161600	0.2791	0.4457	0.5411	0.7483	52.5210	1632.6176
161700	0.2799	0.4461	0.5416	0.7487	52.5400	1632.1965
161800	0.2793	0.4455	0.5410	0.7483	52.5535	1631.7755
161900	0.2792	0.4457	0.5412	0.7482	52.5700	1631.3547
162000	0.2789	0.4451	0.5405	0.7482	52.5842	1630.9354
162100	0.2785	0.4454	0.5409	0.7481	52.6006	1630.5150
162200	0.2789	0.4459	0.5415	0.7492	52.6195	1630.0949
162300	0.2777	0.4449	0.5405	0.7478	52.6331	1629.6756
162400	0.2786	0.4455	0.5412	0.7482	52.6486	1629.2578
162500	0.2781	0.4455	0.5411	0.7480	52.6646	1628.8410
162600	0.2785	0.4457	0.5414	0.7489	52.6794	1628.4279
162700	0.2779	0.4453	0.5409	0.7482	52.6956	1628.0091
162800	0.2786	0.4462	0.5420	0.7486	52.7142	1627.5917
162900	0.2778	0.4453	0.5411	0.7484	52.7281	1627.1794
163000	0.2772	0.4448	0.5405	0.7475	52.7437	1626.7636
163100	0.2775	0.4450	0.5407	0.7482	52.7607	1626.3499
163200	0.2776	0.4452	0.5410	0.7483	52.7753	1625.9387
163300	0.2775	0.4453	0.5412	0.7493	52.7910	1625.5256
163400	0.2766	0.4448	0.5406	0.7487	52.8069	1625.1103
163500	0.2772	0.4448	0.5406	0.7481	52.8221	1624.6977
163600	0.2759	0.4442	0.5399	0.7476	52.8392	1624.2847
163700	0.2766	0.4445	0.5403	0.7479	52.8571	1623.8711
163800	0.2763	0.4446	0.5404	0.7485	52.8705	1623.4626
163900	0.2760	0.4447	0.5405	0.7476	52.8875	1623.0482
164000	0.2770	0.4451	0.5410	0.7491	52.9071	1622.6378
164100	0.2766	0.4450	0.5409	0.7487	52.9206	1622.2327
164200	0.2766	0.4447	0.5406	0.7487	52.9355	1621.8245
164300	0.2748	0.4431	0.5389	0.7467	52.9492	1621.4149
164400	0.2762	0.4444	0.5404	0.7484	52.9639	1621.0059
164500	0.2763	0.4445	0.5406	0.7483	52.9789	1620.5958
164600	0.2756	0.4442	0.5401	0.7484	52.9940	1620.1862
164700	0.2762	0.4450	0.5411	0.7498	53.0098	1619.7812
164800	0.2753	0.4438	0.5398	0.7480	53.0240	1619.3742
164900	0.2757	0.4440	0.5400	0.7484	53.0382	1618.9731
165000	0.2755	0.4446	0.5408	0.7487	53.0562	1618.5681
165100	0.2760	0.4448	0.5411	0.7492	53.0701	1618.1663
165200	0.2753	0.4441	0.5402	0.7486	53.0849	1617.7595
165300	0.2746	0.4440	0.5401	0.7474	53.0999	1617.3573
165400	0.2755	0.4445	0.5407	0.7495	53.1152	1616.9526
165500	0.2750	0.4438	0.5400	0.7490	53.1326	1616.5485
165600	0.2738	0.4428	0.5387	0.7476	53.1474	1616.1456
165700	0.2751	0.4444	0.5407	0.7493	53.1623	1615.7426
165800	0.2749	0.4439	0.5402	0.7485	53.1772	1615.3402
165900	0.2741	0.4433	0.5395	0.7481	53.1933	1614.9384
166000	0.2736	0.4431	0.5393	0.7480	53.2101	1614.5316
166100	0.2733	0.4433	0.5395	0.7476	53.2250	1614.1326
166200	0.2736	0.4426	0.5388	0.7474	53.2421	1613.7368
166300	0.2738	0.4431	0.5394	0.7476	53.2543	1613.3378
166400	0.2735	0.4433	0.5397	0.7483	53.2710	1612.9386
166500	0.2733	0.4430	0.5394	0.7479	53.2869	1612.5367
166600	0.2730	0.4427	0.5390	0.7477	53.3009	1612.1408
166700	0.2736	0.4434	0.5398	0.7486	53.3200	1611.7423
166800	0.2734	0.4436	0.5401	0.7484	53.3317	1611.3431
166900	0.2729	0.4428	0.5391	0.7480	53.3433	1610.9426
167000	0.2732	0.4428	0.5392	0.7486	53.3587	1610.5449
167100	0.2735	0.4436	0.5401	0.7493	53.3743	1610.1498
167200	0.2724	0.4425	0.5389	0.7479	53.3874	1609.7534
167300	0.2719	0.4421	0.5384	0.7475	53.4005	1609.3590
167400	0.2728	0.4425	0.5389	0.7481	53.4144	1608.9659
167500	0.2735	0.4434	0.5400	0.7489	53.4281	1608.5722
167600	0.2736	0.4435	0.5402	0.7495	53.4438	1608.1756
167700	0.2729	0.4438	0.5405	0.7489	53.4570	1607.7835
167800	0.2726	0.4434	0.5400	0.7493	53.4717	1607.3885
167900	0.2720	0.4428	0.5394	0.7479	53.4856	1606.9971
168000	0.2721	0.4429	0.5396	0.7487	53.5029	1606.6029
168100	0.2727	0.4430	0.5397	0.7491	53.5137	1606.2139
168200	0.2719	0.4430	0.5396	0.7483	53.5303	1605.8201
168300	0.2727	0.4432	0.5400	0.7496	53.5436	1605.4221
168400	0.2722	0.4434	0.5403	0.7496	53.5569	1605.0310
168500	0.2716	0.4424	0.5391	0.7483	53.5757	1604.6448
168600	0.2718	0.4432	0.5400	0.7494	53.5911	1604.2546
168700	0.2727	0.4433	0.5402	0.7498	53.6045	1603.8628
168800	0.2714	0.4428	0.5397	0.7491	53.6181	1603.4707
168900	0.2716	0.4431	0.5400	0.7494	53.6361	1603.0832
169000	0.2720	0.4432	0.5402	0.7498	53.6475	1602.6967
169100	0.2706	0.4424	0.5393	0.7486	53.6630	1602.3042
169200	0.2717	0.4425	0.5393	0.7499	53.6787	1601.9190
169300	0.2717	0.4426	0.5395	0.7498	53.6875	1601.5314
169400	0.2713	0.4425	0.5395	0.7493	53.7076	1601.1432
169500	0.2716	0.4430	0.5400	0.7502	53.7217	1600.7550
169600	0.2710	0.4426	0.5396	0.7493	53.7351	1600.3706
169700	0.2705	0.4422	0.5393	0.7490	53.7497	1599.9837
169800	0.2704	0.4426	0.5397	0.7489	53.7629	1599.5974
169900	0.2708	0.4428	0.5399	0.7497	53.7790	1599.2114
170000	0.2706	0.4423	0.5394	0.7487	53.7954	1598.8242
170100	0.2706	0.4425	0.5396	0.7492	53.8077	1598.4390
170200	0.2713	0.4432	0.5405	0.7500	53.8202	1598.0567
170300	0.2706	0.4422	0.5394	0.7496	53.8327	1597.6739
170400	0.2705	0.4428	0.5401	0.7501	53.8483	1597.2892
170500	0.2697	0.4422	0.5395	0.7497	53.8633	1596.9057
170600	0.2700	0.4426	0.5400	0.7494	53.8771	1596.5210
170700	0.2708	0.4427	0.5400	0.7500	53.8900	1596.1412
170800	0.2698	0.4422	0.5395	0.7498	53.9033	1595.7560
170900	0.2698	0.4417	0.5389	0.7497	53.9167	1595.3753
171000	0.2695	0.4417	0.5390	0.7490	53.9295	1594.9955
171100	0.2698	0.4417	0.5390	0.7500	53.9444	1594.6126
171200	0.2693	0.4420	0.5393	0.7491	53.9569	1594.2342
171300	0.2697	0.4423	0.5398	0.7501	53.9713	1593.8536
171400	0.2701	0.4432	0.5408	0.7507	53.9881	1593.4720
171500	0.2689	0.4420	0.5395	0.7498	54.0022	1593.0947
171600	0.2689	0.4420	0.5394	0.7495	54.0133	1592.7160
171700	0.2681	0.4415	0.5389	0.7485	54.0312	1592.3358
171800	0.2682	0.4415	0.5389	0.7487	54.0442	1591.9583
171900	0.2683	0.4412	0.5386	0.7488	54.0567	1591.5783
172000	0.2680	0.4410	0.5383	0.7485	54.0727	1591.2011
172100	0.2686	0.4422	0.5399	0.7502	54.0869	1590.8249
172200	0.2679	0.4411	0.5385	0.7486	54.0977	1590.4498
172300	0.2685	0.4418	0.5393	0.7500	54.1132	1590.0717
172400	0.2686	0.4414	0.5389	0.7497	54.1296	1589.6922
172500	0.2678	0.4410	0.5385	0.7492	54.1469	1589.3187
172600	0.2684	0.4414	0.5390	0.7499	54.1636	1588.9456
172700	0.2683	0.4417	0.5394	0.7496	54.1789	1588.5732
172800	0.2670	0.4413	0.5389	0.7489	54.1894	1588.1986
172900	0.2674	0.4412	0.5388	0.7488	54.2026	1587.8234
173000	0.2678	0.4416	0.5394	0.7499	54.2181	1587.4478
173100	0.2670	0.4415	0.5392	0.7495	54.2355	1587.0757
173200	0.2665	0.4411	0.5388	0.7486	54.2515	1586.7027
173300	0.2682	0.4418	0.5396	0.7503	54.2650	1586.3310
173400	0.2676	0.4413	0.5391	0.7499	54.2787	1585.9594
173500	0.2670	0.4413	0.5392	0.7500	54.2912	1585.5871
173600	0.2675	0.4421	0.5402	0.7504	54.3080	1585.2154
173700	0.2672	0.4415	0.5395	0.7505	54.3246	1584.8416
173800	0.2674	0.4417	0.5397	0.7507	54.3418	1584.4722
173900	0.2668	0.4415	0.5395	0.7504	54.3529	1584.1018
174000	0.2667	0.4410	0.5389	0.7498	54.3656	1583.7350
174100	0.2656	0.4401	0.5380	0.7486	54.3812	1583.3633
174200	0.2660	0.4411	0.5391	0.7496	54.3923	1582.9956
174300	0.2655	0.4405	0.5385	0.7486	54.4095	1582.6248
174400	0.2650	0.4398	0.5377	0.7484	54.4221	1582.2579
174500	0.2663	0.4412	0.5393	0.7499	54.4374	1581.8889
174600	0.2654	0.4405	0.5386	0.7495	54.4505	1581.5246
174700	0.2657	0.4407	0.5388	0.7497	54.4636	1581.1547
174800	0.2649	0.4402	0.5383	0.7492	54.4796	1580.7879
174900	0.2650	0.4406	0.5386	0.7489	54.4959	1580.4207
175000	0.2642	0.4398	0.5378	0.7482	54.5113	1580.0572
175100	0.2655	0.4407	0.5388	0.7501	54.5289	1579.6925
175200	0.2651	0.4403	0.5384	0.7493	54.5409	1579.3266
175300	0.2643	0.4399	0.5381	0.7493	54.5567	1578.9634
175400	0.2650	0.4406	0.5388	0.7499	54.5699	1578.5952
175500	0.2643	0.4400	0.5382	0.7491	54.5838	1578.2315
175600	0.2645	0.4398	0.5379	0.7493	54.6012	1577.8653
175700	0.2645	0.4397	0.5378	0.7490	54.6163	1577.5024
175800	0.2638	0.4399	0.5381	0.7492	54.6288	1577.1430
175900	0.2645	0.4398	0.5380	0.7489	54.6444	1576.7794
176000	0.2643	0.4398	0.5381	0.7498	54.6604	1576.4172
176100	0.2653	0.4405	0.5389	0.7503	54.6742	1576.0558
176200	0.2642	0.4401	0.5385	0.7498	54.6909	1575.6922
176300	0.2654	0.4410	0.5396	0.7508	54.7064	1575.3317
176400	0.2640	0.4400	0.5384	0.7491	54.7181	1574.9713
176500	0.2646	0.4399	0.5382	0.7496	54.7366	1574.6120
176600	0.2642	0.4402	0.5386	0.7498	54.7509	1574.2516
176700	0.2641	0.4402	0.5387	0.7497	54.7648	1573.8901
176800	0.2635	0.4397	0.5382	0.7492	54.7813	1573.5306
176900	0.2637	0.4399	0.5383	0.7490	54.7933	1573.1726
177000	0.2624	0.4393	0.5378	0.7484	54.8082	1572.8134
177100	0.2620	0.4383	0.5366	0.7476	54.8240	1572.4551
177200	0.2626	0.4394	0.5379	0.7483	54.8400	1572.0986
177300	0.2630	0.4395	0.5380	0.7491	54.8540	1571.7405
177400	0.2630	0.4396	0.5382	0.7492	54.8699	1571.3828
177500	0.2615	0.4382	0.5365	0.7482	54.8823	1571.0259
177600	0.2617	0.4387	0.5371	0.7479	54.8973	1570.6690
177700	0.2620	0.4389	0.5373	0.7481	54.9101	1570.3127
177800	0.2618	0.4383	0.5367	0.7482	54.9278	1569.9579
177900	0.2620	0.4387	0.5372	0.7484	54.9424	1569.6042
178000	0.2614	0.4383	0.5367	0.7474	54.9561	1569.2456
178100	0.2614	0.4385	0.5369	0.7477	54.9717	1568.8922
178200	0.2616	0.4389	0.5375	0.7483	54.9906	1568.5369
178300	0.2614	0.4385	0.5370	0.7481	55.0032	1568.1845
178400	0.2608	0.4379	0.5365	0.7478	55.0210	1567.8288
178500	0.2609	0.4382	0.5368	0.7475	55.0330	1567.4761
178600	0.2613	0.4386	0.5373	0.7476	55.0439	1567.1266
178700	0.2605	0.4382	0.5368	0.7473	55.0609	1566.7751
178800	0.2613	0.4390	0.5377	0.7487	55.0772	1566.4199
178900	0.2608	0.4381	0.5367	0.7477	55.0908	1566.0701
179000	0.2601	0.4380	0.5365	0.7470	55.1054	1565.7141
179100	0.2605	0.4381	0.5368	0.7482	55.1197	1565.3635
179200	0.2606	0.4387	0.5375	0.7481	55.1326	1565.0107
179300	0.2602	0.4381	0.5369	0.7478	55.1516	1564.6627
179400	0.2607	0.4384	0.5372	0.7483	55.1680	1564.3116
179500	0.2602	0.4383	0.5371	0.7478	55.1839	1563.9639
179600	0.2603	0.4379	0.5365	0.7478	55.2020	1563.6140
179700	0.2604	0.4384	0.5373	0.7482	55.2138	1563.2639
179800	0.2604	0.4385	0.5374	0.7478	55.2271	1562.9158
179900	0.2597	0.4385	0.5375	0.7480	55.2434	1562.5674
180000	0.2602	0.4388	0.5378	0.7486	55.2561	1562.2186
