MEAN: 20
100 -0.00015699468795 0.00352221830568 0.00701305627711 0.112366666667 [ 1660.68017578] 204734765.6
200 0.0103649739914 0.0441142780204 0.0789998739921 0.156633333333 [ 1942.41723633] 183479032.08
300 0.0569161274857 0.0937915336678 0.138154545245 0.228066666667 [ 2492.31274414] 173918753.707
400 0.180208697278 0.227954643995 0.276160033481 0.328916666667 [ 3529.27612305] 166715809.64
500 0.205674177498 0.275998313275 0.308727931873 0.36875 [ 4318.86425781] 160624207.776
600 0.237377772753 0.328158650185 0.347317407523 0.42975 [ 4834.99511719] 155912715.267
700 0.296326480492 0.404748335548 0.416235954319 0.474316666667 [ 5313.29199219] 151818778.286
800 0.294568926194 0.419234106881 0.421340817392 0.502483333333 [ 5681.203125] 148511427.95
900 0.306269727717 0.423782028081 0.433527628467 0.52745 [ 6078.74316406] 145687540.24
1000 0.335296635582 0.44569636912 0.469473716488 0.587016666667 [ 6713.98193359] 143191101.256
1100 0.341005364237 0.454783112562 0.488702064727 0.6151 [ 7093.18652344] 140783687.505
1200 0.336193111455 0.448493790498 0.487032758209 0.61345 [ 7324.34228516] 138719617.46
1300 0.334277272636 0.446515621659 0.494023005758 0.636666666667 [ 7768.85742188] 136822440.677
1400 0.348036039745 0.459770178297 0.514018528114 0.65425 [ 8044.23730469] 135124311.64
1500 0.348373548389 0.462565749505 0.521200239198 0.6731 [ 8326.70800781] 133594438.368
1600 0.346344853558 0.463464473436 0.526316194598 0.689233333333 [ 8514.8984375] 132164590.125
1700 0.336189632661 0.460088326051 0.52657759841 0.696166666667 [ 8833.3359375] 130855966.325
1800 0.32631451352 0.455108306628 0.524362352022 0.6975 [ 9059.63183594] 129658234.68
1900 0.314969922474 0.451868926852 0.523701931306 0.70355 [ 9305.29199219] 128530876.682
2000 0.312673867883 0.453611824021 0.529304061279 0.7115 [ 9449.49511719] 127484590.94
2100 0.302274565556 0.447576784492 0.525970406489 0.713683333333 [ 9771.78125] 126523563.41
2200 0.293684473712 0.446911524656 0.528075841423 0.71645 [ 10112.90625] 125594376.415
2300 0.28886952162 0.44787938948 0.532342141197 0.73075 [ 10357.7109375] 124714648.65
2400 0.283228369882 0.446698699993 0.534291920596 0.73955 [ 10595.12597656] 123878626.687
2500 0.276552531826 0.446021637119 0.535907493594 0.741216666667 [ 10891.42480469] 123048285.354
2600 0.272379022543 0.44384609956 0.535374667378 0.745933333333 [ 11063.6328125] 122297714.738
2700 0.271750476472 0.446114046121 0.539969681183 0.753766666667 [ 11229.33398438] 121581921.76
2800 0.268708971385 0.444234224442 0.539035158832 0.756516666667 [ 11377.45507812] 120916277.531
2900 0.263514162654 0.441889980884 0.537959693966 0.754033333333 [ 11596.078125] 120263268.822
3000 0.256337678704 0.436257292742 0.5330320905 0.747266666667 [ 11811.25390625] 119651134.291
3100 0.254691984687 0.434859626287 0.533094108401 0.752866666667 [ 11946.24511719] 119066096.052
3200 0.251910976407 0.432979174797 0.531806170831 0.7534 [ 12059.74316406] 118525685.075
3300 0.247471782664 0.431245196394 0.530170885962 0.751466666667 [ 12171.20507812] 117982096.962
3400 0.246331670126 0.433805841222 0.533585818871 0.7556 [ 12263.99707031] 117475654.965
3500 0.244781413782 0.434538955623 0.535322866873 0.760716666667 [ 12433.734375] 116992239.915
3600 0.240580466708 0.43284640132 0.533581089929 0.758066666667 [ 12513.10644531] 116523685.509
3700 0.237967726312 0.430816932252 0.532229483617 0.7586 [ 12587.90429688] 116075188.917
3800 0.23686356097 0.431710091912 0.533674144645 0.76165 [ 12654.67480469] 115660067.895
3900 0.234504628951 0.429867121095 0.532418492568 0.766016666667 [ 12728.82421875] 115254283.36
4000 0.229893314338 0.427272239723 0.531042089007 0.76805 [ 12858.25097656] 114872705.912
4100 0.22190171789 0.424857760885 0.529999568399 0.769383333333 [ 13065.07617188] 114481045.682
4200 0.221332527696 0.426430793173 0.532929006498 0.776666666667 [ 13224.55273438] 114110681.886
4300 0.217516430234 0.424434817924 0.5316066629 0.77525 [ 13417.81054688] 113750412.694
4400 0.216058556628 0.425417510568 0.533137406142 0.777716666667 [ 13565.078125] 113395676.376
4500 0.213895202493 0.423887793741 0.53220826762 0.7793 [ 13724.61523438] 113044441.692
4600 0.210493399283 0.422583944663 0.531498431975 0.781 [ 13823.20507812] 112723720.019
4700 0.208424095686 0.421274722499 0.530709589519 0.781666666667 [ 13955.06933594] 112400819.809
4800 0.208793584594 0.423187719789 0.533686786199 0.785316666667 [ 14006.91113281] 112105179.985
4900 0.20794233746 0.422235523766 0.533591259517 0.78935 [ 14151.29589844] 111806198.936
5000 0.206816103969 0.422474262511 0.534274599317 0.7925 [ 14237.87304688] 111505491.986
5100 0.206350951664 0.42212259356 0.534151274827 0.7944 [ 14260.84375] 111213543.065
5200 0.205255985924 0.42218900636 0.535026395729 0.797683333333 [ 14334.24023438] 110944275.955
5300 0.204134896604 0.421656402849 0.535105114121 0.797283333333 [ 14439.66503906] 110685461.386
5400 0.201633139238 0.419305882873 0.53291628933 0.793116666667 [ 14546.99707031] 110428177.523
5500 0.200428872257 0.418696721023 0.532977703079 0.794766666667 [ 14659.35058594] 110176885.996
5600 0.197272385824 0.41724136268 0.53192759306 0.798966666667 [ 14762.5390625] 109930335.414
5700 0.195429462184 0.416524909657 0.531669589273 0.8013 [ 14868.29394531] 109681814.682
5800 0.193944626408 0.416965446713 0.532736960591 0.802366666667 [ 14993.96972656] 109449651.759
5900 0.193871726588 0.41793534876 0.534467862149 0.803183333333 [ 15021.90136719] 109216698.898
6000 0.192917341901 0.41795534527 0.534678852039 0.803133333333 [ 15122.17480469] 108986962.149
