MEAN: 60
100 0.0 2.03483387183e-16 9.64925015005e-17 0.112366666667 [ 1790.42346191] 222725287.04
200 0.000339775168279 0.0143278254309 0.0274678432004 0.121666666667 [ 2093.19262695] 198010486.24
300 0.0505596317914 0.0725727420402 0.113045873176 0.209916666667 [ 2646.37939453] 187304153.493
400 0.05413461465 0.0715551362763 0.110150428338 0.209216666667 [ 2694.89233398] 181340898.44
500 0.0638541882005 0.0826925228735 0.127163980386 0.2084 [ 2750.90649414] 177797766.752
600 0.0669630641624 0.08906891239 0.137217092738 0.20795 [ 2792.71484375] 175324914.56
700 0.0711605981027 0.0956280859267 0.147305335491 0.207433333333 [ 2801.85058594] 173592181.006
800 0.0724497436795 0.108028334996 0.162644947716 0.2075 [ 2881.41699219] 172312174.34
900 0.175834589519 0.211579679691 0.286678776694 0.30155 [ 3279.61425781] 170985672.018
1000 0.173176960859 0.211880506081 0.28660721449 0.29845 [ 3300.73291016] 169654382.768
1100 0.171826466018 0.21056251453 0.284572646265 0.297983333333 [ 3321.43432617] 168568994.313
1200 0.166187666929 0.206939674575 0.277774572441 0.2943 [ 3379.69604492] 167707364.187
1300 0.169154488567 0.208247472744 0.262184684182 0.30955 [ 3779.0559082] 166915874.585
1400 0.186097700424 0.235606259404 0.278024141093 0.337233333333 [ 4209.09912109] 165988714.834
1500 0.25166844504 0.315442637124 0.355580961475 0.414483333333 [ 4616.87988281] 165012307.968
1600 0.285607880403 0.345827210686 0.390653357531 0.455316666667 [ 4653.54833984] 164023198.36
1700 0.307508700322 0.372284420427 0.40566876966 0.477433333333 [ 4999.86425781] 163132443.445
1800 0.340567482296 0.404934578157 0.441014917536 0.514883333333 [ 5123.30810547] 162252653.689
1900 0.339944340735 0.418051130197 0.444008005278 0.515216666667 [ 5417.68701172] 161417612.808
2000 0.333883583575 0.41861212424 0.444876420013 0.515933333333 [ 5552.85693359] 160571045.352
2100 0.35719655562 0.448075499512 0.461906449837 0.539016666667 [ 5789.41503906] 159800637.013
2200 0.371156111235 0.462941892021 0.476638205255 0.55455 [ 5804.54589844] 159038664.851
2300 0.358189018312 0.450823949971 0.465138565323 0.546833333333 [ 5830.24169922] 158355117.496
2400 0.364135269683 0.455623159555 0.469335171287 0.554116666667 [ 5837.93408203] 157740923.547
2500 0.3767259101 0.471626359828 0.475665251787 0.563033333333 [ 6059.94238281] 157153771.29
2600 0.352690638067 0.4713272102 0.472863178523 0.564383333333 [ 6123.59765625] 156559174.4
2700 0.342276515949 0.467192692391 0.469050066666 0.564133333333 [ 6079.70214844] 156030512.67
2800 0.356381007445 0.476712460382 0.477882956587 0.5751 [ 6100.87207031] 155496262.691
2900 0.362088335948 0.481834149628 0.489669499124 0.591666666667 [ 6347.16748047] 154989329.801
3000 0.358336956336 0.475086775368 0.485233364195 0.5897 [ 6453.16113281] 154488701.883
3100 0.351602009684 0.465058709424 0.481746009096 0.585766666667 [ 6664.01708984] 154016805.592
3200 0.347848279207 0.468866952418 0.485159505193 0.579633333333 [ 6687.71875] 153545013.37
3300 0.344316224426 0.472563540408 0.488700621117 0.582066666667 [ 6709.13476562] 153105759.188
3400 0.348206684772 0.475250324088 0.491539469973 0.5951 [ 6703.17529297] 152695135.536
3500 0.347556351531 0.476778965747 0.492570706245 0.59915 [ 6736.69335938] 152314557.099
3600 0.347485626484 0.477678979542 0.493487022974 0.6024 [ 6756.80908203] 151945304.836
3700 0.341657985749 0.469585919955 0.490652246924 0.597783333333 [ 6986.20605469] 151587181.905
3800 0.340507856785 0.472227373366 0.493281232516 0.600883333333 [ 7087.31103516] 151254816.783
3900 0.337730180314 0.466416288872 0.489922084736 0.602783333333 [ 7207.51953125] 150916612.047
4000 0.334916075426 0.462521977619 0.489982747267 0.601266666667 [ 7357.12744141] 150580680.352
4100 0.330962309022 0.454606880462 0.485288374325 0.605116666667 [ 7416.77587891] 150242002.156
4200 0.332819565317 0.456249601452 0.490065264182 0.608066666667 [ 7522.03076172] 149928730.381
4300 0.335358040865 0.46098175704 0.49560799925 0.616966666667 [ 7572.01416016] 149620780.11
4400 0.336594449534 0.465149912207 0.500434343603 0.620766666667 [ 7597.40966797] 149323118.222
4500 0.344522204057 0.471437373524 0.507514374801 0.6321 [ 7610.85595703] 149042186.404
4600 0.351783761615 0.476892391396 0.513680953358 0.643883333333 [ 7675.73925781] 148767767.703
4700 0.356044549339 0.481575272577 0.518717210941 0.64785 [ 7694.90917969] 148509433.45
4800 0.362645923549 0.481643891335 0.52121925593 0.648883333333 [ 7678.59277344] 148258806.52
4900 0.354901102274 0.476365141406 0.51919087903 0.648166666667 [ 7865.29150391] 148004386.416
5000 0.360805477132 0.48213191456 0.525519047799 0.65945 [ 7885.77490234] 147755158.723
5100 0.367017566386 0.48582693033 0.529551237216 0.671566666667 [ 7954.84082031] 147511689.925
5200 0.356299520068 0.471389055859 0.519068992499 0.66485 [ 8129.28222656] 147270224.397
5300 0.360161244668 0.473611609818 0.521688786433 0.67 [ 8152.65722656] 147039391.383
5400 0.353703487243 0.470217226185 0.518048110467 0.667583333333 [ 8189.47265625] 146821744.044
5500 0.355085766592 0.471112588775 0.519119170902 0.66835 [ 8222.82617188] 146608776.428
5600 0.359053910067 0.474471468333 0.522658918767 0.672233333333 [ 8212.56835938] 146396119.417
5700 0.357332958249 0.472855629527 0.522019451455 0.669783333333 [ 8236.52148438] 146186584.212
5800 0.351519517937 0.470002286018 0.521301776857 0.672233333333 [ 8363.73535156] 145981424.541
5900 0.356252741043 0.473140135363 0.525542601546 0.680633333333 [ 8404.046875] 145784170.715
6000 0.356964497267 0.472720752555 0.525367208937 0.685966666667 [ 8363.98535156] 145595178.88
