MEAN: 70
100 0.0 2.03483387183e-16 9.64925015005e-17 0.112366666667 [ 1814.65075684] 234085767.04
200 -4.34775155153e-05 0.000697306301462 0.00145739201317 0.112366666667 [ 2064.65258789] 208456076.56
300 -0.000172507333981 0.00639409813456 0.012572609893 0.112366666667 [ 2143.13427734] 199076128.747
400 0.0509126484747 0.0827197956559 0.132078437917 0.209933333333 [ 2691.17724609] 193586352.52
500 0.0498884281703 0.0671094503653 0.10345004337 0.209066666667 [ 2737.12426758] 189674001.504
600 0.0620966117082 0.0798971428217 0.122871842044 0.208533333333 [ 2806.49951172] 186966414.88
700 0.0715800750266 0.10907426871 0.158057991884 0.2247 [ 2990.03808594] 184993651.154
800 0.173732530127 0.211894682726 0.286646051199 0.296783333333 [ 3383.65356445] 183054206.3
900 0.227531029906 0.281585572289 0.353440433697 0.367816666667 [ 3877.25927734] 181409370.293
1000 0.262167422613 0.31346716704 0.393147011311 0.373983333333 [ 3901.32763672] 179800023.408
1100 0.26428746329 0.311643263426 0.390370596767 0.373233333333 [ 3891.23852539] 178449810.415
1200 0.259464108631 0.306273561748 0.383524117519 0.367466666667 [ 3908.99536133] 177327112.387
1300 0.254612682644 0.303098530269 0.379590277341 0.361233333333 [ 3906.41870117] 176350278.302
1400 0.251383570295 0.30086652396 0.376861869778 0.35975 [ 3934.67333984] 175575932.789
1500 0.258210087928 0.307343728851 0.384272082598 0.364816666667 [ 3942.53808594] 174907998.997
1600 0.257406290358 0.311476232639 0.36977231924 0.389 [ 4349.64550781] 174229230.16
1700 0.258009250083 0.314443253106 0.371225289628 0.392183333333 [ 4337.98779297] 173536985.609
1800 0.260474216966 0.315632486105 0.372209905913 0.393233333333 [ 4354.68896484] 172881156.56
1900 0.249235982412 0.3086564319 0.351104226716 0.384283333333 [ 4633.00683594] 172331997.457
2000 0.243238055659 0.305261607453 0.345347671433 0.379166666667 [ 4779.86767578] 171796309.288
2100 0.300890470053 0.368089693467 0.404068783166 0.450966666667 [ 5122.14941406] 171240329.31
2200 0.306843037964 0.379380085087 0.416704058178 0.456066666667 [ 5219.50976562] 170661158.356
2300 0.311750992278 0.388246193423 0.425756649068 0.464466666667 [ 5231.21728516] 170113964.417
2400 0.314442925699 0.390898131667 0.427896968714 0.471233333333 [ 5224.93603516] 169601650.447
2500 0.313912190762 0.391749216456 0.428724504269 0.467183333333 [ 5225.63574219] 169110625.664
2600 0.30997315831 0.38824432773 0.424980852916 0.46985 [ 5217.11035156] 168677491.772
2700 0.306181586837 0.384952568201 0.420993600951 0.465166666667 [ 5224.82666016] 168282589.316
2800 0.303858559103 0.38280429513 0.418824091021 0.467616666667 [ 5216.84619141] 167917495.12
2900 0.307983609778 0.389266199318 0.426532829915 0.476433333333 [ 5229.82666016] 167575765.931
3000 0.308114682682 0.389715031177 0.427119889646 0.484066666667 [ 5279.7890625] 167240134.699
3100 0.324510647346 0.404979632251 0.431618040006 0.50345 [ 5527.10107422] 166923626.034
3200 0.335242435133 0.414890634664 0.442091292919 0.522216666667 [ 5596.16455078] 166585860.905
3300 0.346237746216 0.424841821079 0.45107301022 0.5294 [ 5577.74511719] 166258443.966
3400 0.35299348151 0.429393707408 0.455496437065 0.535116666667 [ 5603.36035156] 165967291.412
3500 0.34868557861 0.428324089864 0.454233574863 0.531566666667 [ 5595.57568359] 165701245.536
3600 0.352414372531 0.431856886783 0.458346489881 0.5341 [ 5602.00732422] 165440771.969
3700 0.358989246358 0.436825211415 0.463473757556 0.538583333333 [ 5606.46679688] 165178707.408
3800 0.363826521165 0.440393837384 0.467064489438 0.54705 [ 5585.73583984] 164938311.364
3900 0.359019288304 0.436291373248 0.462713083034 0.543833333333 [ 5609.25048828] 164716626.663
4000 0.365289541688 0.442084888722 0.46902317303 0.550233333333 [ 5625.38769531] 164495749.496
4100 0.370784712808 0.444929401323 0.471557989404 0.5521 [ 5588.56591797] 164295325.783
4200 0.374856603855 0.449064847455 0.476048519726 0.559783333333 [ 5592.68359375] 164099010.107
4300 0.372669731119 0.44683619141 0.473388933835 0.557466666667 [ 5623.66796875] 163913075.606
4400 0.380272903844 0.457769046602 0.474343023305 0.56165 [ 5834.12695312] 163732412.564
4500 0.382221160998 0.459060487592 0.473621932016 0.572416666667 [ 5903.69287109] 163549163.996
4600 0.377308668715 0.459965345603 0.474589976666 0.568183333333 [ 6009.04736328] 163365462.017
4700 0.382743012016 0.47263702435 0.476830354266 0.563233333333 [ 6207.96826172] 163181139.67
4800 0.356176910097 0.468728905007 0.470459325145 0.557733333333 [ 6190.70898438] 162981112.777
4900 0.349249919996 0.468817074544 0.470461671175 0.550766666667 [ 6184.3046875] 162790973.035
5000 0.357823935534 0.47248373996 0.475246230275 0.5702 [ 6291.72851562] 162609501.594
5100 0.346262791138 0.466765146793 0.473497595733 0.574983333333 [ 6496.86328125] 162408043.335
5200 0.34881091766 0.471297167047 0.478127484426 0.57945 [ 6485.67773438] 162212648.049
5300 0.350040093667 0.474777410228 0.481884937558 0.585066666667 [ 6498.30322266] 162016649.697
5400 0.348784234901 0.478848899166 0.485481718457 0.587666666667 [ 6545.41552734] 161830660.498
5500 0.346352645073 0.477270326065 0.484384871065 0.584766666667 [ 6551.91162109] 161654684.34
5600 0.348026135775 0.4736618308 0.482659605859 0.588 [ 6569.77441406] 161480410.474
5700 0.350640620512 0.471633561027 0.486822445033 0.591316666667 [ 6746.10742188] 161308276.918
5800 0.363127108075 0.486420245858 0.502551730254 0.6134 [ 6766.05126953] 161136845.034
5900 0.361652951686 0.484951808988 0.500594907662 0.613066666667 [ 6779.47460938] 160967249.57
6000 0.355137203362 0.479145587687 0.494706364306 0.607883333333 [ 6832.11181641] 160802737.152
