DIM=128
100	0.0167	0.0446	0.0690	0.1715	10.0042	7311.4148
200	0.0001	0.0097	0.0185	0.1196	10.0090	7267.1975
300	-0.0000	0.0001	0.0002	0.1124	10.0142	7227.8309
400	0.0000	0.0000	0.0000	0.1124	10.0214	7176.7181
500	0.0000	0.0000	0.0000	0.1124	10.0303	7132.2096
600	0.0000	0.0000	0.0000	0.1124	10.0402	7079.3607
700	0.0000	0.0000	0.0000	0.1124	10.0511	7040.8214
800	0.0000	0.0000	0.0000	0.1124	10.0631	6993.5045
900	0.0000	0.0000	0.0000	0.1124	10.0763	6958.8795
1000	0.0000	0.0000	0.0000	0.1124	10.0906	6919.7209
1100	0.0000	0.0000	0.0000	0.1124	10.1059	6879.6739
1200	0.0000	0.0000	0.0000	0.1124	10.1223	6842.9024
1300	0.0000	0.0000	0.0000	0.1124	10.1397	6804.6436
1400	0.0000	0.0000	0.0000	0.1124	10.1581	6770.6772
1500	0.0000	0.0000	0.0000	0.1124	10.1775	6736.9148
1600	0.0000	0.0000	0.0000	0.1124	10.1979	6704.4854
1700	0.0000	0.0000	0.0000	0.1124	10.2193	6672.4928
1800	0.0000	0.0000	0.0000	0.1124	10.2416	6639.1714
1900	0.0000	0.0000	0.0000	0.1124	10.2649	6606.3056
2000	0.0000	0.0000	0.0000	0.1124	10.2891	6575.2693
2100	0.0000	0.0000	0.0000	0.1124	10.3142	6545.6642
2200	0.0000	0.0000	0.0000	0.1124	10.3401	6515.7134
2300	0.0000	0.0000	0.0000	0.1124	10.3671	6486.8093
2400	0.0000	0.0000	0.0000	0.1124	10.3948	6457.8968
2500	0.0000	0.0000	0.0000	0.1124	10.4234	6429.1169
2600	0.0000	0.0000	0.0000	0.1124	10.4528	6400.4764
2700	0.0000	0.0000	0.0000	0.1124	10.4831	6374.5222
2800	0.0000	0.0000	0.0000	0.1124	10.5141	6346.7229
2900	0.0000	0.0000	0.0000	0.1124	10.5460	6320.8465
3000	0.0000	0.0000	0.0000	0.1124	10.5786	6294.5891
3100	0.0000	0.0000	0.0000	0.1124	10.6121	6268.6187
3200	0.0000	0.0000	0.0000	0.1124	10.6463	6244.1110
3300	0.0000	0.0000	0.0000	0.1124	10.6811	6219.2688
3400	0.0000	0.0000	0.0000	0.1124	10.7168	6194.0435
3500	0.0000	0.0000	0.0000	0.1124	10.7530	6170.5360
3600	0.0000	0.0000	0.0000	0.1124	10.7902	6146.6185
3700	0.0000	0.0000	0.0000	0.1124	10.8279	6123.0256
3800	0.0000	0.0000	0.0000	0.1124	10.8662	6100.3454
3900	0.0000	0.0000	0.0000	0.1124	10.9053	6077.9769
4000	0.0000	0.0000	0.0000	0.1124	10.9448	6055.9865
4100	0.0000	0.0000	0.0000	0.1124	10.9850	6033.8610
4200	0.0000	0.0000	0.0000	0.1124	11.0250	6012.1436
4300	0.0000	0.0000	0.0000	0.1124	11.0660	5991.6244
4400	0.0000	0.0000	0.0000	0.1124	11.1081	5970.9217
4500	0.0000	0.0000	0.0000	0.1124	11.1503	5950.1067
4600	0.0000	0.0000	0.0000	0.1124	11.1937	5929.8924
4700	0.0000	0.0000	0.0000	0.1124	11.2378	5909.4963
4800	0.0000	0.0000	0.0000	0.1124	11.2817	5889.7364
4900	0.0000	0.0000	0.0000	0.1124	11.3259	5870.1357
5000	0.0000	0.0000	0.0000	0.1124	11.3707	5851.4009
5100	0.0000	0.0000	0.0000	0.1124	11.4155	5832.5978
5200	0.0000	0.0000	0.0000	0.1124	11.4616	5814.2531
5300	0.0000	0.0000	0.0000	0.1124	11.5077	5796.1778
5400	0.0000	0.0000	0.0000	0.1124	11.5548	5778.2229
5500	0.0000	0.0000	0.0000	0.1124	11.6016	5760.5399
5600	0.0000	0.0000	0.0000	0.1124	11.6489	5743.0301
5700	0.0000	0.0000	0.0000	0.1124	11.6971	5726.2734
5800	0.0000	0.0000	0.0000	0.1124	11.7456	5709.7415
5900	0.0000	0.0000	0.0000	0.1124	11.7942	5693.0088
6000	0.0000	0.0000	0.0000	0.1124	11.8426	5676.6231
6100	0.0000	0.0000	0.0000	0.1124	11.8916	5660.3202
6200	0.0000	0.0000	0.0000	0.1124	11.9414	5644.8283
6300	0.0000	0.0000	0.0000	0.1124	11.9914	5629.5244
6400	0.0000	0.0000	0.0000	0.1124	12.0414	5614.2372
6500	0.0000	0.0000	0.0000	0.1124	12.0916	5599.1261
6600	0.0000	0.0000	0.0000	0.1124	12.1420	5584.0839
6700	0.0000	0.0000	0.0000	0.1124	12.1915	5569.1869
6800	0.0000	0.0000	0.0000	0.1124	12.2420	5554.8808
6900	0.0000	0.0000	0.0000	0.1124	12.2930	5540.9332
7000	0.0000	0.0000	0.0000	0.1124	12.3437	5527.1710
7100	0.0000	0.0000	0.0000	0.1124	12.3940	5513.2765
7200	0.0000	0.0000	0.0000	0.1124	12.4448	5499.7899
7300	0.0000	0.0000	0.0000	0.1124	12.4958	5486.5165
7400	0.0000	0.0000	0.0000	0.1124	12.5467	5473.1729
7500	0.0000	0.0000	0.0000	0.1124	12.5974	5460.4615
7600	0.0000	0.0000	0.0000	0.1124	12.6485	5447.9432
7700	0.0000	0.0000	0.0000	0.1124	12.6992	5435.3351
7800	0.0000	0.0000	0.0000	0.1124	12.7495	5422.9829
7900	0.0000	0.0000	0.0000	0.1124	12.7990	5410.8043
8000	0.0000	0.0000	0.0000	0.1124	12.8479	5398.7472
8100	0.0000	0.0000	0.0000	0.1124	12.8976	5386.9107
8200	0.0000	0.0000	0.0000	0.1124	12.9463	5375.4387
8300	0.0000	0.0000	0.0000	0.1124	12.9946	5364.1068
8400	0.0000	0.0000	0.0000	0.1124	13.0432	5352.9428
8500	0.0000	0.0000	0.0000	0.1124	13.0909	5341.7120
8600	0.0000	0.0000	0.0000	0.1124	13.1383	5331.0153
8700	0.0000	0.0000	0.0000	0.1124	13.1849	5320.4597
8800	0.0000	0.0000	0.0000	0.1124	13.2306	5309.7289
8900	0.0000	0.0000	0.0000	0.1124	13.2760	5299.2674
9000	0.0000	0.0000	0.0000	0.1124	13.3202	5288.9757
9100	0.0000	0.0000	0.0000	0.1124	13.3628	5278.6497
9200	0.0000	0.0000	0.0000	0.1124	13.4055	5268.6698
9300	0.0000	0.0000	0.0000	0.1124	13.4467	5258.7360
9400	0.0000	0.0000	0.0000	0.1124	13.4868	5249.2352
9500	0.0000	0.0000	0.0000	0.1124	13.5257	5239.7268
9600	0.0000	0.0000	0.0000	0.1124	13.5638	5230.3949
9700	0.0000	0.0000	0.0000	0.1124	13.6009	5221.1163
9800	0.0000	0.0000	0.0000	0.1124	13.6347	5211.7649
9900	-0.0000	-0.0000	0.0000	0.1124	13.6684	5202.6590
10000	-0.0000	-0.0000	0.0000	0.1124	13.7022	5194.0031
10100	-0.0000	-0.0000	0.0000	0.1124	13.7337	5185.2875
10200	-0.0000	-0.0000	0.0000	0.1124	13.7636	5176.5514
10300	-0.0000	-0.0000	0.0000	0.1124	13.7919	5168.0962
10400	0.0000	0.0000	0.0000	0.1124	13.8193	5159.6072
10500	-0.0000	0.0000	0.0001	0.1124	13.8451	5151.3851
10600	-0.0000	-0.0000	0.0000	0.1124	13.8680	5143.1331
10700	0.0000	0.0000	0.0000	0.1124	13.8892	5135.0333
10800	-0.0000	0.0000	0.0001	0.1124	13.9082	5126.8559
10900	-0.0000	0.0000	0.0001	0.1124	13.9273	5119.0550
11000	-0.0000	0.0000	0.0001	0.1124	13.9436	5111.3174
11100	-0.0000	0.0000	0.0001	0.1124	13.9584	5103.6546
11200	-0.0000	0.0000	0.0001	0.1124	13.9704	5096.0323
11300	-0.0000	0.0000	0.0001	0.1124	13.9800	5088.3392
11400	-0.0000	0.0000	0.0001	0.1124	13.9904	5080.7682
11500	-0.0000	0.0000	0.0001	0.1124	13.9970	5073.3651
11600	-0.0000	0.0000	0.0002	0.1124	14.0015	5066.0471
11700	-0.0000	0.0001	0.0002	0.1124	14.0032	5058.8648
11800	-0.0000	0.0000	0.0001	0.1124	14.0069	5051.7779
11900	-0.0000	0.0000	0.0001	0.1124	14.0064	5044.7944
12000	-0.0000	0.0000	0.0001	0.1124	14.0056	5037.7872
12100	-0.0000	-0.0000	0.0000	0.1124	14.0037	5030.8777
12200	-0.0000	0.0000	0.0001	0.1124	13.9987	5024.1879
12300	-0.0000	0.0000	0.0001	0.1124	13.9931	5017.5064
12400	-0.0000	0.0000	0.0001	0.1124	13.9862	5010.6159
12500	-0.0000	-0.0000	0.0001	0.1124	13.9775	5003.9997
12600	-0.0000	-0.0000	0.0000	0.1124	13.9709	4997.4585
12700	-0.0000	-0.0000	0.0001	0.1124	13.9612	4991.0045
12800	-0.0000	0.0000	0.0001	0.1124	13.9513	4984.6599
12900	-0.0000	0.0000	0.0001	0.1124	13.9362	4978.0522
13000	-0.0000	-0.0000	0.0001	0.1124	13.9220	4971.7699
13100	-0.0000	-0.0000	0.0000	0.1124	13.9069	4965.3517
13200	-0.0000	-0.0000	0.0000	0.1124	13.8936	4959.4119
13300	-0.0000	0.0000	0.0001	0.1124	13.8793	4953.2731
13400	-0.0000	-0.0000	0.0001	0.1124	13.8638	4947.1716
13500	-0.0000	-0.0000	0.0001	0.1124	13.8456	4941.1227
13600	-0.0000	0.0000	0.0001	0.1124	13.8292	4935.0960
13700	-0.0000	-0.0000	0.0000	0.1124	13.8135	4929.1002
13800	-0.0000	-0.0000	0.0001	0.1124	13.7971	4923.3181
13900	-0.0000	-0.0000	0.0001	0.1124	13.7809	4917.3543
14000	0.0000	-0.0000	0.0001	0.1124	13.7643	4911.6382
14100	-0.0000	-0.0000	0.0000	0.1124	13.7430	4905.8448
14200	-0.0000	0.0000	0.0001	0.1124	13.7231	4900.1443
14300	-0.0000	-0.0000	0.0001	0.1124	13.7033	4894.5335
14400	-0.0000	0.0000	0.0001	0.1124	13.6862	4888.8851
14500	-0.0000	0.0000	0.0001	0.1124	13.6647	4883.4362
14600	-0.0000	0.0000	0.0001	0.1124	13.6475	4877.8592
14700	-0.0000	0.0000	0.0001	0.1124	13.6268	4872.4113
14800	-0.0000	0.0000	0.0002	0.1124	13.6061	4866.7378
14900	-0.0000	0.0000	0.0001	0.1124	13.5886	4861.2417
15000	-0.0000	0.0000	0.0001	0.1124	13.5739	4855.8595
15100	0.0000	0.0000	0.0001	0.1124	13.5563	4850.5434
15200	-0.0000	0.0000	0.0001	0.1124	13.5387	4845.1140
15300	-0.0000	0.0000	0.0001	0.1124	13.5219	4839.8802
15400	-0.0000	0.0000	0.0001	0.1124	13.5038	4834.5491
15500	-0.0000	0.0000	0.0002	0.1124	13.4869	4829.2582
15600	0.0000	0.0000	0.0002	0.1124	13.4701	4824.0404
15700	-0.0000	0.0000	0.0002	0.1124	13.4545	4818.8382
15800	-0.0000	0.0000	0.0002	0.1124	13.4358	4813.7526
15900	-0.0000	0.0000	0.0002	0.1124	13.4149	4808.5519
16000	-0.0000	0.0000	0.0002	0.1124	13.3972	4803.4273
16100	-0.0000	0.0001	0.0003	0.1125	13.3790	4798.3131
16200	-0.0000	0.0000	0.0002	0.1124	13.3600	4793.2380
16300	0.0000	0.0000	0.0002	0.1124	13.3431	4788.1139
16400	-0.0000	0.0000	0.0002	0.1125	13.3276	4783.1293
16500	0.0000	0.0000	0.0002	0.1124	13.3102	4778.2328
16600	-0.0000	0.0001	0.0003	0.1124	13.2945	4773.2470
16700	0.0000	0.0000	0.0002	0.1124	13.2783	4768.3069
16800	-0.0000	0.0001	0.0003	0.1125	13.2646	4763.3208
16900	-0.0000	0.0001	0.0003	0.1125	13.2488	4758.5749
17000	-0.0000	0.0001	0.0003	0.1125	13.2335	4753.6771
17100	0.0000	0.0001	0.0002	0.1125	13.2171	4748.7964
17200	0.0000	0.0001	0.0003	0.1125	13.2012	4743.8957
17300	-0.0000	0.0001	0.0004	0.1126	13.1862	4738.9768
17400	-0.0000	0.0001	0.0004	0.1125	13.1681	4734.1527
17500	-0.0000	0.0002	0.0005	0.1126	13.1505	4729.2257
17600	-0.0000	0.0001	0.0004	0.1126	13.1373	4724.5609
17700	0.0000	0.0002	0.0005	0.1127	13.1236	4719.7426
17800	-0.0000	0.0002	0.0006	0.1128	13.1092	4715.0546
17900	-0.0000	0.0003	0.0007	0.1128	13.0962	4710.3970
18000	-0.0000	0.0003	0.0007	0.1128	13.0838	4705.6608
18100	-0.0000	0.0002	0.0006	0.1127	13.0741	4701.0625
18200	-0.0000	0.0002	0.0006	0.1127	13.0615	4696.3724
18300	-0.0000	0.0002	0.0006	0.1128	13.0494	4691.7056
18400	-0.0000	0.0003	0.0007	0.1129	13.0362	4686.9153
18500	-0.0000	0.0003	0.0007	0.1128	13.0251	4682.3621
18600	-0.0000	0.0003	0.0008	0.1129	13.0123	4677.7718
18700	-0.0000	0.0003	0.0007	0.1129	13.0004	4673.1436
18800	-0.0000	0.0004	0.0010	0.1130	12.9879	4668.5700
18900	-0.0000	0.0005	0.0011	0.1131	12.9736	4664.0626
19000	-0.0000	0.0005	0.0010	0.1131	12.9627	4659.5065
19100	-0.0000	0.0005	0.0011	0.1131	12.9518	4655.0013
19200	-0.0000	0.0006	0.0012	0.1132	12.9424	4650.4208
19300	-0.0000	0.0006	0.0013	0.1133	12.9315	4645.8708
19400	-0.0000	0.0007	0.0016	0.1134	12.9232	4641.2927
19500	-0.0000	0.0008	0.0018	0.1136	12.9155	4636.9274
19600	-0.0000	0.0009	0.0018	0.1137	12.9058	4632.4753
19700	-0.0000	0.0010	0.0020	0.1139	12.8956	4627.9727
19800	0.0000	0.0012	0.0024	0.1140	12.8876	4623.5476
19900	0.0000	0.0010	0.0020	0.1138	12.8816	4619.1239
20000	0.0000	0.0009	0.0019	0.1136	12.8740	4614.6787
20100	0.0000	0.0012	0.0024	0.1140	12.8725	4610.3363
20200	0.0000	0.0013	0.0027	0.1142	12.8653	4605.8499
20300	0.0000	0.0015	0.0031	0.1145	12.8629	4601.4894
20400	0.0000	0.0017	0.0035	0.1147	12.8593	4597.1276
20500	0.0000	0.0019	0.0038	0.1148	12.8548	4592.7223
20600	0.0001	0.0024	0.0047	0.1152	12.8546	4588.3876
20700	0.0001	0.0026	0.0051	0.1158	12.8562	4584.0728
20800	0.0001	0.0028	0.0056	0.1159	12.8609	4579.7177
20900	0.0001	0.0036	0.0070	0.1164	12.8672	4575.4511
21000	0.0002	0.0042	0.0083	0.1172	12.8762	4571.1200
21100	0.0003	0.0050	0.0097	0.1179	12.8903	4566.8127
21200	0.0004	0.0061	0.0118	0.1195	12.9032	4562.4895
21300	0.0006	0.0074	0.0141	0.1210	12.9236	4558.2170
21400	0.0008	0.0085	0.0160	0.1224	12.9407	4553.9423
21500	0.0011	0.0100	0.0187	0.1241	12.9639	4549.6947
21600	0.0016	0.0122	0.0225	0.1268	12.9941	4545.4963
21700	0.0019	0.0138	0.0251	0.1285	13.0237	4541.3246
21800	0.0030	0.0169	0.0303	0.1316	13.0543	4537.0823
21900	0.0039	0.0190	0.0337	0.1337	13.0879	4532.8913
22000	0.0049	0.0215	0.0377	0.1360	13.1242	4528.6690
22100	0.0060	0.0241	0.0419	0.1399	13.1584	4524.4711
22200	0.0072	0.0260	0.0448	0.1431	13.1977	4520.2465
22300	0.0085	0.0277	0.0474	0.1467	13.2390	4516.0690
22400	0.0089	0.0285	0.0486	0.1474	13.2753	4511.9193
22500	0.0102	0.0300	0.0507	0.1506	13.3144	4507.7296
22600	0.0125	0.0325	0.0544	0.1558	13.3503	4503.5087
22700	0.0147	0.0360	0.0600	0.1598	13.3895	4499.4523
22800	0.0157	0.0369	0.0611	0.1613	13.4250	4495.3355
22900	0.0177	0.0390	0.0642	0.1656	13.4613	4491.1727
23000	0.0198	0.0407	0.0666	0.1689	13.4987	4487.0467
23100	0.0200	0.0402	0.0657	0.1694	13.5338	4482.9403
23200	0.0227	0.0429	0.0695	0.1735	13.5706	4478.8267
23300	0.0225	0.0433	0.0703	0.1725	13.6043	4474.8075
23400	0.0236	0.0441	0.0714	0.1741	13.6363	4470.7450
23500	0.0250	0.0444	0.0716	0.1765	13.6694	4466.6243
23600	0.0261	0.0455	0.0731	0.1779	13.7027	4462.5802
23700	0.0275	0.0468	0.0750	0.1800	13.7329	4458.5534
23800	0.0279	0.0475	0.0763	0.1806	13.7635	4454.5752
23900	0.0293	0.0479	0.0764	0.1829	13.7935	4450.4958
24000	0.0298	0.0485	0.0773	0.1833	13.8223	4446.4741
24100	0.0304	0.0489	0.0779	0.1844	13.8524	4442.4721
24200	0.0321	0.0499	0.0792	0.1868	13.8808	4438.4129
24300	0.0330	0.0503	0.0796	0.1878	13.9122	4434.5188
24400	0.0337	0.0510	0.0806	0.1887	13.9400	4430.4709
24500	0.0346	0.0520	0.0821	0.1900	13.9688	4426.5607
24600	0.0356	0.0536	0.0846	0.1902	13.9944	4422.5073
24700	0.0367	0.0542	0.0854	0.1919	14.0201	4418.5870
24800	0.0368	0.0537	0.0845	0.1921	14.0455	4414.6620
24900	0.0377	0.0541	0.0849	0.1934	14.0696	4410.6287
25000	0.0373	0.0535	0.0839	0.1930	14.0944	4406.7094
25100	0.0386	0.0550	0.0862	0.1945	14.1184	4402.7787
25200	0.0391	0.0549	0.0859	0.1950	14.1398	4398.8438
25300	0.0402	0.0563	0.0880	0.1964	14.1634	4394.9415
25400	0.0403	0.0564	0.0881	0.1967	14.1847	4391.0160
25500	0.0407	0.0560	0.0874	0.1972	14.2040	4387.1332
25600	0.0403	0.0559	0.0873	0.1974	14.2246	4383.2933
25700	0.0411	0.0564	0.0878	0.1988	14.2430	4379.4251
25800	0.0418	0.0574	0.0894	0.1992	14.2598	4375.4766
25900	0.0420	0.0573	0.0892	0.1993	14.2776	4371.6865
26000	0.0422	0.0577	0.0897	0.1995	14.2929	4367.8051
26100	0.0422	0.0577	0.0897	0.1998	14.3093	4363.9109
26200	0.0433	0.0584	0.0907	0.2011	14.3225	4360.0477
26300	0.0438	0.0590	0.0914	0.2019	14.3377	4356.1746
26400	0.0429	0.0576	0.0893	0.2005	14.3506	4352.4140
26500	0.0434	0.0581	0.0900	0.2016	14.3632	4348.6081
26600	0.0451	0.0603	0.0934	0.2026	14.3757	4344.7891
26700	0.0443	0.0592	0.0917	0.2025	14.3885	4340.9958
26800	0.0445	0.0596	0.0922	0.2030	14.3980	4337.2204
26900	0.0448	0.0600	0.0929	0.2034	14.4075	4333.4346
27000	0.0448	0.0598	0.0925	0.2033	14.4160	4329.6434
27100	0.0447	0.0597	0.0923	0.2036	14.4244	4325.9147
27200	0.0454	0.0604	0.0933	0.2042	14.4319	4322.1659
27300	0.0452	0.0602	0.0929	0.2042	14.4374	4318.4332
27400	0.0457	0.0606	0.0935	0.2047	14.4398	4314.6627
27500	0.0460	0.0610	0.0941	0.2047	14.4446	4310.9024
27600	0.0457	0.0605	0.0933	0.2045	14.4488	4307.1636
27700	0.0458	0.0607	0.0937	0.2049	14.4510	4303.4684
27800	0.0460	0.0608	0.0936	0.2050	14.4551	4299.7865
27900	0.0460	0.0605	0.0932	0.2049	14.4600	4296.0302
28000	0.0463	0.0608	0.0936	0.2052	14.4624	4292.3528
28100	0.0464	0.0612	0.0942	0.2054	14.4635	4288.6413
28200	0.0465	0.0612	0.0942	0.2054	14.4644	4284.9669
28300	0.0465	0.0612	0.0941	0.2057	14.4637	4281.3497
28400	0.0470	0.0617	0.0948	0.2059	14.4660	4277.6625
28500	0.0469	0.0617	0.0948	0.2060	14.4652	4274.0104
28600	0.0468	0.0616	0.0946	0.2059	14.4658	4270.3719
28700	0.0472	0.0620	0.0951	0.2064	14.4638	4266.7355
28800	0.0472	0.0619	0.0949	0.2062	14.4624	4263.0447
28900	0.0474	0.0622	0.0955	0.2064	14.4622	4259.3958
29000	0.0479	0.0628	0.0963	0.2067	14.4622	4255.7945
29100	0.0479	0.0630	0.0965	0.2067	14.4596	4252.2348
29200	0.0477	0.0626	0.0958	0.2066	14.4573	4248.6054
29300	0.0481	0.0631	0.0965	0.2070	14.4540	4244.9810
29400	0.0480	0.0630	0.0963	0.2066	14.4526	4241.4001
29500	0.0482	0.0632	0.0965	0.2069	14.4542	4237.8341
29600	0.0485	0.0636	0.0972	0.2071	14.4538	4234.2425
29700	0.0483	0.0634	0.0967	0.2069	14.4549	4230.7112
29800	0.0484	0.0635	0.0969	0.2070	14.4526	4227.1444
29900	0.0494	0.0648	0.0988	0.2076	14.4535	4223.5622
30000	0.0492	0.0649	0.0987	0.2079	14.4579	4220.0268
30100	0.0490	0.0647	0.0983	0.2077	14.4584	4216.4717
30200	0.0499	0.0658	0.0998	0.2082	14.4628	4213.0227
30300	0.0498	0.0659	0.0999	0.2085	14.4692	4209.4667
30400	0.0504	0.0667	0.1009	0.2088	14.4776	4205.9087
30500	0.0504	0.0671	0.1012	0.2095	14.4872	4202.4151
30600	0.0509	0.0682	0.1025	0.2103	14.4964	4198.9207
30700	0.0514	0.0695	0.1041	0.2125	14.5090	4195.4190
30800	0.0515	0.0696	0.1042	0.2123	14.5201	4191.9457
30900	0.0521	0.0712	0.1059	0.2139	14.5366	4188.4610
31000	0.0538	0.0742	0.1097	0.2172	14.5540	4184.9665
31100	0.0544	0.0752	0.1110	0.2181	14.5752	4181.5112
31200	0.0552	0.0770	0.1132	0.2203	14.5986	4178.0782
31300	0.0565	0.0794	0.1162	0.2223	14.6213	4174.6260
31400	0.0579	0.0814	0.1183	0.2248	14.6454	4171.2269
31500	0.0593	0.0841	0.1217	0.2280	14.6735	4167.7758
31600	0.0616	0.0877	0.1262	0.2317	14.7021	4164.3781
31700	0.0622	0.0886	0.1272	0.2323	14.7283	4160.9351
31800	0.0647	0.0923	0.1317	0.2354	14.7574	4157.4853
31900	0.0673	0.0958	0.1360	0.2372	14.7855	4153.9842
32000	0.0705	0.1001	0.1416	0.2404	14.8138	4150.6487
32100	0.0721	0.1022	0.1441	0.2411	14.8433	4147.2539
32200	0.0734	0.1035	0.1456	0.2415	14.8726	4143.9075
32300	0.0755	0.1063	0.1491	0.2432	14.9004	4140.5164
32400	0.0782	0.1098	0.1536	0.2454	14.9335	4137.1391
32500	0.0797	0.1114	0.1555	0.2467	14.9647	4133.7886
32600	0.0816	0.1136	0.1582	0.2477	14.9936	4130.4173
32700	0.0841	0.1173	0.1630	0.2491	15.0217	4127.0720
32800	0.0860	0.1196	0.1660	0.2503	15.0499	4123.7323
32900	0.0870	0.1201	0.1664	0.2505	15.0768	4120.3897
33000	0.0893	0.1225	0.1694	0.2510	15.1011	4117.0469
33100	0.0896	0.1226	0.1694	0.2510	15.1266	4113.6886
33200	0.0925	0.1262	0.1740	0.2524	15.1540	4110.4057
33300	0.0924	0.1260	0.1737	0.2526	15.1808	4107.0947
33400	0.0941	0.1282	0.1766	0.2530	15.2054	4103.8218
33500	0.0953	0.1296	0.1784	0.2526	15.2274	4100.4912
33600	0.0975	0.1317	0.1810	0.2533	15.2493	4097.1935
33700	0.0987	0.1330	0.1827	0.2548	15.2710	4093.8792
33800	0.1012	0.1351	0.1853	0.2546	15.2969	4090.5992
33900	0.1011	0.1358	0.1863	0.2552	15.3193	4087.3144
34000	0.1027	0.1374	0.1885	0.2559	15.3422	4084.0884
34100	0.1024	0.1367	0.1873	0.2554	15.3640	4080.8540
34200	0.1063	0.1404	0.1921	0.2564	15.3814	4077.5741
34300	0.1066	0.1408	0.1928	0.2566	15.3997	4074.3207
34400	0.1067	0.1409	0.1929	0.2558	15.4159	4071.0412
34500	0.1092	0.1425	0.1948	0.2563	15.4345	4067.7817
34600	0.1110	0.1447	0.1977	0.2566	15.4519	4064.5609
34700	0.1122	0.1460	0.1993	0.2572	15.4717	4061.4013
34800	0.1136	0.1472	0.2009	0.2570	15.4875	4058.1893
34900	0.1167	0.1500	0.2046	0.2586	15.5044	4054.9764
35000	0.1151	0.1488	0.2031	0.2580	15.5202	4051.7785
35100	0.1176	0.1511	0.2060	0.2584	15.5333	4048.6095
35200	0.1169	0.1503	0.2051	0.2581	15.5480	4045.4206
35300	0.1187	0.1520	0.2072	0.2580	15.5623	4042.2225
35400	0.1200	0.1534	0.2091	0.2592	15.5749	4039.0421
35500	0.1210	0.1544	0.2103	0.2599	15.5860	4035.8949
35600	0.1218	0.1554	0.2117	0.2604	15.5966	4032.7188
35700	0.1239	0.1569	0.2136	0.2612	15.6086	4029.5655
35800	0.1231	0.1569	0.2138	0.2620	15.6168	4026.4313
35900	0.1245	0.1577	0.2146	0.2623	15.6289	4023.2743
36000	0.1261	0.1596	0.2172	0.2634	15.6365	4020.1264
36100	0.1261	0.1601	0.2179	0.2631	15.6445	4017.0151
36200	0.1271	0.1609	0.2190	0.2636	15.6500	4013.8642
36300	0.1287	0.1622	0.2207	0.2646	15.6573	4010.7340
36400	0.1296	0.1631	0.2219	0.2652	15.6601	4007.6026
36500	0.1309	0.1646	0.2238	0.2654	15.6639	4004.5207
36600	0.1300	0.1641	0.2233	0.2658	15.6715	4001.4341
36700	0.1319	0.1653	0.2248	0.2668	15.6755	3998.3421
36800	0.1339	0.1680	0.2284	0.2690	15.6785	3995.2562
36900	0.1349	0.1691	0.2299	0.2701	15.6819	3992.1841
37000	0.1351	0.1691	0.2298	0.2707	15.6837	3989.1033
37100	0.1357	0.1698	0.2309	0.2712	15.6866	3986.0236
37200	0.1369	0.1703	0.2314	0.2717	15.6905	3982.9597
37300	0.1370	0.1713	0.2329	0.2726	15.6920	3979.9100
37400	0.1381	0.1717	0.2333	0.2734	15.6942	3976.8446
37500	0.1397	0.1743	0.2369	0.2747	15.6949	3973.7791
37600	0.1397	0.1744	0.2369	0.2751	15.6948	3970.7233
37700	0.1402	0.1751	0.2378	0.2761	15.6944	3967.7278
37800	0.1402	0.1750	0.2377	0.2762	15.6947	3964.7100
37900	0.1409	0.1759	0.2389	0.2764	15.6926	3961.6964
38000	0.1409	0.1764	0.2398	0.2769	15.6907	3958.6773
38100	0.1409	0.1762	0.2395	0.2769	15.6891	3955.6337
38200	0.1404	0.1761	0.2393	0.2774	15.6855	3952.6255
38300	0.1423	0.1777	0.2414	0.2777	15.6817	3949.6966
38400	0.1412	0.1769	0.2405	0.2787	15.6778	3946.6784
38500	0.1424	0.1779	0.2416	0.2788	15.6733	3943.6835
38600	0.1424	0.1781	0.2420	0.2796	15.6693	3940.7146
38700	0.1411	0.1765	0.2397	0.2788	15.6665	3937.7505
38800	0.1428	0.1788	0.2428	0.2801	15.6641	3934.7540
38900	0.1427	0.1779	0.2416	0.2798	15.6611	3931.8151
39000	0.1430	0.1784	0.2423	0.2798	15.6564	3928.8586
39100	0.1432	0.1782	0.2420	0.2802	15.6501	3925.8736
39200	0.1437	0.1788	0.2427	0.2803	15.6465	3922.9705
39300	0.1428	0.1783	0.2420	0.2803	15.6430	3920.0402
39400	0.1438	0.1793	0.2433	0.2813	15.6373	3917.0867
39500	0.1438	0.1791	0.2431	0.2812	15.6301	3914.1577
39600	0.1445	0.1802	0.2445	0.2819	15.6268	3911.2512
39700	0.1448	0.1812	0.2459	0.2825	15.6234	3908.3184
39800	0.1444	0.1806	0.2450	0.2823	15.6196	3905.4104
39900	0.1456	0.1814	0.2460	0.2832	15.6160	3902.5241
40000	0.1448	0.1811	0.2456	0.2826	15.6119	3899.6279
40100	0.1444	0.1804	0.2447	0.2827	15.6070	3896.7403
40200	0.1458	0.1823	0.2473	0.2842	15.6020	3893.8471
40300	0.1459	0.1819	0.2466	0.2838	15.5994	3890.9489
40400	0.1458	0.1815	0.2461	0.2838	15.5939	3888.0740
40500	0.1457	0.1814	0.2458	0.2841	15.5887	3885.2047
40600	0.1457	0.1814	0.2458	0.2839	15.5841	3882.3345
40700	0.1464	0.1823	0.2470	0.2848	15.5793	3879.4752
40800	0.1461	0.1820	0.2466	0.2847	15.5758	3876.6438
40900	0.1466	0.1826	0.2474	0.2847	15.5728	3873.7860
41000	0.1466	0.1830	0.2480	0.2852	15.5669	3870.9714
41100	0.1474	0.1837	0.2489	0.2853	15.5618	3868.1442
41200	0.1470	0.1834	0.2485	0.2855	15.5575	3865.3297
41300	0.1475	0.1836	0.2486	0.2859	15.5538	3862.4822
41400	0.1466	0.1834	0.2483	0.2859	15.5498	3859.6380
41500	0.1467	0.1836	0.2486	0.2860	15.5478	3856.8460
41600	0.1462	0.1825	0.2468	0.2861	15.5454	3854.0540
41700	0.1469	0.1834	0.2482	0.2863	15.5419	3851.2247
41800	0.1466	0.1834	0.2481	0.2867	15.5404	3848.4161
41900	0.1462	0.1828	0.2471	0.2861	15.5359	3845.6141
42000	0.1466	0.1832	0.2477	0.2864	15.5330	3842.8258
42100	0.1471	0.1841	0.2486	0.2872	15.5325	3840.0542
42200	0.1469	0.1837	0.2480	0.2871	15.5304	3837.2843
42300	0.1469	0.1834	0.2473	0.2872	15.5298	3834.4943
42400	0.1467	0.1837	0.2478	0.2879	15.5274	3831.7380
42500	0.1471	0.1838	0.2477	0.2879	15.5255	3828.9899
42600	0.1470	0.1845	0.2487	0.2885	15.5245	3826.2076
42700	0.1460	0.1838	0.2475	0.2887	15.5268	3823.4683
42800	0.1471	0.1846	0.2482	0.2896	15.5269	3820.7018
42900	0.1475	0.1855	0.2493	0.2899	15.5267	3817.9630
43000	0.1464	0.1843	0.2475	0.2897	15.5307	3815.2342
43100	0.1479	0.1854	0.2486	0.2902	15.5348	3812.5182
43200	0.1482	0.1865	0.2497	0.2913	15.5368	3809.7832
43300	0.1484	0.1866	0.2495	0.2917	15.5425	3807.0717
43400	0.1473	0.1860	0.2487	0.2905	15.5478	3804.3484
43500	0.1485	0.1870	0.2491	0.2921	15.5555	3801.6619
43600	0.1487	0.1879	0.2500	0.2930	15.5641	3798.9475
43700	0.1477	0.1871	0.2485	0.2930	15.5730	3796.2375
43800	0.1480	0.1877	0.2483	0.2947	15.5824	3793.5393
43900	0.1498	0.1900	0.2512	0.2955	15.5920	3790.8444
44000	0.1505	0.1911	0.2522	0.2967	15.6060	3788.1394
44100	0.1510	0.1924	0.2533	0.2977	15.6199	3785.4751
44200	0.1504	0.1919	0.2520	0.2989	15.6347	3782.7973
44300	0.1510	0.1921	0.2518	0.2990	15.6497	3780.1413
44400	0.1515	0.1937	0.2531	0.3003	15.6667	3777.4838
44500	0.1531	0.1961	0.2555	0.3026	15.6841	3774.8189
44600	0.1547	0.1979	0.2573	0.3045	15.7002	3772.1748
44700	0.1546	0.1986	0.2575	0.3056	15.7191	3769.5304
44800	0.1549	0.1996	0.2582	0.3075	15.7400	3766.8934
44900	0.1565	0.2008	0.2590	0.3083	15.7587	3764.2449
45000	0.1579	0.2020	0.2604	0.3094	15.7788	3761.6075
45100	0.1589	0.2040	0.2624	0.3115	15.7974	3758.9438
45200	0.1598	0.2047	0.2626	0.3129	15.8177	3756.3177
45300	0.1611	0.2068	0.2649	0.3156	15.8394	3753.6916
45400	0.1623	0.2077	0.2656	0.3171	15.8605	3751.0942
45500	0.1641	0.2089	0.2670	0.3185	15.8802	3748.4845
45600	0.1657	0.2111	0.2691	0.3229	15.9031	3745.9019
45700	0.1652	0.2105	0.2683	0.3221	15.9231	3743.2861
45800	0.1672	0.2125	0.2705	0.3246	15.9436	3740.7069
45900	0.1666	0.2127	0.2706	0.3259	15.9617	3738.1079
46000	0.1695	0.2150	0.2731	0.3271	15.9819	3735.4777
46100	0.1695	0.2156	0.2739	0.3286	16.0021	3732.9246
46200	0.1716	0.2173	0.2755	0.3309	16.0229	3730.3681
46300	0.1727	0.2184	0.2768	0.3312	16.0437	3727.8022
46400	0.1746	0.2197	0.2781	0.3331	16.0633	3725.2118
46500	0.1766	0.2216	0.2800	0.3353	16.0827	3722.6756
46600	0.1773	0.2219	0.2802	0.3358	16.1036	3720.1027
46700	0.1778	0.2229	0.2814	0.3373	16.1226	3717.5530
46800	0.1786	0.2242	0.2830	0.3375	16.1396	3715.0006
46900	0.1808	0.2260	0.2851	0.3388	16.1591	3712.4684
47000	0.1820	0.2263	0.2852	0.3408	16.1762	3709.9103
47100	0.1804	0.2258	0.2848	0.3398	16.1919	3707.3693
47200	0.1831	0.2280	0.2872	0.3412	16.2089	3704.8446
47300	0.1832	0.2287	0.2881	0.3420	16.2272	3702.3093
47400	0.1843	0.2287	0.2879	0.3424	16.2420	3699.8066
47500	0.1852	0.2291	0.2882	0.3441	16.2574	3697.2936
47600	0.1861	0.2300	0.2892	0.3438	16.2731	3694.7480
47700	0.1887	0.2320	0.2915	0.3454	16.2866	3692.2297
47800	0.1881	0.2319	0.2914	0.3457	16.3031	3689.7384
47900	0.1884	0.2326	0.2923	0.3464	16.3165	3687.2608
48000	0.1889	0.2334	0.2933	0.3476	16.3301	3684.7708
48100	0.1901	0.2343	0.2943	0.3476	16.3448	3682.2765
48200	0.1908	0.2348	0.2948	0.3478	16.3591	3679.7807
48300	0.1925	0.2362	0.2965	0.3493	16.3741	3677.2943
48400	0.1930	0.2373	0.2979	0.3496	16.3866	3674.8372
48500	0.1940	0.2377	0.2983	0.3503	16.4005	3672.3570
48600	0.1946	0.2384	0.2991	0.3500	16.4114	3669.8920
48700	0.1952	0.2389	0.2997	0.3508	16.4219	3667.4524
48800	0.1967	0.2405	0.3015	0.3519	16.4343	3664.9927
48900	0.1967	0.2410	0.3022	0.3513	16.4460	3662.5527
49000	0.1970	0.2408	0.3019	0.3514	16.4566	3660.0874
49100	0.1989	0.2424	0.3037	0.3522	16.4673	3657.6216
49200	0.1974	0.2421	0.3034	0.3514	16.4775	3655.1728
49300	0.1986	0.2429	0.3044	0.3522	16.4879	3652.7383
49400	0.1997	0.2444	0.3063	0.3522	16.4972	3650.3180
49500	0.1991	0.2437	0.3054	0.3525	16.5046	3647.8753
49600	0.2006	0.2453	0.3073	0.3527	16.5135	3645.4549
49700	0.2012	0.2456	0.3076	0.3533	16.5224	3643.0148
49800	0.2008	0.2459	0.3080	0.3537	16.5309	3640.6136
49900	0.2024	0.2472	0.3095	0.3536	16.5370	3638.2054
50000	0.2013	0.2470	0.3094	0.3530	16.5431	3635.8080
50100	0.2032	0.2485	0.3112	0.3541	16.5522	3633.3901
50200	0.2049	0.2496	0.3126	0.3555	16.5600	3630.9953
50300	0.2044	0.2495	0.3124	0.3546	16.5643	3628.6026
50400	0.2049	0.2501	0.3131	0.3546	16.5704	3626.2093
50500	0.2058	0.2515	0.3149	0.3551	16.5755	3623.8185
50600	0.2061	0.2513	0.3145	0.3544	16.5811	3621.4488
50700	0.2058	0.2517	0.3151	0.3541	16.5858	3619.0525
50800	0.2055	0.2517	0.3151	0.3531	16.5899	3616.6828
50900	0.2063	0.2516	0.3149	0.3541	16.5906	3614.3171
51000	0.2077	0.2542	0.3181	0.3550	16.5910	3611.9619
51100	0.2069	0.2536	0.3174	0.3545	16.5946	3609.6074
51200	0.2074	0.2540	0.3179	0.3542	16.5952	3607.2486
51300	0.2070	0.2547	0.3189	0.3541	16.5974	3604.9091
51400	0.2081	0.2554	0.3197	0.3536	16.5984	3602.5642
51500	0.2097	0.2564	0.3208	0.3541	16.5989	3600.2129
51600	0.2097	0.2565	0.3210	0.3537	16.6003	3597.8647
51700	0.2108	0.2571	0.3217	0.3541	16.5988	3595.5361
51800	0.2108	0.2580	0.3229	0.3547	16.5981	3593.1807
51900	0.2124	0.2598	0.3250	0.3546	16.5968	3590.8778
52000	0.2102	0.2587	0.3238	0.3536	16.5967	3588.5468
52100	0.2120	0.2589	0.3239	0.3542	16.5952	3586.2229
52200	0.2131	0.2601	0.3254	0.3541	16.5938	3583.9165
52300	0.2105	0.2583	0.3232	0.3532	16.5943	3581.6030
52400	0.2110	0.2589	0.3240	0.3538	16.5922	3579.2867
52500	0.2119	0.2600	0.3253	0.3543	16.5895	3576.9863
52600	0.2136	0.2620	0.3278	0.3545	16.5867	3574.6532
52700	0.2128	0.2615	0.3273	0.3547	16.5848	3572.3648
52800	0.2141	0.2622	0.3279	0.3538	16.5827	3570.1102
52900	0.2150	0.2638	0.3301	0.3545	16.5782	3567.8133
53000	0.2150	0.2635	0.3297	0.3543	16.5759	3565.5456
53100	0.2149	0.2637	0.3300	0.3539	16.5733	3563.2720
53200	0.2144	0.2637	0.3300	0.3532	16.5694	3561.0009
53300	0.2156	0.2645	0.3309	0.3529	16.5664	3558.7326
53400	0.2167	0.2652	0.3317	0.3531	16.5642	3556.4496
53500	0.2165	0.2652	0.3317	0.3530	16.5613	3554.1984
53600	0.2177	0.2672	0.3343	0.3537	16.5576	3551.9509
53700	0.2184	0.2675	0.3346	0.3536	16.5550	3549.6771
53800	0.2177	0.2672	0.3342	0.3526	16.5504	3547.4125
53900	0.2184	0.2679	0.3350	0.3517	16.5469	3545.1713
54000	0.2177	0.2674	0.3345	0.3516	16.5445	3542.9352
54100	0.2197	0.2689	0.3364	0.3531	16.5410	3540.7112
54200	0.2192	0.2690	0.3364	0.3521	16.5378	3538.4645
54300	0.2183	0.2678	0.3349	0.3497	16.5336	3536.2430
54400	0.2192	0.2683	0.3356	0.3507	16.5306	3534.0061
54500	0.2216	0.2705	0.3381	0.3510	16.5257	3531.7746
54600	0.2205	0.2701	0.3377	0.3494	16.5223	3529.5561
54700	0.2199	0.2693	0.3367	0.3494	16.5188	3527.3224
54800	0.2184	0.2683	0.3356	0.3489	16.5169	3525.0966
54900	0.2212	0.2705	0.3382	0.3498	16.5126	3522.9103
55000	0.2192	0.2690	0.3364	0.3474	16.5089	3520.7126
55100	0.2208	0.2705	0.3382	0.3489	16.5049	3518.5067
55200	0.2220	0.2715	0.3395	0.3493	16.5024	3516.3233
55300	0.2212	0.2706	0.3383	0.3491	16.4978	3514.1313
55400	0.2206	0.2706	0.3383	0.3476	16.4955	3511.9509
55500	0.2213	0.2710	0.3388	0.3480	16.4931	3509.7547
55600	0.2214	0.2710	0.3389	0.3479	16.4891	3507.5600
55700	0.2214	0.2712	0.3391	0.3482	16.4853	3505.3789
55800	0.2219	0.2710	0.3388	0.3492	16.4806	3503.2228
55900	0.2229	0.2724	0.3405	0.3496	16.4773	3501.0605
56000	0.2221	0.2721	0.3403	0.3498	16.4748	3498.9054
56100	0.2223	0.2718	0.3399	0.3502	16.4728	3496.7644
56200	0.2222	0.2716	0.3396	0.3509	16.4684	3494.5871
56300	0.2227	0.2721	0.3401	0.3512	16.4643	3492.4092
56400	0.2242	0.2739	0.3424	0.3515	16.4621	3490.2567
56500	0.2244	0.2744	0.3431	0.3525	16.4591	3488.1235
56600	0.2233	0.2733	0.3417	0.3518	16.4562	3485.9730
56700	0.2250	0.2743	0.3429	0.3530	16.4532	3483.8121
56800	0.2259	0.2752	0.3440	0.3534	16.4504	3481.6836
56900	0.2253	0.2742	0.3428	0.3533	16.4467	3479.5584
57000	0.2263	0.2759	0.3448	0.3540	16.4428	3477.4233
57100	0.2263	0.2757	0.3445	0.3545	16.4398	3475.2954
57200	0.2265	0.2756	0.3444	0.3548	16.4361	3473.1644
57300	0.2259	0.2752	0.3439	0.3552	16.4326	3471.0499
57400	0.2262	0.2750	0.3437	0.3555	16.4277	3468.9326
57500	0.2280	0.2767	0.3458	0.3563	16.4239	3466.8408
57600	0.2265	0.2756	0.3443	0.3558	16.4206	3464.7191
57700	0.2292	0.2779	0.3473	0.3579	16.4176	3462.6220
57800	0.2291	0.2778	0.3470	0.3582	16.4145	3460.4997
57900	0.2286	0.2776	0.3469	0.3576	16.4108	3458.4093
58000	0.2301	0.2785	0.3478	0.3585	16.4078	3456.3087
58100	0.2310	0.2795	0.3491	0.3589	16.4035	3454.2221
58200	0.2306	0.2784	0.3477	0.3588	16.3989	3452.1415
58300	0.2315	0.2793	0.3488	0.3591	16.3962	3450.0582
58400	0.2334	0.2812	0.3512	0.3594	16.3950	3447.9624
58500	0.2345	0.2822	0.3524	0.3605	16.3913	3445.9002
58600	0.2315	0.2793	0.3488	0.3586	16.3883	3443.8117
58700	0.2353	0.2827	0.3531	0.3610	16.3847	3441.7567
58800	0.2381	0.2856	0.3566	0.3619	16.3815	3439.6926
58900	0.2383	0.2858	0.3569	0.3620	16.3792	3437.6324
59000	0.2394	0.2864	0.3576	0.3619	16.3772	3435.5513
59100	0.2401	0.2872	0.3587	0.3630	16.3735	3433.5075
59200	0.2415	0.2885	0.3602	0.3631	16.3699	3431.4512
59300	0.2424	0.2895	0.3615	0.3631	16.3670	3429.4073
59400	0.2439	0.2907	0.3630	0.3637	16.3655	3427.3695
59500	0.2444	0.2916	0.3641	0.3639	16.3625	3425.3330
59600	0.2470	0.2936	0.3665	0.3658	16.3622	3423.2952
59700	0.2499	0.2957	0.3692	0.3668	16.3597	3421.2379
59800	0.2497	0.2960	0.3696	0.3663	16.3588	3419.2322
59900	0.2484	0.2944	0.3676	0.3661	16.3564	3417.1843
60000	0.2507	0.2975	0.3714	0.3668	16.3538	3415.1646
60100	0.2494	0.2965	0.3702	0.3656	16.3508	3413.1394
60200	0.2525	0.2987	0.3729	0.3675	16.3500	3411.1020
60300	0.2530	0.2994	0.3738	0.3679	16.3481	3409.0744
60400	0.2533	0.3002	0.3748	0.3674	16.3473	3407.0823
60500	0.2571	0.3032	0.3785	0.3702	16.3465	3405.0752
60600	0.2572	0.3042	0.3796	0.3699	16.3465	3403.0759
60700	0.2566	0.3026	0.3777	0.3700	16.3429	3401.0698
60800	0.2590	0.3063	0.3822	0.3708	16.3427	3399.0758
60900	0.2616	0.3084	0.3850	0.3723	16.3439	3397.0602
61000	0.2612	0.3083	0.3848	0.3716	16.3430	3395.0706
61100	0.2636	0.3106	0.3877	0.3725	16.3420	3393.0940
61200	0.2628	0.3094	0.3862	0.3720	16.3410	3391.1083
61300	0.2622	0.3087	0.3852	0.3720	16.3408	3389.1185
61400	0.2646	0.3113	0.3886	0.3732	16.3404	3387.1433
61500	0.2652	0.3115	0.3888	0.3731	16.3408	3385.1746
61600	0.2666	0.3138	0.3916	0.3735	16.3407	3383.1843
61700	0.2666	0.3134	0.3911	0.3738	16.3404	3381.2155
61800	0.2681	0.3150	0.3932	0.3745	16.3410	3379.2561
61900	0.2687	0.3150	0.3931	0.3750	16.3422	3377.2993
62000	0.2689	0.3154	0.3936	0.3746	16.3419	3375.3183
62100	0.2706	0.3170	0.3956	0.3757	16.3433	3373.3485
62200	0.2697	0.3161	0.3943	0.3756	16.3423	3371.3988
62300	0.2704	0.3172	0.3957	0.3758	16.3427	3369.4575
62400	0.2702	0.3165	0.3948	0.3752	16.3421	3367.5189
62500	0.2722	0.3185	0.3973	0.3761	16.3445	3365.5658
62600	0.2736	0.3205	0.3997	0.3772	16.3449	3363.6295
62700	0.2731	0.3200	0.3990	0.3767	16.3470	3361.6916
62800	0.2735	0.3202	0.3991	0.3772	16.3472	3359.7593
62900	0.2743	0.3210	0.4001	0.3775	16.3477	3357.8218
63000	0.2745	0.3212	0.4002	0.3777	16.3467	3355.9013
63100	0.2742	0.3212	0.4000	0.3775	16.3475	3353.9637
63200	0.2755	0.3222	0.4012	0.3780	16.3490	3352.0412
63300	0.2764	0.3235	0.4027	0.3786	16.3517	3350.1288
63400	0.2766	0.3235	0.4026	0.3782	16.3527	3348.2076
63500	0.2781	0.3257	0.4050	0.3789	16.3541	3346.2974
63600	0.2775	0.3252	0.4044	0.3791	16.3561	3344.4016
63700	0.2776	0.3253	0.4041	0.3792	16.3611	3342.4877
63800	0.2784	0.3263	0.4051	0.3794	16.3639	3340.5709
63900	0.2797	0.3274	0.4062	0.3806	16.3676	3338.6517
64000	0.2799	0.3278	0.4065	0.3805	16.3733	3336.7546
64100	0.2809	0.3292	0.4081	0.3812	16.3769	3334.8749
64200	0.2805	0.3283	0.4067	0.3816	16.3828	3333.0120
64300	0.2796	0.3274	0.4049	0.3812	16.3914	3331.1196
64400	0.2801	0.3285	0.4058	0.3810	16.4004	3329.2324
64500	0.2800	0.3283	0.4049	0.3821	16.4088	3327.3456
64600	0.2810	0.3295	0.4062	0.3828	16.4193	3325.4669
64700	0.2809	0.3297	0.4056	0.3829	16.4259	3323.5830
64800	0.2807	0.3294	0.4048	0.3834	16.4346	3321.7278
64900	0.2809	0.3300	0.4051	0.3839	16.4437	3319.8458
65000	0.2816	0.3304	0.4051	0.3848	16.4555	3317.9879
65100	0.2827	0.3320	0.4066	0.3860	16.4673	3316.1176
65200	0.2832	0.3325	0.4064	0.3875	16.4809	3314.2508
65300	0.2832	0.3324	0.4058	0.3880	16.4950	3312.4060
65400	0.2841	0.3343	0.4079	0.3886	16.5095	3310.5524
65500	0.2838	0.3339	0.4068	0.3886	16.5249	3308.7042
65600	0.2837	0.3333	0.4055	0.3901	16.5413	3306.8604
65700	0.2853	0.3351	0.4068	0.3926	16.5580	3304.9855
65800	0.2849	0.3347	0.4061	0.3923	16.5734	3303.1393
65900	0.2864	0.3366	0.4080	0.3931	16.5895	3301.3093
66000	0.2866	0.3364	0.4073	0.3940	16.6056	3299.4742
66100	0.2860	0.3358	0.4063	0.3940	16.6211	3297.6276
66200	0.2870	0.3374	0.4083	0.3956	16.6379	3295.7697
66300	0.2874	0.3376	0.4074	0.3985	16.6558	3293.9442
66400	0.2874	0.3374	0.4070	0.3988	16.6736	3292.1164
66500	0.2879	0.3382	0.4076	0.4003	16.6907	3290.3155
66600	0.2896	0.3399	0.4088	0.4030	16.7101	3288.5097
66700	0.2905	0.3407	0.4094	0.4036	16.7293	3286.6812
66800	0.2906	0.3411	0.4098	0.4051	16.7470	3284.8729
66900	0.2915	0.3416	0.4104	0.4059	16.7668	3283.0817
67000	0.2923	0.3424	0.4111	0.4064	16.7843	3281.2669
67100	0.2929	0.3428	0.4109	0.4078	16.8006	3279.4599
67200	0.2948	0.3449	0.4134	0.4102	16.8187	3277.6465
67300	0.2948	0.3437	0.4111	0.4121	16.8375	3275.8471
67400	0.2971	0.3463	0.4142	0.4142	16.8590	3274.0514
67500	0.2978	0.3472	0.4150	0.4146	16.8770	3272.2587
67600	0.2978	0.3470	0.4146	0.4158	16.8958	3270.4559
67700	0.2992	0.3482	0.4159	0.4175	16.9121	3268.6630
67800	0.3009	0.3496	0.4175	0.4197	16.9269	3266.8824
67900	0.3005	0.3489	0.4166	0.4197	16.9434	3265.0949
68000	0.3028	0.3516	0.4195	0.4217	16.9623	3263.3218
68100	0.3048	0.3536	0.4220	0.4244	16.9823	3261.5326
68200	0.3049	0.3526	0.4205	0.4256	17.0000	3259.7747
68300	0.3056	0.3542	0.4227	0.4262	17.0186	3257.9956
68400	0.3063	0.3535	0.4211	0.4269	17.0363	3256.2264
68500	0.3089	0.3567	0.4252	0.4286	17.0552	3254.4528
68600	0.3082	0.3547	0.4223	0.4285	17.0704	3252.6719
68700	0.3109	0.3576	0.4257	0.4305	17.0857	3250.9121
68800	0.3112	0.3580	0.4263	0.4310	17.1046	3249.1645
68900	0.3108	0.3571	0.4250	0.4314	17.1205	3247.4041
69000	0.3140	0.3601	0.4286	0.4335	17.1373	3245.6655
69100	0.3152	0.3607	0.4290	0.4347	17.1538	3243.9171
69200	0.3137	0.3596	0.4278	0.4339	17.1701	3242.1463
69300	0.3156	0.3610	0.4295	0.4355	17.1848	3240.4024
69400	0.3172	0.3631	0.4321	0.4361	17.1979	3238.6680
69500	0.3168	0.3621	0.4307	0.4368	17.2117	3236.9265
69600	0.3179	0.3631	0.4319	0.4378	17.2280	3235.2014
69700	0.3188	0.3639	0.4329	0.4386	17.2429	3233.4602
69800	0.3192	0.3640	0.4329	0.4390	17.2577	3231.7446
69900	0.3203	0.3653	0.4345	0.4399	17.2707	3230.0252
70000	0.3210	0.3653	0.4342	0.4407	17.2847	3228.2974
70100	0.3216	0.3660	0.4352	0.4413	17.2989	3226.5526
70200	0.3233	0.3670	0.4361	0.4420	17.3094	3224.8369
70300	0.3243	0.3686	0.4381	0.4431	17.3216	3223.0986
70400	0.3239	0.3675	0.4368	0.4432	17.3338	3221.3830
70500	0.3241	0.3680	0.4374	0.4434	17.3437	3219.6734
70600	0.3244	0.3680	0.4374	0.4432	17.3565	3217.9697
70700	0.3265	0.3700	0.4395	0.4443	17.3673	3216.2556
70800	0.3272	0.3709	0.4407	0.4448	17.3776	3214.5697
70900	0.3277	0.3715	0.4415	0.4455	17.3897	3212.8741
71000	0.3281	0.3721	0.4423	0.4463	17.4002	3211.1536
71100	0.3280	0.3724	0.4428	0.4465	17.4118	3209.4666
71200	0.3301	0.3745	0.4452	0.4471	17.4216	3207.7704
71300	0.3296	0.3733	0.4436	0.4471	17.4287	3206.0733
71400	0.3303	0.3749	0.4458	0.4479	17.4389	3204.3961
71500	0.3299	0.3742	0.4450	0.4485	17.4498	3202.7057
71600	0.3324	0.3757	0.4463	0.4490	17.4587	3201.0251
71700	0.3318	0.3761	0.4473	0.4491	17.4652	3199.3562
71800	0.3321	0.3763	0.4476	0.4492	17.4726	3197.6611
71900	0.3339	0.3773	0.4485	0.4504	17.4806	3195.9740
72000	0.3336	0.3775	0.4489	0.4509	17.4888	3194.3156
72100	0.3358	0.3805	0.4528	0.4520	17.4964	3192.6362
72200	0.3377	0.3818	0.4540	0.4525	17.5039	3190.9650
72300	0.3363	0.3815	0.4541	0.4526	17.5104	3189.3032
72400	0.3369	0.3809	0.4531	0.4526	17.5170	3187.6260
72500	0.3379	0.3823	0.4548	0.4531	17.5224	3185.9648
72600	0.3374	0.3814	0.4536	0.4531	17.5279	3184.3216
72700	0.3374	0.3814	0.4537	0.4536	17.5325	3182.6654
72800	0.3396	0.3838	0.4566	0.4549	17.5371	3181.0189
72900	0.3391	0.3837	0.4566	0.4544	17.5422	3179.3672
73000	0.3403	0.3845	0.4574	0.4551	17.5464	3177.7152
73100	0.3402	0.3850	0.4583	0.4559	17.5494	3176.0691
73200	0.3413	0.3865	0.4601	0.4564	17.5519	3174.4275
73300	0.3412	0.3856	0.4587	0.4553	17.5542	3172.7800
73400	0.3409	0.3854	0.4585	0.4558	17.5573	3171.1426
73500	0.3429	0.3876	0.4613	0.4568	17.5618	3169.4959
73600	0.3418	0.3862	0.4595	0.4566	17.5643	3167.8488
73700	0.3427	0.3873	0.4609	0.4568	17.5665	3166.2290
73800	0.3446	0.3889	0.4628	0.4573	17.5705	3164.6197
73900	0.3443	0.3890	0.4631	0.4581	17.5710	3162.9979
74000	0.3446	0.3892	0.4632	0.4580	17.5740	3161.3631
74100	0.3456	0.3905	0.4649	0.4581	17.5764	3159.7404
74200	0.3455	0.3909	0.4655	0.4586	17.5802	3158.1326
74300	0.3452	0.3904	0.4648	0.4582	17.5832	3156.5193
74400	0.3457	0.3909	0.4655	0.4593	17.5834	3154.9058
74500	0.3462	0.3908	0.4653	0.4592	17.5843	3153.2949
74600	0.3455	0.3902	0.4645	0.4592	17.5865	3151.7004
74700	0.3455	0.3897	0.4639	0.4593	17.5891	3150.0911
74800	0.3481	0.3938	0.4692	0.4608	17.5921	3148.4965
74900	0.3476	0.3930	0.4683	0.4614	17.5896	3146.8812
75000	0.3491	0.3948	0.4703	0.4618	17.5899	3145.2829
75100	0.3497	0.3958	0.4716	0.4619	17.5912	3143.6708
75200	0.3505	0.3956	0.4711	0.4617	17.5916	3142.0861
75300	0.3505	0.3963	0.4721	0.4622	17.5915	3140.4980
75400	0.3498	0.3955	0.4712	0.4621	17.5930	3138.9085
75500	0.3500	0.3961	0.4719	0.4621	17.5926	3137.3315
75600	0.3494	0.3968	0.4731	0.4624	17.5941	3135.7426
75700	0.3517	0.3985	0.4750	0.4630	17.5947	3134.1675
75800	0.3518	0.3979	0.4741	0.4639	17.5945	3132.5877
75900	0.3510	0.3970	0.4730	0.4630	17.5958	3131.0056
76000	0.3516	0.3976	0.4738	0.4635	17.5974	3129.4244
76100	0.3527	0.3996	0.4764	0.4645	17.5996	3127.8527
76200	0.3536	0.4002	0.4770	0.4649	17.6015	3126.2897
76300	0.3538	0.3999	0.4765	0.4646	17.6031	3124.7150
76400	0.3540	0.4008	0.4776	0.4652	17.6059	3123.1532
76500	0.3536	0.4005	0.4773	0.4650	17.6077	3121.5975
76600	0.3545	0.4029	0.4806	0.4653	17.6105	3120.0310
76700	0.3547	0.4031	0.4807	0.4657	17.6139	3118.4588
76800	0.3552	0.4033	0.4810	0.4659	17.6159	3116.9188
76900	0.3546	0.4027	0.4800	0.4656	17.6179	3115.3687
77000	0.3553	0.4036	0.4811	0.4656	17.6241	3113.8138
77100	0.3568	0.4053	0.4829	0.4661	17.6244	3112.2602
77200	0.3562	0.4051	0.4827	0.4666	17.6254	3110.7148
77300	0.3577	0.4072	0.4852	0.4674	17.6306	3109.1726
77400	0.3585	0.4090	0.4873	0.4677	17.6330	3107.6306
77500	0.3578	0.4069	0.4845	0.4676	17.6382	3106.0856
77600	0.3567	0.4055	0.4829	0.4670	17.6399	3104.5596
77700	0.3573	0.4068	0.4841	0.4670	17.6405	3103.0221
77800	0.3572	0.4084	0.4857	0.4685	17.6455	3101.4906
77900	0.3564	0.4081	0.4853	0.4681	17.6528	3099.9624
78000	0.3560	0.4072	0.4838	0.4677	17.6603	3098.4253
78100	0.3575	0.4085	0.4851	0.4682	17.6679	3096.9050
78200	0.3564	0.4077	0.4838	0.4677	17.6755	3095.3947
78300	0.3573	0.4090	0.4851	0.4683	17.6833	3093.8665
78400	0.3576	0.4092	0.4848	0.4678	17.6907	3092.3440
78500	0.3585	0.4111	0.4869	0.4688	17.6996	3090.8287
78600	0.3593	0.4116	0.4870	0.4688	17.7129	3089.3053
78700	0.3575	0.4103	0.4853	0.4681	17.7232	3087.7938
78800	0.3587	0.4115	0.4861	0.4687	17.7378	3086.2832
78900	0.3584	0.4128	0.4872	0.4687	17.7502	3084.7814
79000	0.3585	0.4126	0.4863	0.4687	17.7646	3083.2704
79100	0.3606	0.4141	0.4873	0.4686	17.7824	3081.7573
79200	0.3594	0.4134	0.4856	0.4684	17.7970	3080.2683
79300	0.3611	0.4162	0.4888	0.4692	17.8142	3078.7716
79400	0.3613	0.4155	0.4868	0.4682	17.8325	3077.2750
79500	0.3604	0.4147	0.4852	0.4678	17.8481	3075.7685
79600	0.3622	0.4163	0.4861	0.4683	17.8661	3074.2932
79700	0.3627	0.4172	0.4867	0.4686	17.8863	3072.8089
79800	0.3616	0.4158	0.4844	0.4674	17.9088	3071.3074
79900	0.3635	0.4171	0.4849	0.4678	17.9298	3069.8170
80000	0.3617	0.4171	0.4845	0.4674	17.9531	3068.3101
80100	0.3632	0.4186	0.4856	0.4673	17.9756	3066.8220
80200	0.3641	0.4196	0.4862	0.4669	17.9959	3065.3496
80300	0.3644	0.4206	0.4870	0.4675	18.0151	3063.8830
80400	0.3644	0.4209	0.4870	0.4673	18.0364	3062.4194
80500	0.3635	0.4220	0.4881	0.4675	18.0579	3060.9529
80600	0.3653	0.4226	0.4880	0.4674	18.0826	3059.4695
80700	0.3653	0.4230	0.4884	0.4669	18.1053	3058.0194
80800	0.3638	0.4211	0.4853	0.4660	18.1268	3056.5541
80900	0.3640	0.4220	0.4866	0.4666	18.1473	3055.0828
81000	0.3648	0.4231	0.4875	0.4668	18.1703	3053.6116
81100	0.3644	0.4236	0.4877	0.4661	18.1941	3052.1432
81200	0.3643	0.4231	0.4868	0.4661	18.2174	3050.6864
81300	0.3647	0.4242	0.4880	0.4663	18.2390	3049.2257
81400	0.3647	0.4239	0.4871	0.4658	18.2604	3047.7736
81500	0.3646	0.4234	0.4861	0.4657	18.2830	3046.3321
81600	0.3642	0.4236	0.4867	0.4657	18.3057	3044.8841
81700	0.3645	0.4255	0.4889	0.4661	18.3270	3043.4261
81800	0.3641	0.4243	0.4869	0.4662	18.3488	3041.9765
81900	0.3649	0.4258	0.4885	0.4663	18.3684	3040.5473
82000	0.3637	0.4249	0.4867	0.4659	18.3920	3039.1109
82100	0.3634	0.4238	0.4850	0.4672	18.4143	3037.6635
82200	0.3645	0.4251	0.4869	0.4672	18.4349	3036.2308
82300	0.3646	0.4265	0.4880	0.4682	18.4560	3034.7882
82400	0.3636	0.4262	0.4877	0.4682	18.4778	3033.3668
82500	0.3644	0.4264	0.4874	0.4685	18.4990	3031.9378
82600	0.3644	0.4266	0.4874	0.4696	18.5178	3030.5064
82700	0.3619	0.4244	0.4846	0.4683	18.5419	3029.0745
82800	0.3634	0.4275	0.4881	0.4694	18.5616	3027.6531
82900	0.3631	0.4276	0.4883	0.4695	18.5839	3026.2242
83000	0.3611	0.4260	0.4862	0.4685	18.6054	3024.7994
83100	0.3612	0.4257	0.4855	0.4695	18.6301	3023.3772
83200	0.3628	0.4278	0.4878	0.4706	18.6511	3021.9719
83300	0.3614	0.4260	0.4855	0.4707	18.6733	3020.5586
83400	0.3623	0.4287	0.4881	0.4719	18.6926	3019.1492
83500	0.3614	0.4272	0.4859	0.4721	18.7140	3017.7304
83600	0.3622	0.4291	0.4880	0.4722	18.7376	3016.3099
83700	0.3616	0.4283	0.4864	0.4732	18.7606	3014.8991
83800	0.3621	0.4293	0.4871	0.4732	18.7829	3013.5014
83900	0.3616	0.4291	0.4866	0.4737	18.8069	3012.1107
84000	0.3597	0.4284	0.4858	0.4743	18.8296	3010.7187
84100	0.3608	0.4291	0.4861	0.4744	18.8545	3009.3159
84200	0.3596	0.4285	0.4846	0.4738	18.8790	3007.9254
84300	0.3604	0.4290	0.4847	0.4741	18.9023	3006.5296
84400	0.3593	0.4289	0.4840	0.4746	18.9280	3005.1371
84500	0.3610	0.4302	0.4851	0.4746	18.9545	3003.7489
84600	0.3585	0.4289	0.4830	0.4753	18.9777	3002.3571
84700	0.3571	0.4268	0.4801	0.4744	19.0028	3000.9770
84800	0.3579	0.4287	0.4819	0.4756	19.0287	2999.5864
84900	0.3570	0.4282	0.4811	0.4754	19.0564	2998.2184
85000	0.3582	0.4300	0.4818	0.4759	19.0830	2996.8350
85100	0.3574	0.4292	0.4806	0.4750	19.1072	2995.4511
85200	0.3569	0.4290	0.4798	0.4747	19.1323	2994.0685
85300	0.3564	0.4295	0.4803	0.4748	19.1575	2992.7070
85400	0.3549	0.4274	0.4770	0.4747	19.1820	2991.3401
85500	0.3549	0.4280	0.4775	0.4737	19.2078	2989.9512
85600	0.3545	0.4285	0.4780	0.4746	19.2340	2988.5854
85700	0.3547	0.4297	0.4785	0.4747	19.2599	2987.2228
85800	0.3539	0.4286	0.4766	0.4733	19.2877	2985.8568
85900	0.3545	0.4301	0.4783	0.4737	19.3126	2984.4968
86000	0.3553	0.4302	0.4781	0.4745	19.3376	2983.1193
86100	0.3543	0.4295	0.4770	0.4745	19.3624	2981.7612
86200	0.3527	0.4294	0.4769	0.4736	19.3865	2980.4151
86300	0.3530	0.4285	0.4755	0.4738	19.4124	2979.0575
86400	0.3512	0.4275	0.4743	0.4727	19.4362	2977.7107
86500	0.3525	0.4287	0.4749	0.4739	19.4586	2976.3568
86600	0.3525	0.4286	0.4748	0.4741	19.4811	2975.0057
86700	0.3522	0.4288	0.4748	0.4735	19.5004	2973.6497
86800	0.3517	0.4276	0.4728	0.4744	19.5228	2972.3128
86900	0.3520	0.4286	0.4742	0.4729	19.5439	2970.9673
87000	0.3506	0.4274	0.4725	0.4734	19.5649	2969.6362
87100	0.3516	0.4290	0.4744	0.4734	19.5847	2968.3065
87200	0.3508	0.4283	0.4732	0.4731	19.6055	2966.9736
87300	0.3500	0.4270	0.4716	0.4734	19.6262	2965.6350
87400	0.3509	0.4286	0.4732	0.4740	19.6479	2964.2867
87500	0.3500	0.4277	0.4722	0.4730	19.6662	2962.9584
87600	0.3493	0.4272	0.4714	0.4737	19.6828	2961.6246
87700	0.3490	0.4262	0.4702	0.4725	19.6992	2960.3010
87800	0.3483	0.4260	0.4698	0.4733	19.7167	2958.9744
87900	0.3487	0.4275	0.4717	0.4730	19.7341	2957.6491
88000	0.3494	0.4273	0.4711	0.4735	19.7494	2956.3319
88100	0.3484	0.4268	0.4704	0.4732	19.7666	2955.0046
88200	0.3487	0.4265	0.4698	0.4736	19.7830	2953.6851
88300	0.3486	0.4277	0.4714	0.4738	19.7979	2952.3622
88400	0.3469	0.4260	0.4687	0.4734	19.8161	2951.0425
88500	0.3480	0.4268	0.4699	0.4744	19.8317	2949.7312
88600	0.3484	0.4279	0.4710	0.4740	19.8487	2948.4193
88700	0.3486	0.4280	0.4711	0.4749	19.8628	2947.1102
88800	0.3481	0.4281	0.4711	0.4744	19.8773	2945.8098
88900	0.3480	0.4276	0.4706	0.4744	19.8921	2944.4991
89000	0.3456	0.4250	0.4673	0.4742	19.9059	2943.1929
89100	0.3466	0.4263	0.4689	0.4741	19.9204	2941.8849
89200	0.3472	0.4278	0.4704	0.4748	19.9351	2940.5871
89300	0.3465	0.4275	0.4702	0.4750	19.9480	2939.2868
89400	0.3453	0.4259	0.4682	0.4747	19.9622	2937.9997
89500	0.3454	0.4260	0.4683	0.4759	19.9764	2936.7014
89600	0.3453	0.4253	0.4673	0.4756	19.9910	2935.3994
89700	0.3460	0.4261	0.4681	0.4761	20.0034	2934.1196
89800	0.3466	0.4271	0.4694	0.4759	20.0153	2932.8348
89900	0.3464	0.4271	0.4694	0.4760	20.0252	2931.5454
90000	0.3466	0.4260	0.4678	0.4760	20.0381	2930.2539
90100	0.3473	0.4279	0.4699	0.4778	20.0482	2928.9637
90200	0.3460	0.4263	0.4681	0.4772	20.0591	2927.6860
90300	0.3457	0.4264	0.4685	0.4773	20.0708	2926.3995
90400	0.3463	0.4270	0.4688	0.4779	20.0835	2925.1237
90500	0.3461	0.4265	0.4684	0.4778	20.0937	2923.8514
90600	0.3467	0.4272	0.4690	0.4782	20.1050	2922.5750
90700	0.3477	0.4289	0.4709	0.4789	20.1151	2921.3085
90800	0.3476	0.4288	0.4707	0.4792	20.1259	2920.0347
90900	0.3488	0.4298	0.4719	0.4787	20.1347	2918.7655
91000	0.3487	0.4305	0.4728	0.4799	20.1475	2917.4922
91100	0.3469	0.4284	0.4703	0.4781	20.1586	2916.2231
91200	0.3462	0.4282	0.4696	0.4795	20.1676	2914.9587
91300	0.3467	0.4280	0.4697	0.4793	20.1779	2913.6997
91400	0.3466	0.4282	0.4698	0.4796	20.1858	2912.4413
91500	0.3455	0.4273	0.4686	0.4808	20.1949	2911.1718
91600	0.3469	0.4286	0.4702	0.4801	20.2042	2909.9142
91700	0.3475	0.4292	0.4708	0.4811	20.2132	2908.6631
91800	0.3462	0.4278	0.4692	0.4807	20.2230	2907.4069
91900	0.3463	0.4283	0.4696	0.4814	20.2314	2906.1497
92000	0.3458	0.4269	0.4680	0.4808	20.2354	2904.9030
92100	0.3457	0.4271	0.4683	0.4811	20.2426	2903.6468
92200	0.3468	0.4292	0.4705	0.4815	20.2497	2902.4073
92300	0.3472	0.4292	0.4704	0.4816	20.2564	2901.1588
92400	0.3469	0.4296	0.4712	0.4818	20.2637	2899.9148
92500	0.3454	0.4269	0.4679	0.4809	20.2704	2898.6597
92600	0.3472	0.4294	0.4708	0.4815	20.2746	2897.4128
92700	0.3455	0.4274	0.4685	0.4829	20.2786	2896.1759
92800	0.3464	0.4284	0.4696	0.4821	20.2847	2894.9342
92900	0.3480	0.4294	0.4705	0.4835	20.2905	2893.7105
93000	0.3475	0.4292	0.4703	0.4833	20.2941	2892.4840
93100	0.3476	0.4296	0.4707	0.4837	20.2980	2891.2444
93200	0.3471	0.4289	0.4698	0.4840	20.3030	2890.0079
93300	0.3473	0.4293	0.4704	0.4837	20.3053	2888.7784
93400	0.3478	0.4307	0.4720	0.4841	20.3091	2887.5530
93500	0.3485	0.4310	0.4723	0.4846	20.3092	2886.3377
93600	0.3489	0.4320	0.4734	0.4854	20.3141	2885.1201
93700	0.3479	0.4307	0.4719	0.4848	20.3189	2883.8914
93800	0.3472	0.4294	0.4705	0.4838	20.3207	2882.6784
93900	0.3474	0.4296	0.4706	0.4846	20.3205	2881.4583
94000	0.3477	0.4310	0.4722	0.4854	20.3232	2880.2449
94100	0.3475	0.4303	0.4714	0.4855	20.3259	2879.0308
94200	0.3469	0.4293	0.4703	0.4852	20.3276	2877.8105
94300	0.3489	0.4314	0.4725	0.4859	20.3298	2876.6028
94400	0.3498	0.4313	0.4723	0.4860	20.3326	2875.3901
94500	0.3473	0.4291	0.4699	0.4855	20.3333	2874.1740
94600	0.3479	0.4304	0.4713	0.4860	20.3340	2872.9665
94700	0.3477	0.4301	0.4710	0.4869	20.3346	2871.7610
94800	0.3491	0.4323	0.4736	0.4865	20.3331	2870.5667
94900	0.3483	0.4309	0.4718	0.4869	20.3360	2869.3535
95000	0.3490	0.4318	0.4727	0.4873	20.3359	2868.1508
95100	0.3496	0.4312	0.4720	0.4869	20.3375	2866.9564
95200	0.3499	0.4326	0.4735	0.4877	20.3376	2865.7623
95300	0.3496	0.4325	0.4735	0.4886	20.3359	2864.5679
95400	0.3500	0.4331	0.4743	0.4881	20.3368	2863.3838
95500	0.3487	0.4319	0.4730	0.4870	20.3390	2862.1935
95600	0.3516	0.4347	0.4759	0.4883	20.3387	2861.0049
95700	0.3497	0.4336	0.4749	0.4884	20.3382	2859.8295
95800	0.3498	0.4331	0.4741	0.4893	20.3394	2858.6465
95900	0.3494	0.4319	0.4728	0.4894	20.3418	2857.4457
96000	0.3500	0.4322	0.4731	0.4874	20.3414	2856.2602
96100	0.3499	0.4327	0.4736	0.4880	20.3394	2855.0850
96200	0.3496	0.4320	0.4729	0.4880	20.3424	2853.8984
96300	0.3505	0.4336	0.4745	0.4898	20.3438	2852.7160
96400	0.3507	0.4331	0.4739	0.4890	20.3441	2851.5492
96500	0.3492	0.4322	0.4731	0.4884	20.3454	2850.3732
96600	0.3503	0.4331	0.4739	0.4892	20.3453	2849.1960
96700	0.3495	0.4339	0.4751	0.4893	20.3448	2848.0246
96800	0.3519	0.4350	0.4761	0.4895	20.3463	2846.8471
96900	0.3521	0.4350	0.4761	0.4897	20.3463	2845.6707
97000	0.3523	0.4360	0.4773	0.4901	20.3467	2844.5045
97100	0.3508	0.4332	0.4740	0.4899	20.3459	2843.3435
97200	0.3516	0.4346	0.4758	0.4908	20.3455	2842.1871
97300	0.3523	0.4360	0.4773	0.4904	20.3473	2841.0174
97400	0.3514	0.4345	0.4757	0.4906	20.3463	2839.8639
97500	0.3510	0.4341	0.4751	0.4899	20.3474	2838.7052
97600	0.3504	0.4336	0.4746	0.4899	20.3481	2837.5414
97700	0.3494	0.4329	0.4738	0.4900	20.3474	2836.3905
97800	0.3500	0.4332	0.4739	0.4908	20.3469	2835.2364
97900	0.3511	0.4347	0.4758	0.4904	20.3483	2834.0826
98000	0.3504	0.4351	0.4764	0.4909	20.3482	2832.9285
98100	0.3512	0.4348	0.4758	0.4905	20.3467	2831.7799
98200	0.3518	0.4353	0.4763	0.4909	20.3478	2830.6326
98300	0.3519	0.4349	0.4760	0.4915	20.3481	2829.4829
98400	0.3520	0.4352	0.4762	0.4921	20.3484	2828.3392
98500	0.3521	0.4353	0.4763	0.4913	20.3470	2827.1995
98600	0.3522	0.4348	0.4759	0.4916	20.3477	2826.0514
98700	0.3527	0.4347	0.4757	0.4913	20.3467	2824.9082
98800	0.3519	0.4340	0.4750	0.4908	20.3457	2823.7720
98900	0.3526	0.4354	0.4765	0.4910	20.3437	2822.6350
99000	0.3510	0.4337	0.4745	0.4909	20.3438	2821.4982
99100	0.3516	0.4333	0.4740	0.4912	20.3416	2820.3682
99200	0.3524	0.4350	0.4758	0.4919	20.3397	2819.2356
99300	0.3515	0.4346	0.4756	0.4915	20.3398	2818.0982
99400	0.3513	0.4344	0.4753	0.4918	20.3380	2816.9664
99500	0.3521	0.4355	0.4765	0.4914	20.3373	2815.8333
99600	0.3525	0.4358	0.4768	0.4918	20.3389	2814.7110
99700	0.3516	0.4354	0.4766	0.4909	20.3386	2813.5891
99800	0.3514	0.4344	0.4752	0.4918	20.3370	2812.4698
99900	0.3514	0.4353	0.4762	0.4916	20.3370	2811.3417
100000	0.3517	0.4347	0.4755	0.4924	20.3363	2810.2262
100100	0.3521	0.4348	0.4756	0.4926	20.3367	2809.0900
100200	0.3519	0.4355	0.4765	0.4928	20.3330	2807.9781
100300	0.3526	0.4353	0.4762	0.4927	20.3317	2806.8530
100400	0.3536	0.4363	0.4772	0.4935	20.3315	2805.7440
100500	0.3531	0.4354	0.4762	0.4926	20.3299	2804.6312
100600	0.3545	0.4375	0.4787	0.4931	20.3299	2803.5173
100700	0.3528	0.4358	0.4767	0.4935	20.3303	2802.4099
100800	0.3529	0.4364	0.4775	0.4934	20.3287	2801.2980
100900	0.3531	0.4364	0.4775	0.4928	20.3295	2800.1792
101000	0.3531	0.4362	0.4770	0.4938	20.3283	2799.0778
101100	0.3531	0.4360	0.4769	0.4928	20.3284	2797.9727
101200	0.3530	0.4361	0.4769	0.4926	20.3271	2796.8703
101300	0.3518	0.4348	0.4756	0.4930	20.3232	2795.7681
101400	0.3528	0.4356	0.4764	0.4930	20.3239	2794.6717
101500	0.3535	0.4366	0.4776	0.4929	20.3245	2793.5680
101600	0.3527	0.4362	0.4771	0.4931	20.3235	2792.4719
101700	0.3527	0.4357	0.4764	0.4931	20.3220	2791.3740
101800	0.3535	0.4365	0.4774	0.4936	20.3208	2790.2721
101900	0.3536	0.4367	0.4778	0.4925	20.3216	2789.1889
102000	0.3530	0.4363	0.4772	0.4929	20.3202	2788.0991
102100	0.3536	0.4365	0.4775	0.4927	20.3182	2786.9994
102200	0.3534	0.4370	0.4780	0.4935	20.3150	2785.9106
102300	0.3525	0.4363	0.4772	0.4938	20.3164	2784.8240
102400	0.3539	0.4377	0.4787	0.4938	20.3161	2783.7363
102500	0.3541	0.4377	0.4786	0.4938	20.3150	2782.6595
102600	0.3535	0.4368	0.4776	0.4934	20.3150	2781.5785
102700	0.3545	0.4381	0.4790	0.4945	20.3161	2780.4913
102800	0.3522	0.4358	0.4765	0.4938	20.3148	2779.4038
102900	0.3543	0.4389	0.4802	0.4938	20.3139	2778.3255
103000	0.3537	0.4371	0.4779	0.4941	20.3121	2777.2451
103100	0.3543	0.4381	0.4792	0.4940	20.3134	2776.1766
103200	0.3551	0.4392	0.4804	0.4942	20.3135	2775.1093
103300	0.3540	0.4376	0.4787	0.4940	20.3137	2774.0369
103400	0.3531	0.4368	0.4776	0.4940	20.3154	2772.9591
103500	0.3530	0.4368	0.4778	0.4947	20.3145	2771.8906
103600	0.3546	0.4375	0.4785	0.4940	20.3128	2770.8281
103700	0.3537	0.4371	0.4779	0.4939	20.3101	2769.7628
103800	0.3533	0.4359	0.4766	0.4941	20.3122	2768.6899
103900	0.3534	0.4367	0.4774	0.4946	20.3121	2767.6261
104000	0.3550	0.4386	0.4795	0.4950	20.3113	2766.5634
104100	0.3545	0.4378	0.4787	0.4944	20.3102	2765.5034
104200	0.3546	0.4376	0.4786	0.4945	20.3090	2764.4408
104300	0.3546	0.4381	0.4792	0.4931	20.3102	2763.3788
104400	0.3532	0.4361	0.4767	0.4935	20.3087	2762.3183
104500	0.3536	0.4365	0.4772	0.4929	20.3072	2761.2496
104600	0.3534	0.4368	0.4776	0.4934	20.3053	2760.2015
104700	0.3537	0.4375	0.4783	0.4937	20.3049	2759.1568
104800	0.3539	0.4369	0.4775	0.4947	20.3034	2758.1024
104900	0.3532	0.4368	0.4775	0.4936	20.3035	2757.0507
105000	0.3541	0.4386	0.4796	0.4935	20.3052	2755.9980
105100	0.3544	0.4381	0.4790	0.4936	20.3057	2754.9458
105200	0.3544	0.4385	0.4795	0.4940	20.3032	2753.8994
105300	0.3549	0.4388	0.4797	0.4945	20.3036	2752.8540
105400	0.3543	0.4381	0.4790	0.4937	20.3032	2751.8022
105500	0.3540	0.4378	0.4786	0.4940	20.3031	2750.7609
105600	0.3552	0.4387	0.4795	0.4944	20.3018	2749.7273
105700	0.3546	0.4382	0.4790	0.4940	20.3023	2748.6839
105800	0.3544	0.4380	0.4788	0.4935	20.3034	2747.6471
105900	0.3543	0.4380	0.4788	0.4937	20.3006	2746.6171
106000	0.3560	0.4402	0.4813	0.4940	20.3007	2745.5825
106100	0.3547	0.4387	0.4796	0.4945	20.2994	2744.5395
106200	0.3549	0.4390	0.4801	0.4932	20.2984	2743.5067
106300	0.3538	0.4381	0.4789	0.4927	20.2982	2742.4691
106400	0.3546	0.4387	0.4795	0.4930	20.2981	2741.4379
106500	0.3530	0.4363	0.4768	0.4925	20.2988	2740.4046
106600	0.3529	0.4371	0.4777	0.4929	20.2999	2739.3827
106700	0.3528	0.4367	0.4772	0.4931	20.2976	2738.3573
106800	0.3536	0.4377	0.4784	0.4935	20.2968	2737.3339
106900	0.3541	0.4380	0.4787	0.4938	20.2982	2736.3027
107000	0.3536	0.4379	0.4787	0.4934	20.2959	2735.2754
107100	0.3533	0.4373	0.4778	0.4928	20.2963	2734.2553
107200	0.3538	0.4376	0.4780	0.4948	20.2967	2733.2389
107300	0.3536	0.4375	0.4779	0.4937	20.2968	2732.2225
107400	0.3537	0.4378	0.4784	0.4927	20.2971	2731.2104
107500	0.3538	0.4380	0.4784	0.4928	20.2987	2730.1864
107600	0.3546	0.4383	0.4788	0.4935	20.2963	2729.1708
107700	0.3539	0.4389	0.4794	0.4931	20.2988	2728.1564
107800	0.3544	0.4390	0.4794	0.4929	20.2976	2727.1512
107900	0.3538	0.4387	0.4790	0.4923	20.3002	2726.1405
108000	0.3534	0.4376	0.4776	0.4932	20.3011	2725.1336
108100	0.3529	0.4369	0.4767	0.4930	20.3035	2724.1333
108200	0.3550	0.4406	0.4810	0.4933	20.3057	2723.1326
108300	0.3547	0.4387	0.4786	0.4935	20.3089	2722.1230
108400	0.3537	0.4377	0.4774	0.4939	20.3086	2721.1142
108500	0.3544	0.4390	0.4788	0.4934	20.3093	2720.1083
108600	0.3539	0.4378	0.4774	0.4935	20.3097	2719.1034
108700	0.3543	0.4387	0.4783	0.4933	20.3121	2718.0971
108800	0.3527	0.4374	0.4768	0.4920	20.3134	2717.0960
108900	0.3515	0.4368	0.4760	0.4911	20.3173	2716.0983
109000	0.3518	0.4375	0.4767	0.4910	20.3188	2715.1008
109100	0.3524	0.4372	0.4761	0.4916	20.3217	2714.1070
109200	0.3529	0.4384	0.4774	0.4922	20.3238	2713.1215
109300	0.3537	0.4386	0.4773	0.4920	20.3276	2712.1301
109400	0.3536	0.4388	0.4774	0.4918	20.3313	2711.1319
109500	0.3532	0.4384	0.4769	0.4920	20.3344	2710.1339
109600	0.3521	0.4377	0.4760	0.4916	20.3378	2709.1515
109700	0.3516	0.4368	0.4747	0.4910	20.3434	2708.1615
109800	0.3526	0.4373	0.4749	0.4915	20.3485	2707.1803
109900	0.3532	0.4378	0.4754	0.4915	20.3540	2706.1985
110000	0.3527	0.4376	0.4751	0.4911	20.3578	2705.2176
110100	0.3518	0.4375	0.4750	0.4905	20.3618	2704.2345
110200	0.3531	0.4382	0.4752	0.4914	20.3689	2703.2536
110300	0.3537	0.4395	0.4764	0.4913	20.3783	2702.2687
110400	0.3527	0.4385	0.4750	0.4906	20.3877	2701.2863
110500	0.3526	0.4381	0.4742	0.4905	20.3952	2700.3046
110600	0.3519	0.4380	0.4740	0.4899	20.4023	2699.3295
110700	0.3522	0.4371	0.4728	0.4898	20.4102	2698.3533
110800	0.3518	0.4367	0.4719	0.4896	20.4176	2697.3893
110900	0.3503	0.4365	0.4715	0.4881	20.4264	2696.4204
111000	0.3504	0.4362	0.4706	0.4879	20.4359	2695.4354
111100	0.3501	0.4361	0.4705	0.4880	20.4449	2694.4600
111200	0.3491	0.4354	0.4697	0.4881	20.4537	2693.4877
111300	0.3492	0.4357	0.4697	0.4877	20.4621	2692.5238
111400	0.3499	0.4354	0.4692	0.4884	20.4720	2691.5616
111500	0.3491	0.4356	0.4691	0.4872	20.4809	2690.5890
111600	0.3479	0.4348	0.4681	0.4860	20.4915	2689.6288
111700	0.3496	0.4354	0.4689	0.4873	20.5013	2688.6586
111800	0.3479	0.4335	0.4664	0.4855	20.5103	2687.6876
111900	0.3475	0.4339	0.4666	0.4854	20.5188	2686.7302
112000	0.3488	0.4354	0.4682	0.4868	20.5276	2685.7789
112100	0.3474	0.4340	0.4664	0.4854	20.5392	2684.8231
112200	0.3480	0.4354	0.4678	0.4859	20.5496	2683.8626
112300	0.3465	0.4325	0.4640	0.4848	20.5582	2682.9021
112400	0.3472	0.4347	0.4665	0.4853	20.5696	2681.9417
112500	0.3460	0.4335	0.4653	0.4843	20.5828	2680.9848
112600	0.3455	0.4331	0.4644	0.4841	20.5930	2680.0342
112700	0.3464	0.4336	0.4649	0.4844	20.6055	2679.0907
112800	0.3462	0.4332	0.4644	0.4845	20.6136	2678.1408
112900	0.3466	0.4339	0.4651	0.4849	20.6208	2677.1983
113000	0.3457	0.4324	0.4629	0.4842	20.6314	2676.2451
113100	0.3460	0.4330	0.4636	0.4842	20.6411	2675.2957
113200	0.3449	0.4322	0.4623	0.4836	20.6528	2674.3475
113300	0.3433	0.4312	0.4615	0.4826	20.6638	2673.4061
113400	0.3446	0.4324	0.4626	0.4839	20.6757	2672.4649
113500	0.3443	0.4318	0.4616	0.4837	20.6851	2671.5217
113600	0.3427	0.4308	0.4604	0.4827	20.6940	2670.5842
113700	0.3433	0.4319	0.4617	0.4831	20.7055	2669.6432
113800	0.3419	0.4301	0.4593	0.4823	20.7147	2668.6964
113900	0.3420	0.4299	0.4592	0.4825	20.7278	2667.7618
114000	0.3432	0.4305	0.4596	0.4827	20.7397	2666.8305
114100	0.3435	0.4313	0.4605	0.4835	20.7483	2665.9013
114200	0.3412	0.4283	0.4569	0.4815	20.7589	2664.9648
114300	0.3414	0.4289	0.4575	0.4815	20.7686	2664.0314
114400	0.3413	0.4286	0.4573	0.4825	20.7809	2663.0962
114500	0.3419	0.4303	0.4591	0.4833	20.7921	2662.1659
114600	0.3399	0.4275	0.4556	0.4824	20.8053	2661.2349
114700	0.3391	0.4273	0.4555	0.4814	20.8159	2660.2971
114800	0.3391	0.4274	0.4555	0.4818	20.8252	2659.3778
114900	0.3398	0.4284	0.4566	0.4817	20.8349	2658.4543
115000	0.3391	0.4282	0.4563	0.4814	20.8451	2657.5250
115100	0.3384	0.4280	0.4561	0.4811	20.8561	2656.6047
115200	0.3391	0.4282	0.4564	0.4813	20.8664	2655.6817
115300	0.3389	0.4277	0.4556	0.4823	20.8779	2654.7640
115400	0.3393	0.4284	0.4563	0.4830	20.8884	2653.8484
115500	0.3369	0.4261	0.4536	0.4815	20.8978	2652.9292
115600	0.3372	0.4261	0.4534	0.4821	20.9075	2652.0097
115700	0.3365	0.4256	0.4530	0.4816	20.9179	2651.0889
115800	0.3367	0.4255	0.4530	0.4812	20.9273	2650.1709
115900	0.3370	0.4265	0.4542	0.4820	20.9355	2649.2604
116000	0.3366	0.4254	0.4528	0.4819	20.9440	2648.3493
116100	0.3352	0.4248	0.4520	0.4810	20.9556	2647.4341
116200	0.3361	0.4243	0.4515	0.4816	20.9633	2646.5286
116300	0.3352	0.4236	0.4507	0.4821	20.9718	2645.6124
116400	0.3370	0.4266	0.4539	0.4830	20.9816	2644.7023
116500	0.3364	0.4261	0.4532	0.4830	20.9902	2643.7895
116600	0.3363	0.4254	0.4525	0.4835	20.9965	2642.8858
116700	0.3369	0.4265	0.4536	0.4833	21.0064	2641.9799
116800	0.3361	0.4251	0.4522	0.4834	21.0144	2641.0788
116900	0.3351	0.4245	0.4512	0.4822	21.0226	2640.1749
117000	0.3341	0.4236	0.4503	0.4825	21.0305	2639.2698
117100	0.3357	0.4256	0.4527	0.4839	21.0377	2638.3692
117200	0.3352	0.4250	0.4519	0.4838	21.0459	2637.4673
117300	0.3341	0.4241	0.4508	0.4831	21.0553	2636.5655
117400	0.3335	0.4242	0.4509	0.4820	21.0624	2635.6669
117500	0.3342	0.4235	0.4501	0.4826	21.0691	2634.7698
117600	0.3356	0.4254	0.4525	0.4842	21.0742	2633.8798
117700	0.3335	0.4229	0.4495	0.4837	21.0809	2632.9864
117800	0.3348	0.4247	0.4515	0.4840	21.0889	2632.0898
117900	0.3329	0.4231	0.4494	0.4832	21.0929	2631.2022
118000	0.3335	0.4236	0.4502	0.4826	21.0976	2630.3114
118100	0.3335	0.4235	0.4500	0.4835	21.1050	2629.4236
118200	0.3335	0.4235	0.4498	0.4840	21.1089	2628.5314
118300	0.3321	0.4226	0.4488	0.4832	21.1148	2627.6360
118400	0.3320	0.4230	0.4494	0.4833	21.1196	2626.7500
118500	0.3328	0.4239	0.4506	0.4833	21.1233	2625.8661
118600	0.3313	0.4217	0.4481	0.4820	21.1277	2624.9796
118700	0.3319	0.4220	0.4483	0.4829	21.1316	2624.1033
118800	0.3332	0.4241	0.4508	0.4829	21.1358	2623.2179
118900	0.3342	0.4250	0.4518	0.4843	21.1394	2622.3345
119000	0.3331	0.4232	0.4495	0.4830	21.1435	2621.4471
119100	0.3325	0.4228	0.4491	0.4832	21.1466	2620.5643
119200	0.3327	0.4234	0.4500	0.4834	21.1499	2619.6878
119300	0.3331	0.4239	0.4504	0.4837	21.1512	2618.8167
119400	0.3321	0.4224	0.4486	0.4839	21.1538	2617.9441
119500	0.3316	0.4226	0.4489	0.4832	21.1557	2617.0681
119600	0.3313	0.4217	0.4478	0.4824	21.1579	2616.1900
119700	0.3315	0.4225	0.4490	0.4830	21.1610	2615.3275
119800	0.3317	0.4236	0.4501	0.4833	21.1640	2614.4523
119900	0.3317	0.4234	0.4499	0.4834	21.1692	2613.5754
120000	0.3307	0.4226	0.4487	0.4837	21.1717	2612.7072
120100	0.3318	0.4230	0.4493	0.4844	21.1758	2611.8273
120200	0.3320	0.4233	0.4496	0.4844	21.1798	2610.9572
120300	0.3313	0.4229	0.4493	0.4844	21.1807	2610.0850
120400	0.3313	0.4230	0.4493	0.4838	21.1823	2609.2273
120500	0.3321	0.4229	0.4489	0.4841	21.1823	2608.3661
120600	0.3306	0.4220	0.4482	0.4826	21.1831	2607.5080
120700	0.3310	0.4225	0.4487	0.4834	21.1855	2606.6409
120800	0.3309	0.4224	0.4487	0.4839	21.1854	2605.7759
120900	0.3312	0.4227	0.4488	0.4842	21.1867	2604.9224
121000	0.3302	0.4217	0.4478	0.4837	21.1884	2604.0668
121100	0.3336	0.4247	0.4513	0.4851	21.1895	2603.2067
121200	0.3315	0.4230	0.4492	0.4842	21.1906	2602.3495
121300	0.3303	0.4216	0.4475	0.4833	21.1905	2601.4965
121400	0.3314	0.4243	0.4508	0.4842	21.1938	2600.6367
121500	0.3309	0.4228	0.4490	0.4830	21.1940	2599.7791
121600	0.3305	0.4224	0.4485	0.4840	21.1923	2598.9276
121700	0.3300	0.4219	0.4478	0.4838	21.1939	2598.0731
121800	0.3325	0.4235	0.4497	0.4859	21.1942	2597.2259
121900	0.3309	0.4222	0.4481	0.4842	21.1953	2596.3701
122000	0.3311	0.4230	0.4491	0.4841	21.1946	2595.5226
122100	0.3315	0.4224	0.4485	0.4849	21.1956	2594.6770
122200	0.3306	0.4226	0.4487	0.4838	21.1974	2593.8279
122300	0.3303	0.4216	0.4476	0.4845	21.1969	2592.9810
122400	0.3290	0.4209	0.4467	0.4835	21.1975	2592.1385
122500	0.3289	0.4215	0.4476	0.4838	21.1984	2591.2888
122600	0.3299	0.4226	0.4489	0.4841	21.1995	2590.4505
122700	0.3282	0.4209	0.4472	0.4834	21.2004	2589.6048
122800	0.3300	0.4228	0.4491	0.4833	21.2007	2588.7688
122900	0.3285	0.4212	0.4471	0.4834	21.2000	2587.9262
123000	0.3286	0.4215	0.4474	0.4837	21.2015	2587.0857
123100	0.3303	0.4229	0.4491	0.4845	21.2049	2586.2406
123200	0.3283	0.4221	0.4483	0.4832	21.2041	2585.4063
123300	0.3279	0.4209	0.4469	0.4826	21.2041	2584.5714
123400	0.3286	0.4215	0.4478	0.4841	21.2057	2583.7411
123500	0.3287	0.4217	0.4477	0.4833	21.2053	2582.9096
123600	0.3296	0.4226	0.4488	0.4839	21.2056	2582.0701
123700	0.3291	0.4227	0.4489	0.4835	21.2040	2581.2411
123800	0.3274	0.4206	0.4466	0.4826	21.2061	2580.4070
123900	0.3272	0.4199	0.4459	0.4823	21.2090	2579.5723
124000	0.3280	0.4208	0.4468	0.4831	21.2104	2578.7401
124100	0.3264	0.4209	0.4469	0.4817	21.2101	2577.9135
124200	0.3268	0.4208	0.4469	0.4828	21.2099	2577.0935
124300	0.3275	0.4210	0.4471	0.4829	21.2112	2576.2720
124400	0.3279	0.4214	0.4476	0.4833	21.2119	2575.4427
124500	0.3293	0.4225	0.4487	0.4841	21.2115	2574.6219
124600	0.3292	0.4223	0.4484	0.4842	21.2122	2573.7928
124700	0.3294	0.4228	0.4491	0.4845	21.2134	2572.9699
124800	0.3275	0.4218	0.4479	0.4827	21.2160	2572.1468
124900	0.3297	0.4231	0.4494	0.4839	21.2143	2571.3237
125000	0.3280	0.4217	0.4479	0.4830	21.2151	2570.5051
125100	0.3286	0.4215	0.4477	0.4840	21.2149	2569.6884
125200	0.3287	0.4217	0.4478	0.4836	21.2165	2568.8657
125300	0.3279	0.4210	0.4471	0.4834	21.2167	2568.0558
125400	0.3299	0.4237	0.4504	0.4847	21.2186	2567.2358
125500	0.3274	0.4210	0.4472	0.4838	21.2187	2566.4203
125600	0.3281	0.4222	0.4483	0.4838	21.2185	2565.5996
125700	0.3269	0.4206	0.4467	0.4833	21.2185	2564.7900
125800	0.3277	0.4212	0.4474	0.4838	21.2208	2563.9807
125900	0.3279	0.4219	0.4481	0.4835	21.2206	2563.1663
126000	0.3267	0.4207	0.4469	0.4821	21.2225	2562.3610
126100	0.3271	0.4210	0.4473	0.4833	21.2219	2561.5552
126200	0.3268	0.4211	0.4474	0.4830	21.2234	2560.7449
126300	0.3281	0.4217	0.4479	0.4839	21.2216	2559.9362
126400	0.3266	0.4207	0.4469	0.4827	21.2233	2559.1234
126500	0.3263	0.4201	0.4462	0.4836	21.2260	2558.3233
126600	0.3271	0.4213	0.4476	0.4839	21.2267	2557.5188
126700	0.3266	0.4202	0.4461	0.4842	21.2274	2556.7154
126800	0.3277	0.4209	0.4470	0.4847	21.2273	2555.9187
126900	0.3262	0.4203	0.4464	0.4834	21.2286	2555.1141
127000	0.3261	0.4210	0.4470	0.4831	21.2280	2554.3154
127100	0.3251	0.4197	0.4458	0.4835	21.2295	2553.5096
127200	0.3266	0.4197	0.4457	0.4845	21.2320	2552.7120
127300	0.3257	0.4198	0.4459	0.4829	21.2316	2551.9105
127400	0.3261	0.4197	0.4457	0.4837	21.2331	2551.1089
127500	0.3266	0.4204	0.4466	0.4836	21.2328	2550.3220
127600	0.3256	0.4195	0.4457	0.4838	21.2338	2549.5322
127700	0.3263	0.4201	0.4460	0.4838	21.2334	2548.7374
127800	0.3270	0.4216	0.4480	0.4847	21.2333	2547.9402
127900	0.3254	0.4199	0.4461	0.4835	21.2354	2547.1483
128000	0.3256	0.4199	0.4460	0.4838	21.2353	2546.3575
128100	0.3263	0.4210	0.4474	0.4839	21.2351	2545.5687
128200	0.3254	0.4204	0.4468	0.4834	21.2362	2544.7747
128300	0.3245	0.4189	0.4450	0.4835	21.2377	2543.9835
128400	0.3256	0.4205	0.4467	0.4841	21.2381	2543.1993
128500	0.3249	0.4203	0.4468	0.4834	21.2380	2542.4127
128600	0.3253	0.4197	0.4459	0.4840	21.2408	2541.6230
128700	0.3260	0.4208	0.4472	0.4843	21.2407	2540.8440
128800	0.3252	0.4197	0.4460	0.4841	21.2416	2540.0579
128900	0.3248	0.4189	0.4450	0.4842	21.2410	2539.2771
129000	0.3256	0.4205	0.4469	0.4853	21.2413	2538.4919
129100	0.3251	0.4201	0.4463	0.4843	21.2438	2537.7086
129200	0.3235	0.4182	0.4441	0.4844	21.2424	2536.9328
129300	0.3255	0.4208	0.4474	0.4851	21.2426	2536.1575
129400	0.3244	0.4189	0.4452	0.4847	21.2449	2535.3726
129500	0.3238	0.4184	0.4446	0.4843	21.2452	2534.5975
129600	0.3253	0.4200	0.4460	0.4849	21.2441	2533.8194
129700	0.3229	0.4176	0.4435	0.4838	21.2449	2533.0422
129800	0.3251	0.4197	0.4459	0.4853	21.2459	2532.2677
129900	0.3251	0.4204	0.4469	0.4848	21.2460	2531.4968
130000	0.3252	0.4202	0.4465	0.4847	21.2444	2530.7261
130100	0.3234	0.4178	0.4440	0.4843	21.2462	2529.9538
130200	0.3242	0.4183	0.4443	0.4843	21.2509	2529.1829
130300	0.3260	0.4207	0.4469	0.4856	21.2517	2528.4078
130400	0.3243	0.4189	0.4450	0.4855	21.2525	2527.6381
130500	0.3248	0.4202	0.4464	0.4851	21.2531	2526.8673
130600	0.3254	0.4205	0.4470	0.4857	21.2530	2526.1051
130700	0.3248	0.4196	0.4460	0.4847	21.2536	2525.3427
130800	0.3243	0.4188	0.4450	0.4847	21.2550	2524.5782
130900	0.3246	0.4201	0.4466	0.4853	21.2549	2523.8154
131000	0.3251	0.4199	0.4463	0.4853	21.2541	2523.0491
131100	0.3263	0.4218	0.4484	0.4866	21.2554	2522.2898
131200	0.3245	0.4197	0.4462	0.4851	21.2569	2521.5256
131300	0.3242	0.4204	0.4469	0.4850	21.2582	2520.7599
131400	0.3228	0.4183	0.4446	0.4840	21.2607	2520.0028
131500	0.3236	0.4190	0.4454	0.4846	21.2605	2519.2360
131600	0.3229	0.4181	0.4442	0.4854	21.2601	2518.4755
131700	0.3238	0.4192	0.4456	0.4850	21.2620	2517.7171
131800	0.3235	0.4199	0.4465	0.4850	21.2623	2516.9616
131900	0.3244	0.4187	0.4449	0.4855	21.2625	2516.2095
132000	0.3234	0.4192	0.4455	0.4847	21.2628	2515.4587
132100	0.3233	0.4183	0.4443	0.4855	21.2645	2514.6984
132200	0.3231	0.4188	0.4452	0.4854	21.2646	2513.9465
132300	0.3220	0.4178	0.4440	0.4852	21.2658	2513.1952
132400	0.3243	0.4193	0.4455	0.4858	21.2656	2512.4400
132500	0.3233	0.4185	0.4448	0.4853	21.2684	2511.6875
132600	0.3232	0.4179	0.4443	0.4859	21.2657	2510.9428
132700	0.3245	0.4204	0.4469	0.4863	21.2690	2510.1941
132800	0.3243	0.4198	0.4464	0.4863	21.2699	2509.4455
132900	0.3233	0.4195	0.4460	0.4851	21.2699	2508.6941
133000	0.3231	0.4196	0.4462	0.4848	21.2712	2507.9484
133100	0.3234	0.4194	0.4461	0.4856	21.2702	2507.2032
133200	0.3223	0.4184	0.4448	0.4850	21.2711	2506.4574
133300	0.3234	0.4192	0.4457	0.4859	21.2709	2505.7108
133400	0.3225	0.4188	0.4452	0.4854	21.2721	2504.9660
133500	0.3226	0.4187	0.4453	0.4853	21.2715	2504.2261
133600	0.3222	0.4190	0.4456	0.4852	21.2738	2503.4806
133700	0.3238	0.4200	0.4466	0.4858	21.2753	2502.7422
133800	0.3237	0.4195	0.4462	0.4858	21.2754	2502.0025
133900	0.3239	0.4189	0.4454	0.4855	21.2762	2501.2630
134000	0.3240	0.4203	0.4471	0.4858	21.2769	2500.5218
134100	0.3238	0.4201	0.4467	0.4863	21.2783	2499.7850
134200	0.3246	0.4201	0.4469	0.4865	21.2798	2499.0455
134300	0.3247	0.4201	0.4469	0.4866	21.2794	2498.3165
134400	0.3228	0.4197	0.4462	0.4850	21.2813	2497.5767
134500	0.3235	0.4191	0.4455	0.4864	21.2816	2496.8365
134600	0.3249	0.4209	0.4477	0.4871	21.2817	2496.1038
134700	0.3231	0.4198	0.4467	0.4860	21.2830	2495.3773
134800	0.3258	0.4224	0.4496	0.4870	21.2851	2494.6409
134900	0.3241	0.4214	0.4485	0.4867	21.2875	2493.9098
135000	0.3236	0.4192	0.4457	0.4865	21.2882	2493.1829
135100	0.3250	0.4211	0.4481	0.4869	21.2892	2492.4508
135200	0.3243	0.4208	0.4478	0.4873	21.2890	2491.7169
135300	0.3236	0.4202	0.4472	0.4868	21.2913	2490.9919
135400	0.3231	0.4195	0.4465	0.4867	21.2932	2490.2677
135500	0.3243	0.4198	0.4468	0.4872	21.2935	2489.5327
135600	0.3234	0.4203	0.4472	0.4869	21.2931	2488.8157
135700	0.3232	0.4197	0.4469	0.4873	21.2931	2488.0902
135800	0.3237	0.4208	0.4480	0.4878	21.2949	2487.3685
135900	0.3225	0.4193	0.4465	0.4869	21.2983	2486.6410
136000	0.3230	0.4190	0.4461	0.4868	21.3023	2485.9134
136100	0.3228	0.4190	0.4459	0.4868	21.3031	2485.1977
136200	0.3220	0.4185	0.4456	0.4866	21.3023	2484.4809
136300	0.3225	0.4188	0.4459	0.4868	21.3038	2483.7632
136400	0.3236	0.4201	0.4474	0.4874	21.3049	2483.0406
136500	0.3234	0.4199	0.4472	0.4876	21.3074	2482.3225
136600	0.3231	0.4194	0.4465	0.4871	21.3108	2481.6031
136700	0.3237	0.4199	0.4471	0.4878	21.3106	2480.8919
136800	0.3234	0.4198	0.4471	0.4867	21.3102	2480.1753
136900	0.3235	0.4206	0.4480	0.4880	21.3135	2479.4548
137000	0.3214	0.4185	0.4457	0.4864	21.3138	2478.7440
137100	0.3247	0.4212	0.4487	0.4886	21.3162	2478.0258
137200	0.3235	0.4201	0.4474	0.4874	21.3177	2477.3126
137300	0.3247	0.4215	0.4490	0.4886	21.3182	2476.6078
137400	0.3241	0.4208	0.4483	0.4890	21.3186	2475.8962
137500	0.3230	0.4199	0.4471	0.4884	21.3184	2475.1835
137600	0.3237	0.4213	0.4490	0.4884	21.3205	2474.4718
137700	0.3255	0.4228	0.4507	0.4891	21.3208	2473.7639
137800	0.3239	0.4212	0.4487	0.4884	21.3242	2473.0594
137900	0.3245	0.4224	0.4504	0.4886	21.3257	2472.3541
138000	0.3243	0.4207	0.4484	0.4889	21.3281	2471.6448
138100	0.3248	0.4217	0.4495	0.4895	21.3292	2470.9405
138200	0.3241	0.4204	0.4480	0.4882	21.3311	2470.2368
138300	0.3236	0.4199	0.4474	0.4886	21.3310	2469.5328
138400	0.3242	0.4214	0.4493	0.4892	21.3317	2468.8292
138500	0.3244	0.4221	0.4501	0.4890	21.3326	2468.1288
138600	0.3241	0.4222	0.4502	0.4889	21.3353	2467.4190
138700	0.3230	0.4211	0.4490	0.4885	21.3380	2466.7098
138800	0.3231	0.4208	0.4486	0.4882	21.3389	2466.0100
138900	0.3250	0.4218	0.4497	0.4902	21.3390	2465.3186
139000	0.3244	0.4216	0.4495	0.4892	21.3402	2464.6223
139100	0.3232	0.4209	0.4490	0.4885	21.3423	2463.9207
139200	0.3242	0.4211	0.4492	0.4894	21.3436	2463.2243
139300	0.3230	0.4207	0.4486	0.4885	21.3433	2462.5235
139400	0.3222	0.4204	0.4484	0.4886	21.3453	2461.8338
139500	0.3241	0.4217	0.4499	0.4901	21.3466	2461.1406
139600	0.3238	0.4215	0.4497	0.4891	21.3476	2460.4417
139700	0.3234	0.4219	0.4501	0.4893	21.3497	2459.7459
139800	0.3226	0.4219	0.4502	0.4890	21.3522	2459.0547
139900	0.3240	0.4226	0.4509	0.4899	21.3530	2458.3566
140000	0.3230	0.4210	0.4490	0.4895	21.3532	2457.6714
140100	0.3232	0.4219	0.4502	0.4893	21.3552	2456.9822
140200	0.3233	0.4221	0.4504	0.4895	21.3579	2456.2915
140300	0.3245	0.4229	0.4513	0.4901	21.3612	2455.6033
140400	0.3239	0.4220	0.4503	0.4895	21.3639	2454.9169
140500	0.3227	0.4206	0.4487	0.4896	21.3615	2454.2327
140600	0.3235	0.4214	0.4498	0.4900	21.3639	2453.5442
140700	0.3234	0.4215	0.4499	0.4904	21.3675	2452.8593
140800	0.3219	0.4209	0.4491	0.4894	21.3707	2452.1786
140900	0.3228	0.4219	0.4505	0.4900	21.3724	2451.4908
141000	0.3230	0.4213	0.4498	0.4897	21.3745	2450.8055
141100	0.3228	0.4218	0.4502	0.4889	21.3769	2450.1224
141200	0.3236	0.4226	0.4512	0.4899	21.3806	2449.4352
141300	0.3240	0.4229	0.4514	0.4898	21.3830	2448.7560
141400	0.3240	0.4229	0.4516	0.4903	21.3861	2448.0722
141500	0.3240	0.4236	0.4524	0.4902	21.3855	2447.4011
141600	0.3231	0.4229	0.4515	0.4899	21.3875	2446.7226
141700	0.3240	0.4224	0.4509	0.4911	21.3902	2446.0408
141800	0.3242	0.4238	0.4526	0.4907	21.3930	2445.3583
141900	0.3260	0.4256	0.4548	0.4918	21.3942	2444.6826
142000	0.3249	0.4249	0.4539	0.4908	21.3978	2444.0000
142100	0.3251	0.4246	0.4535	0.4915	21.4012	2443.3293
142200	0.3251	0.4256	0.4548	0.4911	21.4042	2442.6626
142300	0.3252	0.4245	0.4535	0.4911	21.4097	2441.9813
142400	0.3247	0.4239	0.4527	0.4911	21.4120	2441.3026
142500	0.3253	0.4260	0.4555	0.4916	21.4138	2440.6297
142600	0.3255	0.4258	0.4551	0.4912	21.4168	2439.9627
142700	0.3256	0.4250	0.4541	0.4917	21.4186	2439.2943
142800	0.3253	0.4251	0.4543	0.4915	21.4204	2438.6263
142900	0.3252	0.4249	0.4543	0.4919	21.4219	2437.9537
143000	0.3244	0.4237	0.4526	0.4916	21.4240	2437.2920
143100	0.3247	0.4245	0.4538	0.4918	21.4236	2436.6238
143200	0.3256	0.4257	0.4551	0.4928	21.4270	2435.9564
143300	0.3264	0.4260	0.4552	0.4927	21.4293	2435.2918
143400	0.3260	0.4260	0.4554	0.4926	21.4364	2434.6171
143500	0.3275	0.4277	0.4573	0.4933	21.4403	2433.9488
143600	0.3252	0.4253	0.4546	0.4922	21.4438	2433.2815
143700	0.3259	0.4262	0.4559	0.4929	21.4474	2432.6162
143800	0.3261	0.4259	0.4555	0.4925	21.4488	2431.9549
143900	0.3252	0.4248	0.4541	0.4926	21.4511	2431.2995
144000	0.3248	0.4254	0.4549	0.4927	21.4524	2430.6361
144100	0.3255	0.4259	0.4556	0.4930	21.4545	2429.9707
144200	0.3261	0.4264	0.4561	0.4930	21.4570	2429.3122
144300	0.3256	0.4255	0.4550	0.4929	21.4562	2428.6569
144400	0.3271	0.4272	0.4568	0.4943	21.4579	2428.0008
144500	0.3262	0.4263	0.4561	0.4928	21.4613	2427.3396
144600	0.3275	0.4281	0.4581	0.4941	21.4682	2426.6793
144700	0.3283	0.4288	0.4589	0.4943	21.4721	2426.0235
144800	0.3262	0.4276	0.4575	0.4936	21.4732	2425.3673
144900	0.3282	0.4287	0.4587	0.4945	21.4755	2424.7134
145000	0.3287	0.4294	0.4598	0.4948	21.4794	2424.0557
145100	0.3287	0.4286	0.4588	0.4945	21.4836	2423.3983
145200	0.3291	0.4288	0.4588	0.4941	21.4863	2422.7477
145300	0.3285	0.4285	0.4585	0.4950	21.4886	2422.0974
145400	0.3280	0.4283	0.4584	0.4948	21.4932	2421.4435
145500	0.3285	0.4292	0.4595	0.4941	21.4963	2420.7907
145600	0.3309	0.4302	0.4604	0.4955	21.4978	2420.1336
145700	0.3281	0.4289	0.4591	0.4946	21.5013	2419.4872
145800	0.3286	0.4289	0.4590	0.4949	21.5017	2418.8415
145900	0.3273	0.4272	0.4570	0.4938	21.5022	2418.1932
146000	0.3290	0.4290	0.4590	0.4955	21.5019	2417.5490
146100	0.3303	0.4313	0.4618	0.4959	21.5057	2416.8945
146200	0.3273	0.4279	0.4579	0.4940	21.5090	2416.2485
146300	0.3288	0.4296	0.4598	0.4952	21.5133	2415.6011
146400	0.3296	0.4306	0.4610	0.4955	21.5150	2414.9619
146500	0.3307	0.4321	0.4630	0.4960	21.5177	2414.3133
146600	0.3302	0.4319	0.4629	0.4960	21.5211	2413.6726
146700	0.3293	0.4313	0.4619	0.4955	21.5228	2413.0324
146800	0.3302	0.4326	0.4635	0.4956	21.5257	2412.3887
146900	0.3308	0.4328	0.4638	0.4958	21.5285	2411.7435
147000	0.3300	0.4318	0.4625	0.4959	21.5296	2411.1052
147100	0.3299	0.4316	0.4624	0.4956	21.5312	2410.4674
147200	0.3293	0.4311	0.4617	0.4954	21.5357	2409.8224
147300	0.3322	0.4346	0.4659	0.4973	21.5386	2409.1823
147400	0.3318	0.4331	0.4641	0.4964	21.5389	2408.5395
147500	0.3308	0.4332	0.4643	0.4967	21.5407	2407.9051
147600	0.3307	0.4329	0.4640	0.4966	21.5437	2407.2703
147700	0.3310	0.4332	0.4645	0.4970	21.5478	2406.6328
147800	0.3306	0.4323	0.4633	0.4970	21.5482	2405.9963
147900	0.3296	0.4322	0.4633	0.4964	21.5523	2405.3597
148000	0.3308	0.4331	0.4643	0.4965	21.5551	2404.7304
148100	0.3302	0.4328	0.4639	0.4965	21.5587	2404.0935
148200	0.3302	0.4318	0.4628	0.4965	21.5593	2403.4588
148300	0.3303	0.4324	0.4634	0.4966	21.5595	2402.8273
148400	0.3308	0.4335	0.4647	0.4969	21.5625	2402.1929
148500	0.3315	0.4344	0.4659	0.4970	21.5638	2401.5633
148600	0.3316	0.4342	0.4656	0.4969	21.5647	2400.9348
148700	0.3310	0.4337	0.4650	0.4965	21.5692	2400.3025
148800	0.3309	0.4346	0.4661	0.4963	21.5725	2399.6736
148900	0.3301	0.4331	0.4644	0.4958	21.5768	2399.0419
149000	0.3306	0.4331	0.4644	0.4960	21.5789	2398.4162
149100	0.3306	0.4330	0.4642	0.4965	21.5801	2397.7916
149200	0.3311	0.4335	0.4647	0.4960	21.5839	2397.1636
149300	0.3313	0.4331	0.4644	0.4965	21.5844	2396.5427
149400	0.3308	0.4335	0.4649	0.4965	21.5876	2395.9148
149500	0.3316	0.4345	0.4662	0.4967	21.5889	2395.2930
149600	0.3317	0.4347	0.4661	0.4966	21.5903	2394.6670
149700	0.3308	0.4333	0.4647	0.4965	21.5926	2394.0432
149800	0.3321	0.4342	0.4656	0.4975	21.5948	2393.4191
149900	0.3307	0.4328	0.4641	0.4964	21.5971	2392.8001
150000	0.3319	0.4349	0.4666	0.4973	21.6003	2392.1803
150100	0.3323	0.4356	0.4675	0.4969	21.6029	2391.5596
150200	0.3325	0.4353	0.4670	0.4972	21.6039	2390.9414
150300	0.3327	0.4364	0.4686	0.4972	21.6073	2390.3169
150400	0.3317	0.4351	0.4669	0.4965	21.6078	2389.7082
150500	0.3325	0.4366	0.4686	0.4968	21.6095	2389.0900
150600	0.3324	0.4361	0.4681	0.4971	21.6153	2388.4668
150700	0.3331	0.4365	0.4684	0.4976	21.6199	2387.8408
150800	0.3331	0.4370	0.4690	0.4974	21.6220	2387.2194
150900	0.3317	0.4351	0.4666	0.4967	21.6225	2386.6136
151000	0.3327	0.4368	0.4688	0.4978	21.6230	2386.0026
151100	0.3339	0.4376	0.4697	0.4979	21.6257	2385.3884
151200	0.3321	0.4352	0.4667	0.4973	21.6296	2384.7745
151300	0.3316	0.4356	0.4674	0.4970	21.6291	2384.1638
151400	0.3328	0.4361	0.4680	0.4978	21.6313	2383.5525
151500	0.3327	0.4364	0.4685	0.4979	21.6331	2382.9398
151600	0.3335	0.4367	0.4687	0.4981	21.6373	2382.3290
151700	0.3326	0.4369	0.4691	0.4975	21.6383	2381.7176
151800	0.3332	0.4371	0.4695	0.4975	21.6409	2381.1073
151900	0.3334	0.4360	0.4678	0.4985	21.6451	2380.4988
152000	0.3339	0.4373	0.4694	0.4990	21.6487	2379.8899
152100	0.3338	0.4374	0.4696	0.4984	21.6506	2379.2812
152200	0.3342	0.4380	0.4701	0.4990	21.6491	2378.6736
152300	0.3324	0.4368	0.4688	0.4977	21.6516	2378.0653
152400	0.3344	0.4386	0.4711	0.4984	21.6519	2377.4598
152500	0.3341	0.4375	0.4697	0.4987	21.6535	2376.8553
152600	0.3341	0.4381	0.4704	0.4989	21.6550	2376.2473
152700	0.3332	0.4367	0.4689	0.4989	21.6560	2375.6448
152800	0.3352	0.4391	0.4714	0.4990	21.6568	2375.0417
152900	0.3346	0.4376	0.4696	0.4988	21.6595	2374.4377
153000	0.3347	0.4377	0.4699	0.4988	21.6600	2373.8380
153100	0.3356	0.4401	0.4728	0.4991	21.6622	2373.2372
153200	0.3353	0.4394	0.4719	0.4995	21.6633	2372.6338
153300	0.3354	0.4395	0.4721	0.5000	21.6643	2372.0338
153400	0.3351	0.4403	0.4729	0.4996	21.6656	2371.4366
153500	0.3353	0.4403	0.4730	0.4990	21.6694	2370.8359
153600	0.3355	0.4400	0.4724	0.4994	21.6709	2370.2418
153700	0.3337	0.4389	0.4713	0.4986	21.6711	2369.6409
153800	0.3353	0.4400	0.4726	0.4991	21.6736	2369.0466
153900	0.3352	0.4397	0.4721	0.4990	21.6781	2368.4480
154000	0.3350	0.4392	0.4716	0.4991	21.6763	2367.8522
154100	0.3351	0.4399	0.4726	0.4993	21.6778	2367.2595
154200	0.3358	0.4406	0.4731	0.4993	21.6810	2366.6622
154300	0.3364	0.4412	0.4739	0.4990	21.6828	2366.0654
154400	0.3367	0.4407	0.4731	0.4998	21.6845	2365.4732
154500	0.3362	0.4416	0.4744	0.4995	21.6838	2364.8813
154600	0.3358	0.4406	0.4731	0.4990	21.6860	2364.2913
154700	0.3365	0.4412	0.4737	0.4992	21.6883	2363.6975
154800	0.3370	0.4417	0.4742	0.4999	21.6886	2363.1076
154900	0.3374	0.4419	0.4747	0.4997	21.6902	2362.5179
155000	0.3376	0.4427	0.4757	0.5000	21.6918	2361.9274
155100	0.3372	0.4423	0.4753	0.4997	21.6921	2361.3386
155200	0.3374	0.4416	0.4742	0.4996	21.6952	2360.7486
155300	0.3372	0.4412	0.4738	0.4999	21.6937	2360.1586
155400	0.3372	0.4412	0.4738	0.5001	21.6941	2359.5746
155500	0.3367	0.4419	0.4748	0.4996	21.6963	2358.9817
155600	0.3369	0.4425	0.4755	0.4997	21.6992	2358.3981
155700	0.3378	0.4417	0.4744	0.4998	21.6987	2357.8132
155800	0.3385	0.4425	0.4755	0.5003	21.6988	2357.2256
155900	0.3380	0.4430	0.4761	0.5002	21.6999	2356.6445
156000	0.3362	0.4406	0.4732	0.4992	21.7001	2356.0648
156100	0.3388	0.4433	0.4764	0.5002	21.6990	2355.4834
156200	0.3380	0.4434	0.4764	0.4997	21.6990	2354.8991
156300	0.3379	0.4431	0.4761	0.5000	21.7022	2354.3159
156400	0.3384	0.4420	0.4746	0.5003	21.7030	2353.7329
156500	0.3385	0.4433	0.4764	0.5000	21.7026	2353.1569
156600	0.3372	0.4428	0.4759	0.5001	21.7063	2352.5757
156700	0.3377	0.4429	0.4759	0.4998	21.7103	2351.9973
156800	0.3384	0.4435	0.4767	0.5004	21.7134	2351.4132
156900	0.3378	0.4423	0.4751	0.4995	21.7142	2350.8358
157000	0.3386	0.4438	0.4770	0.5000	21.7149	2350.2602
157100	0.3376	0.4432	0.4762	0.4995	21.7162	2349.6846
157200	0.3385	0.4439	0.4770	0.5005	21.7168	2349.1072
157300	0.3387	0.4441	0.4771	0.5001	21.7182	2348.5302
157400	0.3400	0.4450	0.4782	0.5008	21.7188	2347.9540
157500	0.3404	0.4450	0.4782	0.5009	21.7197	2347.3809
157600	0.3388	0.4437	0.4768	0.5002	21.7203	2346.8085
157700	0.3393	0.4450	0.4783	0.5000	21.7208	2346.2352
157800	0.3382	0.4433	0.4761	0.4997	21.7212	2345.6617
157900	0.3396	0.4450	0.4782	0.4997	21.7202	2345.0896
158000	0.3396	0.4442	0.4772	0.5001	21.7236	2344.5183
158100	0.3395	0.4444	0.4775	0.5008	21.7222	2343.9474
158200	0.3399	0.4448	0.4779	0.5004	21.7226	2343.3746
158300	0.3397	0.4449	0.4779	0.5006	21.7231	2342.8047
158400	0.3391	0.4433	0.4761	0.4996	21.7236	2342.2343
158500	0.3388	0.4441	0.4772	0.4997	21.7234	2341.6643
158600	0.3394	0.4446	0.4776	0.5000	21.7223	2341.0992
158700	0.3382	0.4434	0.4764	0.4998	21.7206	2340.5262
158800	0.3390	0.4450	0.4782	0.5001	21.7200	2339.9641
158900	0.3381	0.4441	0.4773	0.4992	21.7232	2339.3918
159000	0.3402	0.4458	0.4791	0.5005	21.7256	2338.8285
159100	0.3396	0.4444	0.4774	0.5005	21.7272	2338.2637
159200	0.3404	0.4460	0.4794	0.5007	21.7286	2337.6990
159300	0.3412	0.4459	0.4790	0.5005	21.7279	2337.1357
159400	0.3405	0.4454	0.4786	0.5001	21.7309	2336.5721
159500	0.3411	0.4463	0.4795	0.5011	21.7303	2336.0046
159600	0.3416	0.4468	0.4801	0.5015	21.7291	2335.4432
159700	0.3409	0.4470	0.4805	0.5010	21.7302	2334.8807
159800	0.3393	0.4452	0.4784	0.5000	21.7309	2334.3160
159900	0.3416	0.4470	0.4805	0.5005	21.7321	2333.7574
160000	0.3412	0.4460	0.4793	0.5007	21.7315	2333.2008
160100	0.3415	0.4472	0.4807	0.5006	21.7307	2332.6435
160200	0.3416	0.4470	0.4804	0.5011	21.7334	2332.0778
160300	0.3410	0.4473	0.4809	0.5007	21.7325	2331.5184
160400	0.3414	0.4473	0.4807	0.5012	21.7339	2330.9614
160500	0.3415	0.4482	0.4820	0.5007	21.7365	2330.4025
160600	0.3412	0.4476	0.4812	0.5006	21.7378	2329.8475
160700	0.3397	0.4459	0.4792	0.4997	21.7356	2329.2916
160800	0.3403	0.4469	0.4804	0.5012	21.7343	2328.7325
160900	0.3407	0.4471	0.4806	0.5004	21.7376	2328.1732
161000	0.3416	0.4470	0.4803	0.5010	21.7367	2327.6202
161100	0.3401	0.4470	0.4805	0.5001	21.7368	2327.0632
161200	0.3411	0.4464	0.4797	0.5003	21.7350	2326.5095
161300	0.3416	0.4475	0.4810	0.5011	21.7336	2325.9577
161400	0.3413	0.4472	0.4806	0.5009	21.7344	2325.4081
161500	0.3419	0.4468	0.4801	0.5010	21.7357	2324.8563
161600	0.3406	0.4464	0.4798	0.5005	21.7355	2324.3037
161700	0.3413	0.4466	0.4799	0.5010	21.7338	2323.7536
161800	0.3405	0.4468	0.4802	0.5011	21.7349	2323.1981
161900	0.3404	0.4472	0.4807	0.5004	21.7340	2322.6489
162000	0.3404	0.4471	0.4807	0.5008	21.7366	2322.1009
162100	0.3407	0.4475	0.4810	0.5002	21.7389	2321.5474
162200	0.3402	0.4463	0.4796	0.5003	21.7400	2320.9986
162300	0.3404	0.4470	0.4804	0.4998	21.7414	2320.4527
162400	0.3415	0.4474	0.4807	0.5007	21.7409	2319.9057
162500	0.3403	0.4467	0.4800	0.5004	21.7410	2319.3577
162600	0.3409	0.4474	0.4808	0.5005	21.7412	2318.8156
162700	0.3416	0.4469	0.4801	0.5004	21.7412	2318.2672
162800	0.3417	0.4480	0.4815	0.5008	21.7419	2317.7193
162900	0.3416	0.4472	0.4804	0.5010	21.7415	2317.1762
163000	0.3419	0.4484	0.4821	0.5010	21.7409	2316.6321
163100	0.3418	0.4484	0.4820	0.5009	21.7432	2316.0892
163200	0.3417	0.4478	0.4812	0.5010	21.7449	2315.5504
163300	0.3411	0.4472	0.4806	0.5005	21.7467	2315.0110
163400	0.3415	0.4469	0.4801	0.5005	21.7490	2314.4655
163500	0.3416	0.4473	0.4807	0.5011	21.7494	2313.9249
163600	0.3417	0.4478	0.4812	0.5008	21.7474	2313.3862
163700	0.3418	0.4476	0.4809	0.5004	21.7469	2312.8473
163800	0.3409	0.4477	0.4812	0.5000	21.7478	2312.3041
163900	0.3410	0.4472	0.4806	0.5000	21.7497	2311.7610
164000	0.3416	0.4479	0.4814	0.5006	21.7493	2311.2261
164100	0.3414	0.4469	0.4801	0.5002	21.7498	2310.6872
164200	0.3410	0.4471	0.4804	0.4999	21.7527	2310.1469
164300	0.3417	0.4486	0.4822	0.4997	21.7511	2309.6120
164400	0.3418	0.4475	0.4808	0.4996	21.7491	2309.0754
164500	0.3406	0.4477	0.4813	0.4998	21.7492	2308.5354
164600	0.3412	0.4479	0.4813	0.4998	21.7516	2307.9962
164700	0.3400	0.4464	0.4797	0.4996	21.7539	2307.4597
164800	0.3411	0.4466	0.4797	0.4999	21.7540	2306.9288
164900	0.3406	0.4475	0.4810	0.4993	21.7520	2306.3959
165000	0.3410	0.4468	0.4800	0.4988	21.7497	2305.8666
165100	0.3412	0.4473	0.4807	0.4995	21.7475	2305.3357
165200	0.3411	0.4470	0.4801	0.4989	21.7484	2304.8075
165300	0.3407	0.4461	0.4792	0.4990	21.7444	2304.2753
165400	0.3415	0.4482	0.4816	0.4988	21.7468	2303.7402
165500	0.3403	0.4472	0.4805	0.4990	21.7495	2303.2049
165600	0.3407	0.4465	0.4796	0.4986	21.7485	2302.6757
165700	0.3407	0.4467	0.4799	0.4986	21.7491	2302.1389
165800	0.3411	0.4473	0.4805	0.4990	21.7489	2301.6074
165900	0.3409	0.4464	0.4796	0.4992	21.7478	2301.0844
166000	0.3407	0.4464	0.4796	0.4991	21.7457	2300.5597
166100	0.3416	0.4470	0.4803	0.4995	21.7473	2300.0331
166200	0.3408	0.4462	0.4794	0.4985	21.7496	2299.5045
166300	0.3407	0.4467	0.4800	0.4987	21.7494	2298.9791
166400	0.3418	0.4492	0.4829	0.4991	21.7511	2298.4522
166500	0.3405	0.4469	0.4802	0.4991	21.7512	2297.9251
166600	0.3397	0.4458	0.4790	0.4987	21.7491	2297.4011
166700	0.3409	0.4474	0.4808	0.4991	21.7516	2296.8778
166800	0.3401	0.4461	0.4793	0.4986	21.7503	2296.3506
166900	0.3413	0.4471	0.4803	0.4991	21.7512	2295.8240
167000	0.3399	0.4465	0.4798	0.4983	21.7472	2295.3090
167100	0.3407	0.4471	0.4805	0.4990	21.7482	2294.7872
167200	0.3398	0.4469	0.4806	0.4983	21.7499	2294.2604
167300	0.3406	0.4474	0.4809	0.4990	21.7506	2293.7388
167400	0.3421	0.4486	0.4821	0.5000	21.7499	2293.2150
167500	0.3414	0.4475	0.4808	0.5001	21.7517	2292.6898
167600	0.3410	0.4473	0.4807	0.5000	21.7532	2292.1673
167700	0.3413	0.4471	0.4803	0.4995	21.7516	2291.6486
167800	0.3418	0.4475	0.4808	0.4993	21.7512	2291.1294
167900	0.3411	0.4468	0.4799	0.4990	21.7488	2290.6124
168000	0.3412	0.4470	0.4802	0.4989	21.7468	2290.0997
168100	0.3410	0.4480	0.4815	0.4994	21.7441	2289.5825
168200	0.3418	0.4474	0.4806	0.4993	21.7445	2289.0666
168300	0.3413	0.4469	0.4799	0.4994	21.7447	2288.5489
168400	0.3416	0.4477	0.4809	0.4998	21.7456	2288.0281
168500	0.3409	0.4485	0.4820	0.4992	21.7479	2287.5116
168600	0.3409	0.4469	0.4801	0.4995	21.7461	2287.0026
168700	0.3407	0.4468	0.4799	0.4995	21.7453	2286.4843
168800	0.3410	0.4474	0.4806	0.4991	21.7450	2285.9710
168900	0.3422	0.4476	0.4808	0.4994	21.7455	2285.4613
169000	0.3415	0.4471	0.4802	0.4989	21.7468	2284.9507
169100	0.3416	0.4483	0.4817	0.4994	21.7467	2284.4354
169200	0.3412	0.4476	0.4810	0.4992	21.7470	2283.9235
169300	0.3409	0.4482	0.4817	0.4985	21.7456	2283.4070
169400	0.3427	0.4486	0.4818	0.4994	21.7458	2282.8932
169500	0.3414	0.4471	0.4802	0.4995	21.7440	2282.3816
169600	0.3420	0.4478	0.4810	0.4995	21.7434	2281.8718
169700	0.3410	0.4474	0.4806	0.4985	21.7461	2281.3638
169800	0.3417	0.4475	0.4806	0.4996	21.7450	2280.8596
169900	0.3405	0.4468	0.4799	0.4986	21.7459	2280.3495
170000	0.3411	0.4473	0.4804	0.4989	21.7464	2279.8441
170100	0.3414	0.4479	0.4811	0.4994	21.7462	2279.3372
170200	0.3420	0.4479	0.4809	0.4995	21.7443	2278.8294
170300	0.3423	0.4483	0.4814	0.4996	21.7445	2278.3212
170400	0.3421	0.4481	0.4813	0.4991	21.7466	2277.8130
170500	0.3402	0.4470	0.4802	0.4983	21.7454	2277.3055
170600	0.3421	0.4477	0.4808	0.4996	21.7458	2276.7948
170700	0.3413	0.4477	0.4809	0.4994	21.7469	2276.2898
170800	0.3404	0.4464	0.4792	0.4987	21.7443	2275.7886
170900	0.3417	0.4483	0.4814	0.4993	21.7457	2275.2863
171000	0.3414	0.4475	0.4805	0.4993	21.7467	2274.7850
171100	0.3415	0.4474	0.4802	0.4993	21.7452	2274.2809
171200	0.3420	0.4468	0.4796	0.4998	21.7445	2273.7844
171300	0.3416	0.4477	0.4806	0.4994	21.7453	2273.2818
171400	0.3416	0.4478	0.4809	0.4992	21.7455	2272.7788
171500	0.3421	0.4482	0.4811	0.4993	21.7468	2272.2782
171600	0.3421	0.4491	0.4824	0.5002	21.7468	2271.7757
171700	0.3422	0.4483	0.4814	0.4997	21.7488	2271.2743
171800	0.3422	0.4492	0.4823	0.5000	21.7509	2270.7687
171900	0.3414	0.4482	0.4811	0.4995	21.7502	2270.2726
172000	0.3423	0.4486	0.4816	0.4999	21.7489	2269.7720
172100	0.3426	0.4487	0.4817	0.5002	21.7479	2269.2740
172200	0.3424	0.4484	0.4814	0.5005	21.7481	2268.7791
172300	0.3427	0.4490	0.4820	0.5003	21.7493	2268.2830
172400	0.3428	0.4497	0.4829	0.5002	21.7505	2267.7841
172500	0.3420	0.4481	0.4809	0.4997	21.7495	2267.2901
172600	0.3419	0.4480	0.4809	0.5002	21.7512	2266.7949
172700	0.3431	0.4497	0.4828	0.5003	21.7534	2266.2984
172800	0.3426	0.4499	0.4830	0.5000	21.7555	2265.8003
172900	0.3425	0.4496	0.4828	0.5004	21.7594	2265.3064
173000	0.3417	0.4480	0.4807	0.4998	21.7607	2264.8077
173100	0.3419	0.4481	0.4808	0.4995	21.7636	2264.3165
173200	0.3408	0.4473	0.4799	0.4991	21.7633	2263.8231
173300	0.3407	0.4478	0.4805	0.4990	21.7637	2263.3321
173400	0.3418	0.4482	0.4810	0.4993	21.7633	2262.8408
173500	0.3419	0.4487	0.4814	0.4998	21.7646	2262.3460
173600	0.3432	0.4492	0.4819	0.5003	21.7665	2261.8543
173700	0.3418	0.4482	0.4808	0.4993	21.7681	2261.3636
173800	0.3418	0.4484	0.4812	0.4990	21.7659	2260.8759
173900	0.3422	0.4492	0.4819	0.4997	21.7683	2260.3816
174000	0.3417	0.4487	0.4813	0.4997	21.7706	2259.8953
174100	0.3409	0.4486	0.4811	0.4993	21.7710	2259.4073
174200	0.3407	0.4475	0.4799	0.4999	21.7714	2258.9160
174300	0.3416	0.4491	0.4816	0.5001	21.7732	2258.4266
174400	0.3418	0.4495	0.4821	0.4999	21.7755	2257.9397
174500	0.3416	0.4486	0.4810	0.4997	21.7780	2257.4527
174600	0.3420	0.4498	0.4823	0.4998	21.7816	2256.9655
174700	0.3426	0.4503	0.4828	0.5000	21.7840	2256.4747
174800	0.3420	0.4483	0.4805	0.4989	21.7866	2255.9921
174900	0.3430	0.4492	0.4813	0.4995	21.7901	2255.5037
175000	0.3429	0.4494	0.4813	0.4996	21.7936	2255.0222
175100	0.3414	0.4492	0.4813	0.4995	21.7940	2254.5395
175200	0.3425	0.4492	0.4809	0.5003	21.7953	2254.0544
175300	0.3424	0.4493	0.4810	0.4999	21.7964	2253.5721
175400	0.3424	0.4496	0.4812	0.5002	21.7976	2253.0881
175500	0.3424	0.4498	0.4816	0.5000	21.8006	2252.6051
175600	0.3424	0.4485	0.4798	0.4999	21.8050	2252.1237
175700	0.3426	0.4505	0.4823	0.4999	21.8109	2251.6397
175800	0.3433	0.4515	0.4832	0.4997	21.8141	2251.1594
175900	0.3420	0.4496	0.4808	0.4999	21.8178	2250.6741
176000	0.3427	0.4494	0.4802	0.4996	21.8233	2250.1936
176100	0.3427	0.4487	0.4792	0.4994	21.8270	2249.7142
176200	0.3431	0.4500	0.4807	0.5002	21.8305	2249.2367
176300	0.3420	0.4488	0.4791	0.5004	21.8338	2248.7583
176400	0.3429	0.4497	0.4799	0.4998	21.8402	2248.2796
176500	0.3429	0.4495	0.4794	0.4997	21.8436	2247.8022
176600	0.3413	0.4478	0.4774	0.4986	21.8482	2247.3201
176700	0.3421	0.4478	0.4773	0.4993	21.8556	2246.8456
176800	0.3427	0.4497	0.4794	0.4994	21.8620	2246.3667
176900	0.3417	0.4489	0.4784	0.4991	21.8680	2245.8870
177000	0.3420	0.4492	0.4780	0.4988	21.8733	2245.4150
177100	0.3418	0.4489	0.4777	0.4992	21.8818	2244.9353
177200	0.3405	0.4474	0.4758	0.4982	21.8879	2244.4627
177300	0.3412	0.4484	0.4769	0.4987	21.8944	2243.9886
177400	0.3415	0.4487	0.4770	0.4988	21.8988	2243.5134
177500	0.3412	0.4485	0.4765	0.4983	21.9037	2243.0426
177600	0.3425	0.4491	0.4767	0.4993	21.9132	2242.5663
177700	0.3413	0.4490	0.4765	0.4987	21.9205	2242.0873
177800	0.3421	0.4492	0.4765	0.4988	21.9282	2241.6160
177900	0.3411	0.4484	0.4750	0.4984	21.9351	2241.1426
178000	0.3403	0.4480	0.4745	0.4980	21.9397	2240.6755
178100	0.3414	0.4490	0.4757	0.4982	21.9518	2240.2065
178200	0.3413	0.4483	0.4745	0.4984	21.9612	2239.7366
178300	0.3402	0.4487	0.4748	0.4971	21.9694	2239.2654
178400	0.3400	0.4480	0.4741	0.4975	21.9779	2238.7912
178500	0.3384	0.4459	0.4714	0.4967	21.9843	2238.3217
178600	0.3393	0.4462	0.4711	0.4975	21.9930	2237.8525
178700	0.3381	0.4459	0.4710	0.4970	22.0031	2237.3846
178800	0.3356	0.4436	0.4680	0.4952	22.0128	2236.9171
178900	0.3373	0.4452	0.4696	0.4956	22.0224	2236.4466
179000	0.3371	0.4445	0.4686	0.4956	22.0327	2235.9754
179100	0.3366	0.4440	0.4679	0.4955	22.0434	2235.5111
179200	0.3374	0.4455	0.4695	0.4949	22.0515	2235.0450
179300	0.3386	0.4470	0.4711	0.4959	22.0631	2234.5818
179400	0.3354	0.4443	0.4678	0.4944	22.0739	2234.1159
179500	0.3372	0.4454	0.4689	0.4950	22.0815	2233.6483
179600	0.3368	0.4451	0.4683	0.4940	22.0938	2233.1823
179700	0.3367	0.4461	0.4698	0.4944	22.1032	2232.7166
179800	0.3341	0.4434	0.4661	0.4920	22.1114	2232.2551
179900	0.3345	0.4440	0.4668	0.4924	22.1217	2231.7936
180000	0.3345	0.4440	0.4665	0.4925	22.1331	2231.3288
