MEAN: 90
100 0.0 2.03483387183e-16 9.64925015005e-17 0.112366666667 [ 1924.49963379] 266852183.04
200 0.0 2.03483387183e-16 9.64925015005e-17 0.112366666667 [ 2167.96777344] 237992248.32
300 0.0 2.03483387183e-16 9.64925015005e-17 0.112366666667 [ 2198.38720703] 227461357.867
400 0.0 2.03483387183e-16 9.64925015005e-17 0.112366666667 [ 2204.61230469] 222221079.4
500 0.0 2.03483387183e-16 9.64925015005e-17 0.112366666667 [ 2203.73291016] 219068322.944
600 0.0 2.03483387183e-16 9.64925015005e-17 0.112366666667 [ 2205.91967773] 217041675.573
700 0.0 2.03483387183e-16 9.64925015005e-17 0.112366666667 [ 2209.88305664] 215598997.874
800 0.0 2.03483387183e-16 9.64925015005e-17 0.112366666667 [ 2212.58642578] 214458130.66
900 0.0 2.03483387183e-16 9.64925015005e-17 0.112366666667 [ 2200.09326172] 213560503.716
1000 0.0 2.03483387183e-16 9.64925015005e-17 0.112366666667 [ 2212.43798828] 212922481.376
1100 0.0 2.03483387183e-16 9.64925015005e-17 0.112366666667 [ 2203.85205078] 212282755.811
1200 0.0 2.03483387183e-16 9.64925015005e-17 0.112366666667 [ 2201.55444336] 211803186.947
1300 0.0 2.03483387183e-16 9.64925015005e-17 0.112366666667 [ 2207.43383789] 211424810.843
1400 0.0 2.03483387183e-16 9.64925015005e-17 0.112366666667 [ 2205.3659668] 211056001.349
1500 0.0 2.03483387183e-16 9.64925015005e-17 0.112366666667 [ 2208.63769531] 210798447.477
1600 0.0 2.03483387183e-16 9.64925015005e-17 0.112366666667 [ 2211.83398438] 210532586.64
1700 0.0 2.03483387183e-16 9.64925015005e-17 0.112366666667 [ 2201.40063477] 210262191.238
1800 0.0 2.03483387183e-16 9.64925015005e-17 0.112366666667 [ 2211.68481445] 210064470.427
1900 0.0 2.03483387183e-16 9.64925015005e-17 0.112366666667 [ 2210.63427734] 209882283.284
2000 0.0 2.03483387183e-16 9.64925015005e-17 0.112366666667 [ 2207.04516602] 209710624.256
2100 0.0 2.03483387183e-16 9.64925015005e-17 0.112366666667 [ 2215.62719727] 209555521.638
2200 0.0 2.03483387183e-16 9.64925015005e-17 0.112366666667 [ 2207.81494141] 209426117.971
2300 0.0 2.03483387183e-16 9.64925015005e-17 0.112366666667 [ 2200.89013672] 209306860.981
2400 0.0 2.03483387183e-16 9.64925015005e-17 0.112366666667 [ 2217.53320312] 209195529.04
2500 0.0 2.03483387183e-16 9.64925015005e-17 0.112366666667 [ 2208.43041992] 209092494.605
2600 0.0 2.03483387183e-16 9.64925015005e-17 0.112366666667 [ 2200.98852539] 209002086.357
2700 0.0 2.03483387183e-16 9.64925015005e-17 0.112366666667 [ 2203.98217773] 208924494.299
2800 0.0 2.03483387183e-16 9.64925015005e-17 0.112366666667 [ 2205.23876953] 208839980.309
2900 0.0 2.03483387183e-16 9.64925015005e-17 0.112366666667 [ 2207.37695312] 208739615.371
3000 0.0 2.03483387183e-16 9.64925015005e-17 0.112366666667 [ 2207.38989258] 208676555.797
3100 0.0 2.03483387183e-16 9.64925015005e-17 0.112366666667 [ 2197.52807617] 208612686.555
3200 0.0 2.03483387183e-16 9.64925015005e-17 0.112366666667 [ 2206.54785156] 208550649.45
3300 0.0 2.03483387183e-16 9.64925015005e-17 0.112366666667 [ 2211.0949707] 208490206.764
3400 0.0 2.03483387183e-16 9.64925015005e-17 0.112366666667 [ 2211.84521484] 208433594.678
3500 0.0 2.03483387183e-16 9.64925015005e-17 0.112366666667 [ 2203.53881836] 208386330.565
3600 0.0 2.03483387183e-16 9.64925015005e-17 0.112366666667 [ 2198.08178711] 208330741.724
3700 0.0 2.03483387183e-16 9.64925015005e-17 0.112366666667 [ 2211.42578125] 208289573.354
3800 0.0 2.03483387183e-16 9.64925015005e-17 0.112366666667 [ 2211.76879883] 208247672.943
3900 0.0 2.03483387183e-16 9.64925015005e-17 0.112366666667 [ 2205.85131836] 208195221.485
4000 0.0 2.03483387183e-16 9.64925015005e-17 0.112366666667 [ 2204.53125] 208158972.664
4100 0.0 2.03483387183e-16 9.64925015005e-17 0.112366666667 [ 2210.35864258] 208124249.787
4200 0.0 2.03483387183e-16 9.64925015005e-17 0.112366666667 [ 2216.06054688] 208084360.861
4300 0.0 2.03483387183e-16 9.64925015005e-17 0.112366666667 [ 2219.56689453] 208046290.359
4400 0.0 2.03483387183e-16 9.64925015005e-17 0.112366666667 [ 2206.10229492] 208012856.789
4500 0.0 2.03483387183e-16 9.64925015005e-17 0.112366666667 [ 2211.88574219] 207979403.09
4600 0.0 2.03483387183e-16 9.64925015005e-17 0.112366666667 [ 2205.65649414] 207944216.115
4700 0.0 2.03483387183e-16 9.64925015005e-17 0.112366666667 [ 2203.57055664] 207919074.819
4800 0.0 2.03483387183e-16 9.64925015005e-17 0.112366666667 [ 2209.44970703] 207900043.87
4900 0.0 2.03483387183e-16 9.64925015005e-17 0.112366666667 [ 2212.73388672] 207873970.828
5000 0.0 2.03483387183e-16 9.64925015005e-17 0.112366666667 [ 2207.29052734] 207842629.901
5100 0.0 2.03483387183e-16 9.64925015005e-17 0.112366666667 [ 2209.21655273] 207813196.452
5200 0.0 2.03483387183e-16 9.64925015005e-17 0.112366666667 [ 2200.35571289] 207796330.366
5300 0.0 2.03483387183e-16 9.64925015005e-17 0.112366666667 [ 2202.71069336] 207778471.816
5400 0.0 2.03483387183e-16 9.64925015005e-17 0.112366666667 [ 2208.12817383] 207756631.532
5500 0.0 2.03483387183e-16 9.64925015005e-17 0.112366666667 [ 2209.13745117] 207740153.853
5600 0.0 2.03483387183e-16 9.64925015005e-17 0.112366666667 [ 2203.11425781] 207721365.603
5700 0.0 2.03483387183e-16 9.64925015005e-17 0.112366666667 [ 2206.81762695] 207698910.167
5800 0.0 2.03483387183e-16 9.64925015005e-17 0.112366666667 [ 2213.28613281] 207683517.713
5900 0.0 2.03483387183e-16 9.64925015005e-17 0.112366666667 [ 2201.35913086] 207660517.367
6000 0.0 2.03483387183e-16 9.64925015005e-17 0.112366666667 [ 2205.99267578] 207641529.2
