MEAN: 40
100 -4.45147011737e-05 0.00073816562894 0.00153911076916 0.112366666667 [ 1743.76586914] 207587456.32
200 0.000130365986786 0.0116118873686 0.0223421078085 0.118916666667 [ 1989.89282227] 184387747.28
300 0.0484767099698 0.0888472259902 0.146032468847 0.206933333333 [ 2314.73388672] 175610543.84
400 0.0493166225656 0.0713397333411 0.107611868638 0.211566666667 [ 2633.76708984] 169885153.96
500 0.161169550458 0.206557274097 0.258049562675 0.30045 [ 3564.15380859] 165437164.544
600 0.236837781557 0.291047476773 0.341669686949 0.360433333333 [ 4106.81689453] 161281607.88
700 0.241099508323 0.305051104116 0.334899576119 0.393083333333 [ 4596.4765625] 157731916.103
800 0.314086645872 0.395417064841 0.418639731012 0.4977 [ 5118.96337891] 154684723.9
900 0.353399389553 0.439242315529 0.458718562076 0.53635 [ 5287.33740234] 152011108.551
1000 0.339990430499 0.438341741842 0.442142680092 0.513433333333 [ 5735.42041016] 149744165.152
1100 0.313540802351 0.429669838417 0.434328737657 0.508516666667 [ 6028.20068359] 147723677.913
1200 0.305715309316 0.428383627649 0.436410931144 0.521383333333 [ 6202.65185547] 146020255.193
1300 0.315293057601 0.426465778117 0.445327500505 0.53675 [ 6526.05566406] 144393463.342
1400 0.3073640579 0.434660357472 0.457180753607 0.543916666667 [ 6744.06591797] 142963591.937
1500 0.308264761906 0.432555492505 0.460507592426 0.553666666667 [ 7001.46972656] 141651030.747
1600 0.336093682455 0.454018797577 0.483357757655 0.593183333333 [ 7095.93115234] 140427523.915
1700 0.341361796009 0.46149609181 0.491639701352 0.610183333333 [ 7094.37646484] 139286459.492
1800 0.338007536023 0.451513831386 0.487415966595 0.610483333333 [ 7310.02099609] 138251696.436
1900 0.339658433596 0.454114070922 0.494221079506 0.62455 [ 7543.45458984] 137301537.011
2000 0.355616363958 0.462030511365 0.508288665741 0.65725 [ 7785.35351562] 136421500.12
2100 0.36121676557 0.469789717077 0.518236307668 0.67435 [ 7910.13134766] 135583928.107
2200 0.358839105519 0.464710585545 0.51699127092 0.67465 [ 8090.31982422] 134787043.011
2300 0.356695428979 0.465880262388 0.523335066304 0.6903 [ 8326.83984375] 134049108.835
2400 0.355534068487 0.468912540373 0.528749866145 0.686766666667 [ 8457.89355469] 133332742.463
2500 0.346324431978 0.463588480064 0.5265135782 0.679766666667 [ 8666.98730469] 132654151.581
2600 0.346822129595 0.466908383212 0.53100148765 0.687283333333 [ 8740.12304688] 132015530.735
2700 0.344818440045 0.468372063386 0.532905071752 0.687816666667 [ 8805.07128906] 131398996.61
2800 0.343953369997 0.463954320897 0.530504831058 0.690466666667 [ 8942.4609375] 130838346.557
2900 0.342868493956 0.470147092547 0.537978907504 0.704716666667 [ 9087.50390625] 130291884.337
3000 0.335537358568 0.4653379757 0.53522805803 0.708716666667 [ 9256.24804688] 129777354.592
3100 0.339778966295 0.471669193831 0.542627896435 0.72235 [ 9323.703125] 129266056.723
3200 0.339390125552 0.471385862834 0.544314215456 0.7267 [ 9405.81152344] 128802310.502
3300 0.336387140398 0.470216889336 0.544010289113 0.725916666667 [ 9511.14257812] 128336376.056
3400 0.328625378534 0.467279676005 0.542665407355 0.726983333333 [ 9674.9375] 127900106.8
3500 0.324156164057 0.464384791712 0.541357086217 0.7255 [ 9776.22558594] 127489971.257
3600 0.316223248131 0.461443353146 0.538831189346 0.723 [ 9843.21972656] 127079021.104
3700 0.314614675774 0.46379675403 0.542880094145 0.732366666667 [ 9925.90527344] 126694929.466
3800 0.31388075608 0.466004303541 0.547251736991 0.7429 [ 10038.02929688] 126306895.566
3900 0.306439789574 0.465953515157 0.547536362599 0.74035 [ 10073.92578125] 125936883.409
4000 0.306241280771 0.467357825874 0.549392396209 0.74065 [ 10133.19433594] 125589030.756
4100 0.306000528046 0.46413449833 0.547414845074 0.741883333333 [ 10164.19726562] 125253359.444
4200 0.305063406115 0.464788587871 0.548529246484 0.742066666667 [ 10190.95019531] 124929123.118
4300 0.304231734822 0.464682950657 0.548887534722 0.742916666667 [ 10262.15820312] 124623969.449
4400 0.30338542803 0.464253861174 0.548563581774 0.74245 [ 10292.49609375] 124322642.344
4500 0.301418723459 0.46343105473 0.547714081997 0.74165 [ 10323.50683594] 124024337.877
4600 0.302351316892 0.461997188766 0.546996288566 0.743066666667 [ 10329.94433594] 123756459.595
4700 0.301051854073 0.46258722193 0.548843014696 0.746683333333 [ 10469.14160156] 123483529.6
4800 0.296119076229 0.457226291375 0.544008968578 0.745183333333 [ 10595.70410156] 123221159.817
4900 0.293253059827 0.458445443324 0.545616265399 0.746916666667 [ 10653.78710938] 122964372.8
5000 0.292856538757 0.460017324514 0.547359932986 0.74345 [ 10689.81835938] 122716762.843
5100 0.289179556287 0.458330782975 0.545580993377 0.744983333333 [ 10751.57128906] 122482928.467
5200 0.282894203608 0.457626163385 0.546305294176 0.746166666667 [ 10788.3515625] 122260405.338
5300 0.279097299284 0.457117199452 0.546283707985 0.748366666667 [ 10854.51953125] 122035630.56
5400 0.276508645387 0.455564150631 0.544570553837 0.746066666667 [ 10879.04882812] 121805429.84
5500 0.275249887429 0.454175944775 0.542908008334 0.744283333333 [ 10900.63964844] 121593753.975
5600 0.277856050849 0.456305955206 0.54553054693 0.7487 [ 10868.80761719] 121384543.32
5700 0.276445365667 0.455934836067 0.545055540842 0.746466666667 [ 10900.06445312] 121181905.663
5800 0.274871456031 0.454441135875 0.543344666975 0.746083333333 [ 10937.59472656] 120991006.331
5900 0.275157370825 0.45370381301 0.543404767631 0.747783333333 [ 10925.35546875] 120809448.915
6000 0.270829137188 0.45258644394 0.542557563996 0.749 [ 10964.37792969] 120632013.511
