DIM=2
100	0.0343	0.0487	0.0745	0.1731	1.4174	7307.4744
200	0.0033	0.0174	0.0307	0.1346	1.4199	7291.8383
300	0.0001	0.0046	0.0089	0.1177	1.4203	7290.2764
400	0.0000	0.0025	0.0049	0.1153	1.4209	7274.5629
500	-0.0000	0.0009	0.0020	0.1136	1.4215	7278.3329
600	-0.0000	0.0005	0.0010	0.1130	1.4220	7277.7451
700	-0.0000	0.0004	0.0009	0.1129	1.4225	7278.7391
800	-0.0000	0.0003	0.0007	0.1128	1.4232	7278.0865
900	-0.0000	0.0002	0.0004	0.1126	1.4239	7275.9087
1000	-0.0000	0.0002	0.0004	0.1126	1.4247	7273.4171
1100	0.0000	0.0000	0.0001	0.1124	1.4255	7273.4011
1200	0.0000	0.0000	0.0001	0.1124	1.4264	7271.3720
1300	0.0000	0.0000	0.0001	0.1124	1.4274	7270.6672
1400	0.0000	0.0000	0.0001	0.1124	1.4284	7270.5489
1500	0.0000	0.0000	0.0000	0.1124	1.4294	7268.1384
1600	0.0000	0.0000	0.0000	0.1124	1.4306	7268.4264
1700	0.0000	0.0000	0.0000	0.1124	1.4317	7266.8229
1800	0.0000	0.0000	0.0000	0.1124	1.4330	7265.2416
1900	0.0000	0.0000	0.0000	0.1124	1.4343	7266.2693
2000	0.0000	0.0000	0.0000	0.1124	1.4358	7264.1727
2100	0.0000	0.0000	0.0000	0.1124	1.4370	7261.7235
2200	0.0000	0.0000	0.0000	0.1124	1.4385	7261.9189
2300	0.0000	0.0000	0.0000	0.1124	1.4400	7260.6564
2400	0.0000	0.0000	0.0000	0.1124	1.4415	7259.2222
2500	0.0000	0.0000	0.0000	0.1124	1.4431	7256.7707
2600	0.0000	0.0000	0.0000	0.1124	1.4448	7256.4182
2700	0.0000	0.0000	0.0000	0.1124	1.4465	7254.5357
2800	0.0000	0.0000	0.0000	0.1124	1.4482	7255.3715
2900	0.0000	0.0000	0.0000	0.1124	1.4500	7253.7383
3000	0.0000	0.0000	0.0000	0.1124	1.4519	7253.2673
3100	0.0000	0.0000	0.0000	0.1124	1.4538	7251.3829
3200	0.0000	0.0000	0.0000	0.1124	1.4557	7250.3522
3300	0.0000	0.0000	0.0000	0.1124	1.4577	7250.2244
3400	0.0000	0.0000	0.0000	0.1124	1.4598	7248.6901
3500	0.0000	0.0000	0.0000	0.1124	1.4619	7248.3037
3600	0.0000	0.0000	0.0000	0.1124	1.4640	7247.3564
3700	0.0000	0.0000	0.0000	0.1124	1.4662	7246.7141
3800	0.0000	0.0000	0.0000	0.1124	1.4684	7245.0656
3900	0.0000	0.0000	0.0000	0.1124	1.4707	7244.8572
4000	0.0000	0.0000	0.0000	0.1124	1.4730	7243.7601
4100	0.0000	0.0000	0.0000	0.1124	1.4753	7242.9395
4200	0.0000	0.0000	0.0000	0.1124	1.4777	7241.4792
4300	0.0000	0.0000	0.0001	0.1124	1.4802	7241.3177
4400	0.0000	0.0000	0.0001	0.1124	1.4826	7239.7133
4500	0.0000	0.0000	0.0001	0.1124	1.4852	7237.6109
4600	0.0000	0.0000	0.0001	0.1124	1.4877	7236.9474
4700	0.0000	0.0000	0.0001	0.1124	1.4907	7236.3354
4800	0.0000	0.0000	0.0001	0.1124	1.4933	7235.6294
4900	0.0000	0.0000	0.0001	0.1124	1.4967	7234.1644
5000	0.0000	0.0000	0.0001	0.1124	1.4994	7233.2474
5100	0.0000	0.0000	0.0001	0.1124	1.5033	7232.5709
5200	0.0000	0.0000	0.0001	0.1124	1.5069	7231.9196
5300	0.0000	0.0000	0.0001	0.1124	1.5097	7230.4648
5400	0.0000	0.0000	0.0001	0.1124	1.5125	7229.8027
5500	0.0000	0.0000	0.0001	0.1124	1.5154	7228.8585
5600	0.0000	0.0000	0.0001	0.1124	1.5183	7228.0707
5700	0.0000	0.0000	0.0001	0.1124	1.5213	7227.2703
5800	0.0000	0.0000	0.0001	0.1124	1.5253	7226.1979
5900	0.0000	0.0000	0.0001	0.1124	1.5320	7225.1096
6000	0.0000	0.0000	0.0001	0.1124	1.5351	7223.9968
6100	0.0000	0.0000	0.0001	0.1124	1.5382	7223.4041
6200	0.0000	0.0000	0.0001	0.1124	1.5440	7222.2288
6300	0.0000	0.0000	0.0001	0.1124	1.5476	7220.7160
6400	0.0000	0.0000	0.0001	0.1124	1.5526	7219.9217
6500	0.0000	0.0000	0.0001	0.1124	1.5557	7219.2206
6600	0.0000	0.0000	0.0001	0.1124	1.5603	7218.2097
6700	0.0000	0.0000	0.0001	0.1124	1.5642	7216.9917
6800	0.0000	0.0000	0.0001	0.1124	1.5688	7216.2475
6900	0.0000	0.0000	0.0001	0.1124	1.5729	7215.6398
7000	0.0000	0.0000	0.0001	0.1124	1.5786	7214.9045
7100	0.0000	0.0000	0.0001	0.1124	1.5819	7213.7035
7200	0.0000	0.0000	0.0001	0.1124	1.5884	7212.4400
7300	0.0000	0.0000	0.0001	0.1124	1.5956	7211.3730
7400	0.0000	0.0000	0.0001	0.1124	1.6029	7210.4924
7500	0.0000	0.0000	0.0001	0.1124	1.6085	7209.6577
7600	0.0000	0.0000	0.0001	0.1124	1.6144	7208.5057
7700	0.0000	0.0000	0.0001	0.1124	1.6190	7207.6120
7800	0.0000	0.0000	0.0001	0.1124	1.6223	7206.6867
7900	0.0000	0.0000	0.0001	0.1124	1.6323	7205.8695
8000	0.0000	0.0000	0.0001	0.1124	1.6357	7205.1547
8100	0.0000	0.0000	0.0001	0.1124	1.6391	7204.1484
8200	0.0000	0.0000	0.0001	0.1124	1.6461	7203.0850
8300	0.0000	0.0000	0.0001	0.1124	1.6533	7202.0824
8400	0.0000	0.0000	0.0001	0.1124	1.6567	7200.9491
8500	0.0000	0.0000	0.0001	0.1124	1.6600	7199.8190
8600	0.0000	0.0000	0.0001	0.1124	1.6634	7198.8381
8700	0.0000	0.0000	0.0001	0.1124	1.6702	7198.4472
8800	0.0000	0.0000	0.0001	0.1124	1.6746	7197.8005
8900	0.0000	0.0000	0.0001	0.1124	1.6779	7196.3882
9000	0.0000	0.0000	0.0001	0.1124	1.6921	7195.2265
9100	0.0000	0.0000	0.0001	0.1124	1.6982	7194.3402
9200	0.0000	0.0000	0.0001	0.1124	1.7061	7193.4721
9300	0.0000	0.0000	0.0001	0.1124	1.7168	7192.1298
9400	0.0000	0.0000	0.0001	0.1124	1.7219	7191.1785
9500	0.0000	0.0000	0.0001	0.1124	1.7251	7190.1326
9600	0.0000	0.0000	0.0001	0.1124	1.7333	7189.5187
9700	0.0000	0.0000	0.0001	0.1124	1.7365	7188.7786
9800	0.0000	0.0000	0.0001	0.1124	1.7468	7187.6493
9900	0.0000	0.0000	0.0001	0.1124	1.7530	7186.5834
10000	0.0000	0.0000	0.0001	0.1124	1.7611	7185.5333
10100	0.0000	0.0000	0.0001	0.1124	1.7645	7184.6176
10200	0.0000	0.0000	0.0001	0.1124	1.7729	7183.8250
10300	0.0000	0.0000	0.0001	0.1124	1.7759	7183.0487
10400	0.0000	0.0000	0.0001	0.1124	1.7846	7182.3089
10500	0.0000	0.0000	0.0001	0.1124	1.7875	7181.1920
10600	0.0000	0.0000	0.0001	0.1124	1.7963	7179.8937
10700	0.0000	0.0000	0.0001	0.1124	1.8051	7179.1060
10800	0.0000	0.0000	0.0001	0.1124	1.8136	7178.1453
10900	0.0000	0.0000	0.0001	0.1124	1.8165	7176.8319
11000	0.0000	0.0000	0.0001	0.1124	1.8217	7175.8888
11100	0.0000	0.0000	0.0001	0.1124	1.8280	7175.2821
11200	0.0000	0.0000	0.0001	0.1124	1.8305	7174.4626
11300	0.0000	0.0000	0.0001	0.1124	1.8396	7173.5943
11400	0.0000	0.0000	0.0001	0.1124	1.8533	7172.4792
11500	0.0000	0.0000	0.0000	0.1124	1.8634	7171.5208
11600	0.0000	0.0000	0.0000	0.1124	1.8656	7170.3633
11700	0.0000	0.0000	0.0000	0.1124	1.8677	7169.7112
11800	0.0000	0.0000	0.0000	0.1124	1.8698	7168.7613
11900	0.0000	0.0000	0.0000	0.1124	1.8717	7167.6845
12000	0.0000	0.0000	0.0000	0.1124	1.8736	7166.8264
12100	0.0000	0.0000	0.0000	0.1124	1.8753	7165.5912
12200	0.0000	0.0000	0.0000	0.1124	1.8770	7164.9302
12300	0.0000	0.0000	0.0000	0.1124	1.8786	7163.9377
12400	0.0000	0.0000	0.0000	0.1124	1.8801	7162.9432
12500	0.0000	0.0000	0.0000	0.1124	1.8815	7162.3822
12600	0.0000	0.0000	0.0000	0.1124	1.8828	7161.1867
12700	0.0000	0.0000	0.0000	0.1124	1.8840	7160.1521
12800	0.0000	0.0000	0.0000	0.1124	1.8851	7159.2427
12900	0.0000	0.0000	0.0000	0.1124	1.8861	7158.2990
13000	0.0000	0.0000	0.0000	0.1124	1.8870	7157.4309
13100	0.0000	0.0000	0.0000	0.1124	1.8879	7156.5326
13200	0.0000	0.0000	0.0000	0.1124	1.8886	7155.5600
13300	0.0000	0.0000	0.0000	0.1124	1.8893	7154.5357
13400	0.0000	0.0000	0.0000	0.1124	1.8898	7153.3662
13500	0.0000	0.0000	0.0000	0.1124	1.8903	7152.3909
13600	0.0000	0.0000	0.0000	0.1124	1.8908	7151.3898
13700	0.0000	0.0000	0.0000	0.1124	1.8911	7150.6722
13800	0.0000	0.0000	0.0000	0.1124	1.8915	7149.9460
13900	0.0000	0.0000	0.0000	0.1124	1.8917	7149.2020
14000	0.0000	0.0000	0.0000	0.1124	1.8919	7148.0041
14100	0.0000	0.0000	0.0000	0.1124	1.8921	7147.2327
14200	0.0000	0.0000	0.0000	0.1124	1.8923	7146.4866
14300	0.0000	0.0000	0.0000	0.1124	1.8924	7145.5263
14400	0.0000	0.0000	0.0000	0.1124	1.8925	7144.3448
14500	0.0000	0.0000	0.0000	0.1124	1.8925	7143.7980
14600	0.0000	0.0000	0.0000	0.1124	1.8926	7142.9607
14700	0.0000	0.0000	0.0000	0.1124	1.8926	7141.7179
14800	0.0000	0.0000	0.0000	0.1124	1.8927	7140.5743
14900	0.0000	0.0000	0.0000	0.1124	1.8927	7139.6827
15000	0.0000	0.0000	0.0000	0.1124	1.8927	7138.7562
15100	0.0000	0.0000	0.0000	0.1124	1.8927	7137.6756
15200	0.0000	0.0000	0.0000	0.1124	1.8927	7136.7787
15300	0.0000	0.0000	0.0000	0.1124	1.8927	7135.9394
15400	0.0000	0.0000	0.0000	0.1124	1.8927	7134.9260
15500	0.0000	0.0000	0.0000	0.1124	1.8927	7134.2770
15600	0.0000	0.0000	0.0000	0.1124	1.8927	7133.1799
15700	0.0000	0.0000	0.0000	0.1124	1.8927	7132.2933
15800	0.0000	0.0000	0.0000	0.1124	1.8927	7131.2140
15900	0.0000	0.0000	0.0000	0.1124	1.8927	7130.2468
16000	0.0000	0.0000	0.0000	0.1124	1.8927	7129.5405
16100	0.0000	0.0000	0.0000	0.1124	1.8927	7128.5905
16200	0.0000	0.0000	0.0000	0.1124	1.8927	7127.6158
16300	0.0000	0.0000	0.0000	0.1124	1.8927	7126.6560
16400	0.0000	0.0000	0.0000	0.1124	1.8927	7125.3737
16500	0.0000	0.0000	0.0000	0.1124	1.8927	7124.3490
16600	0.0000	0.0000	0.0000	0.1124	1.8927	7123.4608
16700	0.0000	0.0000	0.0000	0.1124	1.8927	7122.7504
16800	0.0000	0.0000	0.0000	0.1124	1.8927	7122.0637
16900	0.0000	0.0000	0.0000	0.1124	1.8927	7121.0570
17000	0.0000	0.0000	0.0000	0.1124	1.8927	7120.2320
17100	0.0000	0.0000	0.0000	0.1124	1.8927	7119.3892
17200	0.0000	0.0000	0.0000	0.1124	1.8927	7118.3091
17300	0.0000	0.0000	0.0000	0.1124	1.8927	7117.4881
17400	0.0000	0.0000	0.0000	0.1124	1.8927	7116.5235
17500	0.0000	0.0000	0.0000	0.1124	1.8927	7115.6097
17600	0.0000	0.0000	0.0000	0.1124	1.8927	7114.5887
17700	0.0000	0.0000	0.0000	0.1124	1.8927	7113.5464
17800	0.0000	0.0000	0.0000	0.1124	1.8927	7112.7555
17900	0.0000	0.0000	0.0000	0.1124	1.8927	7111.9115
18000	0.0000	0.0000	0.0000	0.1124	1.8927	7110.9953
18100	0.0000	0.0000	0.0000	0.1124	1.8927	7109.9899
18200	0.0000	0.0000	0.0000	0.1124	1.8927	7109.1548
18300	0.0000	0.0000	0.0000	0.1124	1.8927	7108.2145
18400	0.0000	0.0000	0.0000	0.1124	1.8927	7107.2516
18500	0.0000	0.0000	0.0000	0.1124	1.8927	7106.4158
18600	0.0000	0.0000	0.0000	0.1124	1.8927	7105.4788
18700	0.0000	0.0000	0.0000	0.1124	1.8927	7104.5404
18800	0.0000	0.0000	0.0000	0.1124	1.8927	7103.7488
18900	0.0000	0.0000	0.0000	0.1124	1.8927	7102.7030
19000	0.0000	0.0000	0.0000	0.1124	1.8927	7101.6953
19100	0.0000	0.0000	0.0000	0.1124	1.8927	7100.7935
19200	0.0000	0.0000	0.0000	0.1124	1.8927	7099.9740
19300	0.0000	0.0000	0.0000	0.1124	1.8927	7098.9493
19400	0.0000	0.0000	0.0000	0.1124	1.8927	7097.9354
19500	0.0000	0.0000	0.0000	0.1124	1.8927	7097.0956
19600	0.0000	0.0000	0.0000	0.1124	1.8927	7096.2305
19700	0.0000	0.0000	0.0000	0.1124	1.8927	7095.4170
19800	0.0000	0.0000	0.0000	0.1124	1.8927	7094.4809
19900	0.0000	0.0000	0.0000	0.1124	1.8927	7093.4618
20000	0.0000	0.0000	0.0000	0.1124	1.8927	7092.5718
20100	0.0000	0.0000	0.0000	0.1124	1.8927	7091.6588
20200	0.0000	0.0000	0.0000	0.1124	1.8927	7090.7300
20300	0.0000	0.0000	0.0000	0.1124	1.8927	7089.9161
20400	0.0000	0.0000	0.0000	0.1124	1.8927	7088.9993
20500	0.0000	0.0000	0.0000	0.1124	1.8927	7088.0273
20600	0.0000	0.0000	0.0000	0.1124	1.8927	7087.1647
20700	0.0000	0.0000	0.0000	0.1124	1.8927	7086.4173
20800	0.0000	0.0000	0.0000	0.1124	1.8927	7085.3899
20900	0.0000	0.0000	0.0000	0.1124	1.8927	7084.4182
21000	0.0000	0.0000	0.0000	0.1124	1.8927	7083.5292
21100	0.0000	0.0000	0.0000	0.1124	1.8927	7082.6193
21200	0.0000	0.0000	0.0000	0.1124	1.8927	7081.7857
21300	0.0000	0.0000	0.0000	0.1124	1.8927	7080.8565
21400	0.0000	0.0000	0.0000	0.1124	1.8927	7079.9068
21500	0.0000	0.0000	0.0000	0.1124	1.8927	7079.0377
21600	0.0000	0.0000	0.0000	0.1124	1.8927	7078.0706
21700	0.0000	0.0000	0.0000	0.1124	1.8927	7077.0391
21800	0.0000	0.0000	0.0000	0.1124	1.8927	7076.3161
21900	0.0000	0.0000	0.0000	0.1124	1.8927	7075.3975
22000	0.0000	0.0000	0.0000	0.1124	1.8927	7074.4863
22100	0.0000	0.0000	0.0000	0.1124	1.8927	7073.6297
22200	0.0000	0.0000	0.0000	0.1124	1.8927	7072.6233
22300	0.0000	0.0000	0.0000	0.1124	1.8927	7071.5283
22400	0.0000	0.0000	0.0000	0.1124	1.8927	7070.6054
22500	0.0000	0.0000	0.0000	0.1124	1.8927	7069.7799
22600	0.0000	0.0000	0.0000	0.1124	1.8927	7068.9948
22700	0.0000	0.0000	0.0000	0.1124	1.8927	7068.0912
22800	0.0000	0.0000	0.0000	0.1124	1.8927	7067.1874
22900	0.0000	0.0000	0.0000	0.1124	1.8927	7066.1103
23000	0.0000	0.0000	0.0000	0.1124	1.8927	7065.2715
23100	0.0000	0.0000	0.0000	0.1124	1.8927	7064.5568
23200	0.0000	0.0000	0.0000	0.1124	1.8927	7063.6322
23300	0.0000	0.0000	0.0000	0.1124	1.8927	7062.7191
23400	0.0000	0.0000	0.0000	0.1124	1.8927	7061.7627
23500	0.0000	0.0000	0.0000	0.1124	1.8927	7060.9501
23600	0.0000	0.0000	0.0000	0.1124	1.8927	7059.9989
23700	0.0000	0.0000	0.0000	0.1124	1.8927	7059.0658
23800	0.0000	0.0000	0.0000	0.1124	1.8927	7058.1934
23900	0.0000	0.0000	0.0000	0.1124	1.8927	7057.3444
24000	0.0000	0.0000	0.0000	0.1124	1.8927	7056.3492
24100	0.0000	0.0000	0.0000	0.1124	1.8927	7055.5237
24200	0.0000	0.0000	0.0000	0.1124	1.8927	7054.7609
24300	0.0000	0.0000	0.0000	0.1124	1.8927	7053.6885
24400	0.0000	0.0000	0.0000	0.1124	1.8927	7052.7622
24500	0.0000	0.0000	0.0000	0.1124	1.8927	7051.8854
24600	0.0000	0.0000	0.0000	0.1124	1.8927	7050.9470
24700	0.0000	0.0000	0.0000	0.1124	1.8927	7050.0999
24800	0.0000	0.0000	0.0000	0.1124	1.8927	7049.2419
24900	0.0000	0.0000	0.0000	0.1124	1.8927	7048.3455
25000	0.0000	0.0000	0.0000	0.1124	1.8927	7047.3908
25100	0.0000	0.0000	0.0000	0.1124	1.8927	7046.4327
25200	0.0000	0.0000	0.0000	0.1124	1.8927	7045.5559
25300	0.0000	0.0000	0.0000	0.1124	1.8927	7044.6971
25400	0.0000	0.0000	0.0000	0.1124	1.8927	7043.7278
25500	0.0000	0.0000	0.0000	0.1124	1.8927	7042.7426
25600	0.0000	0.0000	0.0000	0.1124	1.8927	7041.7706
25700	0.0000	0.0000	0.0000	0.1124	1.8927	7041.1241
25800	0.0000	0.0000	0.0000	0.1124	1.8927	7040.1758
25900	0.0000	0.0000	0.0000	0.1124	1.8927	7039.4752
26000	0.0000	0.0000	0.0000	0.1124	1.8927	7038.3434
26100	0.0000	0.0000	0.0000	0.1124	1.8927	7037.6442
26200	0.0000	0.0000	0.0000	0.1124	1.8927	7036.7100
26300	0.0000	0.0000	0.0000	0.1124	1.8927	7035.6979
26400	0.0000	0.0000	0.0000	0.1124	1.8927	7034.8067
26500	0.0000	0.0000	0.0000	0.1124	1.8927	7033.8701
26600	0.0000	0.0000	0.0000	0.1124	1.8927	7032.9922
26700	0.0000	0.0000	0.0000	0.1124	1.8927	7032.0411
26800	0.0000	0.0000	0.0000	0.1124	1.8927	7031.1753
26900	0.0000	0.0000	0.0000	0.1124	1.8927	7030.1972
27000	0.0000	0.0000	0.0000	0.1124	1.8927	7029.4486
27100	0.0000	0.0000	0.0000	0.1124	1.8927	7028.5436
27200	0.0000	0.0000	0.0000	0.1124	1.8927	7027.4547
27300	0.0000	0.0000	0.0000	0.1124	1.8927	7026.5544
27400	0.0000	0.0000	0.0000	0.1124	1.8927	7025.8635
27500	0.0000	0.0000	0.0000	0.1124	1.8927	7024.9729
27600	0.0000	0.0000	0.0000	0.1124	1.8927	7024.1014
27700	0.0000	0.0000	0.0000	0.1124	1.8927	7023.3690
27800	0.0000	0.0000	0.0000	0.1124	1.8927	7022.4031
27900	0.0000	0.0000	0.0000	0.1124	1.8927	7021.6262
28000	0.0000	0.0000	0.0000	0.1124	1.8927	7020.7079
28100	0.0000	0.0000	0.0000	0.1124	1.8927	7019.7250
28200	0.0000	0.0000	0.0000	0.1124	1.8927	7018.7650
28300	0.0000	0.0000	0.0000	0.1124	1.8927	7017.7932
28400	0.0000	0.0000	0.0000	0.1124	1.8927	7016.9918
28500	0.0000	0.0000	0.0000	0.1124	1.8927	7016.0985
28600	0.0000	0.0000	0.0000	0.1124	1.8927	7015.0964
28700	0.0000	0.0000	0.0000	0.1124	1.8927	7014.3155
28800	0.0000	0.0000	0.0000	0.1124	1.8927	7013.4395
28900	0.0000	0.0000	0.0000	0.1124	1.8927	7012.4592
29000	0.0000	0.0000	0.0000	0.1124	1.8927	7011.6474
29100	0.0000	0.0000	0.0000	0.1124	1.8927	7010.7892
29200	0.0000	0.0000	0.0000	0.1124	1.8927	7009.7842
29300	0.0000	0.0000	0.0000	0.1124	1.8927	7009.0935
29400	0.0000	0.0000	0.0000	0.1124	1.8927	7008.1248
29500	0.0000	0.0000	0.0000	0.1124	1.8927	7007.1518
29600	0.0000	0.0000	0.0000	0.1124	1.8927	7006.2123
29700	0.0000	0.0000	0.0000	0.1124	1.8927	7005.3775
29800	0.0000	0.0000	0.0000	0.1124	1.8927	7004.3863
29900	0.0000	0.0000	0.0000	0.1124	1.8927	7003.6657
30000	0.0000	0.0000	0.0000	0.1124	1.8927	7002.8209
30100	0.0000	0.0000	0.0000	0.1124	1.8927	7001.9821
30200	0.0000	0.0000	0.0000	0.1124	1.8927	7000.9943
30300	0.0000	0.0000	0.0000	0.1124	1.8927	7000.1242
30400	0.0000	0.0000	0.0000	0.1124	1.8927	6999.2174
30500	0.0000	0.0000	0.0000	0.1124	1.8927	6998.3988
30600	0.0000	0.0000	0.0000	0.1124	1.8927	6997.5276
30700	0.0000	0.0000	0.0000	0.1124	1.8927	6996.4992
30800	0.0000	0.0000	0.0000	0.1124	1.8927	6995.7624
30900	0.0000	0.0000	0.0000	0.1124	1.8927	6994.9308
31000	0.0000	0.0000	0.0000	0.1124	1.8927	6994.0115
31100	0.0000	0.0000	0.0000	0.1124	1.8927	6993.1330
31200	0.0000	0.0000	0.0000	0.1124	1.8927	6992.2451
31300	0.0000	0.0000	0.0000	0.1124	1.8927	6991.3396
31400	0.0000	0.0000	0.0000	0.1124	1.8927	6990.5486
31500	0.0000	0.0000	0.0000	0.1124	1.8927	6989.6941
31600	0.0000	0.0000	0.0000	0.1124	1.8927	6988.8062
31700	0.0000	0.0000	0.0000	0.1124	1.8927	6987.8195
31800	0.0000	0.0000	0.0000	0.1124	1.8927	6986.9733
31900	0.0000	0.0000	0.0000	0.1124	1.8927	6986.1708
32000	0.0000	0.0000	0.0000	0.1124	1.8927	6985.2827
32100	0.0000	0.0000	0.0000	0.1124	1.8927	6984.3733
32200	0.0000	0.0000	0.0000	0.1124	1.8927	6983.4949
32300	0.0000	0.0000	0.0000	0.1124	1.8927	6982.5991
32400	0.0000	0.0000	0.0000	0.1124	1.8927	6981.7121
32500	0.0000	0.0000	0.0000	0.1124	1.8927	6980.8982
32600	0.0000	0.0000	0.0000	0.1124	1.8927	6980.0493
32700	0.0000	0.0000	0.0000	0.1124	1.8927	6979.0855
32800	0.0000	0.0000	0.0000	0.1124	1.8927	6978.1881
32900	0.0000	0.0000	0.0000	0.1124	1.8927	6977.3611
33000	0.0000	0.0000	0.0000	0.1124	1.8927	6976.4615
33100	0.0000	0.0000	0.0000	0.1124	1.8927	6975.5921
33200	0.0000	0.0000	0.0000	0.1124	1.8927	6974.7153
33300	0.0000	0.0000	0.0000	0.1124	1.8927	6973.8148
33400	0.0000	0.0000	0.0000	0.1124	1.8927	6972.8489
33500	0.0000	0.0000	0.0000	0.1124	1.8927	6972.0195
33600	0.0000	0.0000	0.0000	0.1124	1.8927	6971.2215
33700	0.0000	0.0000	0.0000	0.1124	1.8927	6970.3171
33800	0.0000	0.0000	0.0000	0.1124	1.8927	6969.4450
33900	0.0000	0.0000	0.0000	0.1124	1.8927	6968.6589
34000	0.0000	0.0000	0.0000	0.1124	1.8927	6967.7855
34100	0.0000	0.0000	0.0000	0.1124	1.8927	6966.8335
34200	0.0000	0.0000	0.0000	0.1124	1.8927	6965.9920
34300	0.0000	0.0000	0.0000	0.1124	1.8927	6965.1397
34400	0.0000	0.0000	0.0000	0.1124	1.8927	6964.3245
34500	0.0000	0.0000	0.0000	0.1124	1.8927	6963.4828
34600	0.0000	0.0000	0.0000	0.1124	1.8927	6962.6125
34700	0.0000	0.0000	0.0000	0.1124	1.8927	6961.6911
34800	0.0000	0.0000	0.0000	0.1124	1.8927	6960.7731
34900	0.0000	0.0000	0.0000	0.1124	1.8927	6959.8927
35000	0.0000	0.0000	0.0000	0.1124	1.8927	6959.0371
35100	0.0000	0.0000	0.0000	0.1124	1.8927	6958.2225
35200	0.0000	0.0000	0.0000	0.1124	1.8927	6957.1500
35300	0.0000	0.0000	0.0000	0.1124	1.8927	6956.2974
35400	0.0000	0.0000	0.0000	0.1124	1.8927	6955.5646
35500	0.0000	0.0000	0.0000	0.1124	1.8927	6954.6507
35600	0.0000	0.0000	0.0000	0.1124	1.8927	6953.7832
35700	0.0000	0.0000	0.0000	0.1124	1.8927	6952.9172
35800	0.0000	0.0000	0.0000	0.1124	1.8927	6952.0846
35900	0.0000	0.0000	0.0000	0.1124	1.8927	6951.1615
36000	0.0000	0.0000	0.0000	0.1124	1.8927	6950.3665
36100	0.0000	0.0000	0.0000	0.1124	1.8927	6949.5786
36200	0.0000	0.0000	0.0000	0.1124	1.8927	6948.6140
36300	0.0000	0.0000	0.0000	0.1124	1.8927	6947.8591
36400	0.0000	0.0000	0.0000	0.1124	1.8927	6946.9275
36500	0.0000	0.0000	0.0000	0.1124	1.8927	6946.0619
36600	0.0000	0.0000	0.0000	0.1124	1.8927	6945.1788
36700	0.0000	0.0000	0.0000	0.1124	1.8927	6944.2507
36800	0.0000	0.0000	0.0000	0.1124	1.8927	6943.3075
36900	0.0000	0.0000	0.0000	0.1124	1.8927	6942.3569
37000	0.0000	0.0000	0.0000	0.1124	1.8927	6941.5904
37100	0.0000	0.0000	0.0000	0.1124	1.8927	6940.7654
37200	0.0000	0.0000	0.0000	0.1124	1.8927	6940.0015
37300	0.0000	0.0000	0.0000	0.1124	1.8927	6939.2097
37400	0.0000	0.0000	0.0000	0.1124	1.8927	6938.3442
37500	0.0000	0.0000	0.0000	0.1124	1.8927	6937.4572
37600	0.0000	0.0000	0.0000	0.1124	1.8927	6936.5867
37700	0.0000	0.0000	0.0000	0.1124	1.8927	6935.6930
37800	0.0000	0.0000	0.0000	0.1124	1.8927	6934.8346
37900	0.0000	0.0000	0.0000	0.1124	1.8927	6933.9935
38000	0.0000	0.0000	0.0000	0.1124	1.8927	6933.1048
38100	0.0000	0.0000	0.0000	0.1124	1.8927	6932.1701
38200	0.0000	0.0000	0.0000	0.1124	1.8927	6931.2789
38300	0.0000	0.0000	0.0000	0.1124	1.8927	6930.4633
38400	0.0000	0.0000	0.0000	0.1124	1.8927	6929.6780
38500	0.0000	0.0000	0.0000	0.1124	1.8927	6928.7526
38600	0.0000	0.0000	0.0000	0.1124	1.8927	6927.8671
38700	0.0000	0.0000	0.0000	0.1124	1.8927	6926.9870
38800	0.0000	0.0000	0.0000	0.1124	1.8927	6926.2592
38900	0.0000	0.0000	0.0000	0.1124	1.8927	6925.4039
39000	0.0000	0.0000	0.0000	0.1124	1.8927	6924.5317
39100	0.0000	0.0000	0.0000	0.1124	1.8927	6923.6904
39200	0.0000	0.0000	0.0000	0.1124	1.8927	6922.8788
39300	0.0000	0.0000	0.0000	0.1124	1.8927	6921.9953
39400	0.0000	0.0000	0.0000	0.1124	1.8927	6921.1626
39500	0.0000	0.0000	0.0000	0.1124	1.8927	6920.2371
39600	0.0000	0.0000	0.0000	0.1124	1.8927	6919.3957
39700	0.0000	0.0000	0.0000	0.1124	1.8927	6918.4774
39800	0.0000	0.0000	0.0000	0.1124	1.8927	6917.6553
39900	0.0000	0.0000	0.0000	0.1124	1.8927	6916.7566
40000	0.0000	0.0000	0.0000	0.1124	1.8927	6915.9123
40100	0.0000	0.0000	0.0000	0.1124	1.8927	6915.1062
40200	0.0000	0.0000	0.0000	0.1124	1.8927	6914.2699
40300	0.0000	0.0000	0.0000	0.1124	1.8927	6913.3741
40400	0.0000	0.0000	0.0000	0.1124	1.8927	6912.5782
40500	0.0000	0.0000	0.0000	0.1124	1.8927	6911.6664
40600	0.0000	0.0000	0.0000	0.1124	1.8927	6910.8998
40700	0.0000	0.0000	0.0000	0.1124	1.8927	6909.9790
40800	0.0000	0.0000	0.0000	0.1124	1.8927	6909.1543
40900	0.0000	0.0000	0.0000	0.1124	1.8927	6908.3378
41000	0.0000	0.0000	0.0000	0.1124	1.8927	6907.4130
41100	0.0000	0.0000	0.0000	0.1124	1.8927	6906.6039
41200	0.0000	0.0000	0.0000	0.1124	1.8927	6905.7105
41300	0.0000	0.0000	0.0000	0.1124	1.8927	6904.9577
41400	0.0000	0.0000	0.0000	0.1124	1.8927	6904.0489
41500	0.0000	0.0000	0.0000	0.1124	1.8927	6903.1754
41600	0.0000	0.0000	0.0000	0.1124	1.8927	6902.2167
41700	0.0000	0.0000	0.0000	0.1124	1.8927	6901.3885
41800	0.0000	0.0000	0.0000	0.1124	1.8927	6900.5657
41900	0.0000	0.0000	0.0000	0.1124	1.8927	6899.7484
42000	0.0000	0.0000	0.0000	0.1124	1.8927	6898.9537
42100	0.0000	0.0000	0.0000	0.1124	1.8927	6898.1231
42200	0.0000	0.0000	0.0000	0.1124	1.8927	6897.2830
42300	0.0000	0.0000	0.0000	0.1124	1.8927	6896.3471
42400	0.0000	0.0000	0.0000	0.1124	1.8927	6895.5823
42500	0.0000	0.0000	0.0000	0.1124	1.8927	6894.6581
42600	0.0000	0.0000	0.0000	0.1124	1.8927	6893.8687
42700	0.0000	0.0000	0.0000	0.1124	1.8927	6893.0372
42800	0.0000	0.0000	0.0000	0.1124	1.8927	6892.2338
42900	0.0000	0.0000	0.0000	0.1124	1.8927	6891.4229
43000	0.0000	0.0000	0.0000	0.1124	1.8927	6890.5845
43100	0.0000	0.0000	0.0000	0.1124	1.8927	6889.6966
43200	0.0000	0.0000	0.0000	0.1124	1.8927	6888.7938
43300	0.0000	0.0000	0.0000	0.1124	1.8927	6888.0772
43400	0.0000	0.0000	0.0000	0.1124	1.8927	6887.1789
43500	0.0000	0.0000	0.0000	0.1124	1.8927	6886.2680
43600	0.0000	0.0000	0.0000	0.1124	1.8927	6885.4390
43700	0.0000	0.0000	0.0000	0.1124	1.8927	6884.6319
43800	0.0000	0.0000	0.0000	0.1124	1.8927	6883.7291
43900	0.0000	0.0000	0.0000	0.1124	1.8927	6882.8652
44000	0.0000	0.0000	0.0000	0.1124	1.8927	6881.9564
44100	0.0000	0.0000	0.0000	0.1124	1.8927	6881.1189
44200	0.0000	0.0000	0.0000	0.1124	1.8927	6880.3529
44300	0.0000	0.0000	0.0000	0.1124	1.8927	6879.5548
44400	0.0000	0.0000	0.0000	0.1124	1.8927	6878.6744
44500	0.0000	0.0000	0.0000	0.1124	1.8927	6877.8837
44600	0.0000	0.0000	0.0000	0.1124	1.8927	6877.0391
44700	0.0000	0.0000	0.0000	0.1124	1.8927	6876.2438
44800	0.0000	0.0000	0.0000	0.1124	1.8927	6875.3490
44900	0.0000	0.0000	0.0000	0.1124	1.8927	6874.5176
45000	0.0000	0.0000	0.0000	0.1124	1.8927	6873.6298
45100	0.0000	0.0000	0.0000	0.1124	1.8927	6872.7826
45200	0.0000	0.0000	0.0000	0.1124	1.8927	6871.9869
45300	0.0000	0.0000	0.0000	0.1124	1.8927	6871.1043
45400	0.0000	0.0000	0.0000	0.1124	1.8927	6870.2679
45500	0.0000	0.0000	0.0000	0.1124	1.8927	6869.4187
45600	0.0000	0.0000	0.0000	0.1124	1.8927	6868.5951
45700	0.0000	0.0000	0.0000	0.1124	1.8927	6867.6769
45800	0.0000	0.0000	0.0000	0.1124	1.8927	6866.8841
45900	0.0000	0.0000	0.0000	0.1124	1.8927	6866.0406
46000	0.0000	0.0000	0.0000	0.1124	1.8927	6865.2459
46100	0.0000	0.0000	0.0000	0.1124	1.8927	6864.3900
46200	0.0000	0.0000	0.0000	0.1124	1.8927	6863.5705
46300	0.0000	0.0000	0.0000	0.1124	1.8927	6862.8116
46400	0.0000	0.0000	0.0000	0.1124	1.8927	6861.9960
46500	0.0000	0.0000	0.0000	0.1124	1.8927	6861.1917
46600	0.0000	0.0000	0.0000	0.1124	1.8927	6860.3462
46700	0.0000	0.0000	0.0000	0.1124	1.8927	6859.5267
46800	0.0000	0.0000	0.0000	0.1124	1.8927	6858.5558
46900	0.0000	0.0000	0.0000	0.1124	1.8927	6857.8092
47000	0.0000	0.0000	0.0000	0.1124	1.8927	6856.9097
47100	0.0000	0.0000	0.0000	0.1124	1.8927	6856.1094
47200	0.0000	0.0000	0.0000	0.1124	1.8927	6855.1561
47300	0.0000	0.0000	0.0000	0.1124	1.8927	6854.2577
47400	0.0000	0.0000	0.0000	0.1124	1.8927	6853.5511
47500	0.0000	0.0000	0.0000	0.1124	1.8927	6852.7377
47600	0.0000	0.0000	0.0000	0.1124	1.8927	6851.9060
47700	0.0000	0.0000	0.0000	0.1124	1.8927	6851.0689
47800	0.0000	0.0000	0.0000	0.1124	1.8927	6850.2338
47900	0.0000	0.0000	0.0000	0.1124	1.8927	6849.4248
48000	0.0000	0.0000	0.0000	0.1124	1.8927	6848.5563
48100	0.0000	0.0000	0.0000	0.1124	1.8927	6847.7480
48200	0.0000	0.0000	0.0000	0.1124	1.8927	6846.8830
48300	0.0000	0.0000	0.0000	0.1124	1.8927	6846.1032
48400	0.0000	0.0000	0.0000	0.1124	1.8927	6845.2415
48500	0.0000	0.0000	0.0000	0.1124	1.8927	6844.3715
48600	0.0000	0.0000	0.0000	0.1124	1.8927	6843.5714
48700	0.0000	0.0000	0.0000	0.1124	1.8927	6842.8463
48800	0.0000	0.0000	0.0000	0.1124	1.8927	6841.9675
48900	0.0000	0.0000	0.0000	0.1124	1.8927	6841.0834
49000	0.0000	0.0000	0.0000	0.1124	1.8927	6840.2684
49100	0.0000	0.0000	0.0000	0.1124	1.8927	6839.3994
49200	0.0000	0.0000	0.0000	0.1124	1.8927	6838.5964
49300	0.0000	0.0000	0.0000	0.1124	1.8927	6837.7215
49400	0.0000	0.0000	0.0000	0.1124	1.8927	6836.9308
49500	0.0000	0.0000	0.0000	0.1124	1.8927	6836.1563
49600	0.0000	0.0000	0.0000	0.1124	1.8927	6835.3012
49700	0.0000	0.0000	0.0000	0.1124	1.8927	6834.4467
49800	0.0000	0.0000	0.0000	0.1124	1.8927	6833.6313
49900	0.0000	0.0000	0.0000	0.1124	1.8927	6832.8314
50000	0.0000	0.0000	0.0000	0.1124	1.8927	6832.0437
50100	0.0000	0.0000	0.0000	0.1124	1.8927	6831.1492
50200	0.0000	0.0000	0.0000	0.1124	1.8927	6830.3151
50300	0.0000	0.0000	0.0000	0.1124	1.8927	6829.4958
50400	0.0000	0.0000	0.0000	0.1124	1.8927	6828.6760
50500	0.0000	0.0000	0.0000	0.1124	1.8927	6827.8429
50600	0.0000	0.0000	0.0000	0.1124	1.8927	6827.0706
50700	0.0000	0.0000	0.0000	0.1124	1.8927	6826.2213
50800	0.0000	0.0000	0.0000	0.1124	1.8927	6825.3948
50900	0.0000	0.0000	0.0000	0.1124	1.8927	6824.5373
51000	0.0000	0.0000	0.0000	0.1124	1.8927	6823.7305
51100	0.0000	0.0000	0.0000	0.1124	1.8927	6822.9017
51200	0.0000	0.0000	0.0000	0.1124	1.8927	6822.0031
51300	0.0000	0.0000	0.0000	0.1124	1.8927	6821.1946
51400	0.0000	0.0000	0.0000	0.1124	1.8927	6820.4208
51500	0.0000	0.0000	0.0000	0.1124	1.8927	6819.6115
51600	0.0000	0.0000	0.0000	0.1124	1.8927	6818.7948
51700	0.0000	0.0000	0.0000	0.1124	1.8927	6817.9636
51800	0.0000	0.0000	0.0000	0.1124	1.8927	6817.1446
51900	0.0000	0.0000	0.0000	0.1124	1.8927	6816.3347
52000	0.0000	0.0000	0.0000	0.1124	1.8927	6815.5160
52100	0.0000	0.0000	0.0000	0.1124	1.8927	6814.6763
52200	0.0000	0.0000	0.0000	0.1124	1.8927	6813.8688
52300	0.0000	0.0000	0.0000	0.1124	1.8927	6813.0086
52400	0.0000	0.0000	0.0000	0.1124	1.8927	6812.1898
52500	0.0000	0.0000	0.0000	0.1124	1.8927	6811.3600
52600	0.0000	0.0000	0.0000	0.1124	1.8927	6810.5610
52700	0.0000	0.0000	0.0000	0.1124	1.8927	6809.7518
52800	0.0000	0.0000	0.0000	0.1124	1.8927	6808.9527
52900	0.0000	0.0000	0.0000	0.1124	1.8927	6808.1237
53000	0.0000	0.0000	0.0000	0.1124	1.8927	6807.3470
53100	0.0000	0.0000	0.0000	0.1124	1.8927	6806.5548
53200	0.0000	0.0000	0.0000	0.1124	1.8927	6805.7578
53300	0.0000	0.0000	0.0000	0.1124	1.8927	6804.9065
53400	0.0000	0.0000	0.0000	0.1124	1.8927	6804.0462
53500	0.0000	0.0000	0.0000	0.1124	1.8927	6803.2376
53600	0.0000	0.0000	0.0000	0.1124	1.8927	6802.3391
53700	0.0000	0.0000	0.0000	0.1124	1.8927	6801.6044
53800	0.0000	0.0000	0.0000	0.1124	1.8927	6800.7595
53900	0.0000	0.0000	0.0000	0.1124	1.8927	6799.9155
54000	0.0000	0.0000	0.0000	0.1124	1.8927	6799.1495
54100	0.0000	0.0000	0.0000	0.1124	1.8927	6798.3094
54200	0.0000	0.0000	0.0000	0.1124	1.8927	6797.5005
54300	0.0000	0.0000	0.0000	0.1124	1.8927	6796.6639
54400	0.0000	0.0000	0.0000	0.1124	1.8927	6795.8978
54500	0.0000	0.0000	0.0000	0.1124	1.8927	6795.0597
54600	0.0000	0.0000	0.0000	0.1124	1.8927	6794.2625
54700	0.0000	0.0000	0.0000	0.1124	1.8927	6793.4888
54800	0.0000	0.0000	0.0000	0.1124	1.8927	6792.6854
54900	0.0000	0.0000	0.0000	0.1124	1.8927	6791.8841
55000	0.0000	0.0000	0.0000	0.1124	1.8927	6791.0339
55100	0.0000	0.0000	0.0000	0.1124	1.8927	6790.1984
55200	0.0000	0.0000	0.0000	0.1124	1.8927	6789.3851
55300	0.0000	0.0000	0.0000	0.1124	1.8927	6788.5638
55400	0.0000	0.0000	0.0000	0.1124	1.8927	6787.7405
55500	0.0000	0.0000	0.0000	0.1124	1.8927	6786.9246
55600	0.0000	0.0000	0.0000	0.1124	1.8927	6786.1463
55700	0.0000	0.0000	0.0000	0.1124	1.8927	6785.3266
55800	0.0000	0.0000	0.0000	0.1124	1.8927	6784.5174
55900	0.0000	0.0000	0.0000	0.1124	1.8927	6783.7033
56000	0.0000	0.0000	0.0000	0.1124	1.8927	6782.9195
56100	0.0000	0.0000	0.0000	0.1124	1.8927	6782.1133
56200	0.0000	0.0000	0.0000	0.1124	1.8927	6781.3072
56300	0.0000	0.0000	0.0000	0.1124	1.8927	6780.4999
56400	0.0000	0.0000	0.0000	0.1124	1.8927	6779.6594
56500	0.0000	0.0000	0.0000	0.1124	1.8927	6778.8597
56600	0.0000	0.0000	0.0000	0.1124	1.8927	6778.0776
56700	0.0000	0.0000	0.0000	0.1124	1.8927	6777.2777
56800	0.0000	0.0000	0.0000	0.1124	1.8927	6776.4415
56900	0.0000	0.0000	0.0000	0.1124	1.8927	6775.5763
57000	0.0000	0.0000	0.0000	0.1124	1.8927	6774.8110
57100	0.0000	0.0000	0.0000	0.1124	1.8927	6773.9804
57200	0.0000	0.0000	0.0000	0.1124	1.8927	6773.1362
57300	0.0000	0.0000	0.0000	0.1124	1.8927	6772.3017
57400	0.0000	0.0000	0.0000	0.1124	1.8927	6771.5375
57500	0.0000	0.0000	0.0000	0.1124	1.8927	6770.7411
57600	0.0000	0.0000	0.0000	0.1124	1.8927	6769.9721
57700	0.0000	0.0000	0.0000	0.1124	1.8927	6769.1398
57800	0.0000	0.0000	0.0000	0.1124	1.8927	6768.3337
57900	0.0000	0.0000	0.0000	0.1124	1.8927	6767.5933
58000	0.0000	0.0000	0.0000	0.1124	1.8927	6766.8000
58100	0.0000	0.0000	0.0000	0.1124	1.8927	6765.9473
58200	0.0000	0.0000	0.0000	0.1124	1.8927	6765.1428
58300	0.0000	0.0000	0.0000	0.1124	1.8927	6764.3000
58400	0.0000	0.0000	0.0000	0.1124	1.8927	6763.5125
58500	0.0000	0.0000	0.0000	0.1124	1.8927	6762.6680
58600	0.0000	0.0000	0.0000	0.1124	1.8927	6761.8840
58700	0.0000	0.0000	0.0000	0.1124	1.8927	6761.0839
58800	0.0000	0.0000	0.0000	0.1124	1.8927	6760.3231
58900	0.0000	0.0000	0.0000	0.1124	1.8927	6759.4790
59000	0.0000	0.0000	0.0000	0.1124	1.8927	6758.6725
59100	0.0000	0.0000	0.0000	0.1124	1.8927	6757.8482
59200	0.0000	0.0000	0.0000	0.1124	1.8927	6757.0722
59300	0.0000	0.0000	0.0000	0.1124	1.8927	6756.2870
59400	0.0000	0.0000	0.0000	0.1124	1.8927	6755.5129
59500	0.0000	0.0000	0.0000	0.1124	1.8927	6754.7417
59600	0.0000	0.0000	0.0000	0.1124	1.8927	6753.9307
59700	0.0000	0.0000	0.0000	0.1124	1.8927	6753.1093
59800	0.0000	0.0000	0.0000	0.1124	1.8927	6752.3217
59900	0.0000	0.0000	0.0000	0.1124	1.8927	6751.5884
60000	0.0000	0.0000	0.0000	0.1124	1.8927	6750.7122
60100	0.0000	0.0000	0.0000	0.1124	1.8927	6749.9824
60200	0.0000	0.0000	0.0000	0.1124	1.8927	6749.1692
60300	0.0000	0.0000	0.0000	0.1124	1.8927	6748.3275
60400	0.0000	0.0000	0.0000	0.1124	1.8927	6747.5356
60500	0.0000	0.0000	0.0000	0.1124	1.8927	6746.7519
60600	0.0000	0.0000	0.0000	0.1124	1.8927	6745.9210
60700	0.0000	0.0000	0.0000	0.1124	1.8927	6745.1276
60800	0.0000	0.0000	0.0000	0.1124	1.8927	6744.3233
60900	0.0000	0.0000	0.0000	0.1124	1.8927	6743.5735
61000	0.0000	0.0000	0.0000	0.1124	1.8927	6742.7197
61100	0.0000	0.0000	0.0000	0.1124	1.8927	6741.9748
61200	0.0000	0.0000	0.0000	0.1124	1.8927	6741.1393
61300	0.0000	0.0000	0.0000	0.1124	1.8927	6740.2853
61400	0.0000	0.0000	0.0000	0.1124	1.8927	6739.4668
61500	0.0000	0.0000	0.0000	0.1124	1.8927	6738.6787
61600	0.0000	0.0000	0.0000	0.1124	1.8927	6737.9224
61700	0.0000	0.0000	0.0000	0.1124	1.8927	6737.1210
61800	0.0000	0.0000	0.0000	0.1124	1.8927	6736.3671
61900	0.0000	0.0000	0.0000	0.1124	1.8927	6735.5637
62000	0.0000	0.0000	0.0000	0.1124	1.8927	6734.7805
62100	0.0000	0.0000	0.0000	0.1124	1.8927	6733.9715
62200	0.0000	0.0000	0.0000	0.1124	1.8927	6733.1733
62300	0.0000	0.0000	0.0000	0.1124	1.8927	6732.3724
62400	0.0000	0.0000	0.0000	0.1124	1.8927	6731.6043
62500	0.0000	0.0000	0.0000	0.1124	1.8927	6730.7791
62600	0.0000	0.0000	0.0000	0.1124	1.8927	6729.9294
62700	0.0000	0.0000	0.0000	0.1124	1.8927	6729.1947
62800	0.0000	0.0000	0.0000	0.1124	1.8927	6728.4709
62900	0.0000	0.0000	0.0000	0.1124	1.8927	6727.6697
63000	0.0000	0.0000	0.0000	0.1124	1.8927	6726.8509
63100	0.0000	0.0000	0.0000	0.1124	1.8927	6726.0472
63200	0.0000	0.0000	0.0000	0.1124	1.8927	6725.2603
63300	0.0000	0.0000	0.0000	0.1124	1.8927	6724.4119
63400	0.0000	0.0000	0.0000	0.1124	1.8927	6723.6549
63500	0.0000	0.0000	0.0000	0.1124	1.8927	6722.8802
63600	0.0000	0.0000	0.0000	0.1124	1.8927	6722.1069
63700	0.0000	0.0000	0.0000	0.1124	1.8927	6721.3266
63800	0.0000	0.0000	0.0000	0.1124	1.8927	6720.5728
63900	0.0000	0.0000	0.0000	0.1124	1.8927	6719.7672
64000	0.0000	0.0000	0.0000	0.1124	1.8927	6718.9862
64100	0.0000	0.0000	0.0000	0.1124	1.8927	6718.1881
64200	0.0000	0.0000	0.0000	0.1124	1.8927	6717.3723
64300	0.0000	0.0000	0.0000	0.1124	1.8927	6716.5183
64400	0.0000	0.0000	0.0000	0.1124	1.8927	6715.7732
64500	0.0000	0.0000	0.0000	0.1124	1.8927	6715.0054
64600	0.0000	0.0000	0.0000	0.1124	1.8927	6714.2483
64700	0.0000	0.0000	0.0000	0.1124	1.8927	6713.4360
64800	0.0000	0.0000	0.0000	0.1124	1.8927	6712.6470
64900	0.0000	0.0000	0.0000	0.1124	1.8927	6711.8613
65000	0.0000	0.0000	0.0000	0.1124	1.8927	6711.0526
65100	0.0000	0.0000	0.0000	0.1124	1.8927	6710.3239
65200	0.0000	0.0000	0.0000	0.1124	1.8927	6709.5252
65300	0.0000	0.0000	0.0000	0.1124	1.8927	6708.7330
65400	0.0000	0.0000	0.0000	0.1124	1.8927	6707.9311
65500	0.0000	0.0000	0.0000	0.1124	1.8927	6707.1681
65600	0.0000	0.0000	0.0000	0.1124	1.8927	6706.3686
65700	0.0000	0.0000	0.0000	0.1124	1.8927	6705.6251
65800	0.0000	0.0000	0.0000	0.1124	1.8927	6704.8182
65900	0.0000	0.0000	0.0000	0.1124	1.8927	6704.0251
66000	0.0000	0.0000	0.0000	0.1124	1.8927	6703.2246
66100	0.0000	0.0000	0.0000	0.1124	1.8927	6702.4242
66200	0.0000	0.0000	0.0000	0.1124	1.8927	6701.5778
66300	0.0000	0.0000	0.0000	0.1124	1.8927	6700.7778
66400	0.0000	0.0000	0.0000	0.1124	1.8927	6699.9946
66500	0.0000	0.0000	0.0000	0.1124	1.8927	6699.2590
66600	0.0000	0.0000	0.0000	0.1124	1.8927	6698.5273
66700	0.0000	0.0000	0.0000	0.1124	1.8927	6697.7324
66800	0.0000	0.0000	0.0000	0.1124	1.8927	6696.9369
66900	0.0000	0.0000	0.0000	0.1124	1.8927	6696.1595
67000	0.0000	0.0000	0.0000	0.1124	1.8927	6695.3306
67100	0.0000	0.0000	0.0000	0.1124	1.8927	6694.6007
67200	0.0000	0.0000	0.0000	0.1124	1.8927	6693.8393
67300	0.0000	0.0000	0.0000	0.1124	1.8927	6693.0388
67400	0.0000	0.0000	0.0000	0.1124	1.8927	6692.2821
67500	0.0000	0.0000	0.0000	0.1124	1.8927	6691.4842
67600	0.0000	0.0000	0.0000	0.1124	1.8927	6690.7016
67700	0.0000	0.0000	0.0000	0.1124	1.8927	6689.9243
67800	0.0000	0.0000	0.0000	0.1124	1.8927	6689.1606
67900	0.0000	0.0000	0.0000	0.1124	1.8927	6688.3624
68000	0.0000	0.0000	0.0000	0.1124	1.8927	6687.6401
68100	0.0000	0.0000	0.0000	0.1124	1.8927	6686.8734
68200	0.0000	0.0000	0.0000	0.1124	1.8927	6686.0501
68300	0.0000	0.0000	0.0000	0.1124	1.8927	6685.2363
68400	0.0000	0.0000	0.0000	0.1124	1.8927	6684.4912
68500	0.0000	0.0000	0.0000	0.1124	1.8927	6683.6738
68600	0.0000	0.0000	0.0000	0.1124	1.8927	6682.8748
68700	0.0000	0.0000	0.0000	0.1124	1.8927	6682.1328
68800	0.0000	0.0000	0.0000	0.1124	1.8927	6681.3430
68900	0.0000	0.0000	0.0000	0.1124	1.8927	6680.6129
69000	0.0000	0.0000	0.0000	0.1124	1.8927	6679.8309
69100	0.0000	0.0000	0.0000	0.1124	1.8927	6679.0807
69200	0.0000	0.0000	0.0000	0.1124	1.8927	6678.3008
69300	0.0000	0.0000	0.0000	0.1124	1.8927	6677.5444
69400	0.0000	0.0000	0.0000	0.1124	1.8927	6676.7231
69500	0.0000	0.0000	0.0000	0.1124	1.8927	6675.9509
69600	0.0000	0.0000	0.0000	0.1124	1.8927	6675.1799
69700	0.0000	0.0000	0.0000	0.1124	1.8927	6674.3821
69800	0.0000	0.0000	0.0000	0.1124	1.8927	6673.6122
69900	0.0000	0.0000	0.0000	0.1124	1.8927	6672.8576
70000	0.0000	0.0000	0.0000	0.1124	1.8927	6672.0694
70100	0.0000	0.0000	0.0000	0.1124	1.8927	6671.2936
70200	0.0000	0.0000	0.0000	0.1124	1.8927	6670.5381
70300	0.0000	0.0000	0.0000	0.1124	1.8927	6669.7699
70400	0.0000	0.0000	0.0000	0.1124	1.8927	6669.0192
70500	0.0000	0.0000	0.0000	0.1124	1.8927	6668.2357
70600	0.0000	0.0000	0.0000	0.1124	1.8927	6667.4678
70700	0.0000	0.0000	0.0000	0.1124	1.8927	6666.6941
70800	0.0000	0.0000	0.0000	0.1124	1.8927	6665.9055
70900	0.0000	0.0000	0.0000	0.1124	1.8927	6665.1173
71000	0.0000	0.0000	0.0000	0.1124	1.8927	6664.3011
71100	0.0000	0.0000	0.0000	0.1124	1.8927	6663.5767
71200	0.0000	0.0000	0.0000	0.1124	1.8927	6662.7848
71300	0.0000	0.0000	0.0000	0.1124	1.8927	6662.0031
71400	0.0000	0.0000	0.0000	0.1124	1.8927	6661.2821
71500	0.0000	0.0000	0.0000	0.1124	1.8927	6660.4809
71600	0.0000	0.0000	0.0000	0.1124	1.8927	6659.6967
71700	0.0000	0.0000	0.0000	0.1124	1.8927	6658.9012
71800	0.0000	0.0000	0.0000	0.1124	1.8927	6658.1110
71900	0.0000	0.0000	0.0000	0.1124	1.8927	6657.3681
72000	0.0000	0.0000	0.0000	0.1124	1.8927	6656.6678
72100	0.0000	0.0000	0.0000	0.1124	1.8927	6655.9043
72200	0.0000	0.0000	0.0000	0.1124	1.8927	6655.1692
72300	0.0000	0.0000	0.0000	0.1124	1.8927	6654.4201
72400	0.0000	0.0000	0.0000	0.1124	1.8927	6653.6214
72500	0.0000	0.0000	0.0000	0.1124	1.8927	6652.8842
72600	0.0000	0.0000	0.0000	0.1124	1.8927	6652.0627
72700	0.0000	0.0000	0.0000	0.1124	1.8927	6651.3007
72800	0.0000	0.0000	0.0000	0.1124	1.8927	6650.5318
72900	0.0000	0.0000	0.0000	0.1124	1.8927	6649.7467
73000	0.0000	0.0000	0.0000	0.1124	1.8927	6648.9604
73100	0.0000	0.0000	0.0000	0.1124	1.8927	6648.1647
73200	0.0000	0.0000	0.0000	0.1124	1.8927	6647.4667
73300	0.0000	0.0000	0.0000	0.1124	1.8927	6646.6501
73400	0.0000	0.0000	0.0000	0.1124	1.8927	6645.8669
73500	0.0000	0.0000	0.0000	0.1124	1.8927	6645.0870
73600	0.0000	0.0000	0.0000	0.1124	1.8927	6644.3588
73700	0.0000	0.0000	0.0000	0.1124	1.8927	6643.5639
73800	0.0000	0.0000	0.0000	0.1124	1.8927	6642.8798
73900	0.0000	0.0000	0.0000	0.1124	1.8927	6642.0998
74000	0.0000	0.0000	0.0000	0.1124	1.8927	6641.3679
74100	0.0000	0.0000	0.0000	0.1124	1.8927	6640.5595
74200	0.0000	0.0000	0.0000	0.1124	1.8927	6639.7833
74300	0.0000	0.0000	0.0000	0.1124	1.8927	6639.0625
74400	0.0000	0.0000	0.0000	0.1124	1.8927	6638.3021
74500	0.0000	0.0000	0.0000	0.1124	1.8927	6637.5353
74600	0.0000	0.0000	0.0000	0.1124	1.8927	6636.7926
74700	0.0000	0.0000	0.0000	0.1124	1.8927	6636.0529
74800	0.0000	0.0000	0.0000	0.1124	1.8927	6635.2629
74900	0.0000	0.0000	0.0000	0.1124	1.8927	6634.4900
75000	0.0000	0.0000	0.0000	0.1124	1.8927	6633.7334
75100	0.0000	0.0000	0.0000	0.1124	1.8927	6632.9932
75200	0.0000	0.0000	0.0000	0.1124	1.8927	6632.2415
75300	0.0000	0.0000	0.0000	0.1124	1.8927	6631.4590
75400	0.0000	0.0000	0.0000	0.1124	1.8927	6630.6959
75500	0.0000	0.0000	0.0000	0.1124	1.8927	6629.8949
75600	0.0000	0.0000	0.0000	0.1124	1.8927	6629.1737
75700	0.0000	0.0000	0.0000	0.1124	1.8927	6628.3968
75800	0.0000	0.0000	0.0000	0.1124	1.8927	6627.6691
75900	0.0000	0.0000	0.0000	0.1124	1.8927	6626.9317
76000	0.0000	0.0000	0.0000	0.1124	1.8927	6626.1918
76100	0.0000	0.0000	0.0000	0.1124	1.8927	6625.3949
76200	0.0000	0.0000	0.0000	0.1124	1.8927	6624.6232
76300	0.0000	0.0000	0.0000	0.1124	1.8927	6623.8252
76400	0.0000	0.0000	0.0000	0.1124	1.8927	6623.0941
76500	0.0000	0.0000	0.0000	0.1124	1.8927	6622.3201
76600	0.0000	0.0000	0.0000	0.1124	1.8927	6621.5887
76700	0.0000	0.0000	0.0000	0.1124	1.8927	6620.8800
76800	0.0000	0.0000	0.0000	0.1124	1.8927	6620.0817
76900	0.0000	0.0000	0.0000	0.1124	1.8927	6619.3377
77000	0.0000	0.0000	0.0000	0.1124	1.8927	6618.5933
77100	0.0000	0.0000	0.0000	0.1124	1.8927	6617.8505
77200	0.0000	0.0000	0.0000	0.1124	1.8927	6617.1009
77300	0.0000	0.0000	0.0000	0.1124	1.8927	6616.3340
77400	0.0000	0.0000	0.0000	0.1124	1.8927	6615.5492
77500	0.0000	0.0000	0.0000	0.1124	1.8927	6614.8200
77600	0.0000	0.0000	0.0000	0.1124	1.8927	6614.0308
77700	0.0000	0.0000	0.0000	0.1124	1.8927	6613.2698
77800	0.0000	0.0000	0.0000	0.1124	1.8927	6612.5133
77900	0.0000	0.0000	0.0000	0.1124	1.8927	6611.8005
78000	0.0000	0.0000	0.0000	0.1124	1.8927	6611.0257
78100	0.0000	0.0000	0.0000	0.1124	1.8927	6610.2998
78200	0.0000	0.0000	0.0000	0.1124	1.8927	6609.5417
78300	0.0000	0.0000	0.0000	0.1124	1.8927	6608.7293
78400	0.0000	0.0000	0.0000	0.1124	1.8927	6607.9663
78500	0.0000	0.0000	0.0000	0.1124	1.8927	6607.2354
78600	0.0000	0.0000	0.0000	0.1124	1.8927	6606.5112
78700	0.0000	0.0000	0.0000	0.1124	1.8927	6605.7460
78800	0.0000	0.0000	0.0000	0.1124	1.8927	6604.9569
78900	0.0000	0.0000	0.0000	0.1124	1.8927	6604.1859
79000	0.0000	0.0000	0.0000	0.1124	1.8927	6603.4629
79100	0.0000	0.0000	0.0000	0.1124	1.8927	6602.7264
79200	0.0000	0.0000	0.0000	0.1124	1.8927	6602.0057
79300	0.0000	0.0000	0.0000	0.1124	1.8927	6601.2321
79400	0.0000	0.0000	0.0000	0.1124	1.8927	6600.5129
79500	0.0000	0.0000	0.0000	0.1124	1.8927	6599.7837
79600	0.0000	0.0000	0.0000	0.1124	1.8927	6599.0044
79700	0.0000	0.0000	0.0000	0.1124	1.8927	6598.2908
79800	0.0000	0.0000	0.0000	0.1124	1.8927	6597.5091
79900	0.0000	0.0000	0.0000	0.1124	1.8927	6596.7457
80000	0.0000	0.0000	0.0000	0.1124	1.8927	6595.9770
80100	0.0000	0.0000	0.0000	0.1124	1.8927	6595.2344
80200	0.0000	0.0000	0.0000	0.1124	1.8927	6594.5077
80300	0.0000	0.0000	0.0000	0.1124	1.8927	6593.7348
80400	0.0000	0.0000	0.0000	0.1124	1.8927	6593.0215
80500	0.0000	0.0000	0.0000	0.1124	1.8927	6592.2626
80600	0.0000	0.0000	0.0000	0.1124	1.8927	6591.5079
80700	0.0000	0.0000	0.0000	0.1124	1.8927	6590.7475
80800	0.0000	0.0000	0.0000	0.1124	1.8927	6589.9777
80900	0.0000	0.0000	0.0000	0.1124	1.8927	6589.2688
81000	0.0000	0.0000	0.0000	0.1124	1.8927	6588.5427
81100	0.0000	0.0000	0.0000	0.1124	1.8927	6587.7715
81200	0.0000	0.0000	0.0000	0.1124	1.8927	6587.0484
81300	0.0000	0.0000	0.0000	0.1124	1.8927	6586.3024
81400	0.0000	0.0000	0.0000	0.1124	1.8927	6585.5400
81500	0.0000	0.0000	0.0000	0.1124	1.8927	6584.8212
81600	0.0000	0.0000	0.0000	0.1124	1.8927	6584.0729
81700	0.0000	0.0000	0.0000	0.1124	1.8927	6583.3503
81800	0.0000	0.0000	0.0000	0.1124	1.8927	6582.6405
81900	0.0000	0.0000	0.0000	0.1124	1.8927	6581.8927
82000	0.0000	0.0000	0.0000	0.1124	1.8927	6581.1425
82100	0.0000	0.0000	0.0000	0.1124	1.8927	6580.3627
82200	0.0000	0.0000	0.0000	0.1124	1.8927	6579.6121
82300	0.0000	0.0000	0.0000	0.1124	1.8927	6578.8668
82400	0.0000	0.0000	0.0000	0.1124	1.8927	6578.1242
82500	0.0000	0.0000	0.0000	0.1124	1.8927	6577.3575
82600	0.0000	0.0000	0.0000	0.1124	1.8927	6576.6444
82700	0.0000	0.0000	0.0000	0.1124	1.8927	6575.9112
82800	0.0000	0.0000	0.0000	0.1124	1.8927	6575.1601
82900	0.0000	0.0000	0.0000	0.1124	1.8927	6574.4450
83000	0.0000	0.0000	0.0000	0.1124	1.8927	6573.6952
83100	0.0000	0.0000	0.0000	0.1124	1.8927	6572.9722
83200	0.0000	0.0000	0.0000	0.1124	1.8927	6572.2229
83300	0.0000	0.0000	0.0000	0.1124	1.8927	6571.5017
83400	0.0000	0.0000	0.0000	0.1124	1.8927	6570.7170
83500	0.0000	0.0000	0.0000	0.1124	1.8927	6570.0013
83600	0.0000	0.0000	0.0000	0.1124	1.8927	6569.2867
83700	0.0000	0.0000	0.0000	0.1124	1.8927	6568.5223
83800	0.0000	0.0000	0.0000	0.1124	1.8927	6567.8065
83900	0.0000	0.0000	0.0000	0.1124	1.8927	6567.0367
84000	0.0000	0.0000	0.0000	0.1124	1.8927	6566.2827
84100	0.0000	0.0000	0.0000	0.1124	1.8927	6565.4904
84200	0.0000	0.0000	0.0000	0.1124	1.8927	6564.7808
84300	0.0000	0.0000	0.0000	0.1124	1.8927	6564.0055
84400	0.0000	0.0000	0.0000	0.1124	1.8927	6563.3037
84500	0.0000	0.0000	0.0000	0.1124	1.8927	6562.5840
84600	0.0000	0.0000	0.0000	0.1124	1.8927	6561.8573
84700	0.0000	0.0000	0.0000	0.1124	1.8927	6561.1390
84800	0.0000	0.0000	0.0000	0.1124	1.8927	6560.4049
84900	0.0000	0.0000	0.0000	0.1124	1.8927	6559.6584
85000	0.0000	0.0000	0.0000	0.1124	1.8927	6558.8760
85100	0.0000	0.0000	0.0000	0.1124	1.8927	6558.1674
85200	0.0000	0.0000	0.0000	0.1124	1.8927	6557.4407
85300	0.0000	0.0000	0.0000	0.1124	1.8927	6556.6871
85400	0.0000	0.0000	0.0000	0.1124	1.8927	6555.9392
85500	0.0000	0.0000	0.0000	0.1124	1.8927	6555.1835
85600	0.0000	0.0000	0.0000	0.1124	1.8927	6554.5046
85700	0.0000	0.0000	0.0000	0.1124	1.8927	6553.7356
85800	0.0000	0.0000	0.0000	0.1124	1.8927	6553.0329
85900	0.0000	0.0000	0.0000	0.1124	1.8927	6552.2654
86000	0.0000	0.0000	0.0000	0.1124	1.8927	6551.5268
86100	0.0000	0.0000	0.0000	0.1124	1.8927	6550.8278
86200	0.0000	0.0000	0.0000	0.1124	1.8927	6550.1114
86300	0.0000	0.0000	0.0000	0.1124	1.8927	6549.3890
86400	0.0000	0.0000	0.0000	0.1124	1.8927	6548.6339
86500	0.0000	0.0000	0.0000	0.1124	1.8927	6547.9120
86600	0.0000	0.0000	0.0000	0.1124	1.8927	6547.1609
86700	0.0000	0.0000	0.0000	0.1124	1.8927	6546.4091
86800	0.0000	0.0000	0.0000	0.1124	1.8927	6545.6543
86900	0.0000	0.0000	0.0000	0.1124	1.8927	6544.9622
87000	0.0000	0.0000	0.0000	0.1124	1.8927	6544.2436
87100	0.0000	0.0000	0.0000	0.1124	1.8927	6543.5065
87200	0.0000	0.0000	0.0000	0.1124	1.8927	6542.7891
87300	0.0000	0.0000	0.0000	0.1124	1.8927	6542.0381
87400	0.0000	0.0000	0.0000	0.1124	1.8927	6541.3227
87500	0.0000	0.0000	0.0000	0.1124	1.8927	6540.6478
87600	0.0000	0.0000	0.0000	0.1124	1.8927	6539.8622
87700	0.0000	0.0000	0.0000	0.1124	1.8927	6539.1028
87800	0.0000	0.0000	0.0000	0.1124	1.8927	6538.3988
87900	0.0000	0.0000	0.0000	0.1124	1.8927	6537.6655
88000	0.0000	0.0000	0.0000	0.1124	1.8927	6536.9758
88100	0.0000	0.0000	0.0000	0.1124	1.8927	6536.2247
88200	0.0000	0.0000	0.0000	0.1124	1.8927	6535.4895
88300	0.0000	0.0000	0.0000	0.1124	1.8927	6534.7101
88400	0.0000	0.0000	0.0000	0.1124	1.8927	6533.9697
88500	0.0000	0.0000	0.0000	0.1124	1.8927	6533.2685
88600	0.0000	0.0000	0.0000	0.1124	1.8927	6532.5697
88700	0.0000	0.0000	0.0000	0.1124	1.8927	6531.8368
88800	0.0000	0.0000	0.0000	0.1124	1.8927	6531.1255
88900	0.0000	0.0000	0.0000	0.1124	1.8927	6530.3977
89000	0.0000	0.0000	0.0000	0.1124	1.8927	6529.6866
89100	0.0000	0.0000	0.0000	0.1124	1.8927	6528.9608
89200	0.0000	0.0000	0.0000	0.1124	1.8927	6528.2109
89300	0.0000	0.0000	0.0000	0.1124	1.8927	6527.4876
89400	0.0000	0.0000	0.0000	0.1124	1.8927	6526.7703
89500	0.0000	0.0000	0.0000	0.1124	1.8927	6526.0116
89600	0.0000	0.0000	0.0000	0.1124	1.8927	6525.3079
89700	0.0000	0.0000	0.0000	0.1124	1.8927	6524.5732
89800	0.0000	0.0000	0.0000	0.1124	1.8927	6523.8330
89900	0.0000	0.0000	0.0000	0.1124	1.8927	6523.1188
90000	0.0000	0.0000	0.0000	0.1124	1.8927	6522.4238
90100	0.0000	0.0000	0.0000	0.1124	1.8927	6521.6596
90200	0.0000	0.0000	0.0000	0.1124	1.8927	6520.9876
90300	0.0000	0.0000	0.0000	0.1124	1.8927	6520.2399
90400	0.0000	0.0000	0.0000	0.1124	1.8927	6519.5210
90500	0.0000	0.0000	0.0000	0.1124	1.8927	6518.8156
90600	0.0000	0.0000	0.0000	0.1124	1.8927	6518.0859
90700	0.0000	0.0000	0.0000	0.1124	1.8927	6517.3685
90800	0.0000	0.0000	0.0000	0.1124	1.8927	6516.6232
90900	0.0000	0.0000	0.0000	0.1124	1.8927	6515.9108
91000	0.0000	0.0000	0.0000	0.1124	1.8927	6515.2200
91100	0.0000	0.0000	0.0000	0.1124	1.8927	6514.4915
91200	0.0000	0.0000	0.0000	0.1124	1.8927	6513.7568
91300	0.0000	0.0000	0.0000	0.1124	1.8927	6513.0055
91400	0.0000	0.0000	0.0000	0.1124	1.8927	6512.2891
91500	0.0000	0.0000	0.0000	0.1124	1.8927	6511.5849
91600	0.0000	0.0000	0.0000	0.1124	1.8927	6510.8610
91700	0.0000	0.0000	0.0000	0.1124	1.8927	6510.1480
91800	0.0000	0.0000	0.0000	0.1124	1.8927	6509.4364
91900	0.0000	0.0000	0.0000	0.1124	1.8927	6508.7121
92000	0.0000	0.0000	0.0000	0.1124	1.8927	6507.9905
92100	0.0000	0.0000	0.0000	0.1124	1.8927	6507.2685
92200	0.0000	0.0000	0.0000	0.1124	1.8927	6506.5344
92300	0.0000	0.0000	0.0000	0.1124	1.8927	6505.8143
92400	0.0000	0.0000	0.0000	0.1124	1.8927	6505.1246
92500	0.0000	0.0000	0.0000	0.1124	1.8927	6504.3962
92600	0.0000	0.0000	0.0000	0.1124	1.8927	6503.6839
92700	0.0000	0.0000	0.0000	0.1124	1.8927	6502.9651
92800	0.0000	0.0000	0.0000	0.1124	1.8927	6502.2302
92900	0.0000	0.0000	0.0000	0.1124	1.8927	6501.5355
93000	0.0000	0.0000	0.0000	0.1124	1.8927	6500.8215
93100	0.0000	0.0000	0.0000	0.1124	1.8927	6500.0995
93200	0.0000	0.0000	0.0000	0.1124	1.8927	6499.3625
93300	0.0000	0.0000	0.0000	0.1124	1.8927	6498.6488
93400	0.0000	0.0000	0.0000	0.1124	1.8927	6497.9033
93500	0.0000	0.0000	0.0000	0.1124	1.8927	6497.2077
93600	0.0000	0.0000	0.0000	0.1124	1.8927	6496.5270
93700	0.0000	0.0000	0.0000	0.1124	1.8927	6495.8170
93800	0.0000	0.0000	0.0000	0.1124	1.8927	6495.1059
93900	0.0000	0.0000	0.0000	0.1124	1.8927	6494.3676
94000	0.0000	0.0000	0.0000	0.1124	1.8927	6493.6604
94100	0.0000	0.0000	0.0000	0.1124	1.8927	6492.9639
94200	0.0000	0.0000	0.0000	0.1124	1.8927	6492.2411
94300	0.0000	0.0000	0.0000	0.1124	1.8927	6491.4936
94400	0.0000	0.0000	0.0000	0.1124	1.8927	6490.7852
94500	0.0000	0.0000	0.0000	0.1124	1.8927	6490.1119
94600	0.0000	0.0000	0.0000	0.1124	1.8927	6489.4245
94700	0.0000	0.0000	0.0000	0.1124	1.8927	6488.7240
94800	0.0000	0.0000	0.0000	0.1124	1.8927	6487.9639
94900	0.0000	0.0000	0.0000	0.1124	1.8927	6487.2665
95000	0.0000	0.0000	0.0000	0.1124	1.8927	6486.5638
95100	0.0000	0.0000	0.0000	0.1124	1.8927	6485.8435
95200	0.0000	0.0000	0.0000	0.1124	1.8927	6485.0844
95300	0.0000	0.0000	0.0000	0.1124	1.8927	6484.3949
95400	0.0000	0.0000	0.0000	0.1124	1.8927	6483.6952
95500	0.0000	0.0000	0.0000	0.1124	1.8927	6482.9733
95600	0.0000	0.0000	0.0000	0.1124	1.8927	6482.2282
95700	0.0000	0.0000	0.0000	0.1124	1.8927	6481.5371
95800	0.0000	0.0000	0.0000	0.1124	1.8927	6480.8405
95900	0.0000	0.0000	0.0000	0.1124	1.8927	6480.1328
96000	0.0000	0.0000	0.0000	0.1124	1.8927	6479.4351
96100	0.0000	0.0000	0.0000	0.1124	1.8927	6478.7688
96200	0.0000	0.0000	0.0000	0.1124	1.8927	6478.0739
96300	0.0000	0.0000	0.0000	0.1124	1.8927	6477.3419
96400	0.0000	0.0000	0.0000	0.1124	1.8927	6476.6471
96500	0.0000	0.0000	0.0000	0.1124	1.8927	6475.9050
96600	0.0000	0.0000	0.0000	0.1124	1.8927	6475.1836
96700	0.0000	0.0000	0.0000	0.1124	1.8927	6474.4708
96800	0.0000	0.0000	0.0000	0.1124	1.8927	6473.7724
96900	0.0000	0.0000	0.0000	0.1124	1.8927	6473.0645
97000	0.0000	0.0000	0.0000	0.1124	1.8927	6472.3611
97100	0.0000	0.0000	0.0000	0.1124	1.8927	6471.6449
97200	0.0000	0.0000	0.0000	0.1124	1.8927	6470.9406
97300	0.0000	0.0000	0.0000	0.1124	1.8927	6470.2334
97400	0.0000	0.0000	0.0000	0.1124	1.8927	6469.5164
97500	0.0000	0.0000	0.0000	0.1124	1.8927	6468.8424
97600	0.0000	0.0000	0.0000	0.1124	1.8927	6468.1262
97700	0.0000	0.0000	0.0000	0.1124	1.8927	6467.4102
97800	0.0000	0.0000	0.0000	0.1124	1.8927	6466.7062
97900	0.0000	0.0000	0.0000	0.1124	1.8927	6466.0323
98000	0.0000	0.0000	0.0000	0.1124	1.8927	6465.3353
98100	0.0000	0.0000	0.0000	0.1124	1.8927	6464.6499
98200	0.0000	0.0000	0.0000	0.1124	1.8927	6463.9322
98300	0.0000	0.0000	0.0000	0.1124	1.8927	6463.1866
98400	0.0000	0.0000	0.0000	0.1124	1.8927	6462.4802
98500	0.0000	0.0000	0.0000	0.1124	1.8927	6461.7784
98600	0.0000	0.0000	0.0000	0.1124	1.8927	6461.0831
98700	0.0000	0.0000	0.0000	0.1124	1.8927	6460.3665
98800	0.0000	0.0000	0.0000	0.1124	1.8927	6459.6959
98900	0.0000	0.0000	0.0000	0.1124	1.8927	6458.9810
99000	0.0000	0.0000	0.0000	0.1124	1.8927	6458.2628
99100	0.0000	0.0000	0.0000	0.1124	1.8927	6457.5789
99200	0.0000	0.0000	0.0000	0.1124	1.8927	6456.8594
99300	0.0000	0.0000	0.0000	0.1124	1.8927	6456.1439
99400	0.0000	0.0000	0.0000	0.1124	1.8927	6455.4838
99500	0.0000	0.0000	0.0000	0.1124	1.8927	6454.7917
99600	0.0000	0.0000	0.0000	0.1124	1.8927	6454.0539
99700	0.0000	0.0000	0.0000	0.1124	1.8927	6453.3351
99800	0.0000	0.0000	0.0000	0.1124	1.8927	6452.6472
99900	0.0000	0.0000	0.0000	0.1124	1.8927	6451.9255
100000	0.0000	0.0000	0.0000	0.1124	1.8927	6451.2288
100100	0.0000	0.0000	0.0000	0.1124	1.8927	6450.5302
100200	0.0000	0.0000	0.0000	0.1124	1.8927	6449.8535
100300	0.0000	0.0000	0.0000	0.1124	1.8927	6449.1662
100400	0.0000	0.0000	0.0000	0.1124	1.8927	6448.4279
100500	0.0000	0.0000	0.0000	0.1124	1.8927	6447.7434
100600	0.0000	0.0000	0.0000	0.1124	1.8927	6447.0760
100700	0.0000	0.0000	0.0000	0.1124	1.8927	6446.3797
100800	0.0000	0.0000	0.0000	0.1124	1.8927	6445.6615
100900	0.0000	0.0000	0.0000	0.1124	1.8927	6444.9470
101000	0.0000	0.0000	0.0000	0.1124	1.8927	6444.2729
101100	0.0000	0.0000	0.0000	0.1124	1.8927	6443.5879
101200	0.0000	0.0000	0.0000	0.1124	1.8927	6442.8737
101300	0.0000	0.0000	0.0000	0.1124	1.8927	6442.1876
101400	0.0000	0.0000	0.0000	0.1124	1.8927	6441.4780
101500	0.0000	0.0000	0.0000	0.1124	1.8927	6440.7735
101600	0.0000	0.0000	0.0000	0.1124	1.8927	6440.0652
101700	0.0000	0.0000	0.0000	0.1124	1.8927	6439.3692
101800	0.0000	0.0000	0.0000	0.1124	1.8927	6438.7038
101900	0.0000	0.0000	0.0000	0.1124	1.8927	6437.9905
102000	0.0000	0.0000	0.0000	0.1124	1.8927	6437.3030
102100	0.0000	0.0000	0.0000	0.1124	1.8927	6436.5940
102200	0.0000	0.0000	0.0000	0.1124	1.8927	6435.9051
102300	0.0000	0.0000	0.0000	0.1124	1.8927	6435.1873
102400	0.0000	0.0000	0.0000	0.1124	1.8927	6434.4618
102500	0.0000	0.0000	0.0000	0.1124	1.8927	6433.8151
102600	0.0000	0.0000	0.0000	0.1124	1.8927	6433.1364
102700	0.0000	0.0000	0.0000	0.1124	1.8927	6432.4247
102800	0.0000	0.0000	0.0000	0.1124	1.8927	6431.7320
102900	0.0000	0.0000	0.0000	0.1124	1.8927	6431.0362
103000	0.0000	0.0000	0.0000	0.1124	1.8927	6430.3700
103100	0.0000	0.0000	0.0000	0.1124	1.8927	6429.6742
103200	0.0000	0.0000	0.0000	0.1124	1.8927	6428.9782
103300	0.0000	0.0000	0.0000	0.1124	1.8927	6428.3283
103400	0.0000	0.0000	0.0000	0.1124	1.8927	6427.6161
103500	0.0000	0.0000	0.0000	0.1124	1.8927	6426.9063
103600	0.0000	0.0000	0.0000	0.1124	1.8927	6426.2165
103700	0.0000	0.0000	0.0000	0.1124	1.8927	6425.5116
103800	0.0000	0.0000	0.0000	0.1124	1.8927	6424.8284
103900	0.0000	0.0000	0.0000	0.1124	1.8927	6424.1223
104000	0.0000	0.0000	0.0000	0.1124	1.8927	6423.4321
104100	0.0000	0.0000	0.0000	0.1124	1.8927	6422.7193
104200	0.0000	0.0000	0.0000	0.1124	1.8927	6422.0251
104300	0.0000	0.0000	0.0000	0.1124	1.8927	6421.3513
104400	0.0000	0.0000	0.0000	0.1124	1.8927	6420.6871
104500	0.0000	0.0000	0.0000	0.1124	1.8927	6419.9654
104600	0.0000	0.0000	0.0000	0.1124	1.8927	6419.2767
104700	0.0000	0.0000	0.0000	0.1124	1.8927	6418.5818
104800	0.0000	0.0000	0.0000	0.1124	1.8927	6417.8735
104900	0.0000	0.0000	0.0000	0.1124	1.8927	6417.1968
105000	0.0000	0.0000	0.0000	0.1124	1.8927	6416.5541
105100	0.0000	0.0000	0.0000	0.1124	1.8927	6415.9047
105200	0.0000	0.0000	0.0000	0.1124	1.8927	6415.2186
105300	0.0000	0.0000	0.0000	0.1124	1.8927	6414.5232
105400	0.0000	0.0000	0.0000	0.1124	1.8927	6413.8333
105500	0.0000	0.0000	0.0000	0.1124	1.8927	6413.1465
105600	0.0000	0.0000	0.0000	0.1124	1.8927	6412.4295
105700	0.0000	0.0000	0.0000	0.1124	1.8927	6411.7126
105800	0.0000	0.0000	0.0000	0.1124	1.8927	6411.0126
105900	0.0000	0.0000	0.0000	0.1124	1.8927	6410.3715
106000	0.0000	0.0000	0.0000	0.1124	1.8927	6409.6741
106100	0.0000	0.0000	0.0000	0.1124	1.8927	6408.9908
106200	0.0000	0.0000	0.0000	0.1124	1.8927	6408.3132
106300	0.0000	0.0000	0.0000	0.1124	1.8927	6407.6163
106400	0.0000	0.0000	0.0000	0.1124	1.8927	6406.9418
106500	0.0000	0.0000	0.0000	0.1124	1.8927	6406.2869
106600	0.0000	0.0000	0.0000	0.1124	1.8927	6405.5979
106700	0.0000	0.0000	0.0000	0.1124	1.8927	6404.9048
106800	0.0000	0.0000	0.0000	0.1124	1.8927	6404.2053
106900	0.0000	0.0000	0.0000	0.1124	1.8927	6403.4930
107000	0.0000	0.0000	0.0000	0.1124	1.8927	6402.8165
107100	0.0000	0.0000	0.0000	0.1124	1.8927	6402.1288
107200	0.0000	0.0000	0.0000	0.1124	1.8927	6401.4351
107300	0.0000	0.0000	0.0000	0.1124	1.8927	6400.7860
107400	0.0000	0.0000	0.0000	0.1124	1.8927	6400.1058
107500	0.0000	0.0000	0.0000	0.1124	1.8927	6399.4431
107600	0.0000	0.0000	0.0000	0.1124	1.8927	6398.7688
107700	0.0000	0.0000	0.0000	0.1124	1.8927	6398.0864
107800	0.0000	0.0000	0.0000	0.1124	1.8927	6397.3977
107900	0.0000	0.0000	0.0000	0.1124	1.8927	6396.7081
108000	0.0000	0.0000	0.0000	0.1124	1.8927	6396.0146
108100	0.0000	0.0000	0.0000	0.1124	1.8927	6395.3760
108200	0.0000	0.0000	0.0000	0.1124	1.8927	6394.6896
108300	0.0000	0.0000	0.0000	0.1124	1.8927	6394.0197
108400	0.0000	0.0000	0.0000	0.1124	1.8927	6393.3175
108500	0.0000	0.0000	0.0000	0.1124	1.8927	6392.6466
108600	0.0000	0.0000	0.0000	0.1124	1.8927	6391.9317
108700	0.0000	0.0000	0.0000	0.1124	1.8927	6391.2508
108800	0.0000	0.0000	0.0000	0.1124	1.8927	6390.5506
108900	0.0000	0.0000	0.0000	0.1124	1.8927	6389.8962
109000	0.0000	0.0000	0.0000	0.1124	1.8927	6389.1824
109100	0.0000	0.0000	0.0000	0.1124	1.8927	6388.5641
109200	0.0000	0.0000	0.0000	0.1124	1.8927	6387.8571
109300	0.0000	0.0000	0.0000	0.1124	1.8927	6387.1786
109400	0.0000	0.0000	0.0000	0.1124	1.8927	6386.5101
109500	0.0000	0.0000	0.0000	0.1124	1.8927	6385.8226
109600	0.0000	0.0000	0.0000	0.1124	1.8927	6385.1366
109700	0.0000	0.0000	0.0000	0.1124	1.8927	6384.4683
109800	0.0000	0.0000	0.0000	0.1124	1.8927	6383.7908
109900	0.0000	0.0000	0.0000	0.1124	1.8927	6383.1089
110000	0.0000	0.0000	0.0000	0.1124	1.8927	6382.4285
110100	0.0000	0.0000	0.0000	0.1124	1.8927	6381.7296
110200	0.0000	0.0000	0.0000	0.1124	1.8927	6381.0916
110300	0.0000	0.0000	0.0000	0.1124	1.8927	6380.4126
110400	0.0000	0.0000	0.0000	0.1124	1.8927	6379.7328
110500	0.0000	0.0000	0.0000	0.1124	1.8927	6379.0365
110600	0.0000	0.0000	0.0000	0.1124	1.8927	6378.3769
110700	0.0000	0.0000	0.0000	0.1124	1.8927	6377.6935
110800	0.0000	0.0000	0.0000	0.1124	1.8927	6377.0192
110900	0.0000	0.0000	0.0000	0.1124	1.8927	6376.3488
111000	0.0000	0.0000	0.0000	0.1124	1.8927	6375.6830
111100	0.0000	0.0000	0.0000	0.1124	1.8927	6375.0118
111200	0.0000	0.0000	0.0000	0.1124	1.8927	6374.3503
111300	0.0000	0.0000	0.0000	0.1124	1.8927	6373.6840
111400	0.0000	0.0000	0.0000	0.1124	1.8927	6373.0047
111500	0.0000	0.0000	0.0000	0.1124	1.8927	6372.3323
111600	0.0000	0.0000	0.0000	0.1124	1.8927	6371.6415
111700	0.0000	0.0000	0.0000	0.1124	1.8927	6370.9419
111800	0.0000	0.0000	0.0000	0.1124	1.8927	6370.2731
111900	0.0000	0.0000	0.0000	0.1124	1.8927	6369.6231
112000	0.0000	0.0000	0.0000	0.1124	1.8927	6368.9587
112100	0.0000	0.0000	0.0000	0.1124	1.8927	6368.2835
112200	0.0000	0.0000	0.0000	0.1124	1.8927	6367.6083
112300	0.0000	0.0000	0.0000	0.1124	1.8927	6366.9568
112400	0.0000	0.0000	0.0000	0.1124	1.8927	6366.3029
112500	0.0000	0.0000	0.0000	0.1124	1.8927	6365.6345
112600	0.0000	0.0000	0.0000	0.1124	1.8927	6364.9598
112700	0.0000	0.0000	0.0000	0.1124	1.8927	6364.2996
112800	0.0000	0.0000	0.0000	0.1124	1.8927	6363.5833
112900	0.0000	0.0000	0.0000	0.1124	1.8927	6362.9191
113000	0.0000	0.0000	0.0000	0.1124	1.8927	6362.2483
113100	0.0000	0.0000	0.0000	0.1124	1.8927	6361.5695
113200	0.0000	0.0000	0.0000	0.1124	1.8927	6360.8768
113300	0.0000	0.0000	0.0000	0.1124	1.8927	6360.2186
113400	0.0000	0.0000	0.0000	0.1124	1.8927	6359.5666
113500	0.0000	0.0000	0.0000	0.1124	1.8927	6358.8863
113600	0.0000	0.0000	0.0000	0.1124	1.8927	6358.2035
113700	0.0000	0.0000	0.0000	0.1124	1.8927	6357.5733
113800	0.0000	0.0000	0.0000	0.1124	1.8927	6356.8923
113900	0.0000	0.0000	0.0000	0.1124	1.8927	6356.2381
114000	0.0000	0.0000	0.0000	0.1124	1.8927	6355.5581
114100	0.0000	0.0000	0.0000	0.1124	1.8927	6354.9086
114200	0.0000	0.0000	0.0000	0.1124	1.8927	6354.2583
114300	0.0000	0.0000	0.0000	0.1124	1.8927	6353.5528
114400	0.0000	0.0000	0.0000	0.1124	1.8927	6352.8869
114500	0.0000	0.0000	0.0000	0.1124	1.8927	6352.2199
114600	0.0000	0.0000	0.0000	0.1124	1.8927	6351.5577
114700	0.0000	0.0000	0.0000	0.1124	1.8927	6350.8825
114800	0.0000	0.0000	0.0000	0.1124	1.8927	6350.2333
114900	0.0000	0.0000	0.0000	0.1124	1.8927	6349.5573
115000	0.0000	0.0000	0.0000	0.1124	1.8927	6348.9067
115100	0.0000	0.0000	0.0000	0.1124	1.8927	6348.2356
115200	0.0000	0.0000	0.0000	0.1124	1.8927	6347.5656
115300	0.0000	0.0000	0.0000	0.1124	1.8927	6346.8968
115400	0.0000	0.0000	0.0000	0.1124	1.8927	6346.2189
115500	0.0000	0.0000	0.0000	0.1124	1.8927	6345.5487
115600	0.0000	0.0000	0.0000	0.1124	1.8927	6344.8875
115700	0.0000	0.0000	0.0000	0.1124	1.8927	6344.2354
115800	0.0000	0.0000	0.0000	0.1124	1.8927	6343.5816
115900	0.0000	0.0000	0.0000	0.1124	1.8927	6342.9006
116000	0.0000	0.0000	0.0000	0.1124	1.8927	6342.2380
116100	0.0000	0.0000	0.0000	0.1124	1.8927	6341.5626
116200	0.0000	0.0000	0.0000	0.1124	1.8927	6340.9104
116300	0.0000	0.0000	0.0000	0.1124	1.8927	6340.2637
116400	0.0000	0.0000	0.0000	0.1124	1.8927	6339.6057
116500	0.0000	0.0000	0.0000	0.1124	1.8927	6338.9596
116600	0.0000	0.0000	0.0000	0.1124	1.8927	6338.2898
116700	0.0000	0.0000	0.0000	0.1124	1.8927	6337.6306
116800	0.0000	0.0000	0.0000	0.1124	1.8927	6336.9593
116900	0.0000	0.0000	0.0000	0.1124	1.8927	6336.3064
117000	0.0000	0.0000	0.0000	0.1124	1.8927	6335.6380
117100	0.0000	0.0000	0.0000	0.1124	1.8927	6334.9892
117200	0.0000	0.0000	0.0000	0.1124	1.8927	6334.3239
117300	0.0000	0.0000	0.0000	0.1124	1.8927	6333.6426
117400	0.0000	0.0000	0.0000	0.1124	1.8927	6332.9605
117500	0.0000	0.0000	0.0000	0.1124	1.8927	6332.2969
117600	0.0000	0.0000	0.0000	0.1124	1.8927	6331.6785
117700	0.0000	0.0000	0.0000	0.1124	1.8927	6331.0290
117800	0.0000	0.0000	0.0000	0.1124	1.8927	6330.3480
117900	0.0000	0.0000	0.0000	0.1124	1.8927	6329.6902
118000	0.0000	0.0000	0.0000	0.1124	1.8927	6329.0386
118100	0.0000	0.0000	0.0000	0.1124	1.8927	6328.3745
118200	0.0000	0.0000	0.0000	0.1124	1.8927	6327.7271
118300	0.0000	0.0000	0.0000	0.1124	1.8927	6327.0794
118400	0.0000	0.0000	0.0000	0.1124	1.8927	6326.4300
118500	0.0000	0.0000	0.0000	0.1124	1.8927	6325.7745
118600	0.0000	0.0000	0.0000	0.1124	1.8927	6325.1304
118700	0.0000	0.0000	0.0000	0.1124	1.8927	6324.4629
118800	0.0000	0.0000	0.0000	0.1124	1.8927	6323.7838
118900	0.0000	0.0000	0.0000	0.1124	1.8927	6323.1404
119000	0.0000	0.0000	0.0000	0.1124	1.8927	6322.4901
119100	0.0000	0.0000	0.0000	0.1124	1.8927	6321.8504
119200	0.0000	0.0000	0.0000	0.1124	1.8927	6321.1891
119300	0.0000	0.0000	0.0000	0.1124	1.8927	6320.5183
119400	0.0000	0.0000	0.0000	0.1124	1.8927	6319.8487
119500	0.0000	0.0000	0.0000	0.1124	1.8927	6319.1776
119600	0.0000	0.0000	0.0000	0.1124	1.8927	6318.5409
119700	0.0000	0.0000	0.0000	0.1124	1.8927	6317.8818
119800	0.0000	0.0000	0.0000	0.1124	1.8927	6317.2431
119900	0.0000	0.0000	0.0000	0.1124	1.8927	6316.5785
120000	0.0000	0.0000	0.0000	0.1124	1.8927	6315.9216
120100	0.0000	0.0000	0.0000	0.1124	1.8927	6315.2795
120200	0.0000	0.0000	0.0000	0.1124	1.8927	6314.6275
120300	0.0000	0.0000	0.0000	0.1124	1.8927	6313.9533
120400	0.0000	0.0000	0.0000	0.1124	1.8927	6313.3005
120500	0.0000	0.0000	0.0000	0.1124	1.8927	6312.6469
120600	0.0000	0.0000	0.0000	0.1124	1.8927	6312.0026
120700	0.0000	0.0000	0.0000	0.1124	1.8927	6311.3585
120800	0.0000	0.0000	0.0000	0.1124	1.8927	6310.7225
120900	0.0000	0.0000	0.0000	0.1124	1.8927	6310.0621
121000	0.0000	0.0000	0.0000	0.1124	1.8927	6309.4244
121100	0.0000	0.0000	0.0000	0.1124	1.8927	6308.7483
121200	0.0000	0.0000	0.0000	0.1124	1.8927	6308.0918
121300	0.0000	0.0000	0.0000	0.1124	1.8927	6307.4421
121400	0.0000	0.0000	0.0000	0.1124	1.8927	6306.7698
121500	0.0000	0.0000	0.0000	0.1124	1.8927	6306.1175
121600	0.0000	0.0000	0.0000	0.1124	1.8927	6305.5030
121700	0.0000	0.0000	0.0000	0.1124	1.8927	6304.8375
121800	0.0000	0.0000	0.0000	0.1124	1.8927	6304.1889
121900	0.0000	0.0000	0.0000	0.1124	1.8927	6303.5277
122000	0.0000	0.0000	0.0000	0.1124	1.8927	6302.8634
122100	0.0000	0.0000	0.0000	0.1124	1.8927	6302.2280
122200	0.0000	0.0000	0.0000	0.1124	1.8927	6301.6019
122300	0.0000	0.0000	0.0000	0.1124	1.8927	6300.9495
122400	0.0000	0.0000	0.0000	0.1124	1.8927	6300.2941
122500	0.0000	0.0000	0.0000	0.1124	1.8927	6299.6551
122600	0.0000	0.0000	0.0000	0.1124	1.8927	6299.0054
122700	0.0000	0.0000	0.0000	0.1124	1.8927	6298.3552
122800	0.0000	0.0000	0.0000	0.1124	1.8927	6297.7148
122900	0.0000	0.0000	0.0000	0.1124	1.8927	6297.0605
123000	0.0000	0.0000	0.0000	0.1124	1.8927	6296.4074
123100	0.0000	0.0000	0.0000	0.1124	1.8927	6295.7710
123200	0.0000	0.0000	0.0000	0.1124	1.8927	6295.0963
123300	0.0000	0.0000	0.0000	0.1124	1.8927	6294.4393
123400	0.0000	0.0000	0.0000	0.1124	1.8927	6293.8151
123500	0.0000	0.0000	0.0000	0.1124	1.8927	6293.1710
123600	0.0000	0.0000	0.0000	0.1124	1.8927	6292.5286
123700	0.0000	0.0000	0.0000	0.1124	1.8927	6291.8837
123800	0.0000	0.0000	0.0000	0.1124	1.8927	6291.2571
123900	0.0000	0.0000	0.0000	0.1124	1.8927	6290.6168
124000	0.0000	0.0000	0.0000	0.1124	1.8927	6289.9635
124100	0.0000	0.0000	0.0000	0.1124	1.8927	6289.3021
124200	0.0000	0.0000	0.0000	0.1124	1.8927	6288.6579
124300	0.0000	0.0000	0.0000	0.1124	1.8927	6288.0270
124400	0.0000	0.0000	0.0000	0.1124	1.8927	6287.3934
124500	0.0000	0.0000	0.0000	0.1124	1.8927	6286.7486
124600	0.0000	0.0000	0.0000	0.1124	1.8927	6286.0798
124700	0.0000	0.0000	0.0000	0.1124	1.8927	6285.4192
124800	0.0000	0.0000	0.0000	0.1124	1.8927	6284.7952
124900	0.0000	0.0000	0.0000	0.1124	1.8927	6284.1412
125000	0.0000	0.0000	0.0000	0.1124	1.8927	6283.4772
125100	0.0000	0.0000	0.0000	0.1124	1.8927	6282.8377
125200	0.0000	0.0000	0.0000	0.1124	1.8927	6282.1892
125300	0.0000	0.0000	0.0000	0.1124	1.8927	6281.5748
125400	0.0000	0.0000	0.0000	0.1124	1.8927	6280.9404
125500	0.0000	0.0000	0.0000	0.1124	1.8927	6280.3118
125600	0.0000	0.0000	0.0000	0.1124	1.8927	6279.6644
125700	0.0000	0.0000	0.0000	0.1124	1.8927	6279.0148
125800	0.0000	0.0000	0.0000	0.1124	1.8927	6278.3689
125900	0.0000	0.0000	0.0000	0.1124	1.8927	6277.7400
126000	0.0000	0.0000	0.0000	0.1124	1.8927	6277.0937
126100	0.0000	0.0000	0.0000	0.1124	1.8927	6276.4155
126200	0.0000	0.0000	0.0000	0.1124	1.8927	6275.7656
126300	0.0000	0.0000	0.0000	0.1124	1.8927	6275.1184
126400	0.0000	0.0000	0.0000	0.1124	1.8927	6274.4990
126500	0.0000	0.0000	0.0000	0.1124	1.8927	6273.8561
126600	0.0000	0.0000	0.0000	0.1124	1.8927	6273.2549
126700	0.0000	0.0000	0.0000	0.1124	1.8927	6272.6027
126800	0.0000	0.0000	0.0000	0.1124	1.8927	6271.9935
126900	0.0000	0.0000	0.0000	0.1124	1.8927	6271.3446
127000	0.0000	0.0000	0.0000	0.1124	1.8927	6270.6979
127100	0.0000	0.0000	0.0000	0.1124	1.8927	6270.0476
127200	0.0000	0.0000	0.0000	0.1124	1.8927	6269.4241
127300	0.0000	0.0000	0.0000	0.1124	1.8927	6268.7940
127400	0.0000	0.0000	0.0000	0.1124	1.8927	6268.1734
127500	0.0000	0.0000	0.0000	0.1124	1.8927	6267.5499
127600	0.0000	0.0000	0.0000	0.1124	1.8927	6266.8971
127700	0.0000	0.0000	0.0000	0.1124	1.8927	6266.2312
127800	0.0000	0.0000	0.0000	0.1124	1.8927	6265.6012
127900	0.0000	0.0000	0.0000	0.1124	1.8927	6264.9638
128000	0.0000	0.0000	0.0000	0.1124	1.8927	6264.3080
128100	0.0000	0.0000	0.0000	0.1124	1.8927	6263.7050
128200	0.0000	0.0000	0.0000	0.1124	1.8927	6263.0466
128300	0.0000	0.0000	0.0000	0.1124	1.8927	6262.4060
128400	0.0000	0.0000	0.0000	0.1124	1.8927	6261.7863
128500	0.0000	0.0000	0.0000	0.1124	1.8927	6261.1568
128600	0.0000	0.0000	0.0000	0.1124	1.8927	6260.5307
128700	0.0000	0.0000	0.0000	0.1124	1.8927	6259.8867
128800	0.0000	0.0000	0.0000	0.1124	1.8927	6259.2380
128900	0.0000	0.0000	0.0000	0.1124	1.8927	6258.6083
129000	0.0000	0.0000	0.0000	0.1124	1.8927	6257.9793
129100	0.0000	0.0000	0.0000	0.1124	1.8927	6257.3410
129200	0.0000	0.0000	0.0000	0.1124	1.8927	6256.6935
129300	0.0000	0.0000	0.0000	0.1124	1.8927	6256.0769
129400	0.0000	0.0000	0.0000	0.1124	1.8927	6255.4258
129500	0.0000	0.0000	0.0000	0.1124	1.8927	6254.7879
129600	0.0000	0.0000	0.0000	0.1124	1.8927	6254.1803
129700	0.0000	0.0000	0.0000	0.1124	1.8927	6253.5539
129800	0.0000	0.0000	0.0000	0.1124	1.8927	6252.9426
129900	0.0000	0.0000	0.0000	0.1124	1.8927	6252.3013
130000	0.0000	0.0000	0.0000	0.1124	1.8927	6251.6393
130100	0.0000	0.0000	0.0000	0.1124	1.8927	6251.0148
130200	0.0000	0.0000	0.0000	0.1124	1.8927	6250.3891
130300	0.0000	0.0000	0.0000	0.1124	1.8927	6249.7473
130400	0.0000	0.0000	0.0000	0.1124	1.8927	6249.1048
130500	0.0000	0.0000	0.0000	0.1124	1.8927	6248.4796
130600	0.0000	0.0000	0.0000	0.1124	1.8927	6247.8603
130700	0.0000	0.0000	0.0000	0.1124	1.8927	6247.2243
130800	0.0000	0.0000	0.0000	0.1124	1.8927	6246.6058
130900	0.0000	0.0000	0.0000	0.1124	1.8927	6245.9758
131000	0.0000	0.0000	0.0000	0.1124	1.8927	6245.3385
131100	0.0000	0.0000	0.0000	0.1124	1.8927	6244.7188
131200	0.0000	0.0000	0.0000	0.1124	1.8927	6244.1130
131300	0.0000	0.0000	0.0000	0.1124	1.8927	6243.4685
131400	0.0000	0.0000	0.0000	0.1124	1.8927	6242.8304
131500	0.0000	0.0000	0.0000	0.1124	1.8927	6242.1945
131600	0.0000	0.0000	0.0000	0.1124	1.8927	6241.5678
131700	0.0000	0.0000	0.0000	0.1124	1.8927	6240.9266
131800	0.0000	0.0000	0.0000	0.1124	1.8927	6240.3060
131900	0.0000	0.0000	0.0000	0.1124	1.8927	6239.6909
132000	0.0000	0.0000	0.0000	0.1124	1.8927	6239.0629
132100	0.0000	0.0000	0.0000	0.1124	1.8927	6238.4378
132200	0.0000	0.0000	0.0000	0.1124	1.8927	6237.8203
132300	0.0000	0.0000	0.0000	0.1124	1.8927	6237.1838
132400	0.0000	0.0000	0.0000	0.1124	1.8927	6236.5578
132500	0.0000	0.0000	0.0000	0.1124	1.8927	6235.9435
132600	0.0000	0.0000	0.0000	0.1124	1.8927	6235.3032
132700	0.0000	0.0000	0.0000	0.1124	1.8927	6234.6647
132800	0.0000	0.0000	0.0000	0.1124	1.8927	6234.0487
132900	0.0000	0.0000	0.0000	0.1124	1.8927	6233.4079
133000	0.0000	0.0000	0.0000	0.1124	1.8927	6232.7812
133100	0.0000	0.0000	0.0000	0.1124	1.8927	6232.1574
133200	0.0000	0.0000	0.0000	0.1124	1.8927	6231.5514
133300	0.0000	0.0000	0.0000	0.1124	1.8927	6230.9228
133400	0.0000	0.0000	0.0000	0.1124	1.8927	6230.2711
133500	0.0000	0.0000	0.0000	0.1124	1.8927	6229.6455
133600	0.0000	0.0000	0.0000	0.1124	1.8927	6229.0213
133700	0.0000	0.0000	0.0000	0.1124	1.8927	6228.4133
133800	0.0000	0.0000	0.0000	0.1124	1.8927	6227.8075
133900	0.0000	0.0000	0.0000	0.1124	1.8927	6227.1928
134000	0.0000	0.0000	0.0000	0.1124	1.8927	6226.5617
134100	0.0000	0.0000	0.0000	0.1124	1.8927	6225.9438
134200	0.0000	0.0000	0.0000	0.1124	1.8927	6225.3111
134300	0.0000	0.0000	0.0000	0.1124	1.8927	6224.6980
134400	0.0000	0.0000	0.0000	0.1124	1.8927	6224.0713
134500	0.0000	0.0000	0.0000	0.1124	1.8927	6223.4632
134600	0.0000	0.0000	0.0000	0.1124	1.8927	6222.8371
134700	0.0000	0.0000	0.0000	0.1124	1.8927	6222.2078
134800	0.0000	0.0000	0.0000	0.1124	1.8927	6221.5932
134900	0.0000	0.0000	0.0000	0.1124	1.8927	6220.9780
135000	0.0000	0.0000	0.0000	0.1124	1.8927	6220.3430
135100	0.0000	0.0000	0.0000	0.1124	1.8927	6219.7490
135200	0.0000	0.0000	0.0000	0.1124	1.8927	6219.0995
135300	0.0000	0.0000	0.0000	0.1124	1.8927	6218.4861
135400	0.0000	0.0000	0.0000	0.1124	1.8927	6217.8650
135500	0.0000	0.0000	0.0000	0.1124	1.8927	6217.2380
135600	0.0000	0.0000	0.0000	0.1124	1.8927	6216.6225
135700	0.0000	0.0000	0.0000	0.1124	1.8927	6216.0288
135800	0.0000	0.0000	0.0000	0.1124	1.8927	6215.4065
135900	0.0000	0.0000	0.0000	0.1124	1.8927	6214.8048
136000	0.0000	0.0000	0.0000	0.1124	1.8927	6214.1777
136100	0.0000	0.0000	0.0000	0.1124	1.8927	6213.5231
136200	0.0000	0.0000	0.0000	0.1124	1.8927	6212.9098
136300	0.0000	0.0000	0.0000	0.1124	1.8927	6212.2996
136400	0.0000	0.0000	0.0000	0.1124	1.8927	6211.6876
136500	0.0000	0.0000	0.0000	0.1124	1.8927	6211.0666
136600	0.0000	0.0000	0.0000	0.1124	1.8927	6210.4220
136700	0.0000	0.0000	0.0000	0.1124	1.8927	6209.8221
136800	0.0000	0.0000	0.0000	0.1124	1.8927	6209.2049
136900	0.0000	0.0000	0.0000	0.1124	1.8927	6208.5982
137000	0.0000	0.0000	0.0000	0.1124	1.8927	6207.9801
137100	0.0000	0.0000	0.0000	0.1124	1.8927	6207.3538
137200	0.0000	0.0000	0.0000	0.1124	1.8927	6206.7381
137300	0.0000	0.0000	0.0000	0.1124	1.8927	6206.1183
137400	0.0000	0.0000	0.0000	0.1124	1.8927	6205.5077
137500	0.0000	0.0000	0.0000	0.1124	1.8927	6204.8878
137600	0.0000	0.0000	0.0000	0.1124	1.8927	6204.3044
137700	0.0000	0.0000	0.0000	0.1124	1.8927	6203.6791
137800	0.0000	0.0000	0.0000	0.1124	1.8927	6203.0529
137900	0.0000	0.0000	0.0000	0.1124	1.8927	6202.4400
138000	0.0000	0.0000	0.0000	0.1124	1.8927	6201.8184
138100	0.0000	0.0000	0.0000	0.1124	1.8927	6201.2016
138200	0.0000	0.0000	0.0000	0.1124	1.8927	6200.6014
138300	0.0000	0.0000	0.0000	0.1124	1.8927	6199.9746
138400	0.0000	0.0000	0.0000	0.1124	1.8927	6199.3676
138500	0.0000	0.0000	0.0000	0.1124	1.8927	6198.7654
138600	0.0000	0.0000	0.0000	0.1124	1.8927	6198.1367
138700	0.0000	0.0000	0.0000	0.1124	1.8927	6197.5205
138800	0.0000	0.0000	0.0000	0.1124	1.8927	6196.9052
138900	0.0000	0.0000	0.0000	0.1124	1.8927	6196.2931
139000	0.0000	0.0000	0.0000	0.1124	1.8927	6195.6842
139100	0.0000	0.0000	0.0000	0.1124	1.8927	6195.0806
139200	0.0000	0.0000	0.0000	0.1124	1.8927	6194.4629
139300	0.0000	0.0000	0.0000	0.1124	1.8927	6193.8698
139400	0.0000	0.0000	0.0000	0.1124	1.8927	6193.2605
139500	0.0000	0.0000	0.0000	0.1124	1.8927	6192.6448
139600	0.0000	0.0000	0.0000	0.1124	1.8927	6192.0370
139700	0.0000	0.0000	0.0000	0.1124	1.8927	6191.4214
139800	0.0000	0.0000	0.0000	0.1124	1.8927	6190.7967
139900	0.0000	0.0000	0.0000	0.1124	1.8927	6190.1795
140000	0.0000	0.0000	0.0000	0.1124	1.8927	6189.5705
140100	0.0000	0.0000	0.0000	0.1124	1.8927	6188.9423
140200	0.0000	0.0000	0.0000	0.1124	1.8927	6188.3453
140300	0.0000	0.0000	0.0000	0.1124	1.8927	6187.7447
140400	0.0000	0.0000	0.0000	0.1124	1.8927	6187.1383
140500	0.0000	0.0000	0.0000	0.1124	1.8927	6186.5377
140600	0.0000	0.0000	0.0000	0.1124	1.8927	6185.9272
140700	0.0000	0.0000	0.0000	0.1124	1.8927	6185.3257
140800	0.0000	0.0000	0.0000	0.1124	1.8927	6184.7134
140900	0.0000	0.0000	0.0000	0.1124	1.8927	6184.1152
141000	0.0000	0.0000	0.0000	0.1124	1.8927	6183.4875
141100	0.0000	0.0000	0.0000	0.1124	1.8927	6182.8709
141200	0.0000	0.0000	0.0000	0.1124	1.8927	6182.2486
141300	0.0000	0.0000	0.0000	0.1124	1.8927	6181.6648
141400	0.0000	0.0000	0.0000	0.1124	1.8927	6181.0573
141500	0.0000	0.0000	0.0000	0.1124	1.8927	6180.4413
141600	0.0000	0.0000	0.0000	0.1124	1.8927	6179.8445
141700	0.0000	0.0000	0.0000	0.1124	1.8927	6179.2556
141800	0.0000	0.0000	0.0000	0.1124	1.8927	6178.6479
141900	0.0000	0.0000	0.0000	0.1124	1.8927	6178.0509
142000	0.0000	0.0000	0.0000	0.1124	1.8927	6177.4331
142100	0.0000	0.0000	0.0000	0.1124	1.8927	6176.8142
142200	0.0000	0.0000	0.0000	0.1124	1.8927	6176.2092
142300	0.0000	0.0000	0.0000	0.1124	1.8927	6175.5813
142400	0.0000	0.0000	0.0000	0.1124	1.8927	6174.9889
142500	0.0000	0.0000	0.0000	0.1124	1.8927	6174.3903
142600	0.0000	0.0000	0.0000	0.1124	1.8927	6173.7685
142700	0.0000	0.0000	0.0000	0.1124	1.8927	6173.1627
142800	0.0000	0.0000	0.0000	0.1124	1.8927	6172.5815
142900	0.0000	0.0000	0.0000	0.1124	1.8927	6171.9827
143000	0.0000	0.0000	0.0000	0.1124	1.8927	6171.3800
143100	0.0000	0.0000	0.0000	0.1124	1.8927	6170.7563
143200	0.0000	0.0000	0.0000	0.1124	1.8927	6170.1518
143300	0.0000	0.0000	0.0000	0.1124	1.8927	6169.5596
143400	0.0000	0.0000	0.0000	0.1124	1.8927	6168.9615
143500	0.0000	0.0000	0.0000	0.1124	1.8927	6168.3446
143600	0.0000	0.0000	0.0000	0.1124	1.8927	6167.7414
143700	0.0000	0.0000	0.0000	0.1124	1.8927	6167.1442
143800	0.0000	0.0000	0.0000	0.1124	1.8927	6166.5391
143900	0.0000	0.0000	0.0000	0.1124	1.8927	6165.9355
144000	0.0000	0.0000	0.0000	0.1124	1.8927	6165.3491
144100	0.0000	0.0000	0.0000	0.1124	1.8927	6164.7399
144200	0.0000	0.0000	0.0000	0.1124	1.8927	6164.1600
144300	0.0000	0.0000	0.0000	0.1124	1.8927	6163.5495
144400	0.0000	0.0000	0.0000	0.1124	1.8927	6162.9372
144500	0.0000	0.0000	0.0000	0.1124	1.8927	6162.3297
144600	0.0000	0.0000	0.0000	0.1124	1.8927	6161.7444
144700	0.0000	0.0000	0.0000	0.1124	1.8927	6161.1723
144800	0.0000	0.0000	0.0000	0.1124	1.8927	6160.5778
144900	0.0000	0.0000	0.0000	0.1124	1.8927	6159.9633
145000	0.0000	0.0000	0.0000	0.1124	1.8927	6159.3631
145100	0.0000	0.0000	0.0000	0.1124	1.8927	6158.7572
145200	0.0000	0.0000	0.0000	0.1124	1.8927	6158.1474
145300	0.0000	0.0000	0.0000	0.1124	1.8927	6157.5407
145400	0.0000	0.0000	0.0000	0.1124	1.8927	6156.9576
145500	0.0000	0.0000	0.0000	0.1124	1.8927	6156.3342
145600	0.0000	0.0000	0.0000	0.1124	1.8927	6155.7473
145700	0.0000	0.0000	0.0000	0.1124	1.8927	6155.1563
145800	0.0000	0.0000	0.0000	0.1124	1.8927	6154.5580
145900	0.0000	0.0000	0.0000	0.1124	1.8927	6153.9582
146000	0.0000	0.0000	0.0000	0.1124	1.8927	6153.3676
146100	0.0000	0.0000	0.0000	0.1124	1.8927	6152.7567
146200	0.0000	0.0000	0.0000	0.1124	1.8927	6152.1602
146300	0.0000	0.0000	0.0000	0.1124	1.8927	6151.5777
146400	0.0000	0.0000	0.0000	0.1124	1.8927	6150.9761
146500	0.0000	0.0000	0.0000	0.1124	1.8927	6150.3753
146600	0.0000	0.0000	0.0000	0.1124	1.8927	6149.7899
146700	0.0000	0.0000	0.0000	0.1124	1.8927	6149.2062
146800	0.0000	0.0000	0.0000	0.1124	1.8927	6148.6150
146900	0.0000	0.0000	0.0000	0.1124	1.8927	6148.0113
147000	0.0000	0.0000	0.0000	0.1124	1.8927	6147.4019
147100	0.0000	0.0000	0.0000	0.1124	1.8927	6146.7913
147200	0.0000	0.0000	0.0000	0.1124	1.8927	6146.2178
147300	0.0000	0.0000	0.0000	0.1124	1.8927	6145.6302
147400	0.0000	0.0000	0.0000	0.1124	1.8927	6145.0319
147500	0.0000	0.0000	0.0000	0.1124	1.8927	6144.4322
147600	0.0000	0.0000	0.0000	0.1124	1.8927	6143.8353
147700	0.0000	0.0000	0.0000	0.1124	1.8927	6143.2192
147800	0.0000	0.0000	0.0000	0.1124	1.8927	6142.6419
147900	0.0000	0.0000	0.0000	0.1124	1.8927	6142.0375
148000	0.0000	0.0000	0.0000	0.1124	1.8927	6141.4469
148100	0.0000	0.0000	0.0000	0.1124	1.8927	6140.8701
148200	0.0000	0.0000	0.0000	0.1124	1.8927	6140.2763
148300	0.0000	0.0000	0.0000	0.1124	1.8927	6139.6856
148400	0.0000	0.0000	0.0000	0.1124	1.8927	6139.0864
148500	0.0000	0.0000	0.0000	0.1124	1.8927	6138.5011
148600	0.0000	0.0000	0.0000	0.1124	1.8927	6137.8933
148700	0.0000	0.0000	0.0000	0.1124	1.8927	6137.2983
148800	0.0000	0.0000	0.0000	0.1124	1.8927	6136.7248
148900	0.0000	0.0000	0.0000	0.1124	1.8927	6136.1282
149000	0.0000	0.0000	0.0000	0.1124	1.8927	6135.5387
149100	0.0000	0.0000	0.0000	0.1124	1.8927	6134.9348
149200	0.0000	0.0000	0.0000	0.1124	1.8927	6134.3422
149300	0.0000	0.0000	0.0000	0.1124	1.8927	6133.7664
149400	0.0000	0.0000	0.0000	0.1124	1.8927	6133.1809
149500	0.0000	0.0000	0.0000	0.1124	1.8927	6132.6049
149600	0.0000	0.0000	0.0000	0.1124	1.8927	6132.0144
149700	0.0000	0.0000	0.0000	0.1124	1.8927	6131.4213
149800	0.0000	0.0000	0.0000	0.1124	1.8927	6130.8185
149900	0.0000	0.0000	0.0000	0.1124	1.8927	6130.2357
150000	0.0000	0.0000	0.0000	0.1124	1.8927	6129.6445
150100	0.0000	0.0000	0.0000	0.1124	1.8927	6129.0615
150200	0.0000	0.0000	0.0000	0.1124	1.8927	6128.4522
150300	0.0000	0.0000	0.0000	0.1124	1.8927	6127.8710
150400	0.0000	0.0000	0.0000	0.1124	1.8927	6127.2857
150500	0.0000	0.0000	0.0000	0.1124	1.8927	6126.7082
150600	0.0000	0.0000	0.0000	0.1124	1.8927	6126.1157
150700	0.0000	0.0000	0.0000	0.1124	1.8927	6125.5197
150800	0.0000	0.0000	0.0000	0.1124	1.8927	6124.9260
150900	0.0000	0.0000	0.0000	0.1124	1.8927	6124.3300
151000	0.0000	0.0000	0.0000	0.1124	1.8927	6123.7478
151100	0.0000	0.0000	0.0000	0.1124	1.8927	6123.1770
151200	0.0000	0.0000	0.0000	0.1124	1.8927	6122.5944
151300	0.0000	0.0000	0.0000	0.1124	1.8927	6121.9954
151400	0.0000	0.0000	0.0000	0.1124	1.8927	6121.4237
151500	0.0000	0.0000	0.0000	0.1124	1.8927	6120.8469
151600	0.0000	0.0000	0.0000	0.1124	1.8927	6120.2542
151700	0.0000	0.0000	0.0000	0.1124	1.8927	6119.6689
151800	0.0000	0.0000	0.0000	0.1124	1.8927	6119.0806
151900	0.0000	0.0000	0.0000	0.1124	1.8927	6118.4900
152000	0.0000	0.0000	0.0000	0.1124	1.8927	6117.8872
152100	0.0000	0.0000	0.0000	0.1124	1.8927	6117.3157
152200	0.0000	0.0000	0.0000	0.1124	1.8927	6116.7479
152300	0.0000	0.0000	0.0000	0.1124	1.8927	6116.1623
152400	0.0000	0.0000	0.0000	0.1124	1.8927	6115.5744
152500	0.0000	0.0000	0.0000	0.1124	1.8927	6114.9899
152600	0.0000	0.0000	0.0000	0.1124	1.8927	6114.4048
152700	0.0000	0.0000	0.0000	0.1124	1.8927	6113.8126
152800	0.0000	0.0000	0.0000	0.1124	1.8927	6113.2200
152900	0.0000	0.0000	0.0000	0.1124	1.8927	6112.6603
153000	0.0000	0.0000	0.0000	0.1124	1.8927	6112.0757
153100	0.0000	0.0000	0.0000	0.1124	1.8927	6111.4906
153200	0.0000	0.0000	0.0000	0.1124	1.8927	6110.9161
153300	0.0000	0.0000	0.0000	0.1124	1.8927	6110.3542
153400	0.0000	0.0000	0.0000	0.1124	1.8927	6109.7608
153500	0.0000	0.0000	0.0000	0.1124	1.8927	6109.1803
153600	0.0000	0.0000	0.0000	0.1124	1.8927	6108.5844
153700	0.0000	0.0000	0.0000	0.1124	1.8927	6108.0149
153800	0.0000	0.0000	0.0000	0.1124	1.8927	6107.4302
153900	0.0000	0.0000	0.0000	0.1124	1.8927	6106.8617
154000	0.0000	0.0000	0.0000	0.1124	1.8927	6106.2938
154100	0.0000	0.0000	0.0000	0.1124	1.8927	6105.6982
154200	0.0000	0.0000	0.0000	0.1124	1.8927	6105.1007
154300	0.0000	0.0000	0.0000	0.1124	1.8927	6104.5404
154400	0.0000	0.0000	0.0000	0.1124	1.8927	6103.9488
154500	0.0000	0.0000	0.0000	0.1124	1.8927	6103.3620
154600	0.0000	0.0000	0.0000	0.1124	1.8927	6102.7847
154700	0.0000	0.0000	0.0000	0.1124	1.8927	6102.1872
154800	0.0000	0.0000	0.0000	0.1124	1.8927	6101.6244
154900	0.0000	0.0000	0.0000	0.1124	1.8927	6101.0373
155000	0.0000	0.0000	0.0000	0.1124	1.8927	6100.4482
155100	0.0000	0.0000	0.0000	0.1124	1.8927	6099.8792
155200	0.0000	0.0000	0.0000	0.1124	1.8927	6099.3031
155300	0.0000	0.0000	0.0000	0.1124	1.8927	6098.7129
155400	0.0000	0.0000	0.0000	0.1124	1.8927	6098.1556
155500	0.0000	0.0000	0.0000	0.1124	1.8927	6097.5685
155600	0.0000	0.0000	0.0000	0.1124	1.8927	6096.9981
155700	0.0000	0.0000	0.0000	0.1124	1.8927	6096.4317
155800	0.0000	0.0000	0.0000	0.1124	1.8927	6095.8422
155900	0.0000	0.0000	0.0000	0.1124	1.8927	6095.2507
156000	0.0000	0.0000	0.0000	0.1124	1.8927	6094.6942
156100	0.0000	0.0000	0.0000	0.1124	1.8927	6094.1246
156200	0.0000	0.0000	0.0000	0.1124	1.8927	6093.5427
156300	0.0000	0.0000	0.0000	0.1124	1.8927	6092.9806
156400	0.0000	0.0000	0.0000	0.1124	1.8927	6092.4034
156500	0.0000	0.0000	0.0000	0.1124	1.8927	6091.8215
156600	0.0000	0.0000	0.0000	0.1124	1.8927	6091.2403
156700	0.0000	0.0000	0.0000	0.1124	1.8927	6090.6732
156800	0.0000	0.0000	0.0000	0.1124	1.8927	6090.0937
156900	0.0000	0.0000	0.0000	0.1124	1.8927	6089.5272
157000	0.0000	0.0000	0.0000	0.1124	1.8927	6088.9500
157100	0.0000	0.0000	0.0000	0.1124	1.8927	6088.3646
157200	0.0000	0.0000	0.0000	0.1124	1.8927	6087.7938
157300	0.0000	0.0000	0.0000	0.1124	1.8927	6087.2224
157400	0.0000	0.0000	0.0000	0.1124	1.8927	6086.6471
157500	0.0000	0.0000	0.0000	0.1124	1.8927	6086.0649
157600	0.0000	0.0000	0.0000	0.1124	1.8927	6085.4937
157700	0.0000	0.0000	0.0000	0.1124	1.8927	6084.9280
157800	0.0000	0.0000	0.0000	0.1124	1.8927	6084.3548
157900	0.0000	0.0000	0.0000	0.1124	1.8927	6083.7905
158000	0.0000	0.0000	0.0000	0.1124	1.8927	6083.2250
158100	0.0000	0.0000	0.0000	0.1124	1.8927	6082.6414
158200	0.0000	0.0000	0.0000	0.1124	1.8927	6082.0604
158300	0.0000	0.0000	0.0000	0.1124	1.8927	6081.4910
158400	0.0000	0.0000	0.0000	0.1124	1.8927	6080.9231
158500	0.0000	0.0000	0.0000	0.1124	1.8927	6080.3293
158600	0.0000	0.0000	0.0000	0.1124	1.8927	6079.7453
158700	0.0000	0.0000	0.0000	0.1124	1.8927	6079.1832
158800	0.0000	0.0000	0.0000	0.1124	1.8927	6078.6266
158900	0.0000	0.0000	0.0000	0.1124	1.8927	6078.0620
159000	0.0000	0.0000	0.0000	0.1124	1.8927	6077.4989
159100	0.0000	0.0000	0.0000	0.1124	1.8927	6076.9356
159200	0.0000	0.0000	0.0000	0.1124	1.8927	6076.3584
159300	0.0000	0.0000	0.0000	0.1124	1.8927	6075.7848
159400	0.0000	0.0000	0.0000	0.1124	1.8927	6075.2024
159500	0.0000	0.0000	0.0000	0.1124	1.8927	6074.6378
159600	0.0000	0.0000	0.0000	0.1124	1.8927	6074.0820
159700	0.0000	0.0000	0.0000	0.1124	1.8927	6073.5248
159800	0.0000	0.0000	0.0000	0.1124	1.8927	6072.9427
159900	0.0000	0.0000	0.0000	0.1124	1.8927	6072.3689
160000	0.0000	0.0000	0.0000	0.1124	1.8927	6071.7888
160100	0.0000	0.0000	0.0000	0.1124	1.8927	6071.2206
160200	0.0000	0.0000	0.0000	0.1124	1.8927	6070.6725
160300	0.0000	0.0000	0.0000	0.1124	1.8927	6070.0978
160400	0.0000	0.0000	0.0000	0.1124	1.8927	6069.5305
160500	0.0000	0.0000	0.0000	0.1124	1.8927	6068.9591
160600	0.0000	0.0000	0.0000	0.1124	1.8927	6068.4091
160700	0.0000	0.0000	0.0000	0.1124	1.8927	6067.8409
160800	0.0000	0.0000	0.0000	0.1124	1.8927	6067.2704
160900	0.0000	0.0000	0.0000	0.1124	1.8927	6066.7011
161000	0.0000	0.0000	0.0000	0.1124	1.8927	6066.1300
161100	0.0000	0.0000	0.0000	0.1124	1.8927	6065.5588
161200	0.0000	0.0000	0.0000	0.1124	1.8927	6064.9874
161300	0.0000	0.0000	0.0000	0.1124	1.8927	6064.4349
161400	0.0000	0.0000	0.0000	0.1124	1.8927	6063.8756
161500	0.0000	0.0000	0.0000	0.1124	1.8927	6063.3108
161600	0.0000	0.0000	0.0000	0.1124	1.8927	6062.7505
161700	0.0000	0.0000	0.0000	0.1124	1.8927	6062.1897
161800	0.0000	0.0000	0.0000	0.1124	1.8927	6061.6298
161900	0.0000	0.0000	0.0000	0.1124	1.8927	6061.0495
162000	0.0000	0.0000	0.0000	0.1124	1.8927	6060.4882
162100	0.0000	0.0000	0.0000	0.1124	1.8927	6059.9214
162200	0.0000	0.0000	0.0000	0.1124	1.8927	6059.3704
162300	0.0000	0.0000	0.0000	0.1124	1.8927	6058.8024
162400	0.0000	0.0000	0.0000	0.1124	1.8927	6058.2405
162500	0.0000	0.0000	0.0000	0.1124	1.8927	6057.6780
162600	0.0000	0.0000	0.0000	0.1124	1.8927	6057.1082
162700	0.0000	0.0000	0.0000	0.1124	1.8927	6056.5381
162800	0.0000	0.0000	0.0000	0.1124	1.8927	6055.9634
162900	0.0000	0.0000	0.0000	0.1124	1.8927	6055.4074
163000	0.0000	0.0000	0.0000	0.1124	1.8927	6054.8430
163100	0.0000	0.0000	0.0000	0.1124	1.8927	6054.2953
163200	0.0000	0.0000	0.0000	0.1124	1.8927	6053.7355
163300	0.0000	0.0000	0.0000	0.1124	1.8927	6053.1654
163400	0.0000	0.0000	0.0000	0.1124	1.8927	6052.6013
163500	0.0000	0.0000	0.0000	0.1124	1.8927	6052.0510
163600	0.0000	0.0000	0.0000	0.1124	1.8927	6051.4929
163700	0.0000	0.0000	0.0000	0.1124	1.8927	6050.9233
163800	0.0000	0.0000	0.0000	0.1124	1.8927	6050.3701
163900	0.0000	0.0000	0.0000	0.1124	1.8927	6049.8032
164000	0.0000	0.0000	0.0000	0.1124	1.8927	6049.2470
164100	0.0000	0.0000	0.0000	0.1124	1.8927	6048.6863
164200	0.0000	0.0000	0.0000	0.1124	1.8927	6048.1265
164300	0.0000	0.0000	0.0000	0.1124	1.8927	6047.5588
164400	0.0000	0.0000	0.0000	0.1124	1.8927	6047.0120
164500	0.0000	0.0000	0.0000	0.1124	1.8927	6046.4368
164600	0.0000	0.0000	0.0000	0.1124	1.8927	6045.8783
164700	0.0000	0.0000	0.0000	0.1124	1.8927	6045.3246
164800	0.0000	0.0000	0.0000	0.1124	1.8927	6044.7727
164900	0.0000	0.0000	0.0000	0.1124	1.8927	6044.2206
165000	0.0000	0.0000	0.0000	0.1124	1.8927	6043.6612
165100	0.0000	0.0000	0.0000	0.1124	1.8927	6043.0961
165200	0.0000	0.0000	0.0000	0.1124	1.8927	6042.5466
165300	0.0000	0.0000	0.0000	0.1124	1.8927	6041.9957
165400	0.0000	0.0000	0.0000	0.1124	1.8927	6041.4421
165500	0.0000	0.0000	0.0000	0.1124	1.8927	6040.8865
165600	0.0000	0.0000	0.0000	0.1124	1.8927	6040.3176
165700	0.0000	0.0000	0.0000	0.1124	1.8927	6039.7654
165800	0.0000	0.0000	0.0000	0.1124	1.8927	6039.2122
165900	0.0000	0.0000	0.0000	0.1124	1.8927	6038.6597
166000	0.0000	0.0000	0.0000	0.1124	1.8927	6038.1047
166100	0.0000	0.0000	0.0000	0.1124	1.8927	6037.5625
166200	0.0000	0.0000	0.0000	0.1124	1.8927	6036.9814
166300	0.0000	0.0000	0.0000	0.1124	1.8927	6036.4227
166400	0.0000	0.0000	0.0000	0.1124	1.8927	6035.8576
166500	0.0000	0.0000	0.0000	0.1124	1.8927	6035.2973
166600	0.0000	0.0000	0.0000	0.1124	1.8927	6034.7481
166700	0.0000	0.0000	0.0000	0.1124	1.8927	6034.1974
166800	0.0000	0.0000	0.0000	0.1124	1.8927	6033.6525
166900	0.0000	0.0000	0.0000	0.1124	1.8927	6033.1070
167000	0.0000	0.0000	0.0000	0.1124	1.8927	6032.5545
167100	0.0000	0.0000	0.0000	0.1124	1.8927	6031.9925
167200	0.0000	0.0000	0.0000	0.1124	1.8927	6031.4359
167300	0.0000	0.0000	0.0000	0.1124	1.8927	6030.8895
167400	0.0000	0.0000	0.0000	0.1124	1.8927	6030.3308
167500	0.0000	0.0000	0.0000	0.1124	1.8927	6029.7812
167600	0.0000	0.0000	0.0000	0.1124	1.8927	6029.2143
167700	0.0000	0.0000	0.0000	0.1124	1.8927	6028.6644
167800	0.0000	0.0000	0.0000	0.1124	1.8927	6028.1199
167900	0.0000	0.0000	0.0000	0.1124	1.8927	6027.5759
168000	0.0000	0.0000	0.0000	0.1124	1.8927	6027.0163
168100	0.0000	0.0000	0.0000	0.1124	1.8927	6026.4457
168200	0.0000	0.0000	0.0000	0.1124	1.8927	6025.9062
168300	0.0000	0.0000	0.0000	0.1124	1.8927	6025.3447
168400	0.0000	0.0000	0.0000	0.1124	1.8927	6024.7975
168500	0.0000	0.0000	0.0000	0.1124	1.8927	6024.2603
168600	0.0000	0.0000	0.0000	0.1124	1.8927	6023.7091
168700	0.0000	0.0000	0.0000	0.1124	1.8927	6023.1686
168800	0.0000	0.0000	0.0000	0.1124	1.8927	6022.6072
168900	0.0000	0.0000	0.0000	0.1124	1.8927	6022.0583
169000	0.0000	0.0000	0.0000	0.1124	1.8927	6021.5047
169100	0.0000	0.0000	0.0000	0.1124	1.8927	6020.9561
169200	0.0000	0.0000	0.0000	0.1124	1.8927	6020.4091
169300	0.0000	0.0000	0.0000	0.1124	1.8927	6019.8741
169400	0.0000	0.0000	0.0000	0.1124	1.8927	6019.3222
169500	0.0000	0.0000	0.0000	0.1124	1.8927	6018.7767
169600	0.0000	0.0000	0.0000	0.1124	1.8927	6018.2305
169700	0.0000	0.0000	0.0000	0.1124	1.8927	6017.6622
169800	0.0000	0.0000	0.0000	0.1124	1.8927	6017.1164
169900	0.0000	0.0000	0.0000	0.1124	1.8927	6016.5669
170000	0.0000	0.0000	0.0000	0.1124	1.8927	6016.0182
170100	0.0000	0.0000	0.0000	0.1124	1.8927	6015.4712
170200	0.0000	0.0000	0.0000	0.1124	1.8927	6014.9246
170300	0.0000	0.0000	0.0000	0.1124	1.8927	6014.3799
170400	0.0000	0.0000	0.0000	0.1124	1.8927	6013.8308
170500	0.0000	0.0000	0.0000	0.1124	1.8927	6013.2854
170600	0.0000	0.0000	0.0000	0.1124	1.8927	6012.7430
170700	0.0000	0.0000	0.0000	0.1124	1.8927	6012.1741
170800	0.0000	0.0000	0.0000	0.1124	1.8927	6011.6322
170900	0.0000	0.0000	0.0000	0.1124	1.8927	6011.0885
171000	0.0000	0.0000	0.0000	0.1124	1.8927	6010.5525
171100	0.0000	0.0000	0.0000	0.1124	1.8927	6010.0004
171200	0.0000	0.0000	0.0000	0.1124	1.8927	6009.4580
171300	0.0000	0.0000	0.0000	0.1124	1.8927	6008.9232
171400	0.0000	0.0000	0.0000	0.1124	1.8927	6008.3854
171500	0.0000	0.0000	0.0000	0.1124	1.8927	6007.8400
171600	0.0000	0.0000	0.0000	0.1124	1.8927	6007.2813
171700	0.0000	0.0000	0.0000	0.1124	1.8927	6006.7405
171800	0.0000	0.0000	0.0000	0.1124	1.8927	6006.1918
171900	0.0000	0.0000	0.0000	0.1124	1.8927	6005.6367
172000	0.0000	0.0000	0.0000	0.1124	1.8927	6005.1011
172100	0.0000	0.0000	0.0000	0.1124	1.8927	6004.5691
172200	0.0000	0.0000	0.0000	0.1124	1.8927	6004.0173
172300	0.0000	0.0000	0.0000	0.1124	1.8927	6003.4690
172400	0.0000	0.0000	0.0000	0.1124	1.8927	6002.9032
172500	0.0000	0.0000	0.0000	0.1124	1.8927	6002.3659
172600	0.0000	0.0000	0.0000	0.1124	1.8927	6001.8240
172700	0.0000	0.0000	0.0000	0.1124	1.8927	6001.2902
172800	0.0000	0.0000	0.0000	0.1124	1.8927	6000.7605
172900	0.0000	0.0000	0.0000	0.1124	1.8927	6000.2296
173000	0.0000	0.0000	0.0000	0.1124	1.8927	5999.6902
173100	0.0000	0.0000	0.0000	0.1124	1.8927	5999.1407
173200	0.0000	0.0000	0.0000	0.1124	1.8927	5998.6021
173300	0.0000	0.0000	0.0000	0.1124	1.8927	5998.0567
173400	0.0000	0.0000	0.0000	0.1124	1.8927	5997.5109
173500	0.0000	0.0000	0.0000	0.1124	1.8927	5996.9607
173600	0.0000	0.0000	0.0000	0.1124	1.8927	5996.4110
173700	0.0000	0.0000	0.0000	0.1124	1.8927	5995.8693
173800	0.0000	0.0000	0.0000	0.1124	1.8927	5995.3429
173900	0.0000	0.0000	0.0000	0.1124	1.8927	5994.8094
174000	0.0000	0.0000	0.0000	0.1124	1.8927	5994.2684
174100	0.0000	0.0000	0.0000	0.1124	1.8927	5993.7277
174200	0.0000	0.0000	0.0000	0.1124	1.8927	5993.1900
174300	0.0000	0.0000	0.0000	0.1124	1.8927	5992.6477
174400	0.0000	0.0000	0.0000	0.1124	1.8927	5992.1006
174500	0.0000	0.0000	0.0000	0.1124	1.8927	5991.5615
174600	0.0000	0.0000	0.0000	0.1124	1.8927	5991.0330
174700	0.0000	0.0000	0.0000	0.1124	1.8927	5990.4984
174800	0.0000	0.0000	0.0000	0.1124	1.8927	5989.9541
174900	0.0000	0.0000	0.0000	0.1124	1.8927	5989.4188
175000	0.0000	0.0000	0.0000	0.1124	1.8927	5988.8837
175100	0.0000	0.0000	0.0000	0.1124	1.8927	5988.3421
175200	0.0000	0.0000	0.0000	0.1124	1.8927	5987.8048
175300	0.0000	0.0000	0.0000	0.1124	1.8927	5987.2865
175400	0.0000	0.0000	0.0000	0.1124	1.8927	5986.7497
175500	0.0000	0.0000	0.0000	0.1124	1.8927	5986.2142
175600	0.0000	0.0000	0.0000	0.1124	1.8927	5985.6688
175700	0.0000	0.0000	0.0000	0.1124	1.8927	5985.1273
175800	0.0000	0.0000	0.0000	0.1124	1.8927	5984.5837
175900	0.0000	0.0000	0.0000	0.1124	1.8927	5984.0582
176000	0.0000	0.0000	0.0000	0.1124	1.8927	5983.5236
176100	0.0000	0.0000	0.0000	0.1124	1.8927	5982.9852
176200	0.0000	0.0000	0.0000	0.1124	1.8927	5982.4387
176300	0.0000	0.0000	0.0000	0.1124	1.8927	5981.9093
176400	0.0000	0.0000	0.0000	0.1124	1.8927	5981.3697
176500	0.0000	0.0000	0.0000	0.1124	1.8927	5980.8363
176600	0.0000	0.0000	0.0000	0.1124	1.8927	5980.2968
176700	0.0000	0.0000	0.0000	0.1124	1.8927	5979.7550
176800	0.0000	0.0000	0.0000	0.1124	1.8927	5979.2203
176900	0.0000	0.0000	0.0000	0.1124	1.8927	5978.6984
177000	0.0000	0.0000	0.0000	0.1124	1.8927	5978.1628
177100	0.0000	0.0000	0.0000	0.1124	1.8927	5977.6295
177200	0.0000	0.0000	0.0000	0.1124	1.8927	5977.0887
177300	0.0000	0.0000	0.0000	0.1124	1.8927	5976.5473
177400	0.0000	0.0000	0.0000	0.1124	1.8927	5976.0241
177500	0.0000	0.0000	0.0000	0.1124	1.8927	5975.5056
177600	0.0000	0.0000	0.0000	0.1124	1.8927	5974.9630
177700	0.0000	0.0000	0.0000	0.1124	1.8927	5974.4393
177800	0.0000	0.0000	0.0000	0.1124	1.8927	5973.9025
177900	0.0000	0.0000	0.0000	0.1124	1.8927	5973.3581
178000	0.0000	0.0000	0.0000	0.1124	1.8927	5972.8244
178100	0.0000	0.0000	0.0000	0.1124	1.8927	5972.2931
178200	0.0000	0.0000	0.0000	0.1124	1.8927	5971.7703
178300	0.0000	0.0000	0.0000	0.1124	1.8927	5971.2340
178400	0.0000	0.0000	0.0000	0.1124	1.8927	5970.7113
178500	0.0000	0.0000	0.0000	0.1124	1.8927	5970.1951
178600	0.0000	0.0000	0.0000	0.1124	1.8927	5969.6591
178700	0.0000	0.0000	0.0000	0.1124	1.8927	5969.1267
178800	0.0000	0.0000	0.0000	0.1124	1.8927	5968.5847
178900	0.0000	0.0000	0.0000	0.1124	1.8927	5968.0632
179000	0.0000	0.0000	0.0000	0.1124	1.8927	5967.5338
179100	0.0000	0.0000	0.0000	0.1124	1.8927	5966.9956
179200	0.0000	0.0000	0.0000	0.1124	1.8927	5966.4540
179300	0.0000	0.0000	0.0000	0.1124	1.8927	5965.9232
179400	0.0000	0.0000	0.0000	0.1124	1.8927	5965.4061
179500	0.0000	0.0000	0.0000	0.1124	1.8927	5964.8687
179600	0.0000	0.0000	0.0000	0.1124	1.8927	5964.3308
179700	0.0000	0.0000	0.0000	0.1124	1.8927	5963.8028
179800	0.0000	0.0000	0.0000	0.1124	1.8927	5963.2790
179900	0.0000	0.0000	0.0000	0.1124	1.8927	5962.7543
180000	0.0000	0.0000	0.0000	0.1124	1.8927	5962.2346
