MEAN: 30
100 -0.000102922924628 0.00202944912001 0.00416837923356 0.112383333333 [ 1684.29260254] 205558652.32
200 0.0502383473782 0.0798720850734 0.125945798835 0.210066666667 [ 2402.96411133] 181759376.0
300 0.0510187682503 0.0710045181973 0.107939538046 0.209933333333 [ 2553.86010742] 171339390.507
400 0.0607862674493 0.0811359232409 0.120200972098 0.207616666667 [ 2641.81982422] 165892404.52
500 0.0771716104724 0.103009241745 0.141806034503 0.2239 [ 2871.99365234] 162445025.088
600 0.166423810136 0.211053924792 0.26410377183 0.315383333333 [ 3513.0144043] 159428938.973
700 0.227339500393 0.292427138036 0.331519926087 0.3997 [ 4222.25390625] 156361850.091
800 0.314539246681 0.391305658998 0.422699637352 0.4621 [ 4794.15478516] 153288107.97
900 0.323963840963 0.429037636208 0.442508843382 0.497166666667 [ 5282.04248047] 150611217.04
1000 0.32562202311 0.453582757837 0.454781871604 0.5172 [ 5751.63964844] 147974775.904
1100 0.323934178333 0.441085042927 0.455671494971 0.565 [ 6220.70361328] 145685110.131
1200 0.355246265769 0.475888878901 0.49451131894 0.602633333333 [ 6451.88330078] 143533342.5
1300 0.351288067909 0.466755786614 0.491836000832 0.60905 [ 6714.68408203] 141602767.415
1400 0.341610346876 0.456985235666 0.489888573098 0.6146 [ 7095.40136719] 139934211.76
1500 0.34430533409 0.465824116832 0.505728448304 0.63975 [ 7418.23339844] 138420292.837
1600 0.348264610839 0.472176453826 0.513895289705 0.65245 [ 7571.78027344] 136983934.255
1700 0.346943336728 0.46631400274 0.513071096533 0.6546 [ 7702.66601562] 135717764.72
1800 0.353886283462 0.468926247851 0.520639604087 0.670016666667 [ 7942.48242188] 134552613.973
1900 0.351140968109 0.46917078718 0.521753836356 0.664233333333 [ 8046.18164062] 133452338.417
2000 0.350729841663 0.466435141662 0.522394061868 0.67105 [ 8220.26269531] 132475575.416
2100 0.352638726024 0.46956625009 0.529890576466 0.6838 [ 8448.14453125] 131507794.114
2200 0.346541406884 0.46697908804 0.532134871884 0.69375 [ 8769.47558594] 130618304.822
2300 0.333854544269 0.459257510392 0.530315733293 0.695283333333 [ 9180.96679688] 129763548.751
2400 0.327698879612 0.455837990814 0.527583159557 0.701866666667 [ 9398.93457031] 128955673.437
2500 0.323314847791 0.453639905595 0.527274432268 0.704533333333 [ 9471.80664062] 128186973.6
2600 0.313292445349 0.451600536444 0.528349378784 0.712783333333 [ 9650.39453125] 127455753.726
2700 0.303263855003 0.447954034131 0.526743944063 0.712233333333 [ 9852.72265625] 126771613.843
2800 0.299012573596 0.448839501511 0.52962512236 0.71485 [ 10019.83398438] 126093298.537
2900 0.297803451685 0.451523335999 0.533329200692 0.718683333333 [ 10155.81738281] 125443044.353
3000 0.291634407195 0.449281199321 0.532626545268 0.720033333333 [ 10298.12695312] 124817910.144
3100 0.289788758316 0.449559529002 0.533064079428 0.722033333333 [ 10399.55859375] 124234235.605
3200 0.291428683998 0.452014482788 0.535954026963 0.724866666667 [ 10435.97070312] 123679657.35
3300 0.290715480585 0.452882482962 0.53726492617 0.726366666667 [ 10451.48144531] 123171086.0
3400 0.289354616383 0.452853377233 0.537824230131 0.7306 [ 10524.84960938] 122664662.362
3500 0.284371672221 0.447034591377 0.533805109384 0.728766666667 [ 10721.67871094] 122191621.447
3600 0.282435566455 0.447850652812 0.535031219266 0.72975 [ 10795.34277344] 121744761.287
3700 0.283558718149 0.449425787632 0.538000229993 0.734833333333 [ 10894.44042969] 121324974.499
3800 0.277866252028 0.443721015421 0.533965591567 0.731616666667 [ 11036.453125] 120902521.206
3900 0.272113005352 0.440467134613 0.532401392043 0.73865 [ 11233.39648438] 120487603.516
4000 0.264337867748 0.438657462024 0.532629360336 0.743366666667 [ 11415.67480469] 120091016.9
4100 0.255439416903 0.436316966963 0.531769493513 0.74525 [ 11607.77832031] 119713749.865
4200 0.249502795674 0.435000606526 0.531681417409 0.750866666667 [ 11788.73046875] 119337504.265
4300 0.24968386444 0.436636884681 0.5340087799 0.756 [ 11907.78027344] 118951839.488
4400 0.249664702417 0.438112288403 0.535993618529 0.761333333333 [ 11926.04785156] 118596619.205
4500 0.24878686484 0.438602760685 0.53674722978 0.7652 [ 11997.49316406] 118261916.706
4600 0.249100895271 0.439728897818 0.53824554797 0.768716666667 [ 12038.7890625] 117933770.256
4700 0.248271069294 0.438708113789 0.538130831666 0.7737 [ 12128.4765625] 117618360.228
4800 0.243704316398 0.436500710782 0.536762419081 0.77205 [ 12348.05273438] 117312347.363
4900 0.242003110379 0.435910031359 0.537146533631 0.774533333333 [ 12417.171875] 117016703.861
5000 0.235918921672 0.431527718573 0.53360463735 0.772833333333 [ 12548.33300781] 116720370.56
5100 0.233700476967 0.432225222718 0.534913196353 0.774383333333 [ 12641.421875] 116430050.044
5200 0.232840273697 0.432580379667 0.535812630832 0.777166666667 [ 12756.13476562] 116145960.257
5300 0.230431160212 0.429768142061 0.534135176161 0.7794 [ 12882.04589844] 115875439.656
5400 0.229032335198 0.431784414271 0.537754165046 0.785616666667 [ 13010.28710938] 115614911.926
5500 0.226431277933 0.42940125131 0.536123568121 0.786816666667 [ 13219.07910156] 115348948.935
5600 0.223999292148 0.429001225922 0.536152267708 0.7889 [ 13340.0859375] 115095041.44
5700 0.222805000251 0.427964492656 0.535452890446 0.787066666667 [ 13413.87597656] 114846023.176
5800 0.223181384026 0.430163800136 0.538811850715 0.792033333333 [ 13496.20019531] 114593398.909
5900 0.222073639408 0.429276059882 0.537783233659 0.791283333333 [ 13559.41796875] 114355940.095
6000 0.221603737955 0.43013461118 0.538997746559 0.79165 [ 13644.09863281] 114129494.809
