MEAN: 50
100 -7.97704193568e-06 0.000104225889062 0.000284880436515 0.112366666667 [ 1737.17895508] 214534665.76
200 -0.000161820422174 0.00376262425547 0.00747721682513 0.112366666667 [ 1977.234375] 189988596.24
300 0.000945218344323 0.0178039919446 0.0337093029271 0.126416666667 [ 2054.21362305] 180955676.053
400 0.0494462982906 0.0894361695893 0.146507387158 0.207933333333 [ 2383.0625] 176208257.16
500 0.0496822564872 0.0728381947398 0.10955936496 0.21435 [ 2713.27709961] 172271084.512
600 0.173119201415 0.216867709273 0.280096023403 0.293133333333 [ 3403.65795898] 169102845.493
700 0.19706139847 0.240637218189 0.284096616998 0.363083333333 [ 4078.55834961] 166024659.383
800 0.259765969666 0.309737124841 0.354794411578 0.42215 [ 4328.98828125] 163242708.57
900 0.326671085289 0.385755557648 0.433716806708 0.476083333333 [ 4651.08544922] 160766588.631
1000 0.325140153047 0.39915086937 0.433614570698 0.470216666667 [ 4949.22167969] 158546771.752
1100 0.324528313904 0.412964708115 0.435825310221 0.4691 [ 5222.32128906] 156710998.684
1200 0.311957886121 0.417258310727 0.429731835617 0.486283333333 [ 5538.12597656] 154992076.687
1300 0.325372450566 0.437292154725 0.449751588201 0.512233333333 [ 5601.33154297] 153381230.769
1400 0.330575744011 0.439248809299 0.448285877632 0.523633333333 [ 5690.33203125] 152068558.926
1500 0.316927226647 0.441709767899 0.444372628772 0.515416666667 [ 5935.02929688] 150798606.176
1600 0.312581957062 0.437090995014 0.443824354062 0.5237 [ 6191.86767578] 149706320.34
1700 0.314242356479 0.440101088186 0.448848035266 0.538866666667 [ 6288.17675781] 148650122.621
1800 0.346317937956 0.458747298087 0.473920630389 0.58305 [ 6534.07324219] 147668184.738
1900 0.35593383853 0.471477867664 0.487470231929 0.59465 [ 6548.92529297] 146760629.966
2000 0.353956256857 0.473506005674 0.489870971302 0.596583333333 [ 6624.40722656] 145931968.92
2100 0.351458829851 0.471499578661 0.494341010763 0.5975 [ 6834.64160156] 145144561.931
2200 0.345535875933 0.471639510564 0.494477484992 0.5986 [ 6902.75341797] 144403781.669
2300 0.347990740786 0.475163033791 0.497981799851 0.609183333333 [ 6914.04589844] 143720296.824
2400 0.351524770392 0.478384860121 0.501654801366 0.618 [ 6961.58251953] 143098873.71
2500 0.350787530702 0.468679153192 0.497494736619 0.622983333333 [ 7114.84667969] 142506857.725
2600 0.342617339941 0.458827000619 0.491918927335 0.619083333333 [ 7319.84326172] 141959005.76
2700 0.336760945463 0.454927391731 0.488798481763 0.615116666667 [ 7453.63476562] 141402574.444
2800 0.333872255546 0.455792447224 0.49004967705 0.6164 [ 7428.68310547] 140901707.706
2900 0.334073579041 0.45130287907 0.488784608441 0.618983333333 [ 7566.85205078] 140431142.557
3000 0.333068253417 0.450625564622 0.489610766214 0.623216666667 [ 7678.34082031] 139959885.885
3100 0.326341462594 0.449233587111 0.488400460934 0.62175 [ 7716.97558594] 139537167.592
3200 0.324032771685 0.45022045726 0.492339449386 0.628833333333 [ 7821.14550781] 139122672.455
3300 0.321955093713 0.453955753186 0.498050719894 0.63215 [ 7887.29638672] 138731774.987
3400 0.318731081223 0.453707036133 0.498399633242 0.631933333333 [ 7884.95507812] 138354369.327
3500 0.31984616914 0.452445681299 0.497457042406 0.6358 [ 7940.90917969] 138001520.503
3600 0.31759976246 0.452702592484 0.49755409325 0.6338 [ 7934.54736328] 137637790.987
3700 0.318733595607 0.453198272505 0.498119015198 0.637266666667 [ 7970.00976562] 137304723.864
3800 0.323748735258 0.454385231798 0.499579576501 0.640733333333 [ 7990.11523438] 136993291.739
3900 0.328860595018 0.45833881305 0.503820279094 0.642233333333 [ 7944.92578125] 136696232.808
4000 0.321577986894 0.455431568187 0.500883853059 0.6368 [ 7998.23046875] 136407111.752
4100 0.314459387949 0.447370090874 0.496088048526 0.63505 [ 8147.81591797] 136133692.903
4200 0.316588409179 0.44956371214 0.49892508685 0.634733333333 [ 8166.24121094] 135868737.486
4300 0.324957110084 0.455958762083 0.505961184192 0.64585 [ 8159.78369141] 135619589.146
4400 0.33211684421 0.457995476324 0.511842061634 0.663566666667 [ 8306.14453125] 135360482.696
4500 0.340911922438 0.466348635047 0.524623265908 0.68525 [ 8527.09863281] 135120734.046
4600 0.338180389123 0.45999876756 0.521211604442 0.68395 [ 8670.16015625] 134868172.93
4700 0.337251484892 0.462696803832 0.525575210592 0.6922 [ 8792.52246094] 134614314.417
4800 0.338595945221 0.465669481514 0.531580698482 0.69945 [ 9025.20898438] 134364300.568
4900 0.340690034682 0.473985103014 0.541682288752 0.711033333333 [ 9100.68652344] 134110303.224
5000 0.335530286905 0.473093246162 0.540962218161 0.713816666667 [ 9160.15625] 133869133.515
5100 0.334477708058 0.474091504473 0.542492261596 0.715033333333 [ 9172.60742188] 133625562.047
5200 0.337128934885 0.477384881679 0.547197883674 0.72165 [ 9232.10546875] 133396856.269
5300 0.329433605418 0.472872202625 0.544356453715 0.719166666667 [ 9351.86523438] 133171714.341
5400 0.326559002982 0.472264972491 0.544218911432 0.721233333333 [ 9421.24707031] 132947589.204
5500 0.321325863952 0.468640138837 0.542715226274 0.7222 [ 9537.06933594] 132729518.337
5600 0.321086568281 0.467861403958 0.54206369337 0.7255 [ 9594.76855469] 132515975.943
5700 0.322788122269 0.469251689576 0.54369364833 0.730233333333 [ 9605.52050781] 132298235.944
5800 0.322426367717 0.467872470402 0.543046274246 0.728816666667 [ 9646.38378906] 132095793.382
5900 0.317415358471 0.465093464331 0.541361320006 0.729216666667 [ 9776.67773438] 131898242.884
6000 0.32328429084 0.470956488542 0.550179036122 0.741966666667 [ 9851.29101562] 131700780.445
