MEAN: 10
100 0.0366322966543 0.0849569659033 0.143346535089 0.195666666667 [ 1912.33081055] 204377583.68
200 0.0508776235091 0.0769095755296 0.116951027007 0.213016666667 [ 2375.30493164] 182043357.84
300 0.0614904701398 0.114908806355 0.155019827731 0.239666666667 [ 2794.31005859] 173078383.573
400 0.166200801604 0.211370387034 0.263294627105 0.3112 [ 3350.02148438] 166628786.12
500 0.163032164199 0.227309534135 0.267039756098 0.322466666667 [ 3762.95776367] 161937812.0
600 0.232882128783 0.334676689489 0.360059520782 0.424666666667 [ 4679.23876953] 158076748.467
700 0.277018925239 0.389079478715 0.403665612409 0.47255 [ 5159.31054688] 154435308.617
800 0.316162533059 0.435076990191 0.444481587429 0.538916666667 [ 5935.76269531] 151281338.86
900 0.313072621338 0.425380688582 0.446935205936 0.561866666667 [ 6483.65869141] 148199456.24
1000 0.338958814198 0.455758547044 0.485920712416 0.604333333333 [ 6917.75634766] 145418557.216
1100 0.33701143786 0.446678152816 0.48759021765 0.62075 [ 7349.13232422] 142853073.527
1200 0.339568370722 0.453406504319 0.504177062934 0.647533333333 [ 7876.99560547] 140555973.427
1300 0.338511787864 0.453867089701 0.511465013543 0.662216666667 [ 8150.00292969] 138513993.514
1400 0.328222453226 0.456114448669 0.521410010744 0.677483333333 [ 8603.70507812] 136588710.029
1500 0.319270247455 0.454577966387 0.526811908467 0.697733333333 [ 9053.] 134898729.04
1600 0.304614063036 0.451396680848 0.5281906424 0.70435 [ 9543.02929688] 133256395.225
1700 0.30118108318 0.453795077691 0.533273296099 0.71685 [ 9862.14453125] 131732581.845
1800 0.300947000969 0.455264491067 0.537518439815 0.7344 [ 10113.38671875] 130360924.156
1900 0.298393398309 0.453594063975 0.540137660208 0.746966666667 [ 10400.69824219] 129100708.813
2000 0.292066779119 0.453574435967 0.542898961771 0.749783333333 [ 10696.55761719] 127900541.964
2100 0.287221097827 0.454553732806 0.544952134571 0.75305 [ 10930.02636719] 126806454.469
2200 0.276392630445 0.446650799721 0.539182881403 0.749566666667 [ 11210.72363281] 125774914.709
2300 0.255947733583 0.436961275589 0.533088360477 0.748016666667 [ 11553.26269531] 124811816.522
2400 0.247340188733 0.43454472539 0.533253832422 0.7564 [ 12001.453125] 123859796.043
2500 0.241762252712 0.432593734436 0.532988219674 0.759 [ 12303.46582031] 122980655.315
2600 0.238452456156 0.430968780548 0.533129757202 0.7651 [ 12519.96386719] 122145247.578
2700 0.230819816912 0.428084765269 0.53161134913 0.7671 [ 12733.06738281] 121324948.053
2800 0.226377441519 0.428096607691 0.53305380925 0.7759 [ 12970.66308594] 120587259.711
2900 0.223412905852 0.426271765507 0.532011451777 0.77515 [ 13195.70996094] 119859795.341
3000 0.21966147242 0.424255556961 0.530457966365 0.773966666667 [ 13361.79101562] 119181115.552
3100 0.219196398016 0.424344201382 0.530964696297 0.77495 [ 13433.54394531] 118531418.524
3200 0.216913792916 0.422265909012 0.529470371236 0.771516666667 [ 13525.52929688] 117944281.885
3300 0.214450378264 0.420138465795 0.528254821622 0.7741 [ 13684.49023438] 117364288.07
3400 0.213744764173 0.420051881781 0.529657391176 0.7808 [ 13865.96777344] 116822879.007
3500 0.209722538018 0.418150626144 0.528366287047 0.782233333333 [ 14074.00292969] 116293822.437
3600 0.20757132695 0.418185299417 0.529839778126 0.786366666667 [ 14241.83789062] 115767589.398
3700 0.205919894414 0.419267246627 0.531901780304 0.7909 [ 14381.59570312] 115285657.959
3800 0.201914422415 0.416875335997 0.530494242546 0.790783333333 [ 14565.43066406] 114800937.981
3900 0.197214456922 0.415145837381 0.529348267698 0.788433333333 [ 14806.12597656] 114347306.923
4000 0.194530750341 0.414446060358 0.529417318043 0.79375 [ 14925.80566406] 113906279.532
4100 0.192536808526 0.414600857644 0.530199485831 0.799916666667 [ 15033.43554688] 113480185.536
4200 0.190885923762 0.413871936568 0.530133089619 0.8005 [ 15233.94042969] 113063338.644
4300 0.190709870945 0.416048426221 0.533171760007 0.806533333333 [ 15327.92382812] 112660383.7
4400 0.189815132333 0.41645175117 0.533851204444 0.80745 [ 15426.85351562] 112282481.313
4500 0.188396024808 0.415589150177 0.533268324867 0.8057 [ 15522.68652344] 111916619.207
4600 0.187309214672 0.416699577567 0.53540148017 0.811983333333 [ 15632.15332031] 111550449.911
4700 0.185481788938 0.415413204026 0.534189975399 0.811666666667 [ 15666.77050781] 111206757.957
4800 0.184063427926 0.414015248466 0.532728868175 0.811366666667 [ 15773.92089844] 110866817.598
4900 0.18274763865 0.414449957447 0.533846368941 0.813883333333 [ 15846.38183594] 110541808.648
5000 0.180630759465 0.413852781007 0.533455156781 0.813616666667 [ 15911.3203125] 110236018.514
5100 0.179597745049 0.413523479923 0.533576647751 0.815016666667 [ 15932.27832031] 109935378.356
5200 0.17822448798 0.412650243533 0.533039608335 0.815516666667 [ 16034.99511719] 109639573.971
5300 0.17852245364 0.413610774883 0.534676245016 0.819883333333 [ 16088.35839844] 109347781.579
5400 0.178185897992 0.413112190745 0.534576866286 0.820316666667 [ 16186.40625] 109063374.991
5500 0.177172503132 0.412702098429 0.534296547147 0.81865 [ 16242.5234375] 108797656.97
5600 0.176317295244 0.412525310467 0.534491912021 0.8219 [ 16309.71386719] 108527550.191
5700 0.175783822174 0.412217548851 0.534541545026 0.823283333333 [ 16439.11132812] 108281302.931
5800 0.174171957098 0.411098109815 0.533372159739 0.8248 [ 16538.27539062] 108032558.117
5900 0.175043200692 0.412639332769 0.535797864878 0.828733333333 [ 16618.53320312] 107783022.826
6000 0.174989228798 0.413881286455 0.537507144155 0.83075 [ 16701.26367188] 107550803.501
