MEAN: 80
100 0.0 2.03483387183e-16 9.64925015005e-17 0.112366666667 [ 1864.87133789] 248817664.64
200 -2.67854359956e-06 1.84142151075e-05 9.49811589779e-05 0.112366666667 [ 2110.30810547] 221695521.44
300 -2.83164387077e-06 2.81146112866e-05 0.000125209671337 0.112366666667 [ 2144.87084961] 211935951.307
400 -2.83164387077e-06 2.81146112866e-05 0.000125209671337 0.112366666667 [ 2148.81396484] 206987879.8
500 -2.83164387077e-06 2.81146112866e-05 0.000125209671337 0.112366666667 [ 2142.52490234] 204019605.536
600 -3.7182346933e-06 4.0954344175e-05 0.000153945138107 0.112366666667 [ 2148.42651367] 202015933.467
700 -4.0258078621e-06 3.5461536819e-05 0.000145081957534 0.112366666667 [ 2148.01464844] 200609107.657
800 -1.10426535211e-05 0.000148438968291 0.000373574920649 0.112366666667 [ 2157.02099609] 199592073.42
900 -1.10426535211e-05 0.000148438968291 0.000373574920649 0.112366666667 [ 2152.28515625] 198773624.356
1000 -1.53576043509e-05 0.00022415389626 0.000522882210402 0.112366666667 [ 2150.6237793] 198092910.24
1100 -2.09224301929e-05 0.000297428067394 0.000666059057459 0.112366666667 [ 2152.86938477] 197558460.451
1200 -5.04936016332e-05 0.000841301644571 0.00174293573062 0.112366666667 [ 2168.02294922] 197112753.587
1300 0.00121758085217 0.0205840424557 0.0389716702895 0.1287 [ 2277.14599609] 196754429.046
1400 0.0489502591057 0.0696968355473 0.108454035972 0.209566666667 [ 2785.8125] 196154460.606
1500 0.0551115363834 0.0718608038463 0.110498659475 0.2087 [ 2841.13134766] 195516202.229
1600 0.0662083262924 0.0862503778825 0.133016241867 0.207716666667 [ 2891.46240234] 194930246.46
1700 0.0703223684302 0.0934692147107 0.144453440706 0.207566666667 [ 2893.9140625] 194410892.132
1800 0.0721821718788 0.096633026208 0.149469725831 0.207416666667 [ 2895.68579102] 193930931.796
1900 0.0754249604343 0.102199707651 0.158214486916 0.20725 [ 2904.12744141] 193525044.379
2000 0.0739030899514 0.101882620623 0.158048398685 0.206683333333 [ 2908.66870117] 193149284.4
2100 0.0727984689798 0.0997744179162 0.154675358732 0.207133333333 [ 2913.79614258] 192792366.682
2200 0.071399462476 0.0997724740883 0.154935250896 0.207183333333 [ 2925.25048828] 192475672.393
2300 0.0716099684827 0.099618092392 0.154700762587 0.206483333333 [ 2908.75927734] 192210462.706
2400 0.0737628317274 0.0994401920825 0.153917872645 0.2066 [ 2912.04321289] 191951026.3
2500 0.067875354412 0.0951228380863 0.147870518041 0.2065 [ 2928.95263672] 191720296.755
2600 0.0710847787473 0.0970201104113 0.150361379163 0.207016666667 [ 2913.09399414] 191495324.88
2700 0.076480744585 0.107256127159 0.16651631256 0.207 [ 2915.24414062] 191290592.628
2800 0.0713510469771 0.100633486099 0.156465334404 0.2068 [ 2916.64453125] 191094275.354
2900 0.0733523423303 0.100414825201 0.155682808516 0.2066 [ 2913.95629883] 190931186.306
3000 0.0758116776723 0.103653186569 0.160607399146 0.206983333333 [ 2901.35766602] 190761096.661
3100 0.0717951483946 0.100526642519 0.15621979013 0.2066 [ 2918.96899414] 190607675.69
3200 0.0769488543448 0.105871687434 0.164089991529 0.2068 [ 2905.8737793] 190453873.28
3300 0.0696540703765 0.099428144138 0.154860719861 0.206466666667 [ 2932.4934082] 190323962.512
3400 0.0738012912119 0.103455849695 0.160720596947 0.207216666667 [ 2910.03735352] 190203566.631
3500 0.0741259307874 0.100282963833 0.155230388823 0.2073 [ 2910.53076172] 190075999.598
3600 0.0721604232194 0.100476849415 0.15593810428 0.207033333333 [ 2913.58813477] 189968275.889
3700 0.0731386854972 0.100417025128 0.155690968478 0.206983333333 [ 2921.25439453] 189869545.414
3800 0.073720057595 0.102452656103 0.159064201271 0.2064 [ 2914.48413086] 189765253.048
3900 0.0714904614621 0.0998316667473 0.155034051172 0.2073 [ 2919.68286133] 189668458.236
4000 0.0727639554406 0.102669937963 0.159510956743 0.207116666667 [ 2911.29003906] 189577081.536
4100 0.0767333948632 0.106934754634 0.165929333685 0.206833333333 [ 2920.09960938] 189485522.806
4200 0.0718732117042 0.100985484474 0.156965401953 0.206366666667 [ 2920.7487793] 189401625.314
4300 0.077926231423 0.108248624317 0.167849634339 0.2065 [ 2908.53320312] 189319881.626
4400 0.0774478554236 0.108266682047 0.167976649778 0.206816666667 [ 2922.21875] 189244390.524
4500 0.0689097297044 0.0970459263573 0.151006021762 0.206683333333 [ 2920.73339844] 189176446.222
4600 0.0726205710944 0.0993375427662 0.153922168627 0.206566666667 [ 2911.03515625] 189100785.732
4700 0.0726642741136 0.102154723385 0.15876189103 0.20735 [ 2919.03076172] 189032139.755
4800 0.0725334957008 0.102223293706 0.158860604511 0.207033333333 [ 2921.54370117] 188976792.67
4900 0.0762199775975 0.106012465605 0.164491204078 0.206966666667 [ 2912.98950195] 188921216.8
5000 0.0741612776123 0.102223648453 0.158559390164 0.206783333333 [ 2912.29858398] 188863924.762
5100 0.069331829125 0.0964564298685 0.149799609248 0.20695 [ 2907.4855957] 188801329.352
5200 0.0784986772387 0.106966800576 0.165669810509 0.20695 [ 2909.00830078] 188746884.569
5300 0.0707156354316 0.0991325704817 0.154047419908 0.206733333333 [ 2915.05761719] 188693918.113
5400 0.0760113093571 0.105563913687 0.163739688926 0.207083333333 [ 2922.36962891] 188646762.533
5500 0.0767717508656 0.103790650708 0.16065423669 0.206783333333 [ 2900.92578125] 188589076.695
5600 0.0731821706012 0.102974492241 0.160048995638 0.2066 [ 2925.11645508] 188556580.5
5700 0.0751871872352 0.105406878655 0.163665625525 0.206616666667 [ 2921.11987305] 188506367.312
5800 0.0763437629438 0.106709061117 0.165657689586 0.2066 [ 2909.81640625] 188462865.641
5900 0.0705669214987 0.100402935887 0.156226427141 0.206966666667 [ 2918.29345703] 188420850.541
6000 0.0669087587914 0.0965353633878 0.150525092508 0.2067 [ 2929.54272461] 188382926.936
