DIM=200
500	0.0000	0.0000	0.0000	0.0385	14.1759	8709.3504
1000	0.0000	0.0000	0.0000	0.0385	14.2421	8321.1255
1500	0.0000	0.0000	0.0000	0.0385	14.3381	8001.4111
2000	0.0000	0.0000	0.0000	0.0385	14.4618	7728.0889
2500	0.0000	0.0000	0.0000	0.0385	14.6112	7487.9207
3000	0.0000	0.0000	0.0000	0.0385	14.7841	7282.2840
3500	0.0000	0.0000	0.0000	0.0385	14.9780	7101.5402
4000	0.0000	0.0000	0.0000	0.0385	15.1898	6944.5580
4500	0.0000	0.0000	0.0000	0.0385	15.4174	6805.4939
5000	0.0000	0.0000	0.0000	0.0385	15.6551	6684.4020
5500	0.0000	0.0000	0.0001	0.0385	15.9021	6576.7665
6000	0.0000	0.0000	0.0002	0.0385	16.1510	6481.6978
6500	0.0000	0.0001	0.0004	0.0386	16.4009	6396.1111
7000	0.0000	0.0003	0.0008	0.0389	16.6416	6319.2971
7500	0.0000	0.0005	0.0013	0.0391	16.8681	6249.7169
8000	0.0000	0.0009	0.0020	0.0395	17.0747	6184.8957
8500	0.0000	0.0016	0.0034	0.0401	17.2555	6125.1640
9000	0.0000	0.0032	0.0065	0.0414	17.4073	6068.8194
9500	0.0003	0.0097	0.0189	0.0462	17.5610	6015.7483
10000	0.0016	0.0218	0.0410	0.0558	17.7516	5964.0432
10500	0.0064	0.0441	0.0787	0.0708	18.0146	5915.0886
11000	0.0123	0.0629	0.1066	0.0835	18.3598	5867.2254
11500	0.0189	0.0789	0.1284	0.0952	18.7733	5820.8261
12000	0.0258	0.0901	0.1426	0.1022	19.2056	5775.8327
12500	0.0307	0.0951	0.1479	0.1058	19.6192	5731.7287
13000	0.0339	0.0975	0.1499	0.1069	20.0058	5688.6625
13500	0.0366	0.0994	0.1512	0.1091	20.3527	5646.3524
14000	0.0383	0.1017	0.1533	0.1111	20.6852	5604.5093
14500	0.0399	0.1058	0.1581	0.1142	21.0014	5563.6610
15000	0.0421	0.1097	0.1621	0.1177	21.3070	5524.0624
15500	0.0446	0.1145	0.1673	0.1204	21.6108	5484.6688
16000	0.0476	0.1191	0.1723	0.1227	21.8897	5446.0145
16500	0.0508	0.1227	0.1758	0.1229	22.1417	5407.5296
17000	0.0546	0.1277	0.1818	0.1232	22.3574	5370.1665
17500	0.0578	0.1313	0.1861	0.1233	22.5419	5333.3651
18000	0.0609	0.1351	0.1908	0.1240	22.6849	5296.9099
18500	0.0633	0.1381	0.1946	0.1249	22.7757	5260.9634
19000	0.0651	0.1403	0.1974	0.1258	22.8311	5225.5738
19500	0.0673	0.1429	0.2007	0.1273	22.8564	5190.7768
20000	0.0682	0.1445	0.2027	0.1283	22.8627	5156.3690
20500	0.0695	0.1463	0.2050	0.1295	22.8417	5122.5839
21000	0.0703	0.1473	0.2060	0.1303	22.8106	5089.0730
21500	0.0712	0.1490	0.2078	0.1319	22.7578	5056.0712
22000	0.0718	0.1498	0.2086	0.1326	22.7053	5023.5622
22500	0.0727	0.1516	0.2105	0.1340	22.6549	4991.4690
23000	0.0732	0.1528	0.2112	0.1355	22.6145	4959.6038
23500	0.0748	0.1558	0.2137	0.1390	22.5936	4928.5141
24000	0.0762	0.1586	0.2159	0.1428	22.6049	4897.7549
24500	0.0780	0.1620	0.2183	0.1460	22.6629	4867.2967
25000	0.0808	0.1659	0.2211	0.1497	22.7522	4837.3165
25500	0.0834	0.1689	0.2231	0.1532	22.8748	4807.6229
26000	0.0855	0.1713	0.2249	0.1555	23.0083	4778.4190
26500	0.0872	0.1733	0.2266	0.1590	23.1423	4749.5087
27000	0.0892	0.1753	0.2282	0.1633	23.2797	4721.0132
27500	0.0916	0.1784	0.2314	0.1666	23.4042	4692.8479
28000	0.0928	0.1803	0.2335	0.1681	23.5167	4664.9570
28500	0.0938	0.1818	0.2350	0.1701	23.6131	4637.6004
29000	0.0953	0.1841	0.2376	0.1717	23.6999	4610.4693
29500	0.0960	0.1853	0.2388	0.1733	23.7709	4583.7216
30000	0.0969	0.1867	0.2400	0.1741	23.8317	4557.4233
30500	0.0971	0.1872	0.2400	0.1750	23.8859	4531.3846
31000	0.0984	0.1901	0.2426	0.1773	23.9462	4505.6270
31500	0.0990	0.1910	0.2424	0.1783	24.0128	4480.1643
32000	0.1000	0.1936	0.2440	0.1803	24.1131	4454.9922
32500	0.1007	0.1947	0.2438	0.1811	24.2255	4430.2230
33000	0.1012	0.1958	0.2440	0.1821	24.3565	4405.7305
33500	0.1025	0.1974	0.2444	0.1832	24.5066	4381.5733
34000	0.1030	0.1983	0.2444	0.1835	24.6679	4357.5604
34500	0.1038	0.1994	0.2441	0.1849	24.8347	4333.9849
35000	0.1046	0.2009	0.2450	0.1857	25.0134	4310.7054
35500	0.1043	0.2006	0.2436	0.1857	25.1899	4287.5832
36000	0.1048	0.2024	0.2450	0.1864	25.3573	4264.8459
36500	0.1054	0.2040	0.2461	0.1880	25.5111	4242.3593
37000	0.1057	0.2049	0.2465	0.1883	25.6687	4220.0956
37500	0.1060	0.2062	0.2477	0.1897	25.8097	4198.1848
38000	0.1067	0.2079	0.2491	0.1905	25.9416	4176.4753
38500	0.1070	0.2096	0.2503	0.1915	26.0643	4155.0367
39000	0.1069	0.2100	0.2502	0.1922	26.1693	4133.8228
39500	0.1077	0.2121	0.2522	0.1941	26.2673	4112.9183
40000	0.1089	0.2145	0.2547	0.1953	26.3623	4092.2042
40500	0.1090	0.2153	0.2547	0.1954	26.4582	4071.6929
41000	0.1104	0.2181	0.2574	0.1971	26.5519	4051.5197
41500	0.1107	0.2192	0.2581	0.1975	26.6542	4031.5708
42000	0.1117	0.2213	0.2597	0.1990	26.7518	4011.7962
42500	0.1123	0.2226	0.2604	0.2002	26.8497	3992.3791
43000	0.1134	0.2243	0.2618	0.2025	26.9544	3973.0738
43500	0.1148	0.2274	0.2645	0.2045	27.0580	3954.0100
44000	0.1159	0.2287	0.2655	0.2074	27.1672	3935.1930
44500	0.1169	0.2295	0.2659	0.2092	27.2700	3916.5865
45000	0.1171	0.2304	0.2664	0.2093	27.3601	3898.1646
45500	0.1181	0.2323	0.2680	0.2112	27.4585	3879.9795
46000	0.1186	0.2335	0.2688	0.2120	27.5492	3861.9577
46500	0.1188	0.2339	0.2686	0.2129	27.6449	3844.1853
47000	0.1200	0.2363	0.2706	0.2139	27.7455	3826.6048
47500	0.1212	0.2385	0.2724	0.2154	27.8398	3809.1895
48000	0.1213	0.2398	0.2732	0.2157	27.9466	3792.0327
48500	0.1223	0.2410	0.2738	0.2172	28.0534	3775.0137
49000	0.1231	0.2426	0.2751	0.2177	28.1616	3758.1806
49500	0.1249	0.2460	0.2783	0.2201	28.2640	3741.5687
50000	0.1252	0.2471	0.2790	0.2215	28.3815	3725.1431
50500	0.1268	0.2501	0.2815	0.2234	28.4956	3708.8826
51000	0.1275	0.2514	0.2824	0.2242	28.6111	3692.8268
51500	0.1284	0.2537	0.2844	0.2265	28.7181	3676.9572
52000	0.1292	0.2549	0.2853	0.2285	28.8335	3661.2402
52500	0.1293	0.2564	0.2865	0.2299	28.9445	3645.6544
53000	0.1301	0.2586	0.2887	0.2322	29.0544	3630.3090
53500	0.1301	0.2592	0.2890	0.2321	29.1556	3615.0885
54000	0.1305	0.2607	0.2902	0.2334	29.2560	3600.0327
54500	0.1311	0.2620	0.2915	0.2365	29.3604	3585.1496
55000	0.1308	0.2622	0.2915	0.2368	29.4532	3570.4378
55500	0.1323	0.2643	0.2937	0.2398	29.5448	3555.8920
56000	0.1318	0.2641	0.2931	0.2407	29.6212	3541.5097
56500	0.1328	0.2655	0.2945	0.2427	29.6887	3527.2407
57000	0.1331	0.2657	0.2945	0.2432	29.7493	3513.1580
57500	0.1338	0.2672	0.2960	0.2448	29.7972	3499.2317
58000	0.1339	0.2679	0.2967	0.2451	29.8593	3485.4151
58500	0.1353	0.2695	0.2983	0.2483	29.9013	3471.7591
59000	0.1358	0.2707	0.2993	0.2486	29.9427	3458.2279
59500	0.1370	0.2724	0.3010	0.2511	29.9895	3444.9152
60000	0.1378	0.2728	0.3012	0.2530	30.0343	3431.6152
60500	0.1383	0.2740	0.3020	0.2529	30.0788	3418.5139
61000	0.1385	0.2740	0.3017	0.2542	30.1207	3405.5891
61500	0.1393	0.2750	0.3025	0.2556	30.1616	3392.7718
62000	0.1399	0.2755	0.3027	0.2569	30.2097	3380.1047
62500	0.1410	0.2769	0.3040	0.2575	30.2583	3367.5550
63000	0.1404	0.2765	0.3033	0.2577	30.2970	3355.1160
63500	0.1405	0.2771	0.3037	0.2580	30.3481	3342.8366
64000	0.1413	0.2780	0.3042	0.2599	30.3976	3330.6321
64500	0.1418	0.2783	0.3042	0.2613	30.4494	3318.6082
65000	0.1422	0.2791	0.3048	0.2615	30.5078	3306.7012
65500	0.1421	0.2793	0.3048	0.2620	30.5526	3294.8606
66000	0.1439	0.2815	0.3069	0.2649	30.5979	3283.2150
66500	0.1442	0.2817	0.3066	0.2658	30.6459	3271.6298
67000	0.1459	0.2837	0.3083	0.2678	30.7128	3260.1629
67500	0.1455	0.2832	0.3075	0.2675	30.7653	3248.8610
68000	0.1465	0.2846	0.3086	0.2699	30.8313	3237.6488
68500	0.1472	0.2856	0.3091	0.2696	30.8905	3226.5372
69000	0.1477	0.2862	0.3094	0.2709	30.9575	3215.5241
69500	0.1476	0.2868	0.3096	0.2714	31.0334	3204.6321
70000	0.1484	0.2875	0.3100	0.2724	31.1069	3193.8449
70500	0.1490	0.2880	0.3101	0.2734	31.1823	3183.1759
71000	0.1505	0.2892	0.3109	0.2747	31.2675	3172.5813
71500	0.1495	0.2890	0.3102	0.2744	31.3447	3162.0873
72000	0.1501	0.2898	0.3107	0.2758	31.4166	3151.7251
72500	0.1503	0.2898	0.3104	0.2763	31.5073	3141.4296
73000	0.1509	0.2909	0.3109	0.2775	31.5956	3131.2614
73500	0.1511	0.2908	0.3104	0.2786	31.6887	3121.1914
74000	0.1514	0.2915	0.3106	0.2793	31.7843	3111.2054
74500	0.1529	0.2934	0.3120	0.2818	31.8845	3101.3211
75000	0.1530	0.2945	0.3124	0.2822	31.9918	3091.5338
75500	0.1524	0.2949	0.3122	0.2819	32.0951	3081.8113
76000	0.1542	0.2972	0.3140	0.2845	32.2235	3072.2025
76500	0.1544	0.2979	0.3142	0.2848	32.3418	3062.6981
77000	0.1554	0.2997	0.3156	0.2868	32.4738	3053.2452
77500	0.1551	0.2999	0.3154	0.2865	32.5981	3043.9081
78000	0.1551	0.3000	0.3151	0.2874	32.7374	3034.6458
78500	0.1563	0.3021	0.3169	0.2895	32.8683	3025.4775
79000	0.1571	0.3036	0.3181	0.2907	32.9993	3016.4033
79500	0.1572	0.3037	0.3179	0.2909	33.1361	3007.3850
80000	0.1576	0.3049	0.3188	0.2920	33.2630	2998.4819
80500	0.1575	0.3055	0.3192	0.2922	33.3888	2989.6361
81000	0.1579	0.3066	0.3200	0.2932	33.5050	2980.8775
81500	0.1581	0.3073	0.3205	0.2941	33.6231	2972.2097
82000	0.1593	0.3087	0.3219	0.2954	33.7337	2963.5991
82500	0.1600	0.3097	0.3225	0.2975	33.8394	2955.0761
83000	0.1596	0.3099	0.3226	0.2971	33.9561	2946.6281
83500	0.1621	0.3124	0.3248	0.3004	34.0608	2938.2473
84000	0.1618	0.3126	0.3248	0.3020	34.1625	2929.9365
84500	0.1620	0.3130	0.3248	0.3033	34.2616	2921.7247
85000	0.1632	0.3152	0.3266	0.3053	34.3558	2913.5840
85500	0.1632	0.3157	0.3269	0.3063	34.4514	2905.4963
86000	0.1648	0.3177	0.3287	0.3084	34.5475	2897.5072
86500	0.1652	0.3187	0.3295	0.3102	34.6364	2889.5858
87000	0.1663	0.3195	0.3299	0.3121	34.7293	2881.7212
87500	0.1665	0.3198	0.3299	0.3130	34.8313	2873.9037
88000	0.1682	0.3231	0.3330	0.3161	34.9227	2866.1755
88500	0.1690	0.3235	0.3329	0.3177	35.0269	2858.5030
89000	0.1706	0.3257	0.3350	0.3203	35.1325	2850.9008
89500	0.1697	0.3254	0.3344	0.3200	35.2355	2843.3663
90000	0.1720	0.3278	0.3365	0.3223	35.3341	2835.9031
90500	0.1711	0.3274	0.3358	0.3224	35.4332	2828.4970
91000	0.1718	0.3280	0.3362	0.3245	35.5428	2821.1618
91500	0.1720	0.3287	0.3366	0.3252	35.6385	2813.8883
92000	0.1731	0.3302	0.3379	0.3269	35.7306	2806.6645
92500	0.1737	0.3307	0.3380	0.3283	35.8217	2799.5137
93000	0.1748	0.3319	0.3390	0.3300	35.9152	2792.4177
93500	0.1756	0.3327	0.3395	0.3307	36.0084	2785.3788
94000	0.1761	0.3342	0.3410	0.3321	36.1046	2778.3782
94500	0.1772	0.3348	0.3413	0.3329	36.1985	2771.4439
95000	0.1777	0.3358	0.3419	0.3348	36.2799	2764.6114
95500	0.1776	0.3353	0.3414	0.3349	36.3634	2757.8214
96000	0.1782	0.3368	0.3428	0.3361	36.4522	2751.0606
96500	0.1793	0.3372	0.3430	0.3376	36.5348	2744.3700
97000	0.1786	0.3371	0.3427	0.3373	36.6158	2737.7312
97500	0.1793	0.3377	0.3431	0.3380	36.7012	2731.1539
98000	0.1794	0.3379	0.3431	0.3385	36.7804	2724.6322
98500	0.1807	0.3389	0.3440	0.3398	36.8530	2718.1294
99000	0.1817	0.3405	0.3453	0.3415	36.9259	2711.6975
99500	0.1811	0.3402	0.3448	0.3419	37.0014	2705.3323
100000	0.1826	0.3421	0.3464	0.3437	37.0763	2699.0058
100500	0.1830	0.3430	0.3470	0.3446	37.1593	2692.7196
101000	0.1825	0.3431	0.3469	0.3450	37.2392	2686.5061
101500	0.1833	0.3448	0.3481	0.3463	37.3243	2680.3487
102000	0.1848	0.3468	0.3498	0.3477	37.4100	2674.2125
102500	0.1849	0.3480	0.3506	0.3493	37.4959	2668.1426
103000	0.1867	0.3497	0.3519	0.3511	37.5772	2662.1269
103500	0.1862	0.3493	0.3511	0.3511	37.6809	2656.1457
104000	0.1873	0.3512	0.3525	0.3523	37.7854	2650.2165
104500	0.1860	0.3508	0.3517	0.3518	37.8890	2644.3233
105000	0.1875	0.3527	0.3534	0.3532	37.9942	2638.4841
105500	0.1871	0.3516	0.3529	0.3537	38.1142	2632.6812
106000	0.1882	0.3521	0.3538	0.3541	38.2324	2626.9368
106500	0.1878	0.3514	0.3535	0.3550	38.3551	2621.2089
107000	0.1885	0.3520	0.3545	0.3557	38.4785	2615.5572
107500	0.1892	0.3521	0.3550	0.3575	38.6062	2609.9374
108000	0.1903	0.3539	0.3573	0.3591	38.7443	2604.3559
108500	0.1907	0.3541	0.3579	0.3604	38.8872	2598.8288
109000	0.1914	0.3541	0.3583	0.3618	39.0389	2593.3096
109500	0.1916	0.3553	0.3597	0.3623	39.1841	2587.8592
110000	0.1923	0.3550	0.3597	0.3635	39.3237	2582.4502
110500	0.1927	0.3553	0.3601	0.3655	39.4625	2577.0917
111000	0.1931	0.3561	0.3613	0.3658	39.5992	2571.7470
111500	0.1931	0.3562	0.3614	0.3654	39.7306	2566.4545
112000	0.1944	0.3569	0.3624	0.3676	39.8642	2561.1914
112500	0.1948	0.3580	0.3636	0.3672	39.9932	2555.9790
113000	0.1956	0.3582	0.3640	0.3682	40.1109	2550.8017
113500	0.1948	0.3583	0.3643	0.3685	40.2330	2545.6659
114000	0.1970	0.3600	0.3663	0.3700	40.3512	2540.5569
114500	0.1961	0.3593	0.3657	0.3697	40.4603	2535.4925
115000	0.1955	0.3588	0.3655	0.3693	40.5624	2530.4565
115500	0.1959	0.3595	0.3663	0.3700	40.6629	2525.4718
116000	0.1976	0.3611	0.3680	0.3714	40.7517	2520.5307
116500	0.1963	0.3600	0.3670	0.3713	40.8418	2515.6071
117000	0.1960	0.3602	0.3675	0.3719	40.9217	2510.7268
117500	0.1968	0.3609	0.3684	0.3727	41.0157	2505.8693
118000	0.1987	0.3622	0.3700	0.3735	41.0979	2501.0446
118500	0.1964	0.3610	0.3691	0.3726	41.1889	2496.2649
119000	0.1971	0.3617	0.3700	0.3745	41.2793	2491.5261
119500	0.1970	0.3615	0.3700	0.3740	41.3653	2486.8136
120000	0.1989	0.3631	0.3719	0.3754	41.4577	2482.1104
120500	0.1988	0.3633	0.3724	0.3761	41.5469	2477.4695
121000	0.1983	0.3633	0.3726	0.3762	41.6322	2472.8465
121500	0.1990	0.3635	0.3731	0.3778	41.7278	2468.2483
122000	0.1984	0.3633	0.3734	0.3775	41.8214	2463.7052
122500	0.1988	0.3631	0.3733	0.3778	41.9235	2459.1804
123000	0.1990	0.3639	0.3743	0.3786	42.0163	2454.6849
123500	0.1989	0.3637	0.3744	0.3782	42.1105	2450.2373
124000	0.1993	0.3643	0.3753	0.3787	42.2124	2445.7998
124500	0.1994	0.3637	0.3749	0.3796	42.3116	2441.4084
125000	0.1982	0.3632	0.3746	0.3782	42.4130	2437.0377
125500	0.1991	0.3639	0.3756	0.3799	42.5139	2432.6996
126000	0.1984	0.3635	0.3754	0.3790	42.6095	2428.3984
126500	0.1982	0.3638	0.3758	0.3795	42.7047	2424.1219
127000	0.1998	0.3644	0.3767	0.3806	42.8066	2419.8664
127500	0.1985	0.3641	0.3768	0.3801	42.8947	2415.6495
128000	0.1990	0.3638	0.3766	0.3812	42.9939	2411.4530
128500	0.1992	0.3637	0.3766	0.3808	43.0942	2407.2890
129000	0.1992	0.3637	0.3769	0.3813	43.1831	2403.1363
129500	0.1991	0.3636	0.3771	0.3819	43.2781	2399.0319
130000	0.1983	0.3637	0.3772	0.3813	43.3695	2394.9457
130500	0.1997	0.3642	0.3779	0.3829	43.4597	2390.9000
131000	0.1990	0.3634	0.3774	0.3817	43.5618	2386.8566
131500	0.1991	0.3634	0.3776	0.3826	43.6514	2382.8439
132000	0.1983	0.3625	0.3768	0.3825	43.7492	2378.8661
132500	0.1982	0.3628	0.3773	0.3833	43.8341	2374.9217
133000	0.1995	0.3637	0.3785	0.3838	43.9264	2370.9835
133500	0.1990	0.3638	0.3788	0.3845	44.0152	2367.0914
134000	0.1989	0.3634	0.3785	0.3843	44.0974	2363.2167
134500	0.1997	0.3633	0.3787	0.3848	44.1948	2359.3542
135000	0.1994	0.3630	0.3784	0.3849	44.2712	2355.5274
135500	0.1987	0.3631	0.3786	0.3846	44.3602	2351.7288
136000	0.1995	0.3639	0.3795	0.3859	44.4531	2347.9531
136500	0.1995	0.3637	0.3796	0.3856	44.5328	2344.2023
137000	0.1993	0.3630	0.3789	0.3860	44.6148	2340.4665
137500	0.1977	0.3624	0.3784	0.3851	44.6918	2336.7503
138000	0.1982	0.3626	0.3787	0.3859	44.7720	2333.0761
138500	0.1986	0.3631	0.3794	0.3862	44.8413	2329.4129
139000	0.1980	0.3628	0.3792	0.3860	44.9124	2325.7712
139500	0.1972	0.3625	0.3791	0.3853	44.9856	2322.1621
140000	0.1971	0.3624	0.3790	0.3860	45.0536	2318.5719
140500	0.1982	0.3632	0.3800	0.3878	45.1178	2315.0015
141000	0.1982	0.3630	0.3800	0.3879	45.1953	2311.4466
141500	0.1973	0.3629	0.3802	0.3880	45.2706	2307.9180
142000	0.1980	0.3632	0.3807	0.3894	45.3371	2304.4218
142500	0.1969	0.3621	0.3796	0.3884	45.4082	2300.9290
143000	0.1978	0.3633	0.3811	0.3903	45.4691	2297.4661
143500	0.1961	0.3619	0.3799	0.3901	45.5477	2294.0322
144000	0.1976	0.3632	0.3813	0.3919	45.6178	2290.6098
144500	0.1983	0.3640	0.3823	0.3933	45.6889	2287.2171
145000	0.1974	0.3632	0.3816	0.3935	45.7626	2283.8415
145500	0.1984	0.3643	0.3828	0.3952	45.8440	2280.4742
146000	0.1981	0.3647	0.3834	0.3956	45.9179	2277.1431
146500	0.1977	0.3639	0.3826	0.3954	45.9852	2273.8248
147000	0.1978	0.3643	0.3831	0.3961	46.0589	2270.5205
147500	0.1984	0.3649	0.3837	0.3971	46.1327	2267.2449
148000	0.1990	0.3646	0.3836	0.3974	46.1964	2263.9963
148500	0.1995	0.3660	0.3852	0.3979	46.2655	2260.7481
149000	0.1993	0.3660	0.3852	0.3987	46.3368	2257.5258
149500	0.1989	0.3662	0.3856	0.3992	46.3979	2254.3254
150000	0.1990	0.3663	0.3857	0.3995	46.4590	2251.1225
150500	0.1982	0.3657	0.3852	0.3987	46.5201	2247.9501
151000	0.1980	0.3660	0.3856	0.3996	46.5767	2244.8195
151500	0.1983	0.3660	0.3857	0.3997	46.6328	2241.6977
152000	0.1992	0.3670	0.3868	0.4003	46.6803	2238.5887
152500	0.1989	0.3669	0.3867	0.3998	46.7367	2235.4899
153000	0.1988	0.3672	0.3871	0.4008	46.7816	2232.4173
153500	0.1982	0.3667	0.3867	0.4005	46.8381	2229.3560
154000	0.1981	0.3669	0.3870	0.4006	46.8909	2226.3170
154500	0.1980	0.3668	0.3870	0.4010	46.9318	2223.2880
155000	0.1981	0.3672	0.3875	0.4011	46.9798	2220.2903
155500	0.1984	0.3670	0.3874	0.4011	47.0209	2217.2893
156000	0.1979	0.3667	0.3872	0.4009	47.0596	2214.3160
156500	0.1993	0.3677	0.3884	0.4022	47.1009	2211.3605
157000	0.1975	0.3661	0.3866	0.4003	47.1415	2208.4169
157500	0.1993	0.3678	0.3885	0.4020	47.1824	2205.4908
158000	0.1987	0.3677	0.3884	0.4021	47.2327	2202.5842
158500	0.1981	0.3677	0.3886	0.4017	47.2686	2199.6924
159000	0.1989	0.3678	0.3888	0.4029	47.3114	2196.8240
159500	0.1978	0.3674	0.3883	0.4019	47.3561	2193.9603
160000	0.1979	0.3670	0.3882	0.4017	47.3970	2191.1201
160500	0.1970	0.3668	0.3879	0.4012	47.4403	2188.2864
161000	0.1974	0.3672	0.3884	0.4016	47.4750	2185.4840
161500	0.1980	0.3671	0.3885	0.4022	47.5165	2182.6873
162000	0.1982	0.3674	0.3889	0.4029	47.5428	2179.9127
162500	0.1991	0.3679	0.3894	0.4033	47.5812	2177.1425
163000	0.1986	0.3673	0.3889	0.4031	47.6142	2174.3894
163500	0.1983	0.3681	0.3898	0.4032	47.6537	2171.6496
164000	0.1975	0.3671	0.3888	0.4024	47.7050	2168.9175
164500	0.1970	0.3671	0.3889	0.4020	47.7402	2166.2262
165000	0.1965	0.3664	0.3882	0.4024	47.7774	2163.5372
165500	0.1957	0.3665	0.3883	0.4015	47.8098	2160.8588
166000	0.1967	0.3673	0.3892	0.4024	47.8440	2158.1962
166500	0.1952	0.3651	0.3871	0.4015	47.8796	2155.5502
167000	0.1963	0.3657	0.3878	0.4018	47.9184	2152.9169
167500	0.1946	0.3649	0.3871	0.4006	47.9548	2150.2910
168000	0.1944	0.3651	0.3874	0.4008	47.9830	2147.6856
168500	0.1946	0.3647	0.3871	0.4015	48.0123	2145.1016
169000	0.1959	0.3655	0.3879	0.4022	48.0392	2142.5237
169500	0.1954	0.3653	0.3877	0.4008	48.0731	2139.9611
170000	0.1952	0.3656	0.3883	0.4017	48.1094	2137.3974
170500	0.1951	0.3659	0.3887	0.4019	48.1397	2134.8744
171000	0.1947	0.3654	0.3882	0.4016	48.1773	2132.3423
171500	0.1956	0.3655	0.3885	0.4026	48.2282	2129.8250
172000	0.1942	0.3646	0.3875	0.4018	48.2561	2127.3244
172500	0.1951	0.3656	0.3887	0.4022	48.2954	2124.8435
173000	0.1969	0.3668	0.3902	0.4039	48.3332	2122.3710
173500	0.1950	0.3658	0.3890	0.4025	48.3852	2119.9081
174000	0.1957	0.3655	0.3890	0.4037	48.4342	2117.4592
174500	0.1966	0.3659	0.3895	0.4039	48.4796	2115.0192
175000	0.1957	0.3653	0.3890	0.4042	48.5271	2112.5920
175500	0.1948	0.3646	0.3885	0.4038	48.5841	2110.1763
176000	0.1953	0.3655	0.3895	0.4049	48.6359	2107.7831
176500	0.1952	0.3650	0.3891	0.4042	48.6870	2105.4068
177000	0.1935	0.3639	0.3881	0.4038	48.7481	2103.0286
177500	0.1944	0.3646	0.3890	0.4048	48.8057	2100.6572
178000	0.1926	0.3634	0.3879	0.4037	48.8656	2098.3002
178500	0.1946	0.3649	0.3896	0.4059	48.9195	2095.9607
179000	0.1937	0.3639	0.3888	0.4057	48.9835	2093.6200
179500	0.1940	0.3648	0.3898	0.4059	49.0436	2091.3117
180000	0.1929	0.3633	0.3883	0.4059	49.1008	2089.0157
180500	0.1940	0.3645	0.3898	0.4071	49.1705	2086.7192
181000	0.1948	0.3648	0.3902	0.4080	49.2317	2084.4377
181500	0.1940	0.3646	0.3901	0.4080	49.2852	2082.1633
182000	0.1944	0.3647	0.3903	0.4077	49.3498	2079.9102
182500	0.1936	0.3644	0.3900	0.4077	49.4194	2077.6618
183000	0.1950	0.3653	0.3912	0.4089	49.4930	2075.4170
183500	0.1949	0.3649	0.3908	0.4092	49.5546	2073.1994
184000	0.1953	0.3657	0.3917	0.4099	49.6171	2070.9731
184500	0.1941	0.3651	0.3914	0.4095	49.6813	2068.7670
185000	0.1946	0.3648	0.3911	0.4101	49.7515	2066.5728
185500	0.1935	0.3642	0.3905	0.4096	49.8214	2064.3849
186000	0.1943	0.3645	0.3910	0.4104	49.8890	2062.2207
186500	0.1933	0.3643	0.3910	0.4100	49.9613	2060.0491
187000	0.1953	0.3657	0.3925	0.4117	50.0212	2057.9009
187500	0.1947	0.3659	0.3927	0.4122	50.0918	2055.7683
188000	0.1946	0.3653	0.3923	0.4122	50.1692	2053.6324
188500	0.1940	0.3645	0.3915	0.4123	50.2331	2051.5101
189000	0.1938	0.3649	0.3920	0.4130	50.3051	2049.3895
189500	0.1938	0.3649	0.3921	0.4127	50.3647	2047.2939
190000	0.1937	0.3649	0.3921	0.4126	50.4286	2045.2058
190500	0.1922	0.3639	0.3912	0.4123	50.4914	2043.1207
191000	0.1943	0.3653	0.3927	0.4138	50.5644	2041.0514
191500	0.1939	0.3654	0.3928	0.4150	50.6223	2038.9977
192000	0.1926	0.3651	0.3925	0.4136	50.6781	2036.9401
192500	0.1942	0.3659	0.3934	0.4148	50.7287	2034.8938
193000	0.1946	0.3661	0.3936	0.4157	50.7806	2032.8643
193500	0.1940	0.3658	0.3935	0.4152	50.8338	2030.8412
194000	0.1920	0.3644	0.3920	0.4135	50.8866	2028.8215
194500	0.1933	0.3655	0.3932	0.4149	50.9244	2026.8192
195000	0.1938	0.3659	0.3937	0.4154	50.9807	2024.8282
195500	0.1938	0.3653	0.3931	0.4151	51.0295	2022.8380
196000	0.1925	0.3654	0.3933	0.4153	51.0690	2020.8635
196500	0.1942	0.3655	0.3934	0.4162	51.1080	2018.8954
197000	0.1939	0.3653	0.3933	0.4167	51.1458	2016.9316
197500	0.1945	0.3665	0.3946	0.4172	51.1996	2014.9756
198000	0.1944	0.3667	0.3949	0.4173	51.2360	2013.0368
198500	0.1938	0.3655	0.3936	0.4169	51.2713	2011.1066
199000	0.1934	0.3655	0.3937	0.4168	51.3084	2009.1829
199500	0.1936	0.3662	0.3944	0.4169	51.3398	2007.2676
200000	0.1954	0.3669	0.3952	0.4187	51.3792	2005.3499
200500	0.1940	0.3658	0.3941	0.4175	51.4150	2003.4601
201000	0.1945	0.3669	0.3953	0.4185	51.4451	2001.5688
201500	0.1939	0.3661	0.3945	0.4184	51.4769	1999.6912
202000	0.1931	0.3658	0.3943	0.4184	51.5138	1997.8193
202500	0.1941	0.3678	0.3964	0.4190	51.5598	1995.9494
203000	0.1939	0.3669	0.3956	0.4185	51.5957	1994.0980
203500	0.1931	0.3662	0.3949	0.4187	51.6269	1992.2464
204000	0.1941	0.3675	0.3963	0.4197	51.6678	1990.4067
204500	0.1944	0.3672	0.3961	0.4195	51.7043	1988.5766
205000	0.1946	0.3673	0.3962	0.4197	51.7396	1986.7517
205500	0.1928	0.3661	0.3951	0.4192	51.7789	1984.9318
206000	0.1936	0.3667	0.3958	0.4193	51.8050	1983.1312
206500	0.1935	0.3660	0.3952	0.4197	51.8372	1981.3310
207000	0.1939	0.3669	0.3962	0.4208	51.8721	1979.5373
207500	0.1929	0.3668	0.3963	0.4203	51.9113	1977.7463
208000	0.1953	0.3681	0.3978	0.4222	51.9495	1975.9764
208500	0.1953	0.3690	0.3987	0.4223	51.9917	1974.2084
209000	0.1948	0.3680	0.3978	0.4221	52.0319	1972.4408
209500	0.1931	0.3674	0.3972	0.4212	52.0673	1970.6900
210000	0.1945	0.3678	0.3978	0.4221	52.1053	1968.9464
210500	0.1934	0.3671	0.3971	0.4215	52.1533	1967.2040
211000	0.1942	0.3675	0.3978	0.4227	52.1971	1965.4779
211500	0.1954	0.3679	0.3983	0.4241	52.2426	1963.7540
212000	0.1930	0.3675	0.3981	0.4232	52.2920	1962.0395
212500	0.1943	0.3676	0.3982	0.4239	52.3440	1960.3289
213000	0.1940	0.3675	0.3982	0.4237	52.3937	1958.6359
213500	0.1933	0.3675	0.3984	0.4242	52.4416	1956.9365
214000	0.1942	0.3681	0.3990	0.4249	52.5016	1955.2421
214500	0.1943	0.3680	0.3991	0.4248	52.5527	1953.5703
215000	0.1943	0.3681	0.3994	0.4253	52.6131	1951.8992
215500	0.1942	0.3679	0.3993	0.4259	52.6718	1950.2346
216000	0.1943	0.3681	0.3997	0.4265	52.7240	1948.5719
216500	0.1932	0.3678	0.3994	0.4250	52.7832	1946.9184
217000	0.1934	0.3679	0.3995	0.4263	52.8353	1945.2799
217500	0.1928	0.3675	0.3993	0.4262	52.8893	1943.6484
218000	0.1927	0.3673	0.3993	0.4264	52.9500	1942.0105
218500	0.1923	0.3672	0.3993	0.4259	53.0166	1940.3861
219000	0.1929	0.3669	0.3991	0.4258	53.0731	1938.7672
219500	0.1933	0.3679	0.4003	0.4270	53.1333	1937.1496
220000	0.1917	0.3667	0.3990	0.4262	53.1956	1935.5477
220500	0.1913	0.3669	0.3994	0.4255	53.2626	1933.9472
221000	0.1920	0.3674	0.4000	0.4265	53.3219	1932.3551
221500	0.1921	0.3672	0.3999	0.4265	53.3938	1930.7678
222000	0.1920	0.3678	0.4006	0.4272	53.4524	1929.1931
222500	0.1913	0.3673	0.4002	0.4270	53.5229	1927.6149
223000	0.1910	0.3671	0.4001	0.4270	53.5893	1926.0502
223500	0.1905	0.3665	0.3994	0.4258	53.6486	1924.4862
224000	0.1918	0.3678	0.4011	0.4270	53.7118	1922.9323
224500	0.1911	0.3671	0.4003	0.4270	53.7763	1921.3926
225000	0.1912	0.3674	0.4007	0.4267	53.8447	1919.8440
225500	0.1907	0.3670	0.4004	0.4271	53.9079	1918.3089
226000	0.1911	0.3672	0.4007	0.4276	53.9747	1916.7856
226500	0.1894	0.3666	0.4003	0.4259	54.0339	1915.2694
227000	0.1903	0.3667	0.4004	0.4267	54.1033	1913.7501
227500	0.1901	0.3667	0.4005	0.4264	54.1659	1912.2440
228000	0.1897	0.3666	0.4005	0.4269	54.2289	1910.7421
228500	0.1899	0.3673	0.4013	0.4269	54.3004	1909.2382
229000	0.1909	0.3676	0.4017	0.4284	54.3646	1907.7425
229500	0.1905	0.3674	0.4016	0.4275	54.4260	1906.2625
230000	0.1904	0.3670	0.4013	0.4274	54.4833	1904.7736
230500	0.1893	0.3665	0.4007	0.4274	54.5459	1903.2998
231000	0.1886	0.3666	0.4010	0.4269	54.6081	1901.8319
231500	0.1894	0.3670	0.4013	0.4269	54.6664	1900.3742
232000	0.1884	0.3665	0.4010	0.4272	54.7246	1898.9181
232500	0.1886	0.3673	0.4019	0.4280	54.7726	1897.4722
233000	0.1873	0.3666	0.4012	0.4266	54.8303	1896.0297
233500	0.1889	0.3675	0.4023	0.4283	54.8891	1894.5851
234000	0.1888	0.3672	0.4021	0.4277	54.9519	1893.1501
234500	0.1883	0.3666	0.4016	0.4281	54.9990	1891.7204
235000	0.1884	0.3668	0.4018	0.4271	55.0535	1890.2965
235500	0.1875	0.3664	0.4015	0.4279	55.1039	1888.8769
236000	0.1879	0.3669	0.4021	0.4282	55.1571	1887.4604
236500	0.1868	0.3665	0.4018	0.4279	55.2100	1886.0487
237000	0.1870	0.3660	0.4013	0.4275	55.2607	1884.6504
237500	0.1877	0.3668	0.4022	0.4282	55.3052	1883.2530
238000	0.1874	0.3659	0.4014	0.4272	55.3606	1881.8698
238500	0.1870	0.3663	0.4018	0.4272	55.4204	1880.4796
239000	0.1865	0.3660	0.4016	0.4273	55.4748	1879.0977
239500	0.1860	0.3657	0.4014	0.4269	55.5319	1877.7256
240000	0.1873	0.3666	0.4024	0.4286	55.5855	1876.3529
240500	0.1859	0.3666	0.4024	0.4284	55.6326	1874.9852
241000	0.1851	0.3661	0.4020	0.4282	55.6811	1873.6314
241500	0.1860	0.3664	0.4024	0.4285	55.7190	1872.2772
242000	0.1861	0.3665	0.4025	0.4284	55.7694	1870.9282
242500	0.1859	0.3660	0.4021	0.4283	55.8244	1869.5851
243000	0.1858	0.3662	0.4024	0.4288	55.8676	1868.2406
243500	0.1860	0.3662	0.4024	0.4285	55.9159	1866.9045
244000	0.1845	0.3659	0.4022	0.4282	55.9636	1865.5787
244500	0.1850	0.3660	0.4023	0.4279	56.0096	1864.2534
245000	0.1845	0.3656	0.4021	0.4277	56.0565	1862.9350
245500	0.1857	0.3662	0.4026	0.4289	56.1055	1861.6155
246000	0.1847	0.3654	0.4019	0.4283	56.1519	1860.3102
246500	0.1855	0.3661	0.4026	0.4297	56.1960	1859.0034
247000	0.1843	0.3660	0.4026	0.4288	56.2354	1857.7032
247500	0.1837	0.3653	0.4019	0.4294	56.2767	1856.4096
248000	0.1835	0.3654	0.4021	0.4288	56.3212	1855.1195
248500	0.1840	0.3662	0.4029	0.4287	56.3625	1853.8293
249000	0.1836	0.3652	0.4020	0.4296	56.4127	1852.5489
249500	0.1841	0.3658	0.4027	0.4304	56.4560	1851.2721
250000	0.1849	0.3661	0.4031	0.4305	56.5021	1850.0008
250500	0.1842	0.3658	0.4028	0.4297	56.5384	1848.7335
251000	0.1841	0.3661	0.4032	0.4302	56.5759	1847.4694
251500	0.1826	0.3648	0.4018	0.4286	56.6216	1846.2113
252000	0.1837	0.3655	0.4027	0.4302	56.6646	1844.9537
252500	0.1835	0.3659	0.4032	0.4303	56.7076	1843.7061
253000	0.1832	0.3659	0.4032	0.4305	56.7424	1842.4599
253500	0.1843	0.3666	0.4039	0.4313	56.7836	1841.2142
254000	0.1840	0.3657	0.4030	0.4306	56.8193	1839.9815
254500	0.1833	0.3657	0.4030	0.4303	56.8560	1838.7459
255000	0.1844	0.3663	0.4037	0.4322	56.8863	1837.5215
255500	0.1833	0.3656	0.4031	0.4313	56.9271	1836.2992
256000	0.1832	0.3656	0.4031	0.4312	56.9592	1835.0794
256500	0.1829	0.3662	0.4039	0.4316	57.0005	1833.8647
257000	0.1832	0.3660	0.4037	0.4319	57.0379	1832.6567
257500	0.1827	0.3658	0.4035	0.4328	57.0686	1831.4488
258000	0.1826	0.3655	0.4032	0.4318	57.1066	1830.2537
258500	0.1833	0.3659	0.4037	0.4320	57.1457	1829.0554
259000	0.1826	0.3657	0.4036	0.4319	57.1872	1827.8562
259500	0.1820	0.3651	0.4031	0.4315	57.2228	1826.6675
260000	0.1827	0.3654	0.4035	0.4324	57.2595	1825.4808
260500	0.1834	0.3661	0.4042	0.4334	57.2994	1824.3016
261000	0.1831	0.3661	0.4043	0.4336	57.3390	1823.1303
261500	0.1828	0.3666	0.4049	0.4338	57.3752	1821.9529
262000	0.1826	0.3662	0.4045	0.4340	57.4128	1820.7856
262500	0.1821	0.3660	0.4044	0.4341	57.4553	1819.6161
263000	0.1824	0.3661	0.4045	0.4347	57.4980	1818.4582
263500	0.1827	0.3667	0.4054	0.4353	57.5442	1817.2981
264000	0.1830	0.3666	0.4053	0.4352	57.5900	1816.1513
264500	0.1816	0.3654	0.4040	0.4350	57.6307	1815.0071
265000	0.1833	0.3670	0.4059	0.4371	57.6715	1813.8637
265500	0.1826	0.3659	0.4047	0.4353	57.7158	1812.7217
266000	0.1816	0.3660	0.4050	0.4356	57.7635	1811.5849
266500	0.1818	0.3664	0.4055	0.4346	57.8089	1810.4537
267000	0.1825	0.3669	0.4061	0.4375	57.8586	1809.3261
267500	0.1820	0.3665	0.4057	0.4364	57.9072	1808.1932
268000	0.1822	0.3668	0.4062	0.4374	57.9566	1807.0746
268500	0.1815	0.3661	0.4055	0.4368	58.0010	1805.9627
269000	0.1827	0.3669	0.4064	0.4378	58.0502	1804.8474
269500	0.1819	0.3665	0.4061	0.4377	58.1013	1803.7451
270000	0.1815	0.3664	0.4060	0.4379	58.1518	1802.6385
270500	0.1821	0.3671	0.4069	0.4379	58.2044	1801.5374
271000	0.1823	0.3668	0.4066	0.4387	58.2570	1800.4407
271500	0.1813	0.3663	0.4061	0.4377	58.3154	1799.3438
272000	0.1819	0.3666	0.4065	0.4394	58.3626	1798.2557
272500	0.1813	0.3666	0.4067	0.4394	58.4209	1797.1665
273000	0.1812	0.3666	0.4066	0.4392	58.4744	1796.0851
273500	0.1811	0.3670	0.4071	0.4407	58.5256	1795.0031
274000	0.1812	0.3672	0.4076	0.4406	58.5849	1793.9277
274500	0.1821	0.3673	0.4077	0.4417	58.6293	1792.8544
275000	0.1817	0.3675	0.4079	0.4418	58.6790	1791.7861
275500	0.1804	0.3666	0.4071	0.4409	58.7372	1790.7173
276000	0.1810	0.3670	0.4076	0.4417	58.7853	1789.6549
276500	0.1812	0.3671	0.4077	0.4421	58.8391	1788.5984
277000	0.1811	0.3676	0.4084	0.4426	58.8935	1787.5435
277500	0.1813	0.3672	0.4079	0.4420	58.9502	1786.4887
278000	0.1821	0.3679	0.4088	0.4433	58.9986	1785.4466
278500	0.1800	0.3670	0.4080	0.4423	59.0404	1784.4004
279000	0.1799	0.3672	0.4083	0.4427	59.0893	1783.3580
279500	0.1807	0.3679	0.4090	0.4436	59.1383	1782.3208
280000	0.1822	0.3683	0.4095	0.4453	59.1877	1781.2832
280500	0.1813	0.3681	0.4094	0.4454	59.2436	1780.2534
281000	0.1803	0.3676	0.4088	0.4441	59.2874	1779.2267
281500	0.1808	0.3678	0.4091	0.4447	59.3376	1778.1997
282000	0.1810	0.3679	0.4094	0.4453	59.3876	1777.1816
282500	0.1818	0.3684	0.4099	0.4466	59.4326	1776.1666
283000	0.1811	0.3679	0.4095	0.4463	59.4843	1775.1497
283500	0.1808	0.3682	0.4099	0.4470	59.5355	1774.1421
284000	0.1800	0.3684	0.4102	0.4465	59.5933	1773.1368
284500	0.1807	0.3688	0.4107	0.4469	59.6466	1772.1250
285000	0.1799	0.3679	0.4098	0.4467	59.6958	1771.1227
285500	0.1807	0.3683	0.4103	0.4479	59.7464	1770.1223
286000	0.1807	0.3686	0.4107	0.4477	59.7976	1769.1279
286500	0.1807	0.3682	0.4104	0.4479	59.8533	1768.1329
287000	0.1800	0.3680	0.4101	0.4480	59.8979	1767.1433
287500	0.1802	0.3687	0.4110	0.4490	59.9434	1766.1587
288000	0.1802	0.3687	0.4111	0.4500	59.9827	1765.1771
288500	0.1805	0.3687	0.4111	0.4500	60.0265	1764.1972
289000	0.1811	0.3692	0.4117	0.4507	60.0802	1763.2158
289500	0.1806	0.3685	0.4110	0.4499	60.1205	1762.2432
290000	0.1805	0.3691	0.4117	0.4502	60.1700	1761.2705
290500	0.1811	0.3690	0.4116	0.4512	60.2253	1760.3033
291000	0.1795	0.3689	0.4116	0.4501	60.2740	1759.3403
291500	0.1801	0.3691	0.4118	0.4512	60.3200	1758.3821
292000	0.1794	0.3688	0.4116	0.4507	60.3639	1757.4287
292500	0.1794	0.3687	0.4115	0.4511	60.4137	1756.4756
293000	0.1790	0.3685	0.4114	0.4515	60.4538	1755.5224
293500	0.1798	0.3689	0.4119	0.4517	60.5031	1754.5722
294000	0.1802	0.3693	0.4124	0.4527	60.5426	1753.6250
294500	0.1799	0.3689	0.4121	0.4525	60.5804	1752.6790
295000	0.1787	0.3678	0.4109	0.4511	60.6288	1751.7398
295500	0.1804	0.3694	0.4127	0.4533	60.6618	1750.8016
296000	0.1792	0.3684	0.4115	0.4530	60.7036	1749.8681
296500	0.1797	0.3691	0.4123	0.4532	60.7503	1748.9338
297000	0.1806	0.3692	0.4126	0.4550	60.7969	1748.0042
297500	0.1799	0.3696	0.4130	0.4543	60.8325	1747.0781
298000	0.1797	0.3686	0.4119	0.4540	60.8801	1746.1546
298500	0.1794	0.3693	0.4127	0.4542	60.9228	1745.2318
299000	0.1798	0.3697	0.4133	0.4547	60.9657	1744.3139
299500	0.1804	0.3698	0.4133	0.4554	61.0051	1743.4027
300000	0.1788	0.3692	0.4127	0.4543	61.0487	1742.4871
300500	0.1796	0.3696	0.4133	0.4557	61.0810	1741.5792
301000	0.1791	0.3693	0.4130	0.4556	61.1143	1740.6723
301500	0.1795	0.3698	0.4136	0.4567	61.1531	1739.7702
302000	0.1784	0.3699	0.4137	0.4561	61.1879	1738.8677
302500	0.1794	0.3698	0.4136	0.4562	61.2185	1737.9704
303000	0.1796	0.3703	0.4142	0.4567	61.2593	1737.0713
303500	0.1789	0.3693	0.4131	0.4558	61.2963	1736.1819
304000	0.1792	0.3704	0.4144	0.4578	61.3249	1735.2934
304500	0.1799	0.3707	0.4148	0.4583	61.3681	1734.4062
305000	0.1794	0.3706	0.4148	0.4583	61.4084	1733.5149
305500	0.1792	0.3700	0.4141	0.4580	61.4314	1732.6377
306000	0.1789	0.3707	0.4149	0.4579	61.4659	1731.7548
306500	0.1798	0.3708	0.4150	0.4583	61.4978	1730.8813
307000	0.1793	0.3707	0.4149	0.4587	61.5320	1730.0040
307500	0.1801	0.3712	0.4156	0.4585	61.5586	1729.1351
308000	0.1796	0.3709	0.4153	0.4584	61.5931	1728.2658
308500	0.1791	0.3708	0.4152	0.4595	61.6292	1727.3976
309000	0.1789	0.3708	0.4152	0.4593	61.6502	1726.5332
309500	0.1803	0.3720	0.4166	0.4608	61.6846	1725.6730
310000	0.1797	0.3715	0.4161	0.4605	61.7169	1724.8175
310500	0.1787	0.3711	0.4158	0.4600	61.7506	1723.9609
311000	0.1787	0.3710	0.4156	0.4601	61.7815	1723.1028
311500	0.1793	0.3712	0.4159	0.4605	61.8109	1722.2541
312000	0.1784	0.3710	0.4158	0.4606	61.8400	1721.4037
312500	0.1776	0.3704	0.4152	0.4600	61.8688	1720.5582
313000	0.1785	0.3717	0.4166	0.4610	61.8957	1719.7136
313500	0.1793	0.3711	0.4158	0.4611	61.9244	1718.8723
314000	0.1786	0.3715	0.4165	0.4621	61.9589	1718.0274
314500	0.1788	0.3715	0.4165	0.4621	61.9818	1717.1987
315000	0.1799	0.3721	0.4172	0.4628	62.0127	1716.3631
315500	0.1798	0.3726	0.4178	0.4637	62.0435	1715.5336
316000	0.1802	0.3721	0.4172	0.4641	62.0799	1714.7006
316500	0.1785	0.3721	0.4173	0.4642	62.1038	1713.8746
317000	0.1791	0.3721	0.4174	0.4647	62.1238	1713.0542
317500	0.1785	0.3718	0.4170	0.4639	62.1525	1712.2311
318000	0.1781	0.3718	0.4171	0.4638	62.1772	1711.4114
318500	0.1780	0.3719	0.4173	0.4642	62.2092	1710.5915
319000	0.1791	0.3723	0.4177	0.4652	62.2425	1709.7760
319500	0.1790	0.3726	0.4182	0.4653	62.2723	1708.9683
320000	0.1783	0.3723	0.4179	0.4652	62.3060	1708.1613
320500	0.1790	0.3729	0.4186	0.4664	62.3329	1707.3567
321000	0.1776	0.3722	0.4179	0.4652	62.3582	1706.5490
321500	0.1784	0.3722	0.4179	0.4654	62.3884	1705.7483
322000	0.1786	0.3722	0.4179	0.4660	62.4146	1704.9482
322500	0.1794	0.3730	0.4188	0.4674	62.4538	1704.1432
323000	0.1785	0.3727	0.4186	0.4667	62.4782	1703.3493
323500	0.1795	0.3737	0.4197	0.4682	62.5021	1702.5594
324000	0.1782	0.3727	0.4187	0.4675	62.5290	1701.7663
324500	0.1784	0.3727	0.4187	0.4676	62.5581	1700.9754
325000	0.1790	0.3731	0.4192	0.4690	62.5905	1700.1889
325500	0.1782	0.3728	0.4189	0.4679	62.6266	1699.4031
326000	0.1791	0.3732	0.4194	0.4686	62.6650	1698.6194
326500	0.1786	0.3734	0.4197	0.4694	62.6950	1697.8412
327000	0.1782	0.3730	0.4193	0.4688	62.7244	1697.0620
327500	0.1788	0.3735	0.4200	0.4701	62.7585	1696.2823
328000	0.1792	0.3741	0.4205	0.4707	62.7912	1695.5082
328500	0.1783	0.3735	0.4201	0.4705	62.8248	1694.7380
329000	0.1785	0.3734	0.4200	0.4702	62.8571	1693.9660
329500	0.1776	0.3731	0.4196	0.4689	62.8877	1693.1955
330000	0.1792	0.3739	0.4206	0.4712	62.9286	1692.4245
330500	0.1783	0.3738	0.4205	0.4708	62.9605	1691.6616
331000	0.1782	0.3736	0.4204	0.4711	62.9917	1690.9016
331500	0.1784	0.3740	0.4209	0.4713	63.0301	1690.1424
332000	0.1777	0.3737	0.4206	0.4714	63.0648	1689.3881
332500	0.1793	0.3747	0.4218	0.4728	63.0973	1688.6360
333000	0.1786	0.3743	0.4214	0.4726	63.1374	1687.8840
333500	0.1780	0.3747	0.4219	0.4727	63.1813	1687.1283
334000	0.1777	0.3743	0.4215	0.4721	63.2164	1686.3788
334500	0.1785	0.3745	0.4218	0.4732	63.2454	1685.6355
335000	0.1783	0.3749	0.4224	0.4736	63.2813	1684.8929
335500	0.1784	0.3745	0.4219	0.4735	63.3163	1684.1440
336000	0.1778	0.3736	0.4211	0.4732	63.3596	1683.4038
336500	0.1779	0.3745	0.4220	0.4740	63.3974	1682.6601
337000	0.1770	0.3741	0.4216	0.4721	63.4363	1681.9246
337500	0.1775	0.3744	0.4220	0.4733	63.4752	1681.1883
338000	0.1773	0.3746	0.4223	0.4735	63.5087	1680.4589
338500	0.1773	0.3742	0.4220	0.4743	63.5534	1679.7226
339000	0.1771	0.3744	0.4223	0.4742	63.5998	1678.9971
339500	0.1766	0.3739	0.4218	0.4736	63.6326	1678.2734
340000	0.1777	0.3751	0.4231	0.4752	63.6805	1677.5474
340500	0.1768	0.3747	0.4228	0.4746	63.7137	1676.8261
341000	0.1772	0.3745	0.4226	0.4748	63.7566	1676.1007
341500	0.1764	0.3742	0.4224	0.4741	63.7942	1675.3845
342000	0.1765	0.3741	0.4224	0.4752	63.8370	1674.6682
342500	0.1763	0.3746	0.4230	0.4750	63.8820	1673.9536
343000	0.1762	0.3745	0.4229	0.4751	63.9196	1673.2402
343500	0.1771	0.3755	0.4242	0.4761	63.9613	1672.5279
344000	0.1772	0.3753	0.4239	0.4759	64.0002	1671.8227
344500	0.1776	0.3759	0.4246	0.4771	64.0489	1671.1127
345000	0.1764	0.3751	0.4238	0.4757	64.0900	1670.4090
345500	0.1770	0.3751	0.4238	0.4763	64.1440	1669.7026
346000	0.1763	0.3744	0.4232	0.4755	64.1911	1668.9965
346500	0.1764	0.3752	0.4242	0.4763	64.2335	1668.2965
347000	0.1760	0.3747	0.4236	0.4766	64.2844	1667.5979
347500	0.1762	0.3752	0.4243	0.4766	64.3383	1666.8936
348000	0.1759	0.3755	0.4246	0.4767	64.3765	1666.2057
348500	0.1762	0.3748	0.4238	0.4767	64.4206	1665.5105
349000	0.1756	0.3745	0.4237	0.4764	64.4703	1664.8183
349500	0.1765	0.3759	0.4252	0.4779	64.5075	1664.1316
350000	0.1757	0.3750	0.4243	0.4774	64.5449	1663.4400
350500	0.1756	0.3755	0.4249	0.4765	64.5855	1662.7566
351000	0.1754	0.3752	0.4247	0.4773	64.6330	1662.0691
351500	0.1748	0.3751	0.4245	0.4766	64.6789	1661.3864
352000	0.1747	0.3749	0.4243	0.4763	64.7197	1660.7082
352500	0.1744	0.3746	0.4242	0.4763	64.7717	1660.0296
353000	0.1746	0.3747	0.4242	0.4763	64.8145	1659.3571
353500	0.1747	0.3749	0.4245	0.4764	64.8680	1658.6780
354000	0.1749	0.3747	0.4244	0.4762	64.9114	1658.0068
354500	0.1742	0.3753	0.4251	0.4764	64.9536	1657.3348
355000	0.1752	0.3749	0.4247	0.4777	64.9986	1656.6653
355500	0.1740	0.3743	0.4241	0.4761	65.0465	1655.9995
356000	0.1748	0.3751	0.4250	0.4776	65.0900	1655.3323
356500	0.1738	0.3744	0.4243	0.4765	65.1337	1654.6705
357000	0.1745	0.3750	0.4251	0.4764	65.1799	1654.0067
357500	0.1745	0.3749	0.4250	0.4772	65.2228	1653.3436
358000	0.1736	0.3743	0.4244	0.4762	65.2635	1652.6853
358500	0.1736	0.3745	0.4246	0.4765	65.3103	1652.0222
359000	0.1741	0.3748	0.4251	0.4768	65.3528	1651.3683
359500	0.1742	0.3755	0.4259	0.4772	65.3892	1650.7153
360000	0.1735	0.3747	0.4250	0.4765	65.4336	1650.0608
360500	0.1727	0.3741	0.4245	0.4756	65.4761	1649.4108
361000	0.1724	0.3737	0.4240	0.4754	65.5204	1648.7593
361500	0.1737	0.3748	0.4253	0.4774	65.5642	1648.1115
362000	0.1741	0.3752	0.4258	0.4779	65.6078	1647.4679
362500	0.1742	0.3757	0.4264	0.4783	65.6526	1646.8233
363000	0.1734	0.3742	0.4247	0.4772	65.6989	1646.1816
363500	0.1739	0.3750	0.4258	0.4777	65.7395	1645.5413
364000	0.1733	0.3742	0.4248	0.4762	65.7856	1644.8999
364500	0.1740	0.3747	0.4255	0.4774	65.8287	1644.2601
365000	0.1730	0.3739	0.4247	0.4769	65.8807	1643.6219
365500	0.1728	0.3744	0.4254	0.4772	65.9164	1642.9850
366000	0.1729	0.3743	0.4252	0.4770	65.9559	1642.3490
366500	0.1728	0.3743	0.4253	0.4773	66.0071	1641.7162
367000	0.1729	0.3744	0.4255	0.4774	66.0443	1641.0886
367500	0.1727	0.3746	0.4257	0.4772	66.0897	1640.4571
368000	0.1725	0.3745	0.4256	0.4775	66.1278	1639.8320
368500	0.1722	0.3746	0.4259	0.4772	66.1656	1639.2061
369000	0.1726	0.3747	0.4260	0.4776	66.2120	1638.5804
369500	0.1735	0.3750	0.4264	0.4784	66.2518	1637.9601
370000	0.1726	0.3750	0.4264	0.4784	66.3079	1637.3415
370500	0.1729	0.3751	0.4267	0.4789	66.3453	1636.7205
371000	0.1729	0.3754	0.4269	0.4790	66.3886	1636.1021
371500	0.1716	0.3737	0.4251	0.4777	66.4256	1635.4867
372000	0.1715	0.3742	0.4257	0.4777	66.4690	1634.8722
372500	0.1719	0.3748	0.4264	0.4785	66.5073	1634.2547
373000	0.1716	0.3744	0.4260	0.4775	66.5470	1633.6436
373500	0.1719	0.3742	0.4258	0.4780	66.5952	1633.0366
374000	0.1716	0.3745	0.4262	0.4782	66.6376	1632.4252
