VARIENCE: 30
500	0.0000	0.0000	0.0000	0.0385	10.0277	8830.0108
1000	0.0000	0.0000	0.0000	0.0385	10.0854	8553.8059
1500	0.0000	0.0000	0.0000	0.0385	10.1700	8320.7194
2000	0.0000	0.0000	0.0000	0.0385	10.2795	8112.9181
2500	0.0000	0.0000	0.0000	0.0385	10.4119	7918.1008
3000	0.0000	0.0000	0.0000	0.0385	10.5653	7744.2802
3500	0.0000	0.0000	0.0000	0.0385	10.7383	7583.8210
4000	0.0000	0.0000	0.0000	0.0385	10.9273	7435.7411
4500	0.0000	0.0000	0.0000	0.0385	11.1330	7299.8350
5000	0.0000	0.0000	0.0000	0.0385	11.3534	7175.8267
5500	0.0000	0.0000	0.0000	0.0385	11.5838	7061.5544
6000	0.0000	0.0000	0.0000	0.0385	11.8242	6956.5356
6500	0.0000	0.0000	0.0000	0.0385	12.0698	6860.7577
7000	0.0000	0.0000	0.0000	0.0385	12.3172	6772.2785
7500	0.0000	0.0000	0.0000	0.0385	12.5620	6690.9636
8000	0.0000	0.0000	0.0000	0.0385	12.7970	6615.8207
8500	0.0000	0.0000	0.0000	0.0385	13.0281	6546.7983
9000	0.0000	0.0001	0.0003	0.0386	13.2428	6482.4695
9500	0.0000	0.0006	0.0014	0.0392	13.4398	6423.4122
10000	0.0000	0.0031	0.0063	0.0408	13.6293	6368.2396
10500	0.0003	0.0084	0.0165	0.0457	13.8156	6316.8577
11000	0.0010	0.0161	0.0309	0.0517	13.9888	6267.9292
11500	0.0029	0.0271	0.0505	0.0577	14.1848	6222.1624
12000	0.0059	0.0389	0.0704	0.0666	14.4012	6178.2146
12500	0.0091	0.0484	0.0852	0.0727	14.6159	6136.5468
13000	0.0125	0.0560	0.0961	0.0765	14.8401	6096.5733
13500	0.0152	0.0620	0.1040	0.0808	15.0744	6058.2800
14000	0.0173	0.0683	0.1121	0.0862	15.3376	6020.8627
14500	0.0225	0.0775	0.1239	0.0940	15.6207	5984.9381
15000	0.0271	0.0847	0.1327	0.1002	15.9352	5949.9991
15500	0.0318	0.0903	0.1391	0.1048	16.2478	5916.0329
16000	0.0357	0.0936	0.1422	0.1076	16.5417	5882.7348
16500	0.0377	0.0961	0.1447	0.1096	16.8204	5850.3744
17000	0.0395	0.0987	0.1472	0.1113	17.0795	5818.6690
17500	0.0406	0.1001	0.1483	0.1130	17.3201	5787.5505
18000	0.0418	0.1013	0.1491	0.1134	17.5420	5756.8036
18500	0.0440	0.1065	0.1554	0.1169	17.7489	5726.9875
19000	0.0469	0.1108	0.1600	0.1187	17.9569	5697.8252
19500	0.0500	0.1156	0.1654	0.1203	18.1421	5668.9231
20000	0.0522	0.1177	0.1675	0.1199	18.3016	5640.4133
20500	0.0556	0.1225	0.1733	0.1219	18.4323	5612.3503
21000	0.0586	0.1256	0.1770	0.1221	18.5446	5584.7783
21500	0.0599	0.1275	0.1794	0.1223	18.6457	5557.6225
22000	0.0623	0.1306	0.1834	0.1224	18.7078	5530.6745
22500	0.0641	0.1327	0.1861	0.1225	18.7498	5504.0319
23000	0.0652	0.1345	0.1886	0.1230	18.7781	5477.6521
23500	0.0664	0.1360	0.1905	0.1244	18.7940	5451.7810
24000	0.0671	0.1370	0.1917	0.1257	18.7917	5426.3673
24500	0.0681	0.1385	0.1938	0.1272	18.7614	5401.0816
25000	0.0685	0.1396	0.1950	0.1275	18.7238	5375.9898
25500	0.0693	0.1410	0.1967	0.1292	18.6733	5351.3670
26000	0.0697	0.1415	0.1973	0.1293	18.6122	5326.9569
26500	0.0694	0.1412	0.1968	0.1296	18.5520	5302.5983
27000	0.0703	0.1429	0.1988	0.1311	18.4938	5278.7262
27500	0.0707	0.1438	0.1999	0.1323	18.4334	5255.1679
28000	0.0706	0.1437	0.1993	0.1320	18.3751	5231.6747
28500	0.0711	0.1450	0.2004	0.1327	18.3278	5208.5657
29000	0.0719	0.1462	0.2014	0.1337	18.2782	5185.6126
29500	0.0716	0.1459	0.2001	0.1339	18.2544	5162.9621
30000	0.0725	0.1477	0.2013	0.1351	18.2521	5140.4851
30500	0.0739	0.1506	0.2036	0.1371	18.2852	5118.2004
31000	0.0750	0.1538	0.2061	0.1398	18.3446	5096.2779
31500	0.0776	0.1593	0.2114	0.1449	18.4504	5074.5569
32000	0.0793	0.1630	0.2147	0.1500	18.5807	5052.8793
32500	0.0821	0.1672	0.2184	0.1559	18.7394	5031.5619
33000	0.0834	0.1693	0.2201	0.1598	18.9006	5010.4072
33500	0.0853	0.1724	0.2231	0.1628	19.0562	4989.4234
34000	0.0859	0.1737	0.2239	0.1641	19.2245	4968.6046
34500	0.0875	0.1760	0.2261	0.1665	19.3783	4948.0661
35000	0.0890	0.1787	0.2288	0.1694	19.5172	4927.6824
35500	0.0900	0.1808	0.2303	0.1721	19.6562	4907.5612
36000	0.0914	0.1839	0.2331	0.1751	19.7796	4887.5636
36500	0.0933	0.1878	0.2365	0.1789	19.9097	4867.7343
37000	0.0958	0.1923	0.2404	0.1832	20.0515	4848.2296
37500	0.0976	0.1954	0.2431	0.1864	20.2066	4828.6828
38000	0.0992	0.1975	0.2440	0.1899	20.3726	4809.4009
38500	0.1002	0.1989	0.2448	0.1921	20.5406	4790.3342
39000	0.1020	0.2014	0.2471	0.1938	20.7175	4771.3744
39500	0.1027	0.2017	0.2464	0.1952	20.8773	4752.7204
40000	0.1029	0.2025	0.2470	0.1954	21.0330	4734.2753
40500	0.1034	0.2036	0.2478	0.1968	21.1928	4715.9112
41000	0.1042	0.2050	0.2490	0.1978	21.3399	4697.6514
41500	0.1046	0.2065	0.2503	0.1990	21.4819	4679.6643
42000	0.1054	0.2073	0.2509	0.2002	21.6121	4661.8037
42500	0.1066	0.2098	0.2534	0.2028	21.7286	4644.0768
43000	0.1070	0.2103	0.2537	0.2038	21.8355	4626.5403
43500	0.1084	0.2128	0.2563	0.2065	21.9300	4609.1354
44000	0.1082	0.2124	0.2556	0.2075	22.0172	4591.9657
44500	0.1097	0.2145	0.2580	0.2079	22.0938	4574.8765
45000	0.1106	0.2157	0.2592	0.2099	22.1467	4557.9391
45500	0.1118	0.2180	0.2614	0.2109	22.1912	4541.1814
46000	0.1114	0.2180	0.2614	0.2104	22.2173	4524.5823
46500	0.1117	0.2184	0.2617	0.2113	22.2453	4508.1738
47000	0.1118	0.2185	0.2618	0.2096	22.2579	4491.8564
47500	0.1122	0.2189	0.2618	0.2109	22.2705	4475.6554
48000	0.1128	0.2204	0.2636	0.2116	22.2689	4459.6596
48500	0.1130	0.2206	0.2635	0.2117	22.2742	4443.7735
49000	0.1130	0.2206	0.2633	0.2115	22.2728	4427.9329
49500	0.1128	0.2209	0.2633	0.2119	22.2677	4412.2457
50000	0.1143	0.2222	0.2647	0.2135	22.2613	4396.9151
50500	0.1144	0.2229	0.2649	0.2134	22.2562	4381.5593
51000	0.1146	0.2237	0.2657	0.2136	22.2552	4366.3249
51500	0.1159	0.2252	0.2666	0.2150	22.2533	4351.2983
52000	0.1170	0.2269	0.2678	0.2158	22.2654	4336.3538
52500	0.1161	0.2261	0.2659	0.2159	22.2846	4321.5163
53000	0.1169	0.2273	0.2666	0.2176	22.3171	4306.8462
53500	0.1182	0.2296	0.2681	0.2187	22.3747	4292.2502
54000	0.1179	0.2299	0.2675	0.2186	22.4395	4277.7660
54500	0.1189	0.2312	0.2682	0.2205	22.5199	4263.4723
55000	0.1194	0.2324	0.2688	0.2209	22.6072	4249.2787
55500	0.1193	0.2325	0.2683	0.2206	22.6964	4235.1541
56000	0.1206	0.2349	0.2703	0.2236	22.8083	4221.1969
56500	0.1201	0.2348	0.2692	0.2233	22.9239	4207.3352
57000	0.1211	0.2371	0.2711	0.2251	23.0341	4193.6187
57500	0.1210	0.2375	0.2709	0.2246	23.1578	4180.0044
58000	0.1209	0.2378	0.2706	0.2254	23.2830	4166.4557
58500	0.1225	0.2405	0.2732	0.2281	23.3991	4153.0840
59000	0.1215	0.2397	0.2715	0.2272	23.5120	4139.7644
59500	0.1223	0.2416	0.2731	0.2285	23.6266	4126.6086
60000	0.1234	0.2430	0.2743	0.2291	23.7307	4113.5198
60500	0.1234	0.2438	0.2747	0.2291	23.8437	4100.5473
61000	0.1231	0.2445	0.2747	0.2290	23.9584	4087.6833
61500	0.1241	0.2463	0.2758	0.2311	24.0629	4074.9483
62000	0.1254	0.2479	0.2770	0.2331	24.1695	4062.2997
62500	0.1251	0.2479	0.2765	0.2339	24.2803	4049.7215
63000	0.1267	0.2505	0.2788	0.2353	24.3835	4037.2786
63500	0.1269	0.2513	0.2792	0.2360	24.4925	4024.9445
64000	0.1270	0.2522	0.2798	0.2367	24.6007	4012.6808
64500	0.1271	0.2538	0.2811	0.2381	24.7106	4000.5534
65000	0.1282	0.2555	0.2826	0.2394	24.8047	3988.5041
65500	0.1295	0.2574	0.2843	0.2416	24.9076	3976.5854
66000	0.1297	0.2580	0.2847	0.2419	24.9945	3964.7254
66500	0.1298	0.2599	0.2863	0.2432	25.0855	3952.9549
67000	0.1300	0.2601	0.2863	0.2440	25.1739	3941.2796
67500	0.1316	0.2631	0.2890	0.2464	25.2744	3929.6825
68000	0.1322	0.2644	0.2901	0.2473	25.3657	3918.2258
68500	0.1324	0.2654	0.2908	0.2480	25.4618	3906.7987
69000	0.1337	0.2693	0.2946	0.2513	25.5440	3895.4741
69500	0.1335	0.2692	0.2942	0.2512	25.6292	3884.2375
70000	0.1341	0.2712	0.2959	0.2530	25.7162	3873.0921
70500	0.1347	0.2721	0.2967	0.2538	25.7889	3862.0676
71000	0.1360	0.2741	0.2985	0.2563	25.8687	3851.0933
71500	0.1367	0.2752	0.2994	0.2556	25.9513	3840.2262
72000	0.1372	0.2762	0.3003	0.2564	26.0256	3829.4233
72500	0.1375	0.2769	0.3010	0.2570	26.0964	3818.7177
73000	0.1377	0.2783	0.3025	0.2581	26.1635	3808.1230
73500	0.1386	0.2788	0.3028	0.2586	26.2218	3797.5958
74000	0.1391	0.2796	0.3034	0.2598	26.2704	3787.1046
74500	0.1400	0.2817	0.3057	0.2604	26.3273	3776.7543
75000	0.1414	0.2831	0.3071	0.2612	26.3733	3766.4576
75500	0.1409	0.2834	0.3075	0.2615	26.4171	3756.2477
76000	0.1414	0.2842	0.3082	0.2612	26.4581	3746.0814
76500	0.1428	0.2853	0.3093	0.2635	26.4917	3736.0401
77000	0.1443	0.2867	0.3109	0.2650	26.5242	3726.0394
77500	0.1440	0.2876	0.3118	0.2659	26.5445	3716.1400
78000	0.1452	0.2885	0.3125	0.2660	26.5708	3706.3103
78500	0.1458	0.2893	0.3132	0.2682	26.5850	3696.5606
79000	0.1456	0.2890	0.3128	0.2680	26.5966	3686.8641
79500	0.1460	0.2889	0.3127	0.2663	26.6109	3677.2515
80000	0.1470	0.2906	0.3146	0.2673	26.6245	3667.7099
80500	0.1478	0.2921	0.3159	0.2689	26.6322	3658.2609
81000	0.1494	0.2931	0.3167	0.2704	26.6375	3648.8397
81500	0.1501	0.2939	0.3174	0.2718	26.6374	3639.5234
82000	0.1500	0.2941	0.3177	0.2702	26.6368	3630.2605
82500	0.1521	0.2961	0.3196	0.2726	26.6363	3621.0973
83000	0.1512	0.2953	0.3183	0.2714	26.6434	3611.9500
83500	0.1522	0.2972	0.3203	0.2726	26.6495	3602.9085
84000	0.1521	0.2970	0.3198	0.2734	26.6515	3593.9215
84500	0.1539	0.2985	0.3209	0.2749	26.6588	3584.9931
85000	0.1538	0.2985	0.3205	0.2737	26.6626	3576.1841
85500	0.1547	0.2998	0.3216	0.2750	26.6791	3567.3856
86000	0.1556	0.3002	0.3215	0.2762	26.7071	3558.6455
86500	0.1567	0.3011	0.3220	0.2763	26.7345	3550.0073
87000	0.1568	0.3014	0.3216	0.2775	26.7833	3541.3708
87500	0.1574	0.3027	0.3227	0.2779	26.8223	3532.8624
88000	0.1567	0.3023	0.3217	0.2773	26.8764	3524.3885
88500	0.1579	0.3036	0.3225	0.2778	26.9269	3515.9875
89000	0.1585	0.3047	0.3232	0.2796	26.9920	3507.6174
89500	0.1584	0.3044	0.3224	0.2803	27.0565	3499.3054
90000	0.1594	0.3056	0.3231	0.2809	27.1273	3491.1195
90500	0.1603	0.3068	0.3240	0.2822	27.2038	3482.9445
91000	0.1593	0.3057	0.3225	0.2828	27.2789	3474.8559
91500	0.1594	0.3062	0.3225	0.2832	27.3676	3466.8257
92000	0.1603	0.3080	0.3238	0.2831	27.4620	3458.8315
92500	0.1603	0.3085	0.3239	0.2853	27.5466	3450.8796
93000	0.1611	0.3097	0.3245	0.2869	27.6426	3442.9939
93500	0.1605	0.3098	0.3241	0.2874	27.7433	3435.1858
94000	0.1614	0.3109	0.3250	0.2895	27.8448	3427.4044
94500	0.1614	0.3115	0.3254	0.2893	27.9389	3419.6969
95000	0.1605	0.3121	0.3253	0.2894	28.0373	3412.0423
95500	0.1632	0.3146	0.3277	0.2938	28.1317	3404.4620
96000	0.1631	0.3152	0.3280	0.2936	28.2342	3396.9085
96500	0.1626	0.3159	0.3282	0.2946	28.3289	3389.4132
97000	0.1622	0.3147	0.3268	0.2946	28.4223	3381.9699
97500	0.1635	0.3169	0.3287	0.2966	28.5234	3374.5803
98000	0.1619	0.3170	0.3284	0.2961	28.6253	3367.2165
98500	0.1634	0.3182	0.3294	0.2975	28.7176	3359.9574
99000	0.1628	0.3187	0.3297	0.2985	28.8188	3352.7100
99500	0.1636	0.3198	0.3305	0.3000	28.9177	3345.5296
100000	0.1635	0.3210	0.3315	0.2996	29.0088	3338.3891
100500	0.1642	0.3214	0.3318	0.3016	29.0978	3331.2827
101000	0.1638	0.3217	0.3320	0.3012	29.1861	3324.2484
101500	0.1635	0.3220	0.3320	0.3014	29.2664	3317.2783
102000	0.1642	0.3221	0.3321	0.3023	29.3456	3310.3164
102500	0.1646	0.3228	0.3327	0.3028	29.4157	3303.4210
103000	0.1628	0.3222	0.3318	0.3018	29.4913	3296.5636
103500	0.1637	0.3228	0.3325	0.3027	29.5565	3289.7608
104000	0.1628	0.3227	0.3324	0.3030	29.6163	3282.9920
104500	0.1634	0.3248	0.3343	0.3031	29.6816	3276.2691
105000	0.1641	0.3239	0.3333	0.3038	29.7384	3269.6382
105500	0.1655	0.3258	0.3350	0.3059	29.7945	3263.0399
106000	0.1641	0.3255	0.3348	0.3048	29.8435	3256.4474
106500	0.1649	0.3262	0.3353	0.3070	29.8888	3249.9063
107000	0.1635	0.3254	0.3345	0.3055	29.9330	3243.4281
107500	0.1648	0.3264	0.3354	0.3060	29.9737	3236.9848
108000	0.1628	0.3262	0.3351	0.3056	30.0082	3230.5781
108500	0.1640	0.3262	0.3348	0.3065	30.0331	3224.2247
109000	0.1633	0.3261	0.3348	0.3071	30.0664	3217.9147
109500	0.1636	0.3263	0.3347	0.3076	30.1002	3211.6457
110000	0.1648	0.3272	0.3355	0.3086	30.1345	3205.4003
110500	0.1652	0.3282	0.3362	0.3081	30.1586	3199.2076
111000	0.1642	0.3279	0.3359	0.3074	30.1808	3193.0583
111500	0.1658	0.3298	0.3379	0.3102	30.2075	3186.9502
112000	0.1638	0.3286	0.3364	0.3082	30.2285	3180.8931
112500	0.1637	0.3283	0.3360	0.3099	30.2518	3174.8474
113000	0.1642	0.3286	0.3362	0.3096	30.2812	3168.8634
113500	0.1641	0.3297	0.3371	0.3111	30.3042	3162.9131
114000	0.1640	0.3294	0.3368	0.3102	30.3391	3157.0024
114500	0.1632	0.3299	0.3373	0.3105	30.3648	3151.1175
115000	0.1626	0.3290	0.3360	0.3101	30.3880	3145.2830
115500	0.1642	0.3315	0.3386	0.3122	30.4136	3139.4941
116000	0.1636	0.3312	0.3381	0.3115	30.4382	3133.7229
116500	0.1636	0.3312	0.3379	0.3115	30.4730	3128.0043
117000	0.1633	0.3310	0.3376	0.3123	30.5018	3122.3170
117500	0.1638	0.3322	0.3387	0.3124	30.5300	3116.6850
118000	0.1629	0.3319	0.3382	0.3118	30.5571	3111.0619
118500	0.1634	0.3340	0.3402	0.3142	30.5935	3105.4654
119000	0.1625	0.3320	0.3381	0.3144	30.6298	3099.9189
119500	0.1643	0.3345	0.3405	0.3152	30.6637	3094.4117
120000	0.1628	0.3327	0.3383	0.3147	30.6911	3088.9545
120500	0.1635	0.3339	0.3395	0.3170	30.7198	3083.4966
121000	0.1654	0.3352	0.3407	0.3179	30.7523	3078.0987
121500	0.1633	0.3344	0.3395	0.3169	30.7872	3072.7072
122000	0.1634	0.3342	0.3392	0.3177	30.8218	3067.3895
122500	0.1635	0.3344	0.3393	0.3177	30.8598	3062.0898
123000	0.1643	0.3363	0.3410	0.3191	30.8981	3056.8279
123500	0.1628	0.3349	0.3393	0.3186	30.9363	3051.5954
124000	0.1640	0.3363	0.3406	0.3207	30.9732	3046.3683
124500	0.1636	0.3362	0.3403	0.3199	31.0182	3041.2142
125000	0.1638	0.3367	0.3406	0.3203	31.0654	3036.0728
125500	0.1645	0.3373	0.3411	0.3214	31.1030	3030.9799
126000	0.1638	0.3378	0.3415	0.3223	31.1457	3025.8814
126500	0.1645	0.3392	0.3426	0.3232	31.1840	3020.8469
127000	0.1653	0.3396	0.3429	0.3244	31.2241	3015.8380
127500	0.1644	0.3388	0.3419	0.3240	31.2700	3010.8607
128000	0.1662	0.3404	0.3433	0.3258	31.3163	3005.9092
128500	0.1660	0.3402	0.3430	0.3263	31.3618	3000.9796
129000	0.1646	0.3396	0.3420	0.3253	31.4085	2996.0738
129500	0.1654	0.3410	0.3431	0.3266	31.4569	2991.1945
130000	0.1666	0.3427	0.3446	0.3291	31.5059	2986.4000
130500	0.1664	0.3425	0.3441	0.3297	31.5576	2981.5774
131000	0.1670	0.3434	0.3447	0.3311	31.6025	2976.8144
131500	0.1682	0.3452	0.3466	0.3325	31.6570	2972.0627
132000	0.1670	0.3454	0.3462	0.3330	31.7139	2967.3390
132500	0.1670	0.3455	0.3461	0.3337	31.7683	2962.6518
133000	0.1680	0.3461	0.3470	0.3355	31.8339	2957.9855
133500	0.1687	0.3469	0.3480	0.3364	31.8953	2953.3491
134000	0.1686	0.3465	0.3479	0.3376	31.9687	2948.7271
134500	0.1693	0.3481	0.3497	0.3396	32.0490	2944.1535
135000	0.1691	0.3477	0.3499	0.3400	32.1261	2939.5972
135500	0.1698	0.3484	0.3506	0.3412	32.1977	2935.0660
136000	0.1705	0.3485	0.3511	0.3417	32.2744	2930.5757
136500	0.1707	0.3484	0.3513	0.3427	32.3518	2926.0903
137000	0.1718	0.3489	0.3523	0.3451	32.4346	2921.6425
137500	0.1706	0.3489	0.3523	0.3455	32.5241	2917.2242
138000	0.1714	0.3499	0.3536	0.3461	32.6175	2912.8213
138500	0.1714	0.3488	0.3529	0.3461	32.7027	2908.4468
139000	0.1716	0.3499	0.3541	0.3470	32.7920	2904.0936
139500	0.1711	0.3496	0.3541	0.3472	32.8790	2899.7747
140000	0.1723	0.3500	0.3546	0.3483	32.9591	2895.4829
140500	0.1727	0.3512	0.3559	0.3500	33.0415	2891.2182
141000	0.1719	0.3508	0.3558	0.3493	33.1267	2886.9618
141500	0.1720	0.3513	0.3563	0.3504	33.2053	2882.7191
142000	0.1724	0.3520	0.3573	0.3510	33.2753	2878.5239
142500	0.1736	0.3526	0.3579	0.3515	33.3584	2874.3461
143000	0.1735	0.3522	0.3578	0.3521	33.4333	2870.1943
143500	0.1734	0.3525	0.3581	0.3529	33.4997	2866.0671
144000	0.1732	0.3529	0.3586	0.3538	33.5671	2861.9687
144500	0.1731	0.3523	0.3582	0.3533	33.6284	2857.8673
145000	0.1728	0.3519	0.3579	0.3542	33.6854	2853.8174
145500	0.1748	0.3533	0.3595	0.3553	33.7443	2849.7742
146000	0.1730	0.3529	0.3591	0.3540	33.7934	2845.7574
146500	0.1736	0.3523	0.3588	0.3548	33.8449	2841.7589
147000	0.1729	0.3526	0.3591	0.3552	33.8996	2837.7850
147500	0.1742	0.3539	0.3605	0.3551	33.9419	2833.8397
148000	0.1751	0.3552	0.3620	0.3571	33.9953	2829.9169
148500	0.1742	0.3531	0.3599	0.3555	34.0432	2826.0071
149000	0.1735	0.3540	0.3609	0.3561	34.0872	2822.1221
149500	0.1746	0.3547	0.3616	0.3572	34.1417	2818.2507
150000	0.1739	0.3536	0.3607	0.3568	34.1877	2814.4207
150500	0.1730	0.3537	0.3610	0.3564	34.2358	2810.5856
151000	0.1744	0.3536	0.3610	0.3572	34.2837	2806.7877
151500	0.1730	0.3540	0.3612	0.3578	34.3243	2803.0017
152000	0.1736	0.3536	0.3611	0.3574	34.3757	2799.2444
152500	0.1748	0.3542	0.3618	0.3593	34.4101	2795.5034
153000	0.1742	0.3541	0.3617	0.3583	34.4578	2791.7884
153500	0.1736	0.3530	0.3608	0.3579	34.5033	2788.0934
154000	0.1726	0.3536	0.3614	0.3580	34.5473	2784.4164
154500	0.1737	0.3542	0.3620	0.3589	34.5813	2780.7536
155000	0.1748	0.3559	0.3638	0.3602	34.6171	2777.1140
155500	0.1749	0.3551	0.3633	0.3602	34.6506	2773.5112
156000	0.1738	0.3550	0.3631	0.3594	34.6853	2769.8982
156500	0.1745	0.3553	0.3636	0.3607	34.7172	2766.3144
157000	0.1728	0.3535	0.3619	0.3598	34.7521	2762.7514
157500	0.1740	0.3545	0.3630	0.3605	34.7893	2759.2145
158000	0.1747	0.3548	0.3633	0.3611	34.8129	2755.6883
158500	0.1739	0.3541	0.3628	0.3612	34.8419	2752.1732
159000	0.1731	0.3542	0.3628	0.3606	34.8762	2748.6770
159500	0.1747	0.3551	0.3637	0.3621	34.9110	2745.2127
160000	0.1751	0.3556	0.3645	0.3630	34.9404	2741.7712
160500	0.1740	0.3546	0.3636	0.3611	34.9715	2738.3247
161000	0.1745	0.3549	0.3639	0.3615	35.0009	2734.9105
161500	0.1744	0.3550	0.3642	0.3621	35.0304	2731.5012
162000	0.1761	0.3561	0.3652	0.3634	35.0638	2728.1278
162500	0.1764	0.3565	0.3657	0.3638	35.0960	2724.7647
163000	0.1770	0.3564	0.3657	0.3646	35.1279	2721.4247
163500	0.1762	0.3564	0.3658	0.3647	35.1492	2718.0948
164000	0.1759	0.3561	0.3655	0.3642	35.1701	2714.7784
164500	0.1761	0.3561	0.3656	0.3641	35.1982	2711.4910
165000	0.1768	0.3565	0.3658	0.3641	35.2221	2708.2161
165500	0.1768	0.3565	0.3661	0.3645	35.2417	2704.9511
166000	0.1749	0.3556	0.3651	0.3642	35.2749	2701.7101
166500	0.1758	0.3556	0.3653	0.3652	35.3076	2698.4890
167000	0.1759	0.3569	0.3666	0.3651	35.3300	2695.2686
167500	0.1760	0.3558	0.3656	0.3647	35.3496	2692.0771
168000	0.1761	0.3553	0.3653	0.3653	35.3765	2688.8882
168500	0.1768	0.3571	0.3671	0.3667	35.4007	2685.7295
169000	0.1775	0.3574	0.3675	0.3673	35.4196	2682.5776
169500	0.1770	0.3565	0.3667	0.3670	35.4454	2679.4389
170000	0.1774	0.3569	0.3671	0.3665	35.4637	2676.3289
170500	0.1775	0.3555	0.3660	0.3674	35.4963	2673.2230
171000	0.1782	0.3563	0.3670	0.3683	35.5160	2670.1358
171500	0.1774	0.3557	0.3666	0.3674	35.5444	2667.0530
172000	0.1781	0.3556	0.3666	0.3676	35.5654	2664.0013
172500	0.1770	0.3546	0.3658	0.3674	35.5910	2660.9725
173000	0.1779	0.3561	0.3675	0.3686	35.6230	2657.9403
173500	0.1795	0.3560	0.3676	0.3699	35.6583	2654.9323
174000	0.1786	0.3552	0.3671	0.3693	35.6921	2651.9563
174500	0.1806	0.3566	0.3685	0.3712	35.7379	2648.9668
175000	0.1801	0.3549	0.3676	0.3711	35.7920	2645.9853
175500	0.1799	0.3560	0.3684	0.3718	35.8429	2643.0321
176000	0.1798	0.3544	0.3672	0.3719	35.8915	2640.1013
176500	0.1812	0.3549	0.3681	0.3730	35.9498	2637.1824
177000	0.1807	0.3554	0.3687	0.3732	36.0058	2634.2640
177500	0.1801	0.3552	0.3688	0.3725	36.0737	2631.3682
178000	0.1808	0.3550	0.3688	0.3742	36.1369	2628.4772
178500	0.1803	0.3538	0.3677	0.3734	36.2023	2625.6115
179000	0.1805	0.3537	0.3678	0.3737	36.2655	2622.7583
179500	0.1817	0.3545	0.3688	0.3751	36.3338	2619.9084
180000	0.1810	0.3541	0.3685	0.3753	36.3914	2617.0883
180500	0.1814	0.3540	0.3685	0.3758	36.4578	2614.2772
181000	0.1815	0.3538	0.3684	0.3755	36.5251	2611.4610
181500	0.1822	0.3548	0.3696	0.3763	36.5926	2608.6770
182000	0.1804	0.3534	0.3681	0.3757	36.6576	2605.9045
182500	0.1820	0.3551	0.3700	0.3771	36.7213	2603.1404
183000	0.1826	0.3551	0.3701	0.3776	36.7851	2600.3914
183500	0.1831	0.3541	0.3694	0.3778	36.8531	2597.6496
184000	0.1826	0.3539	0.3692	0.3786	36.9120	2594.9172
184500	0.1834	0.3552	0.3707	0.3802	36.9573	2592.2128
185000	0.1820	0.3541	0.3696	0.3787	37.0180	2589.5129
185500	0.1834	0.3551	0.3707	0.3801	37.0689	2586.8227
186000	0.1839	0.3549	0.3707	0.3806	37.1128	2584.1572
186500	0.1851	0.3560	0.3718	0.3822	37.1608	2581.4868
187000	0.1840	0.3554	0.3712	0.3819	37.2122	2578.8403
187500	0.1844	0.3551	0.3710	0.3822	37.2672	2576.1953
188000	0.1828	0.3548	0.3708	0.3813	37.3071	2573.5627
188500	0.1839	0.3555	0.3716	0.3826	37.3475	2570.9541
189000	0.1842	0.3558	0.3721	0.3830	37.3943	2568.3507
189500	0.1864	0.3566	0.3731	0.3843	37.4337	2565.7705
190000	0.1859	0.3567	0.3731	0.3857	37.4829	2563.1852
190500	0.1864	0.3569	0.3734	0.3862	37.5285	2560.6170
191000	0.1848	0.3558	0.3724	0.3854	37.5715	2558.0530
191500	0.1854	0.3561	0.3728	0.3858	37.6133	2555.5125
192000	0.1866	0.3571	0.3739	0.3869	37.6592	2552.9836
192500	0.1866	0.3571	0.3741	0.3883	37.7030	2550.4579
193000	0.1884	0.3584	0.3757	0.3897	37.7419	2547.9461
193500	0.1868	0.3571	0.3744	0.3886	37.7914	2545.4524
194000	0.1876	0.3578	0.3752	0.3892	37.8350	2542.9590
194500	0.1858	0.3560	0.3735	0.3892	37.8802	2540.4775
195000	0.1884	0.3584	0.3760	0.3918	37.9230	2538.0138
195500	0.1873	0.3587	0.3765	0.3917	37.9671	2535.5630
196000	0.1875	0.3578	0.3758	0.3930	38.0154	2533.1224
196500	0.1886	0.3592	0.3775	0.3948	38.0620	2530.6865
197000	0.1887	0.3595	0.3779	0.3943	38.1113	2528.2614
197500	0.1899	0.3600	0.3786	0.3967	38.1572	2525.8646
198000	0.1896	0.3603	0.3791	0.3970	38.2141	2523.4601
198500	0.1879	0.3587	0.3777	0.3953	38.2606	2521.0695
199000	0.1886	0.3596	0.3787	0.3964	38.3125	2518.6902
199500	0.1889	0.3600	0.3793	0.3980	38.3723	2516.3231
200000	0.1897	0.3607	0.3802	0.3986	38.4260	2513.9691
200500	0.1897	0.3610	0.3807	0.3999	38.4842	2511.6166
201000	0.1892	0.3611	0.3809	0.3997	38.5416	2509.2810
201500	0.1890	0.3598	0.3799	0.3999	38.5964	2506.9573
202000	0.1889	0.3600	0.3802	0.4002	38.6607	2504.6325
202500	0.1909	0.3609	0.3813	0.4025	38.7271	2502.3206
203000	0.1866	0.3597	0.3802	0.4006	38.7919	2500.0176
203500	0.1888	0.3602	0.3811	0.4031	38.8550	2497.7301
204000	0.1884	0.3607	0.3816	0.4034	38.9283	2495.4479
204500	0.1881	0.3600	0.3810	0.4035	38.9968	2493.1798
205000	0.1875	0.3605	0.3817	0.4041	39.0682	2490.9166
205500	0.1872	0.3606	0.3817	0.4048	39.1401	2488.6655
206000	0.1882	0.3606	0.3819	0.4052	39.2149	2486.4269
206500	0.1876	0.3614	0.3829	0.4064	39.2880	2484.2000
207000	0.1894	0.3623	0.3838	0.4075	39.3598	2481.9764
207500	0.1885	0.3615	0.3832	0.4081	39.4295	2479.7564
208000	0.1879	0.3611	0.3828	0.4073	39.4886	2477.5632
208500	0.1862	0.3611	0.3829	0.4078	39.5547	2475.3714
209000	0.1876	0.3622	0.3841	0.4097	39.6209	2473.1789
209500	0.1871	0.3616	0.3835	0.4099	39.6814	2471.0072
210000	0.1859	0.3615	0.3834	0.4099	39.7458	2468.8397
210500	0.1867	0.3626	0.3848	0.4112	39.8052	2466.6840
211000	0.1872	0.3628	0.3849	0.4114	39.8532	2464.5423
211500	0.1885	0.3638	0.3861	0.4141	39.9019	2462.4034
212000	0.1864	0.3632	0.3854	0.4123	39.9585	2460.2685
212500	0.1863	0.3627	0.3850	0.4127	40.0154	2458.1505
213000	0.1871	0.3635	0.3859	0.4146	40.0614	2456.0346
213500	0.1871	0.3639	0.3864	0.4149	40.1057	2453.9348
214000	0.1880	0.3640	0.3865	0.4152	40.1462	2451.8306
214500	0.1865	0.3640	0.3865	0.4145	40.1869	2449.7367
215000	0.1866	0.3639	0.3864	0.4152	40.2210	2447.6663
215500	0.1880	0.3647	0.3873	0.4159	40.2591	2445.5887
216000	0.1858	0.3642	0.3867	0.4158	40.2939	2443.5218
216500	0.1889	0.3662	0.3889	0.4181	40.3372	2441.4703
217000	0.1882	0.3659	0.3886	0.4182	40.3664	2439.4232
217500	0.1888	0.3665	0.3893	0.4195	40.3991	2437.3890
218000	0.1890	0.3661	0.3890	0.4198	40.4305	2435.3697
218500	0.1873	0.3651	0.3879	0.4186	40.4631	2433.3422
219000	0.1874	0.3660	0.3888	0.4195	40.4883	2431.3203
219500	0.1881	0.3666	0.3895	0.4211	40.5127	2429.3236
220000	0.1856	0.3651	0.3880	0.4191	40.5419	2427.3266
220500	0.1882	0.3661	0.3892	0.4204	40.5616	2425.3480
221000	0.1876	0.3661	0.3892	0.4207	40.5906	2423.3655
221500	0.1880	0.3668	0.3899	0.4215	40.6140	2421.3964
222000	0.1878	0.3664	0.3896	0.4216	40.6385	2419.4297
222500	0.1884	0.3672	0.3903	0.4217	40.6640	2417.4735
223000	0.1874	0.3669	0.3902	0.4221	40.6842	2415.5209
223500	0.1885	0.3679	0.3913	0.4229	40.6992	2413.5827
224000	0.1880	0.3670	0.3904	0.4230	40.7189	2411.6428
224500	0.1894	0.3680	0.3916	0.4248	40.7409	2409.7172
225000	0.1896	0.3680	0.3915	0.4245	40.7635	2407.7930
225500	0.1879	0.3673	0.3909	0.4231	40.7888	2405.8816
226000	0.1880	0.3677	0.3914	0.4241	40.8089	2403.9754
226500	0.1885	0.3674	0.3912	0.4240	40.8252	2402.0792
227000	0.1883	0.3679	0.3916	0.4245	40.8458	2400.1892
227500	0.1891	0.3682	0.3919	0.4245	40.8620	2398.3052
228000	0.1894	0.3684	0.3923	0.4249	40.8851	2396.4348
228500	0.1887	0.3682	0.3921	0.4250	40.9116	2394.5626
229000	0.1888	0.3683	0.3924	0.4252	40.9345	2392.7039
229500	0.1893	0.3683	0.3923	0.4259	40.9586	2390.8537
230000	0.1895	0.3688	0.3930	0.4262	40.9861	2389.0048
230500	0.1893	0.3689	0.3930	0.4267	41.0082	2387.1649
231000	0.1896	0.3693	0.3937	0.4274	41.0412	2385.3316
231500	0.1888	0.3692	0.3935	0.4267	41.0673	2383.5128
232000	0.1887	0.3684	0.3929	0.4268	41.0848	2381.6980
232500	0.1899	0.3691	0.3936	0.4278	41.1131	2379.8902
233000	0.1892	0.3689	0.3935	0.4278	41.1355	2378.0784
233500	0.1898	0.3697	0.3944	0.4280	41.1602	2376.2777
234000	0.1902	0.3698	0.3945	0.4279	41.1880	2374.4864
234500	0.1899	0.3693	0.3941	0.4279	41.2097	2372.7106
235000	0.1905	0.3703	0.3952	0.4293	41.2364	2370.9355
235500	0.1915	0.3711	0.3961	0.4304	41.2634	2369.1690
236000	0.1894	0.3698	0.3949	0.4288	41.2903	2367.4025
236500	0.1898	0.3699	0.3951	0.4289	41.3156	2365.6493
237000	0.1897	0.3699	0.3952	0.4294	41.3406	2363.8979
237500	0.1898	0.3702	0.3955	0.4292	41.3723	2362.1598
238000	0.1901	0.3701	0.3957	0.4302	41.4025	2360.4271
238500	0.1893	0.3699	0.3954	0.4302	41.4244	2358.6906
239000	0.1899	0.3709	0.3965	0.4299	41.4589	2356.9578
239500	0.1897	0.3704	0.3961	0.4304	41.4866	2355.2485
240000	0.1887	0.3693	0.3949	0.4295	41.5170	2353.5360
240500	0.1899	0.3695	0.3954	0.4311	41.5513	2351.8275
241000	0.1897	0.3704	0.3961	0.4317	41.5775	2350.1318
241500	0.1896	0.3708	0.3966	0.4311	41.6133	2348.4350
242000	0.1898	0.3699	0.3959	0.4310	41.6395	2346.7577
242500	0.1904	0.3710	0.3971	0.4321	41.6704	2345.0842
243000	0.1904	0.3706	0.3967	0.4315	41.7024	2343.4059
243500	0.1903	0.3703	0.3966	0.4319	41.7381	2341.7371
244000	0.1911	0.3706	0.3968	0.4329	41.7771	2340.0791
244500	0.1907	0.3703	0.3966	0.4334	41.8019	2338.4177
245000	0.1901	0.3704	0.3970	0.4334	41.8265	2336.7628
245500	0.1903	0.3702	0.3968	0.4335	41.8543	2335.1199
246000	0.1896	0.3697	0.3964	0.4326	41.8851	2333.4837
246500	0.1896	0.3699	0.3967	0.4330	41.9243	2331.8493
247000	0.1894	0.3694	0.3962	0.4326	41.9603	2330.2235
247500	0.1892	0.3691	0.3961	0.4331	42.0049	2328.6027
248000	0.1885	0.3697	0.3967	0.4329	42.0466	2326.9880
248500	0.1879	0.3687	0.3958	0.4326	42.0835	2325.3802
249000	0.1895	0.3697	0.3969	0.4345	42.1251	2323.7763
249500	0.1903	0.3700	0.3973	0.4353	42.1615	2322.1745
Done training
