VARIENCE: 90
500	0.0000	0.0000	0.0000	0.0385	10.0280	8823.0836
1000	0.0000	0.0000	0.0000	0.0385	10.0861	8550.0269
1500	0.0000	0.0000	0.0000	0.0385	10.1712	8318.6385
2000	0.0000	0.0000	0.0000	0.0385	10.2810	8110.2283
2500	0.0000	0.0000	0.0000	0.0385	10.4137	7916.3469
3000	0.0000	0.0000	0.0000	0.0385	10.5675	7741.5930
3500	0.0000	0.0000	0.0000	0.0385	10.7407	7581.2127
4000	0.0000	0.0000	0.0000	0.0385	10.9316	7434.5038
4500	0.0000	0.0000	0.0000	0.0385	11.1382	7299.0977
5000	0.0000	0.0000	0.0000	0.0385	11.3581	7174.5297
5500	0.0000	0.0000	0.0000	0.0385	11.5890	7060.8254
6000	0.0000	0.0000	0.0000	0.0385	11.8288	6955.9736
6500	0.0000	0.0000	0.0000	0.0385	12.0738	6859.4155
7000	0.0000	0.0000	0.0000	0.0385	12.3206	6770.9666
7500	0.0000	0.0000	0.0000	0.0385	12.5656	6689.8095
8000	0.0000	0.0000	0.0000	0.0385	12.8054	6614.8762
8500	0.0000	0.0000	0.0000	0.0385	13.0385	6545.7765
9000	0.0000	0.0000	0.0001	0.0385	13.2598	6481.3413
9500	0.0000	0.0003	0.0007	0.0387	13.4737	6421.8977
10000	0.0000	0.0015	0.0031	0.0398	13.6712	6367.1879
10500	0.0001	0.0046	0.0091	0.0427	13.8622	6315.4737
11000	0.0003	0.0087	0.0170	0.0464	14.0434	6267.0644
11500	0.0014	0.0185	0.0350	0.0537	14.2309	6221.3799
12000	0.0042	0.0333	0.0606	0.0647	14.4363	6177.5958
12500	0.0070	0.0439	0.0773	0.0732	14.6484	6135.8278
13000	0.0103	0.0534	0.0910	0.0802	14.8769	6096.0316
13500	0.0136	0.0615	0.1012	0.0872	15.1277	6057.5961
14000	0.0175	0.0704	0.1114	0.0966	15.4140	6020.5493
14500	0.0232	0.0787	0.1199	0.1059	15.7532	5984.6375
15000	0.0308	0.0883	0.1306	0.1148	16.1355	5949.6446
15500	0.0397	0.0967	0.1393	0.1213	16.5595	5915.4630
16000	0.0439	0.0989	0.1409	0.1217	16.9903	5882.4372
16500	0.0474	0.1024	0.1448	0.1215	17.4032	5850.1984
17000	0.0475	0.1015	0.1432	0.1179	17.7789	5818.3865
17500	0.0479	0.1033	0.1457	0.1174	18.1250	5787.4516
18000	0.0482	0.1044	0.1469	0.1169	18.4144	5756.9623
18500	0.0489	0.1060	0.1490	0.1162	18.6646	5726.9928
19000	0.0493	0.1080	0.1518	0.1163	18.8741	5697.6288
19500	0.0506	0.1109	0.1551	0.1175	19.0437	5668.7347
20000	0.0522	0.1138	0.1585	0.1187	19.1718	5640.1866
20500	0.0534	0.1154	0.1602	0.1195	19.2584	5612.1652
21000	0.0542	0.1171	0.1620	0.1217	19.2937	5584.4778
21500	0.0558	0.1199	0.1651	0.1236	19.2975	5557.1759
22000	0.0567	0.1220	0.1674	0.1245	19.2797	5530.3138
22500	0.0583	0.1249	0.1705	0.1270	19.2321	5503.7544
23000	0.0583	0.1253	0.1706	0.1283	19.1557	5477.3861
23500	0.0615	0.1300	0.1756	0.1310	19.0880	5451.5196
24000	0.0608	0.1301	0.1758	0.1324	19.0201	5426.1227
24500	0.0607	0.1306	0.1764	0.1323	18.9446	5400.8480
25000	0.0628	0.1337	0.1797	0.1337	18.8702	5375.9444
25500	0.0654	0.1371	0.1831	0.1364	18.8028	5351.0704
26000	0.0661	0.1392	0.1851	0.1390	18.7433	5326.6958
26500	0.0689	0.1427	0.1889	0.1409	18.6968	5302.7311
27000	0.0712	0.1458	0.1917	0.1444	18.6710	5278.7875
27500	0.0737	0.1493	0.1954	0.1486	18.6794	5255.2110
28000	0.0755	0.1525	0.1992	0.1518	18.7358	5231.8388
28500	0.0767	0.1546	0.2014	0.1537	18.8257	5208.7984
29000	0.0780	0.1574	0.2051	0.1573	18.9588	5185.7805
29500	0.0791	0.1600	0.2077	0.1593	19.1041	5163.1440
30000	0.0808	0.1630	0.2107	0.1608	19.2640	5140.7549
30500	0.0808	0.1634	0.2112	0.1615	19.4135	5118.6010
31000	0.0825	0.1656	0.2131	0.1625	19.5548	5096.6142
31500	0.0822	0.1657	0.2126	0.1634	19.6900	5074.6894
32000	0.0833	0.1670	0.2132	0.1641	19.8123	5053.1688
32500	0.0841	0.1680	0.2135	0.1650	19.9038	5031.8224
33000	0.0836	0.1670	0.2118	0.1653	19.9801	5010.6479
33500	0.0834	0.1659	0.2097	0.1652	20.0417	4989.7037
34000	0.0841	0.1672	0.2111	0.1658	20.0942	4968.9248
34500	0.0848	0.1686	0.2120	0.1668	20.1222	4948.3526
35000	0.0835	0.1670	0.2091	0.1668	20.1376	4928.0591
35500	0.0829	0.1670	0.2094	0.1660	20.1468	4907.8181
36000	0.0800	0.1651	0.2067	0.1660	20.1418	4887.8336
36500	0.0770	0.1635	0.2041	0.1660	20.1524	4868.0847
37000	0.0750	0.1625	0.2030	0.1660	20.1530	4848.4291
37500	0.0712	0.1607	0.2008	0.1672	20.1611	4829.0180
38000	0.0676	0.1589	0.1983	0.1660	20.1759	4809.7234
38500	0.0627	0.1566	0.1960	0.1681	20.2074	4790.6624
39000	0.0638	0.1581	0.1971	0.1698	20.2672	4771.7824
39500	0.0589	0.1562	0.1950	0.1725	20.3411	4753.0027
40000	0.0558	0.1558	0.1948	0.1750	20.4319	4734.4541
40500	0.0609	0.1610	0.1996	0.1796	20.5392	4716.0037
41000	0.0584	0.1608	0.1994	0.1812	20.6673	4697.8201
41500	0.0629	0.1658	0.2040	0.1854	20.8116	4679.7681
42000	0.0645	0.1672	0.2054	0.1865	20.9498	4661.7914
42500	0.0635	0.1678	0.2058	0.1869	21.0953	4644.0095
43000	0.0632	0.1688	0.2072	0.1870	21.2327	4626.3615
43500	0.0712	0.1752	0.2123	0.1922	21.3701	4608.9517
44000	0.0712	0.1765	0.2140	0.1934	21.5061	4591.6842
44500	0.0736	0.1785	0.2156	0.1942	21.6274	4574.5362
45000	0.0792	0.1826	0.2192	0.1967	21.7266	4557.5283
45500	0.0810	0.1838	0.2197	0.1977	21.8146	4540.6830
46000	0.0847	0.1862	0.2213	0.1996	21.8924	4523.9494
46500	0.0868	0.1876	0.2222	0.2012	21.9530	4507.4174
47000	0.0877	0.1897	0.2245	0.2029	21.9940	4491.0057
47500	0.0927	0.1934	0.2277	0.2039	22.0274	4474.7824
48000	0.0904	0.1916	0.2257	0.2033	22.0528	4458.6624
48500	0.0940	0.1943	0.2281	0.2051	22.0680	4442.6489
49000	0.0918	0.1930	0.2265	0.2060	22.0887	4426.7686
49500	0.0941	0.1948	0.2281	0.2066	22.1110	4411.0814
50000	0.0968	0.1977	0.2308	0.2087	22.1175	4395.5475
50500	0.0952	0.1974	0.2314	0.2086	22.1476	4380.1566
51000	0.0917	0.1973	0.2310	0.2091	22.1767	4364.8155
51500	0.0928	0.1988	0.2323	0.2099	22.2159	4349.6472
52000	0.0948	0.2000	0.2324	0.2110	22.2720	4334.6020
52500	0.0961	0.2024	0.2346	0.2126	22.3370	4319.7076
53000	0.0936	0.2008	0.2325	0.2123	22.4080	4304.9101
53500	0.0967	0.2048	0.2363	0.2147	22.4835	4290.2406
54000	0.0957	0.2038	0.2347	0.2164	22.5700	4275.6839
54500	0.0970	0.2061	0.2365	0.2193	22.6475	4261.2690
55000	0.1021	0.2102	0.2402	0.2223	22.7336	4246.9630
55500	0.1010	0.2086	0.2371	0.2245	22.8122	4232.8087
56000	0.1058	0.2137	0.2418	0.2306	22.8902	4218.7435
56500	0.1053	0.2133	0.2408	0.2311	22.9708	4204.8020
57000	0.1108	0.2182	0.2449	0.2347	23.0606	4191.0224
57500	0.1121	0.2205	0.2472	0.2385	23.1450	4177.2973
58000	0.1149	0.2237	0.2502	0.2399	23.2286	4163.6868
58500	0.1159	0.2243	0.2498	0.2425	23.3128	4150.2150
59000	0.1185	0.2282	0.2538	0.2444	23.3945	4136.8445
59500	0.1198	0.2293	0.2544	0.2455	23.4769	4123.5849
60000	0.1225	0.2328	0.2578	0.2481	23.5640	4110.4419
60500	0.1223	0.2333	0.2584	0.2479	23.6426	4097.4037
61000	0.1245	0.2356	0.2604	0.2506	23.7270	4084.4704
61500	0.1238	0.2352	0.2596	0.2510	23.8136	4071.6425
62000	0.1237	0.2352	0.2592	0.2513	23.8938	4058.9877
62500	0.1222	0.2359	0.2599	0.2525	23.9811	4046.3356
63000	0.1252	0.2384	0.2622	0.2547	24.0660	4033.7950
63500	0.1244	0.2385	0.2626	0.2555	24.1657	4021.4212
64000	0.1215	0.2371	0.2609	0.2521	24.2693	4009.1566
64500	0.1213	0.2375	0.2611	0.2522	24.3727	3996.9447
65000	0.1209	0.2387	0.2626	0.2531	24.4847	3984.8354
65500	0.1178	0.2383	0.2623	0.2499	24.5964	3972.8204
66000	0.1185	0.2400	0.2641	0.2511	24.7142	3960.9292
66500	0.1153	0.2384	0.2628	0.2478	24.8327	3949.0782
67000	0.1127	0.2384	0.2632	0.2484	24.9399	3937.4233
67500	0.1099	0.2392	0.2641	0.2466	25.0570	3925.7391
68000	0.1124	0.2404	0.2649	0.2487	25.1646	3914.2113
68500	0.1078	0.2399	0.2653	0.2456	25.2593	3902.7759
69000	0.1049	0.2382	0.2635	0.2451	25.3609	3891.4282
69500	0.1056	0.2398	0.2648	0.2456	25.4487	3880.1791
70000	0.1049	0.2405	0.2652	0.2453	25.5327	3868.9963
70500	0.1116	0.2428	0.2667	0.2481	25.6051	3857.9167
71000	0.1082	0.2419	0.2656	0.2467	25.6722	3846.8996
71500	0.1112	0.2449	0.2685	0.2487	25.7334	3835.9861
72000	0.1108	0.2440	0.2673	0.2480	25.7903	3825.2230
72500	0.1158	0.2472	0.2698	0.2495	25.8298	3814.4706
73000	0.1168	0.2482	0.2703	0.2495	25.8595	3803.8430
73500	0.1123	0.2446	0.2670	0.2464	25.8995	3793.2762
74000	0.1199	0.2482	0.2696	0.2513	25.9312	3782.7562
74500	0.1212	0.2512	0.2729	0.2533	25.9618	3772.3928
75000	0.1212	0.2512	0.2727	0.2533	25.9794	3762.0679
75500	0.1216	0.2519	0.2729	0.2534	26.0052	3751.8497
76000	0.1221	0.2509	0.2714	0.2534	26.0317	3741.6984
76500	0.1192	0.2500	0.2707	0.2531	26.0551	3731.5766
77000	0.1261	0.2547	0.2744	0.2567	26.0832	3721.5865
77500	0.1213	0.2517	0.2714	0.2536	26.1053	3711.6806
78000	0.1236	0.2547	0.2736	0.2552	26.1331	3701.7739
78500	0.1243	0.2540	0.2732	0.2556	26.1645	3692.0234
79000	0.1262	0.2560	0.2749	0.2570	26.1998	3682.3074
79500	0.1256	0.2562	0.2748	0.2558	26.2313	3672.6838
80000	0.1263	0.2567	0.2750	0.2562	26.2563	3663.1848
80500	0.1246	0.2563	0.2746	0.2551	26.2848	3653.6986
81000	0.1279	0.2583	0.2756	0.2566	26.3168	3644.2786
81500	0.1276	0.2579	0.2753	0.2574	26.3514	3634.9432
82000	0.1297	0.2601	0.2767	0.2573	26.3885	3625.6968
82500	0.1290	0.2597	0.2764	0.2569	26.4200	3616.4901
83000	0.1308	0.2628	0.2796	0.2599	26.4446	3607.3617
83500	0.1323	0.2641	0.2804	0.2604	26.4839	3598.3050
84000	0.1305	0.2622	0.2783	0.2592	26.5207	3589.2972
84500	0.1336	0.2654	0.2810	0.2617	26.5562	3580.4090
85000	0.1289	0.2633	0.2791	0.2581	26.5968	3571.5501
85500	0.1312	0.2656	0.2811	0.2607	26.6346	3562.7438
86000	0.1291	0.2644	0.2799	0.2593	26.6742	3554.0333
86500	0.1267	0.2637	0.2793	0.2584	26.7219	3545.3620
87000	0.1307	0.2661	0.2815	0.2606	26.7689	3536.7597
87500	0.1276	0.2644	0.2796	0.2587	26.8185	3528.2647
88000	0.1292	0.2664	0.2813	0.2596	26.8801	3519.7800
88500	0.1306	0.2687	0.2835	0.2608	26.9439	3511.3788
89000	0.1316	0.2694	0.2838	0.2606	27.0059	3503.0124
89500	0.1323	0.2696	0.2835	0.2622	27.0694	3494.7490
90000	0.1345	0.2707	0.2841	0.2617	27.1344	3486.5219
90500	0.1330	0.2698	0.2832	0.2614	27.2113	3478.3757
91000	0.1344	0.2704	0.2835	0.2612	27.2878	3470.2648
91500	0.1334	0.2700	0.2830	0.2613	27.3643	3462.2268
92000	0.1337	0.2715	0.2842	0.2623	27.4398	3454.2455
92500	0.1354	0.2729	0.2858	0.2631	27.5140	3446.3200
93000	0.1332	0.2717	0.2844	0.2621	27.5975	3438.4549
93500	0.1333	0.2725	0.2849	0.2623	27.6781	3430.6501
94000	0.1320	0.2720	0.2846	0.2629	27.7618	3422.8909
94500	0.1298	0.2716	0.2846	0.2612	27.8386	3415.1862
95000	0.1301	0.2732	0.2860	0.2637	27.9141	3407.5585
95500	0.1298	0.2725	0.2852	0.2632	27.9844	3399.9792
96000	0.1317	0.2750	0.2874	0.2655	28.0500	3392.4353
96500	0.1318	0.2736	0.2858	0.2654	28.1162	3384.9637
97000	0.1306	0.2734	0.2853	0.2649	28.1836	3377.5318
97500	0.1318	0.2751	0.2872	0.2667	28.2413	3370.1189
98000	0.1353	0.2767	0.2881	0.2677	28.3005	3362.7894
98500	0.1313	0.2760	0.2876	0.2678	28.3669	3355.5270
99000	0.1324	0.2754	0.2863	0.2671	28.4263	3348.2964
99500	0.1341	0.2769	0.2874	0.2680	28.4749	3341.1173
100000	0.1336	0.2787	0.2895	0.2687	28.5280	3334.0009
100500	0.1321	0.2770	0.2874	0.2672	28.5747	3326.9440
101000	0.1334	0.2778	0.2879	0.2681	28.6167	3319.9014
101500	0.1289	0.2760	0.2861	0.2658	28.6586	3312.9315
102000	0.1280	0.2741	0.2840	0.2664	28.7001	3305.9989
102500	0.1289	0.2754	0.2852	0.2663	28.7281	3299.1443
103000	0.1287	0.2777	0.2876	0.2678	28.7589	3292.3277
103500	0.1264	0.2759	0.2851	0.2655	28.7969	3285.5268
104000	0.1290	0.2779	0.2870	0.2670	28.8329	3278.7888
104500	0.1272	0.2773	0.2869	0.2662	28.8675	3272.0976
105000	0.1273	0.2779	0.2869	0.2679	28.9022	3265.4639
105500	0.1263	0.2776	0.2866	0.2672	28.9265	3258.8625
106000	0.1325	0.2804	0.2886	0.2696	28.9549	3252.3148
106500	0.1292	0.2781	0.2863	0.2671	28.9839	3245.8073
107000	0.1261	0.2777	0.2860	0.2661	29.0077	3239.3413
107500	0.1311	0.2790	0.2866	0.2683	29.0413	3232.9099
108000	0.1276	0.2778	0.2855	0.2664	29.0660	3226.5329
108500	0.1292	0.2793	0.2870	0.2691	29.0876	3220.2043
109000	0.1277	0.2774	0.2849	0.2668	29.1082	3213.9102
109500	0.1303	0.2792	0.2863	0.2684	29.1335	3207.6443
110000	0.1274	0.2788	0.2860	0.2676	29.1609	3201.4296
110500	0.1269	0.2774	0.2848	0.2672	29.1940	3195.2754
111000	0.1233	0.2761	0.2836	0.2658	29.2233	3189.1481
111500	0.1252	0.2776	0.2849	0.2677	29.2574	3183.0560
112000	0.1247	0.2776	0.2845	0.2671	29.2952	3177.0115
112500	0.1266	0.2787	0.2853	0.2694	29.3357	3171.0063
113000	0.1254	0.2772	0.2838	0.2682	29.3740	3165.0386
113500	0.1242	0.2775	0.2841	0.2687	29.4220	3159.1096
114000	0.1266	0.2786	0.2849	0.2706	29.4693	3153.2363
114500	0.1279	0.2799	0.2854	0.2717	29.5149	3147.3743
115000	0.1254	0.2798	0.2857	0.2708	29.5639	3141.5690
115500	0.1275	0.2801	0.2851	0.2727	29.6142	3135.8033
116000	0.1243	0.2780	0.2833	0.2715	29.6657	3130.0510
116500	0.1251	0.2787	0.2834	0.2725	29.7106	3124.3738
117000	0.1249	0.2793	0.2838	0.2733	29.7741	3118.7109
117500	0.1305	0.2831	0.2871	0.2768	29.8395	3113.0606
118000	0.1287	0.2809	0.2847	0.2766	29.8936	3107.4658
118500	0.1281	0.2819	0.2857	0.2776	29.9561	3101.9058
119000	0.1314	0.2859	0.2890	0.2809	30.0170	3096.4081
119500	0.1320	0.2853	0.2882	0.2806	30.0784	3090.9079
120000	0.1341	0.2873	0.2897	0.2842	30.1444	3085.4592
120500	0.1330	0.2871	0.2888	0.2823	30.2065	3080.0354
121000	0.1354	0.2879	0.2896	0.2857	30.2712	3074.6552
121500	0.1364	0.2900	0.2916	0.2873	30.3358	3069.2968
122000	0.1353	0.2890	0.2902	0.2872	30.4058	3063.9770
122500	0.1363	0.2910	0.2922	0.2883	30.4671	3058.7044
123000	0.1377	0.2930	0.2941	0.2901	30.5379	3053.4542
123500	0.1391	0.2945	0.2956	0.2918	30.6065	3048.2637
124000	0.1356	0.2922	0.2934	0.2899	30.6736	3043.0748
124500	0.1396	0.2954	0.2961	0.2942	30.7451	3037.9186
125000	0.1354	0.2945	0.2954	0.2919	30.8013	3032.8041
125500	0.1392	0.2969	0.2977	0.2947	30.8586	3027.7155
126000	0.1367	0.2962	0.2971	0.2944	30.9220	3022.6667
126500	0.1338	0.2955	0.2966	0.2944	30.9834	3017.6409
127000	0.1346	0.2945	0.2953	0.2958	31.0391	3012.6333
127500	0.1372	0.2984	0.2991	0.2976	31.0879	3007.6763
128000	0.1358	0.2984	0.2995	0.2981	31.1415	3002.7412
128500	0.1335	0.2958	0.2967	0.2975	31.1928	2997.8513
129000	0.1345	0.2975	0.2983	0.2994	31.2478	2993.0018
129500	0.1375	0.2988	0.2997	0.3023	31.3037	2988.1558
130000	0.1310	0.2965	0.2973	0.2994	31.3634	2983.3348
130500	0.1281	0.2959	0.2974	0.2994	31.4202	2978.5592
131000	0.1327	0.2985	0.2992	0.3027	31.4735	2973.8017
131500	0.1366	0.2992	0.3005	0.3064	31.5296	2969.0711
132000	0.1328	0.2974	0.2983	0.3035	31.5870	2964.3769
132500	0.1315	0.2976	0.2983	0.3052	31.6414	2959.7193
133000	0.1340	0.2979	0.2991	0.3051	31.6913	2955.0695
133500	0.1268	0.2962	0.2974	0.3035	31.7430	2950.4504
134000	0.1290	0.2967	0.2975	0.3040	31.7925	2945.8828
134500	0.1324	0.3003	0.3013	0.3080	31.8463	2941.3137
135000	0.1329	0.3002	0.3014	0.3079	31.9050	2936.7842
135500	0.1289	0.2986	0.2996	0.3072	31.9549	2932.2787
136000	0.1308	0.2982	0.2997	0.3071	31.9980	2927.8088
136500	0.1325	0.2993	0.3006	0.3100	32.0415	2923.3571
137000	0.1348	0.2988	0.3008	0.3104	32.0804	2918.9260
137500	0.1332	0.2998	0.3016	0.3106	32.1174	2914.5180
138000	0.1366	0.3015	0.3033	0.3134	32.1563	2910.1432
138500	0.1345	0.3010	0.3028	0.3115	32.1980	2905.7944
139000	0.1308	0.2983	0.3000	0.3101	32.2356	2901.4578
139500	0.1327	0.3010	0.3027	0.3117	32.2687	2897.1708
140000	0.1349	0.3017	0.3037	0.3140	32.3139	2892.8981
140500	0.1401	0.3034	0.3060	0.3162	32.3475	2888.6389
141000	0.1387	0.3029	0.3055	0.3166	32.3800	2884.3986
141500	0.1410	0.3033	0.3063	0.3183	32.4083	2880.2013
142000	0.1407	0.3025	0.3055	0.3171	32.4441	2876.0174
142500	0.1383	0.3036	0.3061	0.3187	32.4755	2871.8576
143000	0.1455	0.3045	0.3080	0.3210	32.5027	2867.7329
143500	0.1432	0.3057	0.3088	0.3214	32.5327	2863.6237
144000	0.1411	0.3021	0.3052	0.3196	32.5558	2859.5260
144500	0.1436	0.3058	0.3089	0.3230	32.5781	2855.4724
145000	0.1428	0.3058	0.3092	0.3227	32.5991	2851.4241
145500	0.1443	0.3050	0.3084	0.3239	32.6189	2847.4215
146000	0.1462	0.3075	0.3109	0.3271	32.6434	2843.4288
146500	0.1455	0.3078	0.3110	0.3271	32.6632	2839.4585
147000	0.1421	0.3068	0.3098	0.3244	32.6888	2835.5091
147500	0.1439	0.3080	0.3113	0.3262	32.7071	2831.5784
148000	0.1387	0.3055	0.3083	0.3250	32.7343	2827.6694
148500	0.1402	0.3070	0.3097	0.3269	32.7650	2823.7988
149000	0.1383	0.3081	0.3104	0.3262	32.7919	2819.9376
149500	0.1428	0.3097	0.3125	0.3295	32.8215	2816.0967
150000	0.1401	0.3099	0.3124	0.3296	32.8473	2812.2749
150500	0.1431	0.3112	0.3138	0.3315	32.8800	2808.4781
151000	0.1397	0.3092	0.3116	0.3301	32.9098	2804.6934
151500	0.1386	0.3096	0.3120	0.3300	32.9436	2800.9300
152000	0.1335	0.3092	0.3108	0.3274	32.9790	2797.1921
152500	0.1364	0.3103	0.3121	0.3295	33.0233	2793.4818
153000	0.1343	0.3103	0.3122	0.3300	33.0616	2789.7837
153500	0.1336	0.3098	0.3121	0.3287	33.0989	2786.1003
154000	0.1370	0.3119	0.3143	0.3326	33.1419	2782.4257
154500	0.1324	0.3115	0.3130	0.3312	33.1844	2778.7945
155000	0.1397	0.3129	0.3158	0.3343	33.2285	2775.1702
155500	0.1366	0.3121	0.3149	0.3332	33.2752	2771.5721
156000	0.1371	0.3116	0.3147	0.3347	33.3204	2767.9841
156500	0.1406	0.3119	0.3155	0.3360	33.3735	2764.4085
157000	0.1386	0.3124	0.3159	0.3352	33.4132	2760.8674
157500	0.1464	0.3129	0.3180	0.3392	33.4614	2757.3367
158000	0.1439	0.3130	0.3179	0.3392	33.5004	2753.8327
158500	0.1426	0.3119	0.3168	0.3382	33.5380	2750.3445
159000	0.1467	0.3119	0.3177	0.3396	33.5824	2746.8795
159500	0.1460	0.3115	0.3174	0.3418	33.6271	2743.4211
160000	0.1476	0.3109	0.3174	0.3417	33.6626	2739.9896
160500	0.1470	0.3109	0.3172	0.3408	33.7031	2736.5722
161000	0.1482	0.3110	0.3176	0.3417	33.7427	2733.1675
161500	0.1499	0.3117	0.3186	0.3430	33.7790	2729.7774
162000	0.1521	0.3123	0.3195	0.3444	33.8112	2726.4194
162500	0.1484	0.3110	0.3177	0.3416	33.8482	2723.0616
163000	0.1542	0.3138	0.3217	0.3463	33.8843	2719.7290
163500	0.1524	0.3129	0.3208	0.3452	33.9185	2716.4136
164000	0.1517	0.3130	0.3208	0.3448	33.9549	2713.1110
164500	0.1551	0.3154	0.3235	0.3483	33.9918	2709.8253
165000	0.1543	0.3152	0.3234	0.3488	34.0261	2706.5538
165500	0.1481	0.3125	0.3202	0.3453	34.0543	2703.3006
166000	0.1527	0.3167	0.3247	0.3497	34.0824	2700.0739
166500	0.1500	0.3137	0.3221	0.3467	34.1127	2696.8503
167000	0.1515	0.3150	0.3235	0.3491	34.1482	2693.6608
167500	0.1517	0.3154	0.3239	0.3506	34.1796	2690.4711
168000	0.1508	0.3160	0.3242	0.3493	34.2094	2687.2931
168500	0.1509	0.3153	0.3239	0.3495	34.2415	2684.1572
169000	0.1523	0.3166	0.3254	0.3512	34.2746	2681.0205
169500	0.1474	0.3155	0.3237	0.3491	34.3045	2677.8972
170000	0.1514	0.3175	0.3260	0.3527	34.3433	2674.7828
170500	0.1432	0.3149	0.3227	0.3471	34.3757	2671.6997
171000	0.1493	0.3149	0.3242	0.3516	34.4057	2668.6253
171500	0.1519	0.3173	0.3265	0.3527	34.4299	2665.5806
172000	0.1474	0.3167	0.3252	0.3510	34.4694	2662.5303
172500	0.1491	0.3160	0.3253	0.3521	34.5025	2659.4989
173000	0.1473	0.3144	0.3239	0.3510	34.5307	2656.4814
173500	0.1489	0.3159	0.3257	0.3528	34.5593	2653.4790
174000	0.1426	0.3142	0.3232	0.3499	34.5934	2650.4991
174500	0.1502	0.3159	0.3260	0.3527	34.6236	2647.5234
175000	0.1445	0.3143	0.3239	0.3501	34.6594	2644.5602
175500	0.1509	0.3166	0.3267	0.3542	34.6837	2641.6221
176000	0.1493	0.3161	0.3265	0.3538	34.7238	2638.6902
176500	0.1472	0.3158	0.3262	0.3521	34.7549	2635.7779
177000	0.1472	0.3145	0.3251	0.3524	34.7913	2632.8801
177500	0.1488	0.3163	0.3268	0.3549	34.8249	2629.9967
178000	0.1513	0.3163	0.3275	0.3554	34.8606	2627.1161
178500	0.1501	0.3165	0.3275	0.3548	34.8932	2624.2596
179000	0.1489	0.3166	0.3275	0.3540	34.9246	2621.4066
179500	0.1529	0.3174	0.3290	0.3559	34.9572	2618.5757
180000	0.1509	0.3182	0.3295	0.3572	34.9892	2615.7609
180500	0.1529	0.3164	0.3284	0.3570	35.0280	2612.9505
181000	0.1523	0.3180	0.3298	0.3587	35.0613	2610.1665
181500	0.1552	0.3191	0.3312	0.3578	35.0985	2607.3922
182000	0.1524	0.3180	0.3298	0.3574	35.1473	2604.6210
182500	0.1512	0.3190	0.3309	0.3576	35.1948	2601.8578
183000	0.1511	0.3186	0.3306	0.3569	35.2423	2599.1229
183500	0.1554	0.3217	0.3341	0.3608	35.2897	2596.3935
184000	0.1556	0.3219	0.3343	0.3615	35.3409	2593.6791
184500	0.1531	0.3219	0.3339	0.3605	35.3867	2590.9799
185000	0.1553	0.3236	0.3362	0.3620	35.4449	2588.2930
185500	0.1519	0.3216	0.3335	0.3594	35.4964	2585.6052
186000	0.1512	0.3226	0.3346	0.3593	35.5534	2582.9478
186500	0.1523	0.3227	0.3352	0.3600	35.6116	2580.2968
187000	0.1526	0.3248	0.3374	0.3621	35.6678	2577.6526
187500	0.1474	0.3218	0.3337	0.3579	35.7245	2575.0200
188000	0.1531	0.3238	0.3367	0.3614	35.7886	2572.4000
188500	0.1481	0.3233	0.3356	0.3588	35.8504	2569.7868
189000	0.1484	0.3232	0.3355	0.3608	35.9135	2567.1915
189500	0.1497	0.3248	0.3369	0.3606	35.9759	2564.6053
190000	0.1485	0.3238	0.3363	0.3609	36.0360	2562.0486
190500	0.1477	0.3234	0.3359	0.3610	36.1068	2559.4789
191000	0.1495	0.3253	0.3380	0.3623	36.1636	2556.9403
191500	0.1481	0.3233	0.3362	0.3604	36.2241	2554.4122
192000	0.1484	0.3238	0.3369	0.3613	36.2954	2551.8839
192500	0.1448	0.3237	0.3364	0.3602	36.3590	2549.3592
193000	0.1470	0.3240	0.3372	0.3606	36.4262	2546.8650
193500	0.1511	0.3254	0.3391	0.3632	36.4890	2544.3689
194000	0.1485	0.3235	0.3374	0.3620	36.5531	2541.8877
194500	0.1520	0.3247	0.3393	0.3644	36.6214	2539.4288
195000	0.1499	0.3229	0.3373	0.3630	36.6854	2536.9644
195500	0.1498	0.3235	0.3379	0.3627	36.7447	2534.5248
196000	0.1493	0.3231	0.3377	0.3616	36.8043	2532.0872
196500	0.1521	0.3230	0.3383	0.3632	36.8655	2529.6648
197000	0.1529	0.3231	0.3385	0.3636	36.9196	2527.2480
197500	0.1522	0.3217	0.3374	0.3628	36.9777	2524.8451
198000	0.1519	0.3225	0.3382	0.3630	37.0312	2522.4522
198500	0.1519	0.3215	0.3376	0.3638	37.0803	2520.0680
199000	0.1518	0.3214	0.3373	0.3612	37.1334	2517.6966
199500	0.1533	0.3229	0.3391	0.3644	37.1754	2515.3368
200000	0.1530	0.3227	0.3390	0.3650	37.2209	2512.9790
200500	0.1550	0.3220	0.3388	0.3665	37.2623	2510.6434
201000	0.1537	0.3217	0.3385	0.3645	37.2989	2508.3027
201500	0.1535	0.3227	0.3392	0.3645	37.3353	2505.9827
202000	0.1576	0.3229	0.3404	0.3673	37.3723	2503.6695
202500	0.1563	0.3223	0.3395	0.3664	37.4058	2501.3606
203000	0.1604	0.3255	0.3430	0.3699	37.4434	2499.0674
203500	0.1577	0.3242	0.3414	0.3674	37.4703	2496.7906
204000	0.1598	0.3250	0.3423	0.3695	37.5057	2494.5215
204500	0.1583	0.3240	0.3415	0.3685	37.5375	2492.2630
205000	0.1606	0.3262	0.3439	0.3704	37.5634	2490.0039
205500	0.1559	0.3236	0.3409	0.3660	37.5907	2487.7624
206000	0.1567	0.3243	0.3421	0.3677	37.6251	2485.5173
206500	0.1573	0.3246	0.3422	0.3677	37.6545	2483.2783
207000	0.1577	0.3237	0.3416	0.3680	37.6835	2481.0794
207500	0.1564	0.3254	0.3429	0.3679	37.7132	2478.8698
208000	0.1577	0.3250	0.3425	0.3677	37.7435	2476.6736
208500	0.1551	0.3241	0.3418	0.3672	37.7714	2474.4822
209000	0.1561	0.3241	0.3419	0.3679	37.7969	2472.3047
209500	0.1545	0.3236	0.3413	0.3681	37.8252	2470.1373
210000	0.1518	0.3224	0.3399	0.3662	37.8526	2467.9691
210500	0.1509	0.3220	0.3393	0.3645	37.8781	2465.8248
211000	0.1509	0.3225	0.3400	0.3650	37.9029	2463.6829
211500	0.1506	0.3236	0.3412	0.3666	37.9305	2461.5507
212000	0.1502	0.3214	0.3395	0.3646	37.9596	2459.4299
212500	0.1469	0.3216	0.3389	0.3633	37.9825	2457.3174
213000	0.1502	0.3218	0.3395	0.3655	38.0127	2455.2086
213500	0.1484	0.3214	0.3391	0.3652	38.0410	2453.1034
214000	0.1495	0.3237	0.3413	0.3667	38.0734	2451.0153
214500	0.1519	0.3243	0.3423	0.3693	38.1029	2448.9303
215000	0.1473	0.3229	0.3406	0.3676	38.1376	2446.8524
215500	0.1538	0.3251	0.3436	0.3713	38.1727	2444.7903
216000	0.1520	0.3238	0.3424	0.3692	38.2039	2442.7404
216500	0.1499	0.3222	0.3407	0.3683	38.2305	2440.7024
217000	0.1454	0.3214	0.3392	0.3645	38.2627	2438.6452
217500	0.1474	0.3221	0.3405	0.3673	38.2924	2436.6208
218000	0.1454	0.3218	0.3397	0.3667	38.3272	2434.5963
218500	0.1403	0.3189	0.3370	0.3622	38.3654	2432.5806
219000	0.1451	0.3204	0.3391	0.3652	38.4173	2430.5768
219500	0.1382	0.3194	0.3373	0.3620	38.4552	2428.5783
220000	0.1437	0.3202	0.3390	0.3649	38.4941	2426.5848
220500	0.1411	0.3196	0.3379	0.3636	38.5319	2424.6044
221000	0.1453	0.3207	0.3399	0.3657	38.5713	2422.6303
221500	0.1453	0.3207	0.3400	0.3657	38.6186	2420.6597
222000	0.1429	0.3187	0.3378	0.3629	38.6594	2418.7082
222500	0.1407	0.3177	0.3368	0.3613	38.7127	2416.7520
223000	0.1440	0.3201	0.3394	0.3654	38.7543	2414.8180
223500	0.1446	0.3192	0.3387	0.3647	38.7970	2412.8788
224000	0.1452	0.3201	0.3395	0.3647	38.8415	2410.9516
224500	0.1435	0.3193	0.3386	0.3636	38.8883	2409.0324
225000	0.1437	0.3194	0.3389	0.3638	38.9290	2407.1182
225500	0.1394	0.3172	0.3364	0.3607	38.9778	2405.2167
226000	0.1404	0.3174	0.3369	0.3617	39.0300	2403.3232
226500	0.1419	0.3188	0.3383	0.3625	39.0750	2401.4299
227000	0.1421	0.3184	0.3379	0.3626	39.1208	2399.5539
227500	0.1416	0.3193	0.3388	0.3635	39.1670	2397.6773
228000	0.1396	0.3177	0.3375	0.3614	39.2164	2395.8071
228500	0.1404	0.3168	0.3366	0.3611	39.2638	2393.9470
229000	0.1383	0.3158	0.3358	0.3603	39.3153	2392.0951
229500	0.1417	0.3187	0.3389	0.3627	39.3565	2390.2548
230000	0.1401	0.3169	0.3373	0.3610	39.4012	2388.4079
230500	0.1372	0.3154	0.3353	0.3589	39.4476	2386.5810
231000	0.1391	0.3162	0.3366	0.3596	39.4999	2384.7487
231500	0.1403	0.3176	0.3379	0.3615	39.5518	2382.9353
232000	0.1421	0.3175	0.3384	0.3618	39.5957	2381.1256
232500	0.1412	0.3160	0.3368	0.3610	39.6409	2379.3260
233000	0.1397	0.3148	0.3356	0.3596	39.6948	2377.5199
233500	0.1412	0.3166	0.3376	0.3612	39.7341	2375.7385
234000	0.1398	0.3142	0.3352	0.3594	39.7775	2373.9478
234500	0.1397	0.3163	0.3372	0.3608	39.8176	2372.1706
235000	0.1403	0.3157	0.3369	0.3607	39.8656	2370.3927
235500	0.1429	0.3170	0.3386	0.3626	39.9011	2368.6298
236000	0.1415	0.3165	0.3380	0.3622	39.9397	2366.8770
236500	0.1394	0.3144	0.3361	0.3610	39.9759	2365.1287
237000	0.1423	0.3168	0.3387	0.3629	40.0145	2363.3886
237500	0.1410	0.3160	0.3377	0.3616	40.0591	2361.6496
238000	0.1410	0.3166	0.3384	0.3623	40.0954	2359.9223
238500	0.1382	0.3152	0.3370	0.3590	40.1402	2358.1933
239000	0.1404	0.3154	0.3373	0.3610	40.1776	2356.4766
239500	0.1413	0.3153	0.3374	0.3606	40.2133	2354.7635
240000	0.1390	0.3139	0.3356	0.3596	40.2492	2353.0665
240500	0.1376	0.3139	0.3355	0.3593	40.2894	2351.3559
241000	0.1380	0.3133	0.3351	0.3588	40.3236	2349.6671
241500	0.1405	0.3157	0.3378	0.3616	40.3638	2347.9811
242000	0.1413	0.3161	0.3386	0.3628	40.3959	2346.2978
242500	0.1398	0.3154	0.3375	0.3614	40.4324	2344.6189
243000	0.1377	0.3148	0.3369	0.3613	40.4719	2342.9504
243500	0.1379	0.3151	0.3372	0.3605	40.5075	2341.2916
244000	0.1404	0.3160	0.3386	0.3623	40.5417	2339.6397
244500	0.1386	0.3149	0.3368	0.3603	40.5757	2337.9847
245000	0.1412	0.3174	0.3400	0.3639	40.6103	2336.3367
245500	0.1383	0.3164	0.3387	0.3621	40.6484	2334.6956
246000	0.1367	0.3148	0.3370	0.3601	40.6848	2333.0675
246500	0.1408	0.3163	0.3392	0.3649	40.7133	2331.4388
247000	0.1338	0.3138	0.3355	0.3589	40.7492	2329.8188
247500	0.1388	0.3173	0.3399	0.3642	40.7764	2328.2107
248000	0.1369	0.3161	0.3383	0.3635	40.8145	2326.5998
248500	0.1342	0.3141	0.3363	0.3611	40.8470	2324.9977
249000	0.1400	0.3173	0.3401	0.3658	40.8822	2323.3939
249500	0.1366	0.3158	0.3383	0.3621	40.9194	2321.8020
Done training
