VARIENCE: 100
500	0.0000	0.0000	0.0000	0.0385	10.0283	8827.7859
1000	0.0000	0.0000	0.0000	0.0385	10.0878	8557.3237
1500	0.0000	0.0000	0.0000	0.0385	10.1735	8321.7889
2000	0.0000	0.0000	0.0000	0.0385	10.2839	8107.5542
2500	0.0000	0.0000	0.0000	0.0385	10.4172	7918.0546
3000	0.0000	0.0000	0.0000	0.0385	10.5715	7740.7274
3500	0.0000	0.0000	0.0000	0.0385	10.7453	7580.8453
4000	0.0000	0.0000	0.0000	0.0385	10.9367	7435.5987
4500	0.0000	0.0000	0.0000	0.0385	11.1437	7299.8209
5000	0.0000	0.0000	0.0000	0.0385	11.3640	7175.8458
5500	0.0000	0.0000	0.0000	0.0385	11.5941	7061.6787
6000	0.0000	0.0000	0.0000	0.0385	11.8350	6956.6183
6500	0.0000	0.0000	0.0000	0.0385	12.0798	6860.3421
7000	0.0000	0.0000	0.0000	0.0385	12.3248	6771.8819
7500	0.0000	0.0000	0.0000	0.0385	12.5678	6690.7015
8000	0.0000	0.0000	0.0000	0.0385	12.8082	6616.0020
8500	0.0000	0.0000	0.0000	0.0385	13.0346	6546.6885
9000	-0.0000	-0.0000	0.0000	0.0385	13.2462	6482.6824
9500	0.0000	0.0001	0.0004	0.0386	13.4391	6423.0239
10000	0.0000	0.0012	0.0026	0.0395	13.6278	6367.9013
10500	0.0001	0.0053	0.0106	0.0432	13.8081	6316.1299
11000	0.0007	0.0123	0.0237	0.0492	14.0025	6267.3590
11500	0.0028	0.0249	0.0457	0.0581	14.1896	6222.0111
12000	0.0062	0.0385	0.0680	0.0687	14.3804	6178.2049
12500	0.0096	0.0473	0.0811	0.0754	14.5865	6136.3832
13000	0.0133	0.0555	0.0922	0.0814	14.7937	6096.6561
13500	0.0155	0.0590	0.0957	0.0854	15.0297	6058.1474
14000	0.0191	0.0641	0.1012	0.0913	15.2786	6021.0499
14500	0.0251	0.0703	0.1072	0.1000	15.5497	5985.0573
15000	0.0304	0.0754	0.1123	0.1064	15.8530	5950.0174
15500	0.0323	0.0770	0.1135	0.1091	16.1802	5916.0626
16000	0.0349	0.0813	0.1180	0.1112	16.5087	5882.9626
16500	0.0372	0.0851	0.1224	0.1129	16.8341	5850.4009
17000	0.0389	0.0884	0.1260	0.1140	17.1446	5818.8228
17500	0.0408	0.0919	0.1303	0.1152	17.4393	5787.8096
18000	0.0431	0.0954	0.1346	0.1154	17.7284	5757.6223
18500	0.0445	0.0983	0.1384	0.1150	17.9828	5727.5261
19000	0.0459	0.1020	0.1432	0.1162	18.2198	5698.0004
19500	0.0480	0.1054	0.1472	0.1171	18.4274	5669.2705
20000	0.0487	0.1081	0.1507	0.1169	18.6027	5640.7157
20500	0.0506	0.1111	0.1543	0.1178	18.7422	5612.8689
21000	0.0512	0.1131	0.1562	0.1190	18.8566	5585.2486
21500	0.0517	0.1152	0.1592	0.1201	18.9406	5558.0296
22000	0.0542	0.1176	0.1614	0.1218	18.9970	5531.2181
22500	0.0545	0.1188	0.1631	0.1225	19.0173	5504.7531
23000	0.0563	0.1215	0.1660	0.1251	19.0160	5478.6123
23500	0.0570	0.1227	0.1669	0.1265	18.9986	5452.8928
24000	0.0584	0.1249	0.1692	0.1287	18.9725	5427.2461
24500	0.0582	0.1258	0.1707	0.1290	18.9266	5402.0520
25000	0.0597	0.1264	0.1711	0.1288	18.8751	5377.3156
25500	0.0606	0.1279	0.1725	0.1305	18.8152	5352.8153
26000	0.0612	0.1295	0.1746	0.1309	18.7570	5328.4379
26500	0.0614	0.1297	0.1744	0.1317	18.7089	5304.2765
27000	0.0610	0.1299	0.1742	0.1319	18.6709	5280.4284
27500	0.0603	0.1305	0.1751	0.1332	18.6364	5257.0196
28000	0.0587	0.1297	0.1743	0.1329	18.6362	5233.6851
28500	0.0594	0.1310	0.1751	0.1351	18.6432	5210.6474
29000	0.0591	0.1307	0.1742	0.1376	18.6665	5187.8748
29500	0.0600	0.1316	0.1737	0.1406	18.6950	5165.3051
30000	0.0603	0.1329	0.1747	0.1440	18.7328	5142.9328
30500	0.0623	0.1346	0.1759	0.1456	18.7610	5120.8423
31000	0.0616	0.1344	0.1748	0.1463	18.7914	5098.8424
31500	0.0628	0.1361	0.1760	0.1485	18.8169	5077.1487
32000	0.0656	0.1383	0.1780	0.1499	18.8368	5055.5917
32500	0.0660	0.1392	0.1783	0.1508	18.8616	5034.3161
33000	0.0661	0.1410	0.1793	0.1525	18.8826	5013.1761
33500	0.0675	0.1438	0.1827	0.1545	18.8998	4992.3576
34000	0.0676	0.1445	0.1821	0.1549	18.9379	4971.6186
34500	0.0682	0.1470	0.1840	0.1585	18.9956	4951.1028
35000	0.0675	0.1483	0.1850	0.1595	19.0829	4930.9005
35500	0.0656	0.1489	0.1851	0.1587	19.2003	4910.7128
36000	0.0618	0.1472	0.1828	0.1569	19.3492	4890.8129
36500	0.0580	0.1468	0.1825	0.1561	19.5109	4871.1246
37000	0.0482	0.1405	0.1762	0.1525	19.6887	4851.5949
37500	0.0449	0.1398	0.1763	0.1520	19.8594	4832.2496
38000	0.0406	0.1364	0.1728	0.1508	20.0270	4813.0446
38500	0.0327	0.1288	0.1654	0.1457	20.1954	4794.0450
39000	0.0303	0.1275	0.1643	0.1452	20.3669	4775.2471
39500	0.0269	0.1237	0.1610	0.1445	20.5212	4756.5478
40000	0.0249	0.1209	0.1584	0.1431	20.6667	4737.9804
40500	0.0242	0.1199	0.1570	0.1430	20.7982	4719.6117
41000	0.0222	0.1171	0.1543	0.1424	20.9163	4701.4887
41500	0.0230	0.1196	0.1570	0.1424	21.0150	4683.3999
42000	0.0240	0.1209	0.1580	0.1456	21.0946	4665.6261
42500	0.0246	0.1216	0.1587	0.1446	21.1729	4647.9713
43000	0.0288	0.1273	0.1640	0.1494	21.2274	4630.4318
43500	0.0295	0.1282	0.1644	0.1503	21.2684	4613.0602
44000	0.0314	0.1304	0.1661	0.1506	21.3024	4595.8029
44500	0.0331	0.1328	0.1678	0.1535	21.3199	4578.6758
45000	0.0397	0.1413	0.1759	0.1595	21.3394	4561.8033
45500	0.0390	0.1414	0.1759	0.1598	21.3524	4544.9878
46000	0.0440	0.1468	0.1806	0.1639	21.3800	4528.3777
46500	0.0449	0.1492	0.1832	0.1660	21.4151	4511.8685
47000	0.0494	0.1525	0.1855	0.1694	21.4536	4495.5381
47500	0.0527	0.1563	0.1889	0.1724	21.4953	4479.3461
48000	0.0532	0.1580	0.1907	0.1748	21.5438	4463.2943
48500	0.0571	0.1619	0.1942	0.1767	21.5870	4447.3552
49000	0.0595	0.1644	0.1961	0.1811	21.6281	4431.6532
49500	0.0615	0.1672	0.1991	0.1845	21.6907	4415.9419
50000	0.0637	0.1701	0.2019	0.1853	21.7623	4400.4197
50500	0.0614	0.1684	0.2004	0.1852	21.8428	4385.0595
51000	0.0639	0.1723	0.2046	0.1901	21.9254	4369.7848
51500	0.0613	0.1705	0.2036	0.1892	22.0226	4354.6116
52000	0.0597	0.1713	0.2052	0.1893	22.1227	4339.6412
52500	0.0588	0.1722	0.2066	0.1916	22.2260	4324.7541
53000	0.0537	0.1690	0.2046	0.1897	22.3398	4309.9806
53500	0.0541	0.1703	0.2065	0.1916	22.4469	4295.3401
54000	0.0502	0.1676	0.2051	0.1908	22.5597	4280.8948
54500	0.0591	0.1771	0.2131	0.1993	22.6585	4266.5255
55000	0.0591	0.1774	0.2132	0.1999	22.7592	4252.2314
55500	0.0638	0.1820	0.2170	0.2045	22.8530	4238.0999
56000	0.0691	0.1861	0.2196	0.2093	22.9318	4224.0410
56500	0.0706	0.1879	0.2212	0.2093	23.0128	4210.1192
57000	0.0754	0.1926	0.2247	0.2140	23.0757	4196.3214
57500	0.0776	0.1928	0.2238	0.2151	23.1417	4182.6658
58000	0.0817	0.1949	0.2246	0.2161	23.2067	4169.0940
58500	0.0824	0.1958	0.2253	0.2173	23.2684	4155.6175
59000	0.0850	0.1981	0.2270	0.2202	23.3345	4142.2683
59500	0.0885	0.2000	0.2275	0.2202	23.3938	4129.0855
60000	0.0928	0.2043	0.2315	0.2244	23.4465	4115.9122
60500	0.0924	0.2042	0.2314	0.2237	23.5079	4102.8841
61000	0.0951	0.2062	0.2330	0.2238	23.5632	4090.0261
61500	0.0929	0.2030	0.2291	0.2221	23.6188	4077.1787
62000	0.0976	0.2083	0.2338	0.2245	23.6671	4064.4906
62500	0.0968	0.2074	0.2329	0.2235	23.7161	4051.8713
63000	0.0966	0.2066	0.2320	0.2229	23.7578	4039.3410
63500	0.0959	0.2057	0.2308	0.2229	23.8035	4026.9699
64000	0.0969	0.2086	0.2331	0.2226	23.8395	4014.6719
64500	0.0937	0.2051	0.2297	0.2208	23.8689	4002.4717
65000	0.0959	0.2083	0.2325	0.2219	23.8999	3990.3601
65500	0.0939	0.2066	0.2309	0.2213	23.9337	3978.3807
66000	0.0939	0.2088	0.2330	0.2218	23.9683	3966.4596
66500	0.0912	0.2066	0.2302	0.2192	24.0117	3954.6193
67000	0.0916	0.2092	0.2330	0.2206	24.0403	3942.9012
67500	0.0856	0.2042	0.2279	0.2167	24.0794	3931.2553
68000	0.0836	0.2037	0.2273	0.2149	24.1294	3919.7239
68500	0.0777	0.2022	0.2264	0.2124	24.1809	3908.2727
69000	0.0849	0.2067	0.2301	0.2165	24.2396	3896.9673
69500	0.0814	0.2041	0.2274	0.2134	24.3037	3885.6919
70000	0.0739	0.2002	0.2243	0.2101	24.3660	3874.4719
70500	0.0704	0.1973	0.2216	0.2075	24.4332	3863.3749
71000	0.0751	0.2002	0.2238	0.2103	24.5078	3852.4007
71500	0.0666	0.1946	0.2187	0.2053	24.5883	3841.4723
72000	0.0645	0.1953	0.2201	0.2045	24.6644	3830.6510
72500	0.0680	0.1982	0.2221	0.2066	24.7506	3819.9007
73000	0.0689	0.1997	0.2231	0.2083	24.8366	3809.2197
73500	0.0625	0.1947	0.2186	0.2042	24.9218	3798.6545
74000	0.0682	0.1993	0.2226	0.2091	25.0071	3788.1897
74500	0.0682	0.1991	0.2222	0.2100	25.0955	3777.7531
75000	0.0702	0.2013	0.2243	0.2116	25.1894	3767.3982
75500	0.0717	0.2039	0.2266	0.2146	25.2833	3757.1461
76000	0.0749	0.2054	0.2277	0.2166	25.3667	3746.9757
76500	0.0727	0.2035	0.2259	0.2156	25.4567	3736.8936
77000	0.0764	0.2073	0.2296	0.2188	25.5367	3726.8589
77500	0.0771	0.2076	0.2291	0.2186	25.6095	3716.8893
78000	0.0742	0.2056	0.2274	0.2171	25.6876	3707.0170
78500	0.0788	0.2087	0.2297	0.2195	25.7612	3697.2433
79000	0.0823	0.2116	0.2320	0.2225	25.8225	3687.4923
79500	0.0852	0.2142	0.2338	0.2247	25.8805	3677.8552
80000	0.0901	0.2194	0.2386	0.2289	25.9292	3668.3004
80500	0.0912	0.2206	0.2396	0.2305	25.9776	3658.7786
81000	0.0945	0.2238	0.2418	0.2324	26.0213	3649.3774
81500	0.0987	0.2271	0.2450	0.2358	26.0563	3640.0143
82000	0.0986	0.2268	0.2446	0.2371	26.0920	3630.7049
82500	0.0998	0.2280	0.2456	0.2369	26.1279	3621.5081
83000	0.1024	0.2302	0.2475	0.2395	26.1643	3612.3608
83500	0.1031	0.2327	0.2497	0.2422	26.1833	3603.2840
84000	0.1050	0.2344	0.2510	0.2427	26.2174	3594.2627
84500	0.1051	0.2352	0.2523	0.2440	26.2434	3585.3176
85000	0.1049	0.2354	0.2520	0.2446	26.2705	3576.4542
85500	0.1060	0.2367	0.2531	0.2461	26.3020	3567.6459
86000	0.1004	0.2355	0.2526	0.2441	26.3368	3558.8981
86500	0.1030	0.2368	0.2537	0.2458	26.3689	3550.2161
87000	0.1010	0.2365	0.2532	0.2468	26.4083	3541.6060
87500	0.1039	0.2377	0.2539	0.2481	26.4420	3533.0451
88000	0.1029	0.2395	0.2559	0.2494	26.4811	3524.5416
88500	0.1060	0.2401	0.2559	0.2510	26.5192	3516.1090
89000	0.1064	0.2409	0.2561	0.2515	26.5706	3507.7033
89500	0.1042	0.2401	0.2558	0.2526	26.6194	3499.4199
90000	0.1089	0.2431	0.2578	0.2553	26.6636	3491.1932
90500	0.1073	0.2428	0.2574	0.2555	26.7229	3483.0101
91000	0.1067	0.2412	0.2551	0.2549	26.7799	3474.8691
91500	0.1054	0.2415	0.2553	0.2541	26.8366	3466.7923
92000	0.1106	0.2459	0.2591	0.2567	26.8940	3458.7995
92500	0.1108	0.2452	0.2577	0.2568	26.9601	3450.8261
93000	0.1132	0.2491	0.2617	0.2603	27.0294	3442.9285
93500	0.1117	0.2473	0.2600	0.2593	27.1037	3435.0972
94000	0.1101	0.2468	0.2590	0.2574	27.1866	3427.3290
94500	0.1119	0.2487	0.2603	0.2594	27.2532	3419.6180
95000	0.1118	0.2487	0.2602	0.2592	27.3296	3411.9253
95500	0.1087	0.2471	0.2580	0.2567	27.4151	3404.3158
96000	0.1119	0.2492	0.2599	0.2604	27.5035	3396.7622
96500	0.1128	0.2510	0.2616	0.2615	27.5892	3389.2212
97000	0.1142	0.2527	0.2631	0.2619	27.6739	3381.7750
97500	0.1114	0.2511	0.2615	0.2613	27.7591	3374.3700
98000	0.1119	0.2527	0.2633	0.2637	27.8459	3367.0104
98500	0.1108	0.2538	0.2642	0.2634	27.9360	3359.7045
99000	0.1091	0.2529	0.2638	0.2631	28.0280	3352.4279
99500	0.1088	0.2544	0.2651	0.2648	28.1057	3345.2428
100000	0.1036	0.2511	0.2627	0.2635	28.1882	3338.0887
100500	0.1042	0.2521	0.2631	0.2636	28.2692	3330.9556
101000	0.1026	0.2540	0.2653	0.2657	28.3456	3323.9206
101500	0.0953	0.2481	0.2599	0.2604	28.4175	3316.9204
102000	0.0898	0.2470	0.2600	0.2610	28.4835	3309.9676
102500	0.0934	0.2492	0.2611	0.2624	28.5545	3303.0486
103000	0.0899	0.2494	0.2621	0.2637	28.6212	3296.1775
103500	0.0884	0.2507	0.2638	0.2663	28.6786	3289.3642
104000	0.0842	0.2476	0.2610	0.2624	28.7311	3282.5842
104500	0.0833	0.2487	0.2622	0.2632	28.7937	3275.8558
105000	0.0823	0.2477	0.2615	0.2639	28.8588	3269.1902
105500	0.0852	0.2506	0.2638	0.2666	28.9169	3262.5488
106000	0.0788	0.2467	0.2610	0.2635	28.9811	3255.9704
106500	0.0790	0.2489	0.2634	0.2646	29.0489	3249.4374
107000	0.0811	0.2494	0.2630	0.2662	29.1195	3242.9222
107500	0.0755	0.2469	0.2616	0.2642	29.1756	3236.4562
108000	0.0844	0.2527	0.2658	0.2700	29.2322	3230.0272
108500	0.0896	0.2568	0.2687	0.2733	29.2890	3223.6655
109000	0.0850	0.2531	0.2656	0.2709	29.3450	3217.3287
109500	0.0830	0.2526	0.2650	0.2709	29.4007	3211.0438
110000	0.0892	0.2570	0.2687	0.2755	29.4480	3204.7777
110500	0.0935	0.2591	0.2698	0.2768	29.5034	3198.5597
111000	0.0921	0.2586	0.2697	0.2766	29.5416	3192.4055
111500	0.0968	0.2614	0.2712	0.2787	29.5899	3186.2730
112000	0.1004	0.2651	0.2746	0.2838	29.6340	3180.1800
112500	0.1024	0.2650	0.2735	0.2830	29.6766	3174.1515
113000	0.0946	0.2605	0.2699	0.2769	29.7092	3168.1534
113500	0.0924	0.2600	0.2700	0.2780	29.7466	3162.1906
114000	0.0993	0.2627	0.2715	0.2813	29.7820	3156.2548
114500	0.1076	0.2675	0.2748	0.2863	29.8149	3150.3557
115000	0.1108	0.2694	0.2759	0.2871	29.8501	3144.5234
115500	0.1056	0.2652	0.2725	0.2843	29.8798	3138.7067
116000	0.1063	0.2666	0.2739	0.2844	29.9152	3132.9269
116500	0.1098	0.2678	0.2745	0.2867	29.9480	3127.1988
117000	0.1075	0.2688	0.2755	0.2875	29.9814	3121.5017
117500	0.1093	0.2676	0.2737	0.2869	30.0132	3115.8460
118000	0.1115	0.2694	0.2754	0.2887	30.0541	3110.2320
118500	0.1127	0.2698	0.2751	0.2888	30.0889	3104.6256
119000	0.1090	0.2697	0.2759	0.2882	30.1238	3099.0518
119500	0.1101	0.2696	0.2755	0.2888	30.1648	3093.5446
120000	0.1066	0.2674	0.2737	0.2877	30.2102	3088.0553
120500	0.1112	0.2716	0.2769	0.2908	30.2580	3082.6007
121000	0.1085	0.2683	0.2736	0.2877	30.3055	3077.1861
121500	0.1151	0.2744	0.2791	0.2940	30.3574	3071.7970
122000	0.1158	0.2753	0.2799	0.2959	30.4086	3066.4599
122500	0.1100	0.2712	0.2765	0.2923	30.4655	3061.1297
123000	0.1073	0.2702	0.2757	0.2895	30.5287	3055.8494
123500	0.1152	0.2761	0.2809	0.2966	30.5847	3050.5986
124000	0.1165	0.2780	0.2823	0.2977	30.6477	3045.3604
124500	0.1153	0.2776	0.2819	0.2969	30.7020	3040.1959
125000	0.1168	0.2776	0.2824	0.2983	30.7666	3035.0405
125500	0.1150	0.2778	0.2824	0.2979	30.8295	3029.9291
126000	0.1132	0.2779	0.2826	0.2989	30.8938	3024.8413
126500	0.1171	0.2803	0.2847	0.3005	30.9651	3019.7763
127000	0.1141	0.2786	0.2835	0.2993	31.0288	3014.7565
127500	0.1088	0.2748	0.2806	0.2973	31.0933	3009.7725
128000	0.1162	0.2805	0.2849	0.3013	31.1551	3004.8093
128500	0.1159	0.2814	0.2859	0.3027	31.2235	2999.8717
129000	0.1187	0.2846	0.2885	0.3051	31.2931	2994.9508
129500	0.1130	0.2808	0.2852	0.3015	31.3544	2990.0974
130000	0.1108	0.2801	0.2848	0.3006	31.4147	2985.2430
130500	0.1121	0.2830	0.2880	0.3030	31.4759	2980.4114
131000	0.1123	0.2836	0.2882	0.3025	31.5409	2975.6307
131500	0.1186	0.2872	0.2906	0.3062	31.6048	2970.8603
132000	0.1154	0.2854	0.2889	0.3046	31.6644	2966.1241
132500	0.1160	0.2859	0.2895	0.3048	31.7148	2961.4423
133000	0.1214	0.2892	0.2918	0.3072	31.7656	2956.7567
133500	0.1110	0.2827	0.2867	0.3008	31.8169	2952.1262
134000	0.1187	0.2881	0.2908	0.3064	31.8712	2947.5050
134500	0.1176	0.2874	0.2896	0.3038	31.9237	2942.9209
135000	0.1202	0.2897	0.2920	0.3063	31.9787	2938.3554
135500	0.1176	0.2885	0.2911	0.3050	32.0295	2933.8271
136000	0.1225	0.2913	0.2930	0.3084	32.0818	2929.3042
136500	0.1185	0.2902	0.2923	0.3054	32.1343	2924.8150
137000	0.1204	0.2914	0.2934	0.3075	32.1814	2920.3530
137500	0.1197	0.2922	0.2941	0.3067	32.2322	2915.9232
138000	0.1191	0.2921	0.2939	0.3071	32.2866	2911.5031
138500	0.1193	0.2914	0.2935	0.3060	32.3413	2907.1320
139000	0.1171	0.2918	0.2937	0.3040	32.3976	2902.7639
139500	0.1197	0.2936	0.2951	0.3072	32.4493	2898.4334
140000	0.1210	0.2952	0.2963	0.3081	32.5070	2894.1247
140500	0.1158	0.2930	0.2950	0.3041	32.5519	2889.8399
141000	0.1166	0.2929	0.2943	0.3029	32.6097	2885.6029
141500	0.1197	0.2955	0.2963	0.3054	32.6620	2881.3674
142000	0.1217	0.2967	0.2980	0.3084	32.7082	2877.1679
142500	0.1239	0.2980	0.2997	0.3087	32.7512	2872.9869
143000	0.1266	0.2981	0.2999	0.3103	32.7989	2868.8361
143500	0.1257	0.2973	0.2994	0.3102	32.8494	2864.6958
144000	0.1238	0.2958	0.2979	0.3089	32.8921	2860.5656
144500	0.1272	0.2968	0.2998	0.3105	32.9274	2856.4999
145000	0.1253	0.2976	0.2999	0.3100	32.9648	2852.4290
145500	0.1250	0.2965	0.2994	0.3100	32.9980	2848.3778
146000	0.1284	0.2975	0.3005	0.3131	33.0287	2844.3665
146500	0.1310	0.2979	0.3014	0.3142	33.0658	2840.3718
147000	0.1250	0.2948	0.2974	0.3078	33.1023	2836.3937
147500	0.1288	0.2970	0.3007	0.3113	33.1419	2832.4353
148000	0.1291	0.2971	0.3008	0.3126	33.1703	2828.5064
148500	0.1274	0.2961	0.3001	0.3108	33.2019	2824.5953
149000	0.1267	0.2968	0.3005	0.3128	33.2367	2820.7070
149500	0.1281	0.2976	0.3017	0.3127	33.2640	2816.8369
150000	0.1252	0.2964	0.2998	0.3115	33.3044	2812.9926
150500	0.1247	0.2944	0.2979	0.3107	33.3405	2809.1713
151000	0.1242	0.2947	0.2984	0.3104	33.3804	2805.3619
151500	0.1290	0.2949	0.2996	0.3115	33.4223	2801.5809
152000	0.1244	0.2941	0.2986	0.3119	33.4595	2797.8093
152500	0.1278	0.2965	0.3015	0.3133	33.4985	2794.0638
153000	0.1309	0.2961	0.3018	0.3148	33.5378	2790.3572
153500	0.1261	0.2940	0.2993	0.3108	33.5773	2786.6562
154000	0.1262	0.2913	0.2970	0.3092	33.6269	2782.9808
154500	0.1278	0.2929	0.2985	0.3114	33.6752	2779.3262
155000	0.1295	0.2934	0.2996	0.3108	33.7291	2775.6812
155500	0.1295	0.2934	0.2999	0.3121	33.7838	2772.0641
156000	0.1366	0.2990	0.3062	0.3172	33.8350	2768.4493
156500	0.1296	0.2945	0.3006	0.3125	33.8907	2764.8602
157000	0.1308	0.2955	0.3022	0.3140	33.9511	2761.2875
157500	0.1284	0.2934	0.3000	0.3125	34.0090	2757.7390
158000	0.1240	0.2923	0.2986	0.3093	34.0715	2754.2105
158500	0.1243	0.2909	0.2975	0.3083	34.1367	2750.7064
159000	0.1256	0.2942	0.3007	0.3111	34.2002	2747.2155
159500	0.1209	0.2916	0.2976	0.3087	34.2753	2743.7372
160000	0.1289	0.2968	0.3037	0.3154	34.3450	2740.2817
160500	0.1215	0.2935	0.2996	0.3091	34.4238	2736.8341
161000	0.1193	0.2928	0.2987	0.3069	34.4965	2733.4223
161500	0.1171	0.2933	0.2986	0.3079	34.5779	2730.0175
162000	0.1181	0.2932	0.2992	0.3077	34.6561	2726.6316
162500	0.1145	0.2938	0.2989	0.3075	34.7289	2723.2522
163000	0.1132	0.2927	0.2981	0.3068	34.8045	2719.8985
163500	0.1115	0.2930	0.2977	0.3055	34.8824	2716.5736
164000	0.1095	0.2930	0.2978	0.3061	34.9557	2713.2612
164500	0.1050	0.2918	0.2963	0.3034	35.0300	2709.9580
165000	0.1046	0.2920	0.2965	0.3041	35.0921	2706.6934
165500	0.1037	0.2926	0.2970	0.3035	35.1630	2703.4261
166000	0.0994	0.2928	0.2965	0.3022	35.2429	2700.1615
166500	0.1070	0.2935	0.2989	0.3087	35.3198	2696.9245
167000	0.1106	0.2945	0.3006	0.3094	35.3890	2693.7075
167500	0.1057	0.2924	0.2980	0.3069	35.4472	2690.5044
168000	0.1091	0.2933	0.2997	0.3100	35.5134	2687.3285
168500	0.1059	0.2937	0.2994	0.3091	35.5809	2684.1575
169000	0.0994	0.2909	0.2962	0.3054	35.6480	2681.0074
169500	0.1064	0.2947	0.3009	0.3109	35.7080	2677.8605
170000	0.1066	0.2908	0.2976	0.3088	35.7620	2674.7506
170500	0.1073	0.2921	0.2991	0.3096	35.8193	2671.6363
171000	0.1081	0.2913	0.2989	0.3117	35.8667	2668.5452
171500	0.1134	0.2936	0.3019	0.3148	35.9178	2665.4768
172000	0.1135	0.2946	0.3030	0.3156	35.9665	2662.4119
172500	0.1092	0.2921	0.3002	0.3130	36.0191	2659.3767
173000	0.1128	0.2941	0.3029	0.3145	36.0666	2656.3523
173500	0.1129	0.2928	0.3021	0.3159	36.1183	2653.3292
174000	0.1125	0.2904	0.3000	0.3137	36.1705	2650.3241
174500	0.1100	0.2903	0.2997	0.3133	36.2144	2647.3457
175000	0.1149	0.2914	0.3015	0.3167	36.2612	2644.3899
175500	0.1164	0.2905	0.3012	0.3147	36.3062	2641.4312
176000	0.1205	0.2953	0.3064	0.3203	36.3579	2638.4782
176500	0.1168	0.2932	0.3039	0.3184	36.3990	2635.5512
177000	0.1199	0.2946	0.3057	0.3211	36.4451	2632.6479
177500	0.1208	0.2919	0.3038	0.3191	36.4869	2629.7443
178000	0.1245	0.2954	0.3079	0.3213	36.5287	2626.8530
178500	0.1189	0.2920	0.3038	0.3174	36.5672	2623.9866
179000	0.1217	0.2924	0.3049	0.3195	36.6073	2621.1259
179500	0.1218	0.2924	0.3050	0.3199	36.6429	2618.2777
180000	0.1239	0.2935	0.3064	0.3209	36.6846	2615.4578
180500	0.1193	0.2920	0.3043	0.3198	36.7291	2612.6408
181000	0.1227	0.2946	0.3074	0.3226	36.7795	2609.8294
181500	0.1244	0.2935	0.3069	0.3221	36.8273	2607.0405
182000	0.1255	0.2949	0.3084	0.3239	36.8726	2604.2643
182500	0.1261	0.2956	0.3094	0.3252	36.9209	2601.4970
183000	0.1204	0.2938	0.3064	0.3210	36.9665	2598.7449
183500	0.1212	0.2936	0.3067	0.3218	37.0229	2596.0023
184000	0.1240	0.2959	0.3095	0.3247	37.0763	2593.2696
184500	0.1217	0.2946	0.3076	0.3223	37.1326	2590.5587
185000	0.1166	0.2914	0.3039	0.3188	37.1844	2587.8468
185500	0.1206	0.2937	0.3070	0.3223	37.2354	2585.1581
186000	0.1177	0.2923	0.3053	0.3196	37.2945	2582.4988
186500	0.1163	0.2920	0.3048	0.3181	37.3554	2579.8341
187000	0.1205	0.2933	0.3066	0.3226	37.4195	2577.1780
187500	0.1190	0.2919	0.3054	0.3207	37.4874	2574.5326
188000	0.1140	0.2906	0.3035	0.3185	37.5473	2571.9067
188500	0.1173	0.2917	0.3053	0.3215	37.6068	2569.2984
189000	0.1151	0.2909	0.3042	0.3191	37.6674	2566.6951
189500	0.1160	0.2919	0.3051	0.3188	37.7298	2564.0983
190000	0.1160	0.2909	0.3045	0.3197	37.7870	2561.5197
190500	0.1177	0.2919	0.3056	0.3213	37.8481	2558.9522
191000	0.1181	0.2939	0.3078	0.3225	37.8993	2556.3960
191500	0.1162	0.2908	0.3047	0.3200	37.9553	2553.8509
192000	0.1183	0.2932	0.3075	0.3227	38.0114	2551.3269
192500	0.1174	0.2945	0.3083	0.3231	38.0775	2548.8044
193000	0.1196	0.2952	0.3096	0.3239	38.1359	2546.2864
193500	0.1129	0.2925	0.3059	0.3214	38.1986	2543.7878
194000	0.1154	0.2940	0.3075	0.3229	38.2568	2541.3042
194500	0.1165	0.2952	0.3088	0.3234	38.3131	2538.8299
195000	0.1134	0.2926	0.3061	0.3209	38.3738	2536.3568
195500	0.1063	0.2897	0.3024	0.3154	38.4242	2533.9079
196000	0.1102	0.2928	0.3058	0.3187	38.4800	2531.4627
196500	0.1075	0.2930	0.3058	0.3183	38.5302	2529.0271
197000	0.1072	0.2941	0.3063	0.3191	38.5807	2526.6005
197500	0.1105	0.2935	0.3068	0.3210	38.6286	2524.1884
198000	0.1073	0.2924	0.3055	0.3190	38.6820	2521.7951
198500	0.1136	0.2945	0.3087	0.3245	38.7190	2519.4043
199000	0.1076	0.2920	0.3054	0.3204	38.7554	2517.0197
199500	0.1108	0.2933	0.3073	0.3220	38.7995	2514.6567
200000	0.1127	0.2948	0.3093	0.3240	38.8361	2512.2952
200500	0.1094	0.2927	0.3066	0.3206	38.8826	2509.9524
201000	0.1104	0.2941	0.3086	0.3231	38.9263	2507.6086
201500	0.1121	0.2937	0.3082	0.3234	38.9747	2505.2712
202000	0.1159	0.2938	0.3096	0.3265	39.0130	2502.9629
202500	0.1141	0.2953	0.3108	0.3262	39.0500	2500.6515
203000	0.1149	0.2931	0.3087	0.3258	39.0889	2498.3578
203500	0.1151	0.2922	0.3084	0.3258	39.1224	2496.0652
204000	0.1192	0.2935	0.3106	0.3277	39.1614	2493.7833
204500	0.1100	0.2889	0.3048	0.3209	39.1947	2491.5148
205000	0.1159	0.2901	0.3072	0.3267	39.2269	2489.2534
205500	0.1175	0.2930	0.3100	0.3278	39.2573	2487.0028
206000	0.1192	0.2936	0.3110	0.3293	39.2912	2484.7604
206500	0.1176	0.2913	0.3086	0.3279	39.3282	2482.5200
207000	0.1160	0.2904	0.3077	0.3270	39.3623	2480.3048
207500	0.1172	0.2918	0.3095	0.3271	39.3976	2478.0972
208000	0.1214	0.2940	0.3125	0.3324	39.4324	2475.8968
208500	0.1167	0.2919	0.3096	0.3276	39.4788	2473.7088
209000	0.1178	0.2924	0.3105	0.3283	39.5197	2471.5207
209500	0.1181	0.2925	0.3106	0.3296	39.5547	2469.3422
210000	0.1209	0.2944	0.3129	0.3327	39.5924	2467.1802
210500	0.1166	0.2924	0.3105	0.3273	39.6371	2465.0217
211000	0.1196	0.2946	0.3131	0.3313	39.6861	2462.8805
211500	0.1174	0.2926	0.3106	0.3300	39.7252	2460.7358
212000	0.1165	0.2919	0.3102	0.3300	39.7712	2458.6101
212500	0.1196	0.2939	0.3126	0.3319	39.8197	2456.4890
213000	0.1215	0.2961	0.3152	0.3346	39.8688	2454.3615
213500	0.1194	0.2955	0.3147	0.3321	39.9210	2452.2729
214000	0.1167	0.2932	0.3119	0.3306	39.9695	2450.1764
214500	0.1216	0.2965	0.3157	0.3345	40.0154	2448.0850
215000	0.1234	0.2972	0.3172	0.3362	40.0577	2446.0019
215500	0.1196	0.2954	0.3151	0.3325	40.1080	2443.9297
216000	0.1223	0.2974	0.3171	0.3354	40.1527	2441.8799
216500	0.1237	0.2977	0.3180	0.3367	40.1923	2439.8243
217000	0.1207	0.2958	0.3156	0.3339	40.2336	2437.7815
217500	0.1202	0.2954	0.3154	0.3329	40.2700	2435.7459
218000	0.1216	0.2971	0.3172	0.3348	40.3097	2433.7168
218500	0.1210	0.2967	0.3166	0.3341	40.3579	2431.7017
219000	0.1217	0.2962	0.3164	0.3340	40.3985	2429.6885
219500	0.1220	0.2976	0.3179	0.3353	40.4419	2427.6820
220000	0.1205	0.2975	0.3177	0.3335	40.4807	2425.6792
220500	0.1236	0.2992	0.3198	0.3372	40.5198	2423.6931
221000	0.1211	0.2979	0.3181	0.3371	40.5585	2421.7084
221500	0.1207	0.2982	0.3186	0.3345	40.5912	2419.7346
222000	0.1223	0.3006	0.3211	0.3375	40.6279	2417.7716
222500	0.1205	0.2984	0.3187	0.3351	40.6612	2415.8151
223000	0.1215	0.3002	0.3205	0.3372	40.6959	2413.8727
223500	0.1156	0.2986	0.3183	0.3340	40.7339	2411.9297
224000	0.1175	0.2993	0.3192	0.3349	40.7674	2409.9945
224500	0.1169	0.2997	0.3192	0.3352	40.7979	2408.0756
225000	0.1121	0.2978	0.3168	0.3314	40.8320	2406.1498
225500	0.1158	0.2994	0.3191	0.3334	40.8586	2404.2395
226000	0.1147	0.3008	0.3204	0.3343	40.8891	2402.3377
226500	0.1136	0.2998	0.3192	0.3340	40.9167	2400.4370
227000	0.1026	0.2968	0.3143	0.3262	40.9462	2398.5491
227500	0.1071	0.2986	0.3165	0.3290	40.9751	2396.6672
228000	0.1087	0.3010	0.3190	0.3320	41.0121	2394.7955
228500	0.1065	0.3001	0.3180	0.3304	41.0410	2392.9278
229000	0.1028	0.3008	0.3180	0.3286	41.0666	2391.0646
229500	0.1066	0.3011	0.3191	0.3314	41.0995	2389.2129
230000	0.1064	0.3004	0.3185	0.3298	41.1340	2387.3658
230500	0.1043	0.3025	0.3202	0.3308	41.1661	2385.5331
231000	0.1037	0.3022	0.3198	0.3301	41.1986	2383.6975
231500	0.1045	0.3041	0.3219	0.3328	41.2275	2381.8785
232000	0.1048	0.3020	0.3200	0.3311	41.2578	2380.0561
232500	0.1044	0.3013	0.3195	0.3319	41.2886	2378.2428
233000	0.1081	0.3044	0.3231	0.3347	41.3281	2376.4342
233500	0.0984	0.3040	0.3210	0.3313	41.3541	2374.6412
234000	0.1044	0.3036	0.3219	0.3334	41.3786	2372.8555
234500	0.1024	0.3027	0.3206	0.3327	41.4155	2371.0655
235000	0.0986	0.3033	0.3206	0.3316	41.4426	2369.2924
235500	0.0996	0.3029	0.3203	0.3310	41.4744	2367.5190
236000	0.1008	0.3024	0.3202	0.3327	41.4985	2365.7557
236500	0.0978	0.3023	0.3196	0.3303	41.5243	2363.9944
237000	0.1030	0.3017	0.3205	0.3320	41.5522	2362.2478
237500	0.1052	0.3017	0.3210	0.3338	41.5754	2360.5110
238000	0.1027	0.3034	0.3221	0.3331	41.6001	2358.7710
238500	0.1068	0.3043	0.3237	0.3353	41.6265	2357.0428
239000	0.1027	0.3027	0.3214	0.3340	41.6540	2355.3223
239500	0.1085	0.3025	0.3226	0.3368	41.6821	2353.6048
240000	0.1084	0.3025	0.3229	0.3363	41.7056	2351.8962
240500	0.1088	0.3026	0.3229	0.3368	41.7312	2350.1952
241000	0.1156	0.3025	0.3241	0.3406	41.7505	2348.5015
241500	0.1149	0.3040	0.3252	0.3417	41.7773	2346.8034
242000	0.1091	0.3025	0.3229	0.3379	41.8032	2345.1173
242500	0.1100	0.3008	0.3218	0.3367	41.8283	2343.4355
243000	0.1097	0.3003	0.3212	0.3371	41.8442	2341.7628
243500	0.1149	0.3013	0.3229	0.3402	41.8738	2340.0967
244000	0.1075	0.2994	0.3200	0.3354	41.9023	2338.4388
244500	0.1162	0.3013	0.3235	0.3408	41.9328	2336.7847
245000	0.1162	0.3013	0.3233	0.3404	41.9644	2335.1321
245500	0.1186	0.3000	0.3230	0.3410	41.9847	2333.4875
246000	0.1140	0.2980	0.3201	0.3384	42.0186	2331.8579
246500	0.1094	0.2975	0.3187	0.3364	42.0483	2330.2273
247000	0.1145	0.2977	0.3199	0.3385	42.0744	2328.6051
247500	0.1131	0.2987	0.3211	0.3384	42.1010	2326.9766
248000	0.1183	0.2988	0.3219	0.3409	42.1237	2325.3694
248500	0.1145	0.2964	0.3189	0.3377	42.1548	2323.7602
249000	0.1131	0.2964	0.3188	0.3381	42.1846	2322.1553
249500	0.1138	0.2961	0.3188	0.3383	42.2161	2320.5636
