DIM=2
500	0.0000	0.0028	0.0057	0.0412	1.4277	9056.1689
1000	0.0000	0.0005	0.0010	0.0390	1.4307	9037.4283
1500	0.0000	0.0001	0.0004	0.0387	1.4358	9025.6764
2000	0.0000	0.0001	0.0003	0.0386	1.4423	9020.3066
2500	0.0000	0.0000	0.0001	0.0385	1.4502	9017.3037
3000	0.0000	0.0000	0.0001	0.0385	1.4581	9006.7980
3500	0.0000	0.0000	0.0001	0.0385	1.4681	9002.4321
4000	0.0000	0.0000	0.0001	0.0385	1.4795	8997.6151
4500	0.0000	0.0000	0.0001	0.0385	1.4917	8991.4895
5000	0.0000	0.0000	0.0001	0.0385	1.5049	8984.5384
5500	0.0000	0.0000	0.0001	0.0385	1.5191	8977.3942
6000	0.0000	0.0000	0.0001	0.0385	1.5341	8971.2784
6500	0.0000	0.0000	0.0001	0.0385	1.5502	8965.3522
7000	0.0000	0.0000	0.0001	0.0385	1.5669	8958.0853
7500	0.0000	0.0000	0.0001	0.0385	1.5840	8952.5654
8000	0.0000	0.0000	0.0001	0.0385	1.6018	8945.8909
8500	0.0000	0.0000	0.0001	0.0385	1.6191	8939.3536
9000	0.0000	0.0000	0.0001	0.0385	1.6365	8934.2051
9500	0.0000	0.0000	0.0001	0.0385	1.6539	8927.1291
10000	0.0000	0.0000	0.0001	0.0385	1.6710	8920.8693
10500	0.0000	0.0000	0.0001	0.0385	1.6868	8914.3590
11000	0.0000	0.0000	0.0001	0.0385	1.7018	8908.0577
11500	0.0000	0.0000	0.0001	0.0385	1.7151	8902.2315
12000	0.0000	0.0000	0.0001	0.0385	1.7268	8895.3668
12500	0.0000	0.0000	0.0001	0.0385	1.7354	8889.5964
13000	0.0000	0.0000	0.0001	0.0385	1.7413	8883.2159
13500	0.0000	0.0000	0.0001	0.0385	1.7454	8877.3557
14000	0.0000	0.0000	0.0001	0.0385	1.7475	8870.2513
14500	0.0000	0.0000	0.0001	0.0385	1.7486	8864.7949
15000	0.0000	0.0000	0.0001	0.0385	1.7492	8858.5329
15500	0.0000	0.0000	0.0001	0.0385	1.7496	8852.1874
16000	0.0000	0.0000	0.0001	0.0385	1.7499	8846.2826
16500	0.0000	0.0000	0.0001	0.0385	1.7496	8840.4995
17000	0.0000	0.0000	0.0001	0.0385	1.7498	8833.8803
17500	0.0000	0.0000	0.0001	0.0385	1.7510	8827.9016
18000	0.0000	0.0000	0.0001	0.0385	1.7521	8821.5855
18500	0.0000	0.0000	0.0001	0.0385	1.7523	8815.4883
19000	0.0000	0.0000	0.0001	0.0385	1.7523	8809.7428
19500	0.0000	0.0000	0.0001	0.0385	1.7528	8803.3472
20000	0.0000	0.0000	0.0001	0.0385	1.7526	8797.3537
20500	0.0000	0.0000	0.0001	0.0385	1.7537	8790.7119
21000	0.0000	0.0000	0.0001	0.0385	1.7545	8784.8708
21500	0.0000	0.0000	0.0001	0.0385	1.7546	8778.8606
22000	0.0000	0.0000	0.0001	0.0385	1.7553	8772.5970
22500	0.0000	-0.0000	0.0000	0.0385	1.7536	8767.2654
23000	0.0000	-0.0000	0.0000	0.0385	1.7542	8761.0119
23500	0.0000	-0.0000	0.0000	0.0385	1.7547	8755.3688
24000	0.0000	-0.0000	0.0000	0.0385	1.7560	8749.0733
24500	0.0000	-0.0000	0.0000	0.0385	1.7566	8742.7656
25000	0.0000	-0.0000	0.0000	0.0385	1.7581	8737.0724
25500	0.0000	-0.0000	0.0000	0.0385	1.7590	8731.1684
26000	0.0000	-0.0000	0.0000	0.0385	1.7596	8725.2319
26500	0.0000	-0.0000	0.0000	0.0385	1.7596	8719.3434
27000	0.0000	-0.0000	0.0000	0.0385	1.7602	8713.3770
27500	0.0000	-0.0000	0.0000	0.0385	1.7609	8707.5713
28000	0.0000	-0.0000	0.0000	0.0385	1.7620	8701.6304
28500	0.0000	-0.0000	0.0000	0.0385	1.7623	8695.6120
29000	0.0000	-0.0000	0.0000	0.0385	1.7629	8689.9421
29500	0.0000	-0.0000	0.0000	0.0385	1.7629	8683.9757
30000	0.0000	-0.0000	0.0000	0.0385	1.7629	8678.0594
30500	0.0000	-0.0000	0.0000	0.0385	1.7636	8672.3371
31000	0.0000	-0.0000	0.0000	0.0385	1.7655	8666.2415
31500	0.0000	-0.0000	0.0000	0.0385	1.7662	8660.3750
32000	0.0000	-0.0000	0.0000	0.0385	1.7669	8654.5474
32500	0.0000	-0.0000	0.0000	0.0385	1.7660	8648.9247
33000	0.0000	-0.0000	0.0000	0.0385	1.7680	8643.0222
33500	0.0000	-0.0000	0.0000	0.0385	1.7681	8637.2868
34000	0.0000	-0.0000	0.0000	0.0385	1.7688	8631.4111
34500	0.0000	-0.0000	0.0000	0.0385	1.7688	8625.5600
35000	0.0000	-0.0000	0.0000	0.0385	1.7691	8619.8104
35500	0.0000	-0.0000	0.0000	0.0385	1.7702	8614.0924
36000	0.0000	-0.0000	0.0000	0.0385	1.7722	8608.4456
36500	0.0000	-0.0000	0.0000	0.0385	1.7722	8602.6349
37000	0.0000	-0.0000	0.0000	0.0385	1.7730	8596.9439
37500	0.0000	-0.0000	0.0000	0.0385	1.7724	8591.1746
38000	0.0000	-0.0000	0.0000	0.0385	1.7745	8585.5072
38500	0.0000	-0.0000	0.0000	0.0385	1.7753	8579.5396
39000	0.0000	-0.0000	0.0000	0.0385	1.7760	8573.9836
39500	0.0000	-0.0000	0.0000	0.0385	1.7758	8568.4016
40000	0.0000	-0.0000	0.0000	0.0385	1.7758	8562.7045
40500	0.0000	-0.0000	0.0000	0.0385	1.7774	8557.2169
41000	0.0000	-0.0000	0.0000	0.0385	1.7791	8551.3297
41500	0.0000	-0.0000	0.0000	0.0385	1.7800	8545.7885
42000	0.0000	-0.0000	0.0000	0.0385	1.7808	8540.1844
42500	0.0000	-0.0000	0.0000	0.0385	1.7794	8534.4232
43000	0.0000	-0.0000	0.0000	0.0385	1.7817	8528.8541
43500	0.0000	-0.0000	0.0000	0.0385	1.7826	8523.1643
44000	0.0000	-0.0000	0.0000	0.0385	1.7817	8517.5906
44500	0.0000	-0.0000	0.0000	0.0385	1.7827	8511.9998
45000	0.0000	-0.0000	0.0000	0.0385	1.7836	8506.3819
45500	0.0000	-0.0000	0.0000	0.0385	1.7861	8500.8770
46000	0.0000	-0.0000	0.0000	0.0385	1.7861	8495.2711
46500	0.0000	-0.0000	0.0000	0.0385	1.7856	8489.8318
47000	0.0000	-0.0000	0.0000	0.0385	1.7856	8484.1193
47500	0.0000	-0.0000	0.0000	0.0385	1.7875	8478.6998
48000	0.0000	-0.0000	0.0000	0.0385	1.7883	8473.0155
48500	0.0000	-0.0000	0.0000	0.0385	1.7910	8467.5571
49000	0.0000	-0.0000	0.0000	0.0385	1.7919	8462.1323
49500	0.0000	-0.0000	0.0000	0.0385	1.7919	8456.4347
50000	0.0000	-0.0000	0.0000	0.0385	1.7915	8451.0013
50500	0.0000	-0.0000	0.0000	0.0385	1.7930	8445.5066
51000	0.0000	-0.0000	0.0000	0.0385	1.7951	8440.1401
51500	0.0000	-0.0000	0.0000	0.0385	1.7951	8434.5875
52000	0.0000	-0.0000	0.0000	0.0385	1.7965	8429.1628
52500	0.0000	-0.0000	0.0000	0.0385	1.7966	8423.8352
53000	0.0000	-0.0000	0.0000	0.0385	1.7967	8418.3669
53500	0.0000	-0.0000	0.0000	0.0385	1.7995	8412.9145
54000	0.0000	-0.0000	0.0000	0.0385	1.7984	8407.5328
54500	0.0000	-0.0000	0.0000	0.0385	1.8005	8402.1711
55000	0.0000	-0.0000	0.0000	0.0385	1.8005	8396.7591
55500	0.0000	-0.0000	0.0000	0.0385	1.8031	8391.3970
56000	0.0000	-0.0000	0.0000	0.0385	1.8031	8385.9253
56500	0.0000	-0.0000	0.0000	0.0385	1.8039	8380.4662
57000	0.0000	-0.0000	0.0000	0.0385	1.8039	8375.1584
57500	0.0000	-0.0000	0.0000	0.0385	1.8050	8369.8423
58000	0.0000	-0.0000	0.0000	0.0385	1.8078	8364.4163
58500	0.0000	-0.0000	0.0000	0.0385	1.8089	8359.0379
59000	0.0000	-0.0000	0.0000	0.0385	1.8089	8353.8807
59500	0.0000	-0.0000	0.0000	0.0385	1.8089	8348.6484
60000	0.0000	-0.0000	0.0000	0.0385	1.8100	8343.1487
60500	0.0000	-0.0000	0.0000	0.0385	1.8114	8337.8746
61000	0.0000	-0.0000	0.0000	0.0385	1.8140	8332.6674
61500	0.0000	-0.0000	0.0000	0.0385	1.8129	8327.4589
62000	0.0000	-0.0000	0.0000	0.0385	1.8151	8322.2358
62500	0.0000	-0.0000	0.0000	0.0385	1.8176	8316.7828
63000	0.0000	-0.0000	0.0000	0.0385	1.8177	8311.4795
63500	0.0000	-0.0000	0.0000	0.0385	1.8189	8306.3781
64000	0.0000	-0.0000	0.0000	0.0385	1.8200	8301.2396
64500	0.0000	-0.0000	0.0000	0.0385	1.8212	8295.9939
65000	0.0000	-0.0000	0.0000	0.0385	1.8199	8290.6251
65500	0.0000	-0.0000	0.0000	0.0385	1.8228	8285.3968
66000	0.0000	-0.0000	0.0000	0.0385	1.8240	8280.2736
66500	0.0000	-0.0000	0.0000	0.0385	1.8263	8275.1430
67000	0.0000	-0.0000	0.0000	0.0385	1.8263	8269.8643
67500	0.0000	-0.0000	0.0000	0.0385	1.8251	8264.7438
68000	0.0000	-0.0000	0.0000	0.0385	1.8264	8259.5394
68500	0.0000	-0.0000	0.0000	0.0385	1.8295	8254.3581
69000	0.0000	-0.0000	0.0000	0.0385	1.8296	8249.1615
69500	0.0000	-0.0000	0.0000	0.0385	1.8300	8244.0190
70000	0.0000	-0.0000	0.0000	0.0385	1.8326	8238.9648
70500	0.0000	-0.0000	0.0000	0.0385	1.8338	8233.7690
71000	0.0000	-0.0000	0.0000	0.0385	1.8338	8228.7245
71500	0.0000	-0.0000	0.0000	0.0385	1.8351	8223.5885
72000	0.0000	-0.0000	0.0000	0.0385	1.8353	8218.5339
72500	0.0000	-0.0000	0.0000	0.0385	1.8389	8213.4876
73000	0.0000	-0.0000	0.0000	0.0385	1.8395	8208.3916
73500	0.0000	-0.0000	0.0000	0.0385	1.8408	8203.3666
74000	0.0000	-0.0000	0.0000	0.0385	1.8421	8198.3215
74500	0.0000	-0.0000	0.0000	0.0385	1.8422	8193.2995
75000	0.0000	-0.0000	0.0000	0.0385	1.8422	8188.2554
75500	0.0000	-0.0000	0.0000	0.0385	1.8453	8183.1620
76000	0.0000	-0.0000	0.0000	0.0385	1.8467	8178.0597
76500	0.0000	-0.0000	0.0000	0.0385	1.8467	8173.1019
77000	0.0000	-0.0000	0.0000	0.0385	1.8484	8168.1270
77500	0.0000	-0.0000	0.0000	0.0385	1.8484	8163.1095
78000	0.0000	-0.0000	0.0000	0.0385	1.8484	8158.1851
78500	0.0000	-0.0000	0.0000	0.0385	1.8499	8153.1347
79000	0.0000	-0.0000	0.0000	0.0385	1.8555	8148.1912
79500	0.0000	-0.0000	0.0000	0.0385	1.8555	8143.2109
80000	0.0000	-0.0000	0.0000	0.0385	1.8543	8138.1844
80500	0.0000	-0.0000	0.0000	0.0385	1.8559	8133.2581
81000	0.0000	-0.0000	0.0000	0.0385	1.8589	8128.3202
81500	0.0000	-0.0000	0.0000	0.0385	1.8580	8123.4203
82000	0.0000	-0.0000	0.0000	0.0385	1.8596	8118.4756
82500	0.0000	-0.0000	0.0000	0.0385	1.8610	8113.6772
83000	0.0000	-0.0000	0.0000	0.0385	1.8640	8108.8366
83500	0.0000	-0.0000	0.0000	0.0385	1.8654	8103.8084
84000	0.0000	-0.0000	0.0000	0.0385	1.8668	8098.9423
84500	0.0000	-0.0000	0.0000	0.0385	1.8668	8094.0821
85000	0.0000	-0.0000	0.0000	0.0385	1.8671	8089.2421
85500	0.0000	-0.0000	0.0000	0.0385	1.8701	8084.4052
86000	0.0000	-0.0000	0.0000	0.0385	1.8716	8079.4795
86500	0.0000	-0.0000	0.0000	0.0385	1.8716	8074.6131
87000	0.0000	-0.0000	0.0000	0.0385	1.8724	8069.7215
87500	0.0000	-0.0000	0.0000	0.0385	1.8765	8065.0266
88000	0.0000	-0.0000	0.0000	0.0385	1.8765	8060.1200
88500	0.0000	-0.0000	0.0000	0.0385	1.8783	8055.3398
89000	0.0000	-0.0000	0.0000	0.0385	1.8783	8050.6029
89500	0.0000	-0.0000	0.0000	0.0385	1.8801	8045.8387
90000	0.0000	-0.0000	0.0000	0.0385	1.8805	8040.9663
90500	0.0000	-0.0000	0.0000	0.0385	1.8833	8036.1310
91000	0.0000	-0.0000	0.0000	0.0385	1.8848	8031.4454
91500	0.0000	-0.0000	0.0000	0.0385	1.8848	8026.6270
92000	0.0000	-0.0000	0.0000	0.0385	1.8865	8021.9149
92500	0.0000	-0.0000	0.0000	0.0385	1.8872	8017.2271
93000	0.0000	-0.0000	0.0000	0.0385	1.8872	8012.5967
93500	0.0000	-0.0000	0.0000	0.0385	1.8921	8007.7718
94000	0.0000	-0.0000	0.0000	0.0385	1.8923	8003.0045
94500	0.0000	-0.0000	0.0000	0.0385	1.8940	7998.2781
95000	0.0000	-0.0000	0.0000	0.0385	1.8971	7993.5439
95500	0.0000	-0.0000	0.0000	0.0385	1.8985	7988.8844
96000	0.0000	-0.0000	0.0000	0.0385	1.8985	7984.2168
96500	0.0000	-0.0000	0.0000	0.0385	1.8985	7979.5773
97000	0.0000	-0.0000	0.0000	0.0385	1.9010	7974.8932
97500	0.0000	-0.0000	0.0000	0.0385	1.9010	7970.2647
98000	0.0000	-0.0000	0.0000	0.0385	1.9010	7965.6823
98500	0.0000	-0.0000	0.0000	0.0385	1.9063	7960.9648
99000	0.0000	-0.0000	0.0000	0.0385	1.9070	7956.2679
99500	0.0000	-0.0000	0.0000	0.0385	1.9086	7951.6682
100000	0.0000	-0.0000	0.0000	0.0385	1.9102	7947.0267
100500	0.0000	-0.0000	0.0000	0.0385	1.9116	7942.4768
101000	0.0000	-0.0000	0.0000	0.0385	1.9132	7937.8273
101500	0.0000	-0.0000	0.0000	0.0385	1.9150	7933.2051
102000	0.0000	-0.0000	0.0000	0.0385	1.9155	7928.7052
102500	0.0000	-0.0000	0.0000	0.0385	1.9155	7924.0857
103000	0.0000	-0.0000	0.0000	0.0385	1.9172	7919.4965
103500	0.0000	-0.0000	0.0000	0.0385	1.9208	7914.9846
104000	0.0000	-0.0000	0.0000	0.0385	1.9208	7910.3939
104500	0.0000	-0.0000	0.0000	0.0385	1.9243	7905.8826
105000	0.0000	-0.0000	0.0000	0.0385	1.9242	7901.3597
105500	0.0000	-0.0000	0.0000	0.0385	1.9249	7896.8849
106000	0.0000	-0.0000	0.0000	0.0385	1.9285	7892.2870
106500	0.0000	-0.0000	0.0000	0.0385	1.9302	7887.8234
107000	0.0000	-0.0000	0.0000	0.0385	1.9302	7883.3633
107500	0.0000	-0.0000	0.0000	0.0385	1.9312	7878.8370
108000	0.0000	-0.0000	0.0000	0.0385	1.9326	7874.2284
108500	0.0000	-0.0000	0.0000	0.0385	1.9363	7869.8324
109000	0.0000	-0.0000	0.0000	0.0385	1.9384	7865.3932
109500	0.0000	-0.0000	0.0000	0.0385	1.9384	7860.9249
110000	0.0000	-0.0000	0.0000	0.0385	1.9402	7856.4837
110500	0.0000	-0.0000	0.0000	0.0385	1.9420	7852.0515
111000	0.0000	-0.0000	0.0000	0.0385	1.9439	7847.6033
111500	0.0000	-0.0000	0.0000	0.0385	1.9458	7843.1308
112000	0.0000	-0.0000	0.0000	0.0385	1.9448	7838.7111
112500	0.0000	-0.0000	0.0000	0.0385	1.9484	7834.3286
113000	0.0000	-0.0000	0.0000	0.0385	1.9501	7829.9270
113500	0.0000	-0.0000	0.0000	0.0385	1.9515	7825.4989
114000	0.0000	-0.0000	0.0000	0.0385	1.9552	7821.0656
114500	0.0000	-0.0000	0.0000	0.0385	1.9552	7816.7111
115000	0.0000	-0.0000	0.0000	0.0385	1.9542	7812.3475
115500	0.0000	-0.0000	0.0000	0.0385	1.9563	7808.0191
116000	0.0000	-0.0000	0.0000	0.0385	1.9600	7803.6570
116500	0.0000	-0.0000	0.0000	0.0385	1.9600	7799.2858
117000	0.0000	-0.0000	0.0000	0.0385	1.9630	7794.9810
117500	0.0000	-0.0000	0.0000	0.0385	1.9643	7790.6100
118000	0.0000	-0.0000	0.0000	0.0385	1.9645	7786.2691
118500	0.0000	-0.0000	0.0000	0.0385	1.9682	7781.9683
119000	0.0000	-0.0000	0.0000	0.0385	1.9674	7777.7471
119500	0.0000	-0.0000	0.0000	0.0385	1.9695	7773.4022
120000	0.0000	-0.0000	0.0000	0.0385	1.9731	7769.0922
120500	0.0000	-0.0000	0.0000	0.0385	1.9748	7764.7830
121000	0.0000	-0.0000	0.0000	0.0385	1.9767	7760.5074
121500	0.0000	-0.0000	0.0000	0.0385	1.9778	7756.1902
122000	0.0000	-0.0000	0.0000	0.0385	1.9778	7751.9076
122500	0.0000	-0.0000	0.0000	0.0385	1.9798	7747.7455
123000	0.0000	-0.0000	0.0000	0.0385	1.9834	7743.4539
123500	0.0000	-0.0000	0.0000	0.0385	1.9850	7739.2396
124000	0.0000	-0.0000	0.0000	0.0385	1.9861	7735.0304
124500	0.0000	-0.0000	0.0000	0.0385	1.9881	7730.7818
125000	0.0000	-0.0000	0.0000	0.0385	1.9881	7726.5927
125500	0.0000	-0.0000	0.0000	0.0385	1.9919	7722.3863
126000	0.0000	-0.0000	0.0000	0.0385	1.9940	7718.1854
126500	0.0000	-0.0000	0.0000	0.0385	1.9940	7714.0102
127000	0.0000	-0.0000	0.0000	0.0385	1.9969	7709.8028
127500	0.0000	-0.0000	0.0000	0.0385	1.9985	7705.5925
128000	0.0000	-0.0000	0.0000	0.0385	2.0005	7701.4423
128500	0.0000	-0.0000	0.0000	0.0385	2.0027	7697.3085
129000	0.0000	-0.0000	0.0000	0.0385	2.0027	7693.1583
129500	0.0000	-0.0000	0.0000	0.0385	2.0040	7688.9812
130000	0.0000	-0.0000	0.0000	0.0385	2.0075	7684.8538
130500	0.0000	-0.0000	0.0000	0.0385	2.0112	7680.7517
131000	0.0000	-0.0000	0.0000	0.0385	2.0112	7676.6319
131500	0.0000	-0.0000	0.0000	0.0385	2.0133	7672.5258
132000	0.0000	-0.0000	0.0000	0.0385	2.0144	7668.4154
132500	0.0000	-0.0000	0.0000	0.0385	2.0178	7664.2793
133000	0.0000	-0.0000	0.0000	0.0385	2.0182	7660.2300
133500	0.0000	-0.0000	0.0000	0.0385	2.0204	7656.1356
134000	0.0000	-0.0000	0.0000	0.0385	2.0217	7652.0877
134500	0.0000	-0.0000	0.0000	0.0385	2.0217	7647.9990
135000	0.0000	-0.0000	0.0000	0.0385	2.0258	7643.9425
135500	0.0000	-0.0000	0.0000	0.0385	2.0258	7639.9209
136000	0.0000	-0.0000	0.0000	0.0385	2.0299	7635.8560
136500	0.0000	-0.0000	0.0000	0.0385	2.0290	7631.7999
137000	0.0000	-0.0000	0.0000	0.0385	2.0332	7627.7483
137500	0.0000	-0.0000	0.0000	0.0385	2.0332	7623.7882
138000	0.0000	-0.0000	0.0000	0.0385	2.0388	7619.7490
138500	0.0000	-0.0000	0.0000	0.0385	2.0388	7615.7565
139000	0.0000	-0.0000	0.0000	0.0385	2.0401	7611.7576
139500	0.0000	-0.0000	0.0000	0.0385	2.0422	7607.8062
140000	0.0000	-0.0000	0.0000	0.0385	2.0422	7603.7817
140500	0.0000	-0.0000	0.0000	0.0385	2.0463	7599.8210
141000	0.0000	-0.0000	0.0000	0.0385	2.0483	7595.8433
141500	0.0000	-0.0000	0.0000	0.0385	2.0522	7591.8600
142000	0.0000	-0.0000	0.0000	0.0385	2.0513	7587.9196
142500	0.0000	-0.0000	0.0000	0.0385	2.0513	7583.9893
143000	0.0000	-0.0000	0.0000	0.0385	2.0537	7580.0799
143500	0.0000	-0.0000	0.0000	0.0385	2.0577	7576.1219
144000	0.0000	-0.0000	0.0000	0.0385	2.0610	7572.2023
144500	0.0000	-0.0000	0.0000	0.0385	2.0610	7568.2782
145000	0.0000	-0.0000	0.0000	0.0385	2.0610	7564.4076
145500	0.0000	-0.0000	0.0000	0.0385	2.0625	7560.4885
146000	0.0000	-0.0000	0.0000	0.0385	2.0651	7556.5932
146500	0.0000	-0.0000	0.0000	0.0385	2.0665	7552.7008
147000	0.0000	-0.0000	0.0000	0.0385	2.0708	7548.8317
147500	0.0000	-0.0000	0.0000	0.0385	2.0728	7544.9538
148000	0.0000	-0.0000	0.0000	0.0385	2.0766	7541.1245
148500	0.0000	-0.0000	0.0000	0.0385	2.0766	7537.2654
149000	0.0000	-0.0000	0.0000	0.0385	2.0766	7533.4023
149500	0.0000	-0.0000	0.0000	0.0385	2.0792	7529.5713
150000	0.0000	-0.0000	0.0000	0.0385	2.0819	7525.7638
150500	0.0000	-0.0000	0.0000	0.0385	2.0842	7521.9264
151000	0.0000	-0.0000	0.0000	0.0385	2.0863	7518.1094
151500	0.0000	-0.0000	0.0000	0.0385	2.0879	7514.2989
152000	0.0000	-0.0000	0.0000	0.0385	2.0901	7510.5159
152500	0.0000	-0.0000	0.0000	0.0385	2.0901	7506.7293
153000	0.0000	-0.0000	0.0000	0.0385	2.0962	7502.9497
153500	0.0000	-0.0000	0.0000	0.0385	2.0962	7499.1362
154000	0.0000	-0.0000	0.0000	0.0385	2.0985	7495.3774
154500	0.0000	-0.0000	0.0000	0.0385	2.1007	7491.6120
155000	0.0000	-0.0000	0.0000	0.0385	2.1022	7487.8388
155500	0.0000	-0.0000	0.0000	0.0385	2.1044	7484.0902
156000	0.0000	-0.0000	0.0000	0.0385	2.1061	7480.3558
156500	0.0000	-0.0000	0.0000	0.0385	2.1065	7476.6240
157000	0.0000	-0.0000	0.0000	0.0385	2.1104	7472.8851
157500	0.0000	-0.0000	0.0000	0.0385	2.1112	7469.1963
158000	0.0000	-0.0000	0.0000	0.0385	2.1143	7465.4790
158500	0.0000	-0.0000	0.0000	0.0385	2.1166	7461.7593
159000	0.0000	-0.0000	0.0000	0.0385	2.1158	7458.0451
159500	0.0000	-0.0000	0.0000	0.0385	2.1183	7454.3689
160000	0.0000	-0.0000	0.0000	0.0385	2.1227	7450.7060
160500	0.0000	-0.0000	0.0000	0.0385	2.1266	7447.0327
161000	0.0000	-0.0000	0.0000	0.0385	2.1266	7443.3472
161500	0.0000	-0.0000	0.0000	0.0385	2.1291	7439.7082
162000	0.0000	-0.0000	0.0000	0.0385	2.1313	7436.0088
162500	0.0000	-0.0000	0.0000	0.0385	2.1304	7432.3812
163000	0.0000	-0.0000	0.0000	0.0385	2.1320	7428.7266
163500	0.0000	-0.0000	0.0000	0.0385	2.1371	7425.1259
164000	0.0000	-0.0000	0.0000	0.0385	2.1366	7421.4741
164500	0.0000	-0.0000	0.0000	0.0385	2.1414	7417.8560
165000	0.0000	-0.0000	0.0000	0.0385	2.1414	7414.2506
165500	0.0000	-0.0000	0.0000	0.0385	2.1430	7410.6518
166000	0.0000	-0.0000	0.0000	0.0385	2.1478	7407.0654
166500	0.0000	-0.0000	0.0000	0.0385	2.1493	7403.5067
167000	0.0000	-0.0000	0.0000	0.0385	2.1493	7399.8947
167500	0.0000	-0.0000	0.0000	0.0385	2.1517	7396.3096
168000	0.0000	-0.0000	0.0000	0.0385	2.1578	7392.7472
168500	0.0000	-0.0000	0.0000	0.0385	2.1578	7389.1986
169000	0.0000	-0.0000	0.0000	0.0385	2.1603	7385.6390
169500	0.0000	-0.0000	0.0000	0.0385	2.1619	7382.0916
170000	0.0000	-0.0000	0.0000	0.0385	2.1619	7378.5486
170500	0.0000	-0.0000	0.0000	0.0385	2.1644	7375.0560
171000	0.0000	-0.0000	0.0000	0.0385	2.1685	7371.5151
171500	0.0000	-0.0000	0.0000	0.0385	2.1710	7367.9917
172000	0.0000	-0.0000	0.0000	0.0385	2.1727	7364.5111
172500	0.0000	-0.0000	0.0000	0.0385	2.1751	7360.9944
173000	0.0000	-0.0000	0.0000	0.0385	2.1773	7357.5167
173500	0.0000	-0.0000	0.0000	0.0385	2.1789	7354.0030
174000	0.0000	-0.0000	0.0000	0.0385	2.1782	7350.5497
174500	0.0000	-0.0000	0.0000	0.0385	2.1833	7347.0764
175000	0.0000	-0.0000	0.0000	0.0385	2.1833	7343.5899
175500	0.0000	-0.0000	0.0000	0.0385	2.1877	7340.1122
176000	0.0000	-0.0000	0.0000	0.0385	2.1900	7336.6708
176500	0.0000	-0.0000	0.0000	0.0385	2.1924	7333.2285
177000	0.0000	-0.0000	0.0000	0.0385	2.1949	7329.7889
177500	0.0000	-0.0000	0.0000	0.0385	2.1963	7326.3695
178000	0.0000	-0.0000	0.0000	0.0385	2.1979	7322.9537
178500	0.0000	-0.0000	0.0000	0.0385	2.2007	7319.5216
179000	0.0000	-0.0000	0.0000	0.0385	2.2025	7316.1022
179500	0.0000	-0.0000	0.0000	0.0385	2.2050	7312.7320
180000	0.0000	-0.0000	0.0000	0.0385	2.2075	7309.3177
180500	0.0000	-0.0000	0.0000	0.0385	2.2075	7305.9212
181000	0.0000	-0.0000	0.0000	0.0385	2.2119	7302.5515
181500	0.0000	-0.0000	0.0000	0.0385	2.2145	7299.1960
182000	0.0000	-0.0000	0.0000	0.0385	2.2145	7295.8001
182500	0.0000	-0.0000	0.0000	0.0385	2.2163	7292.4525
183000	0.0000	-0.0000	0.0000	0.0385	2.2225	7289.0855
183500	0.0000	-0.0000	0.0000	0.0385	2.2225	7285.7421
184000	0.0000	-0.0000	0.0000	0.0385	2.2251	7282.3922
184500	0.0000	-0.0000	0.0000	0.0385	2.2270	7279.0830
185000	0.0000	-0.0000	0.0000	0.0385	2.2270	7275.7701
185500	0.0000	-0.0000	0.0000	0.0385	2.2297	7272.4310
186000	0.0000	-0.0000	0.0000	0.0385	2.2341	7269.1320
186500	0.0000	-0.0000	0.0000	0.0385	2.2366	7265.8328
187000	0.0000	-0.0000	0.0000	0.0385	2.2385	7262.5215
187500	0.0000	-0.0000	0.0000	0.0385	2.2410	7259.2307
188000	0.0000	-0.0000	0.0000	0.0385	2.2411	7255.9289
188500	0.0000	-0.0000	0.0000	0.0385	2.2454	7252.6625
189000	0.0000	-0.0000	0.0000	0.0385	2.2475	7249.3797
189500	0.0000	-0.0000	0.0000	0.0385	2.2499	7246.1240
190000	0.0000	-0.0000	0.0000	0.0385	2.2523	7242.8685
190500	0.0000	-0.0000	0.0000	0.0385	2.2561	7239.6270
191000	0.0000	-0.0000	0.0000	0.0385	2.2561	7236.3838
191500	0.0000	-0.0000	0.0000	0.0385	2.2590	7233.1467
192000	0.0000	-0.0000	0.0000	0.0385	2.2609	7229.9149
192500	0.0000	-0.0000	0.0000	0.0385	2.2609	7226.7097
193000	0.0000	-0.0000	0.0000	0.0385	2.2626	7223.4845
193500	0.0000	-0.0000	0.0000	0.0385	2.2682	7220.2733
194000	0.0000	-0.0000	0.0000	0.0385	2.2682	7217.0570
194500	0.0000	-0.0000	0.0000	0.0385	2.2704	7213.8897
195000	0.0000	-0.0000	0.0000	0.0385	2.2745	7210.6998
195500	0.0000	-0.0000	0.0000	0.0385	2.2745	7207.5081
196000	0.0000	-0.0000	0.0000	0.0385	2.2797	7204.3376
196500	0.0000	-0.0000	0.0000	0.0385	2.2817	7201.1828
197000	0.0000	-0.0000	0.0000	0.0385	2.2839	7198.0145
197500	0.0000	-0.0000	0.0000	0.0385	2.2864	7194.8730
198000	0.0000	-0.0000	0.0000	0.0385	2.2864	7191.7228
198500	0.0000	-0.0000	0.0000	0.0385	2.2910	7188.5674
199000	0.0000	-0.0000	0.0000	0.0385	2.2910	7185.4547
199500	0.0000	-0.0000	0.0000	0.0385	2.2932	7182.3164
200000	0.0000	-0.0000	0.0000	0.0385	2.2983	7179.1779
200500	0.0000	-0.0000	0.0000	0.0385	2.3005	7176.0667
201000	0.0000	-0.0000	0.0000	0.0385	2.3021	7172.9698
201500	0.0000	-0.0000	0.0000	0.0385	2.3021	7169.8983
202000	0.0000	-0.0000	0.0000	0.0385	2.3072	7166.7709
202500	0.0000	-0.0000	0.0000	0.0385	2.3087	7163.6740
203000	0.0000	-0.0000	0.0000	0.0385	2.3139	7160.5960
203500	0.0000	-0.0000	0.0000	0.0385	2.3139	7157.5305
204000	0.0000	-0.0000	0.0000	0.0385	2.3166	7154.4644
204500	0.0000	-0.0000	0.0000	0.0385	2.3187	7151.4078
205000	0.0000	-0.0000	0.0000	0.0385	2.3200	7148.3727
205500	0.0000	-0.0000	0.0000	0.0385	2.3239	7145.3292
206000	0.0000	-0.0000	0.0000	0.0385	2.3269	7142.2652
206500	0.0000	-0.0000	0.0000	0.0385	2.3283	7139.2536
207000	0.0000	-0.0000	0.0000	0.0385	2.3305	7136.2115
207500	0.0000	-0.0000	0.0000	0.0385	2.3305	7133.1780
208000	0.0000	-0.0000	0.0000	0.0385	2.3319	7130.1571
208500	0.0000	-0.0000	0.0000	0.0385	2.3379	7127.1591
209000	0.0000	-0.0000	0.0000	0.0385	2.3379	7124.1517
209500	0.0000	-0.0000	0.0000	0.0385	2.3425	7121.1698
210000	0.0000	-0.0000	0.0000	0.0385	2.3449	7118.2032
210500	0.0000	-0.0000	0.0000	0.0385	2.3449	7115.1962
211000	0.0000	-0.0000	0.0000	0.0385	2.3494	7112.2371
211500	0.0000	-0.0000	0.0000	0.0385	2.3522	7109.2672
212000	0.0000	-0.0000	0.0000	0.0385	2.3516	7106.3030
212500	0.0000	-0.0000	0.0000	0.0385	2.3546	7103.3496
213000	0.0000	-0.0000	0.0000	0.0385	2.3575	7100.3870
213500	0.0000	-0.0000	0.0000	0.0385	2.3620	7097.4631
214000	0.0000	-0.0000	0.0000	0.0385	2.3641	7094.5364
214500	0.0000	-0.0000	0.0000	0.0385	2.3641	7091.5853
215000	0.0000	-0.0000	0.0000	0.0385	2.3668	7088.7008
215500	0.0000	-0.0000	0.0000	0.0385	2.3698	7085.7560
216000	0.0000	-0.0000	0.0000	0.0385	2.3739	7082.8477
216500	0.0000	-0.0000	0.0000	0.0385	2.3790	7079.9489
217000	0.0000	-0.0000	0.0000	0.0385	2.3790	7077.0503
217500	0.0000	-0.0000	0.0000	0.0385	2.3784	7074.1788
218000	0.0000	-0.0000	0.0000	0.0385	2.3813	7071.2756
218500	0.0000	-0.0000	0.0000	0.0385	2.3859	7068.4054
219000	0.0000	-0.0000	0.0000	0.0385	2.3855	7065.5266
219500	0.0000	-0.0000	0.0000	0.0385	2.3885	7062.6834
220000	0.0000	-0.0000	0.0000	0.0385	2.3967	7059.8181
220500	0.0000	-0.0000	0.0000	0.0385	2.3973	7056.9472
221000	0.0000	-0.0000	0.0000	0.0385	2.3999	7054.1175
221500	0.0000	-0.0000	0.0000	0.0385	2.4019	7051.2749
222000	0.0000	-0.0000	0.0000	0.0385	2.4019	7048.4481
222500	0.0000	-0.0000	0.0000	0.0385	2.4019	7045.6178
223000	0.0000	-0.0000	0.0000	0.0385	2.4079	7042.7909
223500	0.0000	-0.0000	0.0000	0.0385	2.4093	7039.9917
224000	0.0000	-0.0000	0.0000	0.0385	2.4124	7037.1776
224500	0.0000	-0.0000	0.0000	0.0385	2.4151	7034.3761
225000	0.0000	-0.0000	0.0000	0.0385	2.4151	7031.5917
225500	0.0000	-0.0000	0.0000	0.0385	2.4206	7028.7891
226000	0.0000	-0.0000	0.0000	0.0385	2.4221	7026.0255
226500	0.0000	-0.0000	0.0000	0.0385	2.4252	7023.2549
227000	0.0000	-0.0000	0.0000	0.0385	2.4272	7020.4825
227500	0.0000	-0.0000	0.0000	0.0385	2.4300	7017.7105
228000	0.0000	-0.0000	0.0000	0.0385	2.4316	7014.9508
228500	0.0000	-0.0000	0.0000	0.0385	2.4346	7012.2132
229000	0.0000	-0.0000	0.0000	0.0385	2.4346	7009.4778
229500	0.0000	-0.0000	0.0000	0.0385	2.4400	7006.7323
230000	0.0000	-0.0000	0.0000	0.0385	2.4425	7003.9993
230500	0.0000	-0.0000	0.0000	0.0385	2.4425	7001.2945
231000	0.0000	-0.0000	0.0000	0.0385	2.4471	6998.5417
231500	0.0000	-0.0000	0.0000	0.0385	2.4501	6995.8365
232000	0.0000	-0.0000	0.0000	0.0385	2.4525	6993.1393
232500	0.0000	-0.0000	0.0000	0.0385	2.4525	6990.4418
233000	0.0000	-0.0000	0.0000	0.0385	2.4564	6987.7587
233500	0.0000	-0.0000	0.0000	0.0385	2.4597	6985.0593
234000	0.0000	-0.0000	0.0000	0.0385	2.4597	6982.3738
234500	0.0000	-0.0000	0.0000	0.0385	2.4626	6979.7040
235000	0.0000	-0.0000	0.0000	0.0385	2.4677	6977.0396
235500	0.0000	-0.0000	0.0000	0.0385	2.4717	6974.3778
236000	0.0000	-0.0000	0.0000	0.0385	2.4717	6971.7087
236500	0.0000	-0.0000	0.0000	0.0385	2.4743	6969.0682
237000	0.0000	-0.0000	0.0000	0.0385	2.4771	6966.4329
237500	0.0000	-0.0000	0.0000	0.0385	2.4771	6963.8037
238000	0.0000	-0.0000	0.0000	0.0385	2.4821	6961.1599
238500	0.0000	-0.0000	0.0000	0.0385	2.4848	6958.5267
239000	0.0000	-0.0000	0.0000	0.0385	2.4872	6955.9201
239500	0.0000	-0.0000	0.0000	0.0385	2.4898	6953.3025
240000	0.0000	-0.0000	0.0000	0.0385	2.4913	6950.6893
240500	0.0000	-0.0000	0.0000	0.0385	2.4943	6948.0848
241000	0.0000	-0.0000	0.0000	0.0385	2.4973	6945.5042
241500	0.0000	-0.0000	0.0000	0.0385	2.4995	6942.9140
242000	0.0000	-0.0000	0.0000	0.0385	2.4995	6940.3253
242500	0.0000	-0.0000	0.0000	0.0385	2.5027	6937.7556
243000	0.0000	-0.0000	0.0000	0.0385	2.5101	6935.1907
243500	0.0000	-0.0000	0.0000	0.0385	2.5101	6932.6117
244000	0.0000	-0.0000	0.0000	0.0385	2.5097	6930.0598
244500	0.0000	-0.0000	0.0000	0.0385	2.5130	6927.5026
245000	0.0000	-0.0000	0.0000	0.0385	2.5159	6924.9583
245500	0.0000	-0.0000	0.0000	0.0385	2.5227	6922.4234
246000	0.0000	-0.0000	0.0000	0.0385	2.5253	6919.8859
246500	0.0000	-0.0000	0.0000	0.0385	2.5253	6917.3548
247000	0.0000	-0.0000	0.0000	0.0385	2.5277	6914.8336
247500	0.0000	-0.0000	0.0000	0.0385	2.5307	6912.3220
248000	0.0000	-0.0000	0.0000	0.0385	2.5350	6909.8143
248500	0.0000	-0.0000	0.0000	0.0385	2.5350	6907.2970
249000	0.0000	-0.0000	0.0000	0.0385	2.5404	6904.8199
249500	0.0000	-0.0000	0.0000	0.0385	2.5404	6902.3277
250000	0.0000	-0.0000	0.0000	0.0385	2.5434	6899.8307
250500	0.0000	-0.0000	0.0000	0.0385	2.5461	6897.3398
251000	0.0000	-0.0000	0.0000	0.0385	2.5478	6894.8769
251500	0.0000	-0.0000	0.0000	0.0385	2.5506	6892.4036
252000	0.0000	-0.0000	0.0000	0.0385	2.5537	6889.9410
252500	0.0000	-0.0000	0.0000	0.0385	2.5566	6887.4901
253000	0.0000	-0.0000	0.0000	0.0385	2.5593	6885.0253
253500	0.0000	-0.0000	0.0000	0.0385	2.5604	6882.5865
254000	0.0000	-0.0000	0.0000	0.0385	2.5664	6880.1354
254500	0.0000	-0.0000	0.0000	0.0385	2.5664	6877.7106
255000	0.0000	-0.0000	0.0000	0.0385	2.5710	6875.2969
255500	0.0000	-0.0000	0.0000	0.0385	2.5738	6872.8735
256000	0.0000	-0.0000	0.0000	0.0385	2.5738	6870.4529
256500	0.0000	-0.0000	0.0000	0.0385	2.5738	6868.0393
257000	0.0000	-0.0000	0.0000	0.0385	2.5795	6865.6273
257500	0.0000	-0.0000	0.0000	0.0385	2.5795	6863.2403
258000	0.0000	-0.0000	0.0000	0.0385	2.5828	6860.8447
258500	0.0000	-0.0000	0.0000	0.0385	2.5875	6858.4698
259000	0.0000	-0.0000	0.0000	0.0385	2.5901	6856.0863
259500	0.0000	-0.0000	0.0000	0.0385	2.5929	6853.7042
260000	0.0000	-0.0000	0.0000	0.0385	2.5979	6851.3228
260500	0.0000	-0.0000	0.0000	0.0385	2.5979	6848.9743
261000	0.0000	-0.0000	0.0000	0.0385	2.5995	6846.6242
261500	0.0000	-0.0000	0.0000	0.0385	2.6026	6844.2542
262000	0.0000	-0.0000	0.0000	0.0385	2.6052	6841.9163
262500	0.0000	-0.0000	0.0000	0.0385	2.6083	6839.5717
263000	0.0000	-0.0000	0.0000	0.0385	2.6110	6837.2410
263500	0.0000	-0.0000	0.0000	0.0385	2.6155	6834.9178
264000	0.0000	-0.0000	0.0000	0.0385	2.6182	6832.5974
264500	0.0000	-0.0000	0.0000	0.0385	2.6180	6830.2770
265000	0.0000	-0.0000	0.0000	0.0385	2.6192	6827.9460
265500	0.0000	-0.0000	0.0000	0.0385	2.6226	6825.6456
266000	0.0000	-0.0000	0.0000	0.0385	2.6284	6823.3458
266500	0.0000	-0.0000	0.0000	0.0385	2.6285	6821.0583
267000	0.0000	-0.0000	0.0000	0.0385	2.6312	6818.7691
267500	0.0000	-0.0000	0.0000	0.0385	2.6340	6816.4828
268000	0.0000	-0.0000	0.0000	0.0385	2.6367	6814.2110
268500	0.0000	-0.0000	0.0000	0.0385	2.6385	6811.9384
269000	0.0000	-0.0000	0.0000	0.0385	2.6444	6809.6745
269500	0.0000	-0.0000	0.0000	0.0385	2.6441	6807.4070
270000	0.0000	-0.0000	0.0000	0.0385	2.6441	6805.1655
270500	0.0000	-0.0000	0.0000	0.0385	2.6516	6802.9083
271000	0.0000	-0.0000	0.0000	0.0385	2.6516	6800.6585
271500	0.0000	-0.0000	0.0000	0.0385	2.6544	6798.4105
272000	0.0000	-0.0000	0.0000	0.0385	2.6573	6796.1854
272500	0.0000	-0.0000	0.0000	0.0385	2.6603	6793.9748
273000	0.0000	-0.0000	0.0000	0.0385	2.6603	6791.7462
273500	0.0000	-0.0000	0.0000	0.0385	2.6652	6789.5252
274000	0.0000	-0.0000	0.0000	0.0385	2.6682	6787.3137
274500	0.0000	-0.0000	0.0000	0.0385	2.6706	6785.1217
275000	0.0000	-0.0000	0.0000	0.0385	2.6734	6782.9125
275500	0.0000	-0.0000	0.0000	0.0385	2.6734	6780.7152
276000	0.0000	-0.0000	0.0000	0.0385	2.6779	6778.5326
276500	0.0000	-0.0000	0.0000	0.0385	2.6779	6776.3431
277000	0.0000	-0.0000	0.0000	0.0385	2.6835	6774.1662
277500	0.0000	-0.0000	0.0000	0.0385	2.6862	6772.0076
278000	0.0000	-0.0000	0.0000	0.0385	2.6862	6769.8422
278500	0.0000	-0.0000	0.0000	0.0385	2.6905	6767.6635
279000	0.0000	-0.0000	0.0000	0.0385	2.6954	6765.5232
279500	0.0000	-0.0000	0.0000	0.0385	2.6954	6763.3700
280000	0.0000	-0.0000	0.0000	0.0385	2.6954	6761.2207
280500	0.0000	-0.0000	0.0000	0.0385	2.7015	6759.0775
281000	0.0000	-0.0000	0.0000	0.0385	2.7028	6756.9499
281500	0.0000	-0.0000	0.0000	0.0385	2.7076	6754.8223
282000	0.0000	-0.0000	0.0000	0.0385	2.7072	6752.6983
282500	0.0000	-0.0000	0.0000	0.0385	2.7087	6750.5791
283000	0.0000	-0.0000	0.0000	0.0385	2.7087	6748.4712
283500	0.0000	-0.0000	0.0000	0.0385	2.7145	6746.3613
284000	0.0000	-0.0000	0.0000	0.0385	2.7142	6744.2578
284500	0.0000	-0.0000	0.0000	0.0385	2.7189	6742.1640
285000	0.0000	-0.0000	0.0000	0.0385	2.7189	6740.0759
285500	0.0000	-0.0000	0.0000	0.0385	2.7226	6738.0016
286000	0.0000	-0.0000	0.0000	0.0385	2.7243	6735.9057
286500	0.0000	-0.0000	0.0000	0.0385	2.7243	6733.8378
287000	0.0000	-0.0000	0.0000	0.0385	2.7273	6731.7604
287500	0.0000	-0.0000	0.0000	0.0385	2.7287	6729.7026
288000	0.0000	-0.0000	0.0000	0.0385	2.7289	6727.6374
288500	0.0000	-0.0000	0.0000	0.0385	2.7290	6725.5883
289000	0.0000	-0.0000	0.0000	0.0385	2.7290	6723.5292
289500	0.0000	-0.0000	0.0000	0.0385	2.7288	6721.4950
290000	0.0000	-0.0000	0.0000	0.0385	2.7288	6719.4647
290500	0.0000	-0.0000	0.0000	0.0385	2.7288	6717.4218
291000	0.0000	-0.0000	0.0000	0.0385	2.7306	6715.4066
291500	0.0000	-0.0000	0.0000	0.0385	2.7306	6713.3692
292000	0.0000	-0.0000	0.0000	0.0385	2.7302	6711.3542
292500	0.0000	-0.0000	0.0000	0.0385	2.7314	6709.3468
293000	0.0000	-0.0000	0.0000	0.0385	2.7314	6707.3388
293500	0.0000	-0.0000	0.0000	0.0385	2.7287	6705.3348
294000	0.0000	-0.0000	0.0000	0.0385	2.7286	6703.3410
294500	0.0000	-0.0000	0.0000	0.0385	2.7330	6701.3506
295000	0.0000	-0.0000	0.0000	0.0385	2.7304	6699.3674
295500	0.0000	-0.0000	0.0000	0.0385	2.7330	6697.3875
296000	0.0000	-0.0000	0.0000	0.0385	2.7335	6695.4069
296500	0.0000	-0.0000	0.0000	0.0385	2.7342	6693.4368
297000	0.0000	-0.0000	0.0000	0.0385	2.7309	6691.4674
297500	0.0000	-0.0000	0.0000	0.0385	2.7344	6689.5164
298000	0.0000	-0.0000	0.0000	0.0385	2.7311	6687.5541
298500	0.0000	-0.0000	0.0000	0.0385	2.7327	6685.5964
299000	0.0000	-0.0000	0.0000	0.0385	2.7333	6683.6404
299500	0.0000	-0.0000	0.0000	0.0385	2.7329	6681.7170
300000	0.0000	-0.0000	0.0000	0.0385	2.7355	6679.7809
300500	0.0000	-0.0000	0.0000	0.0385	2.7355	6677.8524
301000	0.0000	-0.0000	0.0000	0.0385	2.7368	6675.9413
301500	0.0000	-0.0000	0.0000	0.0385	2.7368	6674.0153
302000	0.0000	-0.0000	0.0000	0.0385	2.7340	6672.0941
302500	0.0000	-0.0000	0.0000	0.0385	2.7367	6670.1893
303000	0.0000	-0.0000	0.0000	0.0385	2.7380	6668.2834
303500	0.0000	-0.0000	0.0000	0.0385	2.7353	6666.3833
304000	0.0000	-0.0000	0.0000	0.0385	2.7388	6664.4924
304500	0.0000	-0.0000	0.0000	0.0385	2.7353	6662.5971
305000	0.0000	-0.0000	0.0000	0.0385	2.7367	6660.7092
305500	0.0000	-0.0000	0.0000	0.0385	2.7367	6658.8215
306000	0.0000	-0.0000	0.0000	0.0385	2.7388	6656.9539
306500	0.0000	-0.0000	0.0000	0.0385	2.7373	6655.0754
307000	0.0000	-0.0000	0.0000	0.0385	2.7373	6653.2210
307500	0.0000	-0.0000	0.0000	0.0385	2.7373	6651.3641
308000	0.0000	-0.0000	0.0000	0.0385	2.7361	6649.5051
308500	0.0000	-0.0000	0.0000	0.0385	2.7379	6647.6500
309000	0.0000	-0.0000	0.0000	0.0385	2.7413	6645.7922
309500	0.0000	-0.0000	0.0000	0.0385	2.7386	6643.9673
310000	0.0000	-0.0000	0.0000	0.0385	2.7402	6642.1333
310500	0.0000	-0.0000	0.0000	0.0385	2.7418	6640.3019
311000	0.0000	-0.0000	0.0000	0.0385	2.7396	6638.4704
311500	0.0000	-0.0000	0.0000	0.0385	2.7424	6636.6553
312000	0.0000	-0.0000	0.0000	0.0385	2.7388	6634.8350
312500	0.0000	-0.0000	0.0000	0.0385	2.7401	6633.0106
313000	0.0000	-0.0000	0.0000	0.0385	2.7401	6631.2164
313500	0.0000	-0.0000	0.0000	0.0385	2.7408	6629.4038
314000	0.0000	-0.0000	0.0000	0.0385	2.7414	6627.6148
314500	0.0000	-0.0000	0.0000	0.0385	2.7412	6625.8232
315000	0.0000	-0.0000	0.0000	0.0385	2.7411	6624.0362
315500	0.0000	-0.0000	0.0000	0.0385	2.7416	6622.2403
316000	0.0000	-0.0000	0.0000	0.0385	2.7415	6620.4748
316500	0.0000	-0.0000	0.0000	0.0385	2.7415	6618.7042
317000	0.0000	-0.0000	0.0000	0.0385	2.7420	6616.9279
317500	0.0000	-0.0000	0.0000	0.0385	2.7420	6615.1620
318000	0.0000	-0.0000	0.0000	0.0385	2.7423	6613.4020
318500	0.0000	-0.0000	0.0000	0.0385	2.7438	6611.6416
319000	0.0000	-0.0000	0.0000	0.0385	2.7437	6609.8963
319500	0.0000	-0.0000	0.0000	0.0385	2.7433	6608.1530
320000	0.0000	-0.0000	0.0000	0.0385	2.7474	6606.4207
320500	0.0000	-0.0000	0.0000	0.0385	2.7474	6604.6743
321000	0.0000	-0.0000	0.0000	0.0385	2.7473	6602.9375
321500	0.0000	-0.0000	0.0000	0.0385	2.7447	6601.2091
322000	0.0000	-0.0000	0.0000	0.0385	2.7445	6599.4877
322500	0.0000	-0.0000	0.0000	0.0385	2.7471	6597.7706
323000	0.0000	-0.0000	0.0000	0.0385	2.7458	6596.0618
323500	0.0000	-0.0000	0.0000	0.0385	2.7457	6594.3551
324000	0.0000	-0.0000	0.0000	0.0385	2.7494	6592.6451
324500	0.0000	-0.0000	0.0000	0.0385	2.7461	6590.9441
325000	0.0000	-0.0000	0.0000	0.0385	2.7483	6589.2405
325500	0.0000	-0.0000	0.0000	0.0385	2.7478	6587.5459
326000	0.0000	-0.0000	0.0000	0.0385	2.7504	6585.8684
326500	0.0000	-0.0000	0.0000	0.0385	2.7471	6584.1830
327000	0.0000	-0.0000	0.0000	0.0385	2.7471	6582.5078
327500	0.0000	-0.0000	0.0000	0.0385	2.7505	6580.8293
328000	0.0000	-0.0000	0.0000	0.0385	2.7489	6579.1673
328500	0.0000	-0.0000	0.0000	0.0385	2.7489	6577.5020
329000	0.0000	-0.0000	0.0000	0.0385	2.7519	6575.8395
329500	0.0000	-0.0000	0.0000	0.0385	2.7485	6574.1849
330000	0.0000	-0.0000	0.0000	0.0385	2.7529	6572.5363
330500	0.0000	-0.0000	0.0000	0.0385	2.7506	6570.8872
331000	0.0000	-0.0000	0.0000	0.0385	2.7506	6569.2374
331500	0.0000	-0.0000	0.0000	0.0385	2.7530	6567.5957
332000	0.0000	-0.0000	0.0000	0.0385	2.7498	6565.9678
332500	0.0000	-0.0000	0.0000	0.0385	2.7529	6564.3369
333000	0.0000	-0.0000	0.0000	0.0385	2.7518	6562.7141
333500	0.0000	-0.0000	0.0000	0.0385	2.7518	6561.0989
334000	0.0000	-0.0000	0.0000	0.0385	2.7546	6559.4787
334500	0.0000	-0.0000	0.0000	0.0385	2.7513	6557.8689
335000	0.0000	-0.0000	0.0000	0.0385	2.7513	6556.2589
335500	0.0000	-0.0000	0.0000	0.0385	2.7562	6554.6566
336000	0.0000	-0.0000	0.0000	0.0385	2.7529	6553.0505
336500	0.0000	-0.0000	0.0000	0.0385	2.7532	6551.4559
337000	0.0000	-0.0000	0.0000	0.0385	2.7532	6549.8673
337500	0.0000	-0.0000	0.0000	0.0385	2.7548	6548.2857
338000	0.0000	-0.0000	0.0000	0.0385	2.7577	6546.7015
338500	0.0000	-0.0000	0.0000	0.0385	2.7572	6545.1080
339000	0.0000	-0.0000	0.0000	0.0385	2.7569	6543.5340
339500	0.0000	-0.0000	0.0000	0.0385	2.7560	6541.9760
340000	0.0000	-0.0000	0.0000	0.0385	2.7585	6540.4156
340500	0.0000	-0.0000	0.0000	0.0385	2.7559	6538.8540
341000	0.0000	-0.0000	0.0000	0.0385	2.7556	6537.2898
341500	0.0000	-0.0000	0.0000	0.0385	2.7573	6535.7334
342000	0.0000	-0.0000	0.0000	0.0385	2.7557	6534.1846
342500	0.0000	-0.0000	0.0000	0.0385	2.7601	6532.6401
343000	0.0000	-0.0000	0.0000	0.0385	2.7601	6531.0996
343500	0.0000	-0.0000	0.0000	0.0385	2.7602	6529.5604
344000	0.0000	-0.0000	0.0000	0.0385	2.7602	6528.0263
344500	0.0000	-0.0000	0.0000	0.0385	2.7569	6526.5086
345000	0.0000	-0.0000	0.0000	0.0385	2.7603	6524.9863
345500	0.0000	-0.0000	0.0000	0.0385	2.7577	6523.4541
346000	0.0000	-0.0000	0.0000	0.0385	2.7614	6521.9306
346500	0.0000	-0.0000	0.0000	0.0385	2.7614	6520.4297
347000	0.0000	-0.0000	0.0000	0.0385	2.7587	6518.9212
347500	0.0000	-0.0000	0.0000	0.0385	2.7601	6517.4074
348000	0.0000	-0.0000	0.0000	0.0385	2.7638	6515.9115
348500	0.0000	-0.0000	0.0000	0.0385	2.7600	6514.4172
349000	0.0000	-0.0000	0.0000	0.0385	2.7600	6512.9269
349500	0.0000	-0.0000	0.0000	0.0385	2.7609	6511.4330
350000	0.0000	-0.0000	0.0000	0.0385	2.7609	6509.9443
350500	0.0000	-0.0000	0.0000	0.0385	2.7626	6508.4605
351000	0.0000	-0.0000	0.0000	0.0385	2.7613	6506.9916
351500	0.0000	-0.0000	0.0000	0.0385	2.7648	6505.5187
352000	0.0000	-0.0000	0.0000	0.0385	2.7648	6504.0466
352500	0.0000	-0.0000	0.0000	0.0385	2.7629	6502.5748
353000	0.0000	-0.0000	0.0000	0.0385	2.7661	6501.1128
353500	0.0000	-0.0000	0.0000	0.0385	2.7659	6499.6642
354000	0.0000	-0.0000	0.0000	0.0385	2.7659	6498.2013
354500	0.0000	-0.0000	0.0000	0.0385	2.7657	6496.7595
355000	0.0000	-0.0000	0.0000	0.0385	2.7634	6495.3105
355500	0.0000	-0.0000	0.0000	0.0385	2.7672	6493.8690
356000	0.0000	-0.0000	0.0000	0.0385	2.7675	6492.4352
356500	0.0000	-0.0000	0.0000	0.0385	2.7675	6490.9884
357000	0.0000	-0.0000	0.0000	0.0385	2.7643	6489.5651
357500	0.0000	-0.0000	0.0000	0.0385	2.7657	6488.1337
358000	0.0000	-0.0000	0.0000	0.0385	2.7694	6486.7140
358500	0.0000	-0.0000	0.0000	0.0385	2.7660	6485.2896
359000	0.0000	-0.0000	0.0000	0.0385	2.7685	6483.8800
359500	0.0000	-0.0000	0.0000	0.0385	2.7684	6482.4621
360000	0.0000	-0.0000	0.0000	0.0385	2.7684	6481.0541
360500	0.0000	-0.0000	0.0000	0.0385	2.7692	6479.6508
361000	0.0000	-0.0000	0.0000	0.0385	2.7711	6478.2489
361500	0.0000	-0.0000	0.0000	0.0385	2.7711	6476.8561
362000	0.0000	-0.0000	0.0000	0.0385	2.7703	6475.4599
362500	0.0000	-0.0000	0.0000	0.0385	2.7681	6474.0670
363000	0.0000	-0.0000	0.0000	0.0385	2.7720	6472.6689
363500	0.0000	-0.0000	0.0000	0.0385	2.7720	6471.3011
364000	0.0000	-0.0000	0.0000	0.0385	2.7718	6469.9185
364500	0.0000	-0.0000	0.0000	0.0385	2.7718	6468.5378
365000	0.0000	-0.0000	0.0000	0.0385	2.7703	6467.1608
365500	0.0000	-0.0000	0.0000	0.0385	2.7738	6465.7942
366000	0.0000	-0.0000	0.0000	0.0385	2.7738	6464.4291
366500	0.0000	-0.0000	0.0000	0.0385	2.7704	6463.0743
367000	0.0000	-0.0000	0.0000	0.0385	2.7735	6461.7151
367500	0.0000	-0.0000	0.0000	0.0385	2.7752	6460.3654
368000	0.0000	-0.0000	0.0000	0.0385	2.7748	6459.0065
368500	0.0000	-0.0000	0.0000	0.0385	2.7726	6457.6653
369000	0.0000	-0.0000	0.0000	0.0385	2.7726	6456.3175
369500	0.0000	-0.0000	0.0000	0.0385	2.7722	6454.9692
370000	0.0000	-0.0000	0.0000	0.0385	2.7767	6453.6424
370500	0.0000	-0.0000	0.0000	0.0385	2.7767	6452.3013
371000	0.0000	-0.0000	0.0000	0.0385	2.7767	6450.9663
371500	0.0000	-0.0000	0.0000	0.0385	2.7732	6449.6494
372000	0.0000	-0.0000	0.0000	0.0385	2.7768	6448.3218
372500	0.0000	-0.0000	0.0000	0.0385	2.7759	6447.0086
373000	0.0000	-0.0000	0.0000	0.0385	2.7778	6445.6804
373500	0.0000	-0.0000	0.0000	0.0385	2.7777	6444.3655
374000	0.0000	-0.0000	0.0000	0.0385	2.7777	6443.0601
