DIM=128
500	0.0000	0.0000	0.0000	0.0385	11.3372	8815.0797
1000	0.0000	0.0000	0.0000	0.0385	11.3874	8549.6187
1500	0.0000	0.0000	0.0000	0.0385	11.4616	8315.8751
2000	0.0000	0.0000	0.0000	0.0385	11.5581	8108.2887
2500	0.0000	0.0000	0.0000	0.0385	11.6753	7916.2875
3000	0.0000	0.0000	0.0000	0.0385	11.8118	7742.0425
3500	0.0000	0.0000	0.0000	0.0385	11.9662	7580.4646
4000	0.0000	0.0000	0.0000	0.0385	12.1369	7434.3774
4500	0.0000	0.0000	0.0000	0.0385	12.3224	7298.7519
5000	0.0000	0.0000	0.0000	0.0385	12.5209	7174.5182
5500	0.0000	0.0000	0.0000	0.0385	12.7302	7059.9844
6000	0.0000	0.0000	0.0000	0.0385	12.9466	6955.7942
6500	0.0000	0.0000	0.0000	0.0385	13.1702	6859.5783
7000	0.0000	0.0000	0.0000	0.0385	13.3959	6771.0919
7500	0.0000	0.0000	0.0001	0.0385	13.6192	6689.6980
8000	0.0000	0.0001	0.0004	0.0386	13.8405	6614.7347
8500	0.0000	0.0006	0.0014	0.0390	14.0545	6545.4637
9000	0.0000	0.0014	0.0031	0.0395	14.2533	6481.6953
9500	0.0000	0.0035	0.0071	0.0411	14.4437	6422.0029
10000	0.0002	0.0078	0.0155	0.0448	14.6256	6366.7378
10500	0.0009	0.0149	0.0287	0.0510	14.8070	6315.1636
11000	0.0029	0.0273	0.0510	0.0582	14.9970	6266.3926
11500	0.0050	0.0364	0.0667	0.0642	15.1944	6220.8666
12000	0.0085	0.0471	0.0838	0.0717	15.3994	6176.9617
12500	0.0112	0.0526	0.0914	0.0743	15.6048	6135.1397
13000	0.0142	0.0585	0.0997	0.0773	15.8182	6095.1114
13500	0.0167	0.0630	0.1057	0.0795	16.0322	6056.5487
14000	0.0185	0.0680	0.1124	0.0836	16.2707	6019.5189
14500	0.0221	0.0755	0.1217	0.0904	16.5281	5983.5389
15000	0.0258	0.0836	0.1324	0.0971	16.8059	5948.4745
15500	0.0307	0.0907	0.1411	0.1028	17.0919	5914.5034
16000	0.0336	0.0932	0.1435	0.1048	17.3627	5881.3240
16500	0.0364	0.0957	0.1461	0.1064	17.6066	5848.9773
17000	0.0379	0.0962	0.1461	0.1063	17.8234	5817.3116
17500	0.0389	0.0975	0.1475	0.1065	18.0108	5786.4886
18000	0.0400	0.0989	0.1487	0.1075	18.1642	5756.2136
18500	0.0405	0.0997	0.1493	0.1083	18.2827	5726.3152
19000	0.0412	0.1018	0.1514	0.1101	18.3947	5696.7629
19500	0.0424	0.1046	0.1547	0.1126	18.4986	5668.1239
20000	0.0440	0.1089	0.1595	0.1164	18.6111	5639.8152
20500	0.0463	0.1136	0.1647	0.1202	18.7354	5611.9228
21000	0.0489	0.1177	0.1694	0.1215	18.8381	5584.4106
21500	0.0526	0.1231	0.1757	0.1228	18.9400	5557.2768
22000	0.0559	0.1267	0.1797	0.1228	19.0245	5530.3800
22500	0.0580	0.1294	0.1831	0.1238	19.1128	5504.1040
23000	0.0606	0.1324	0.1869	0.1241	19.1750	5478.0279
23500	0.0629	0.1351	0.1903	0.1244	19.2292	5452.2613
24000	0.0642	0.1357	0.1908	0.1243	19.2605	5426.7537
24500	0.0653	0.1376	0.1934	0.1252	19.2853	5401.5418
25000	0.0666	0.1391	0.1951	0.1260	19.2919	5376.8699
25500	0.0674	0.1409	0.1976	0.1279	19.2842	5352.2899
26000	0.0682	0.1416	0.1982	0.1277	19.2731	5327.9846
26500	0.0694	0.1438	0.2012	0.1287	19.2416	5303.9849
27000	0.0698	0.1440	0.2011	0.1296	19.2022	5280.2182
27500	0.0706	0.1458	0.2032	0.1311	19.1607	5256.7138
28000	0.0706	0.1460	0.2032	0.1316	19.1159	5233.4048
28500	0.0713	0.1476	0.2049	0.1333	19.0871	5210.4165
29000	0.0715	0.1478	0.2045	0.1338	19.0664	5187.6622
29500	0.0730	0.1505	0.2072	0.1351	19.0678	5165.1328
30000	0.0738	0.1523	0.2083	0.1385	19.0857	5142.8010
30500	0.0755	0.1558	0.2120	0.1432	19.1262	5120.6666
31000	0.0778	0.1593	0.2155	0.1472	19.1802	5098.7745
31500	0.0792	0.1611	0.2166	0.1507	19.2404	5077.0822
32000	0.0805	0.1631	0.2183	0.1533	19.3121	5055.6076
32500	0.0823	0.1663	0.2212	0.1570	19.3964	5034.4121
33000	0.0833	0.1678	0.2226	0.1590	19.4797	5013.3346
33500	0.0855	0.1713	0.2259	0.1631	19.5651	4992.5140
34000	0.0864	0.1732	0.2275	0.1644	19.6613	4971.8709
34500	0.0873	0.1750	0.2292	0.1658	19.7532	4951.4402
35000	0.0894	0.1775	0.2315	0.1684	19.8446	4931.1241
35500	0.0899	0.1784	0.2323	0.1689	19.9219	4911.1381
36000	0.0917	0.1810	0.2350	0.1709	19.9994	4891.1990
36500	0.0923	0.1813	0.2350	0.1717	20.0511	4871.4584
37000	0.0935	0.1833	0.2372	0.1736	20.0964	4851.9420
37500	0.0931	0.1826	0.2359	0.1733	20.1404	4832.5781
38000	0.0943	0.1839	0.2371	0.1734	20.1707	4813.4643
38500	0.0949	0.1852	0.2385	0.1745	20.2047	4794.4547
39000	0.0961	0.1866	0.2397	0.1764	20.2299	4775.6816
39500	0.0969	0.1881	0.2409	0.1773	20.2654	4756.9246
40000	0.0968	0.1880	0.2400	0.1774	20.3078	4738.5050
40500	0.0980	0.1912	0.2431	0.1795	20.3584	4720.2260
41000	0.1000	0.1941	0.2454	0.1829	20.4180	4702.0889
41500	0.1010	0.1959	0.2462	0.1847	20.4983	4684.0384
42000	0.1028	0.1992	0.2492	0.1875	20.5903	4666.2115
42500	0.1050	0.2020	0.2507	0.1901	20.7244	4648.6293
43000	0.1062	0.2046	0.2525	0.1914	20.8696	4631.0963
43500	0.1074	0.2058	0.2526	0.1928	21.0296	4613.7459
44000	0.1094	0.2085	0.2549	0.1926	21.2012	4596.6006
44500	0.1101	0.2095	0.2551	0.1924	21.3638	4579.5200
45000	0.1116	0.2118	0.2570	0.1927	21.5327	4562.5954
45500	0.1124	0.2125	0.2569	0.1927	21.6934	4545.8339
46000	0.1128	0.2135	0.2577	0.1928	21.8392	4529.2520
46500	0.1132	0.2146	0.2584	0.1934	21.9885	4512.8548
47000	0.1144	0.2161	0.2595	0.1937	22.1265	4496.5127
47500	0.1139	0.2165	0.2598	0.1939	22.2446	4480.3217
48000	0.1148	0.2172	0.2601	0.1946	22.3551	4464.2666
48500	0.1147	0.2175	0.2599	0.1950	22.4619	4448.3723
49000	0.1153	0.2183	0.2604	0.1956	22.5581	4432.6344
49500	0.1158	0.2181	0.2595	0.1962	22.6446	4417.0213
50000	0.1159	0.2191	0.2604	0.1959	22.7271	4401.5425
50500	0.1157	0.2191	0.2598	0.1960	22.8034	4386.1990
51000	0.1168	0.2199	0.2604	0.1971	22.8624	4370.9936
51500	0.1165	0.2191	0.2591	0.1962	22.9282	4355.9128
52000	0.1173	0.2207	0.2608	0.1981	22.9799	4340.9430
52500	0.1175	0.2204	0.2598	0.1977	23.0338	4326.1133
53000	0.1171	0.2197	0.2588	0.1977	23.0784	4311.4093
53500	0.1176	0.2203	0.2592	0.1983	23.1120	4296.8213
54000	0.1183	0.2219	0.2610	0.1993	23.1413	4282.3950
54500	0.1177	0.2212	0.2598	0.1992	23.1706	4268.0016
55000	0.1183	0.2219	0.2604	0.2006	23.2023	4253.8219
55500	0.1189	0.2234	0.2619	0.2006	23.2284	4239.7115
56000	0.1182	0.2231	0.2611	0.2012	23.2487	4225.7239
56500	0.1189	0.2235	0.2612	0.2027	23.2723	4211.8960
57000	0.1189	0.2244	0.2620	0.2033	23.2897	4198.1530
57500	0.1193	0.2248	0.2623	0.2041	23.3112	4184.4994
58000	0.1194	0.2265	0.2637	0.2052	23.3347	4171.0318
58500	0.1199	0.2266	0.2636	0.2061	23.3585	4157.6143
59000	0.1197	0.2274	0.2642	0.2078	23.3835	4144.2772
59500	0.1197	0.2281	0.2645	0.2083	23.4079	4131.0952
60000	0.1201	0.2297	0.2662	0.2093	23.4378	4117.9895
60500	0.1202	0.2294	0.2657	0.2112	23.4641	4105.0105
61000	0.1198	0.2293	0.2654	0.2101	23.4838	4092.1365
61500	0.1200	0.2302	0.2661	0.2105	23.5075	4079.4416
62000	0.1206	0.2310	0.2666	0.2126	23.5326	4066.7892
62500	0.1211	0.2329	0.2686	0.2139	23.5602	4054.1749
63000	0.1217	0.2341	0.2695	0.2162	23.5868	4041.6960
63500	0.1221	0.2358	0.2711	0.2178	23.6172	4029.3573
64000	0.1228	0.2372	0.2721	0.2195	23.6514	4017.0967
64500	0.1243	0.2397	0.2746	0.2222	23.6909	4004.9362
65000	0.1256	0.2420	0.2768	0.2247	23.7349	3992.9112
65500	0.1270	0.2439	0.2785	0.2275	23.7837	3980.8918
66000	0.1267	0.2439	0.2780	0.2281	23.8340	3969.0649
66500	0.1285	0.2463	0.2804	0.2302	23.8904	3957.2654
67000	0.1290	0.2471	0.2809	0.2317	23.9365	3945.6122
67500	0.1299	0.2482	0.2815	0.2337	23.9870	3934.0267
68000	0.1309	0.2496	0.2830	0.2349	24.0370	3922.5482
68500	0.1311	0.2498	0.2830	0.2357	24.0981	3911.1521
69000	0.1318	0.2516	0.2846	0.2374	24.1500	3899.7893
69500	0.1328	0.2525	0.2850	0.2397	24.2171	3888.5882
70000	0.1344	0.2544	0.2868	0.2415	24.2781	3877.4175
70500	0.1354	0.2558	0.2878	0.2444	24.3400	3866.3886
71000	0.1349	0.2561	0.2878	0.2442	24.4108	3855.4011
71500	0.1366	0.2586	0.2900	0.2470	24.4774	3844.4960
72000	0.1368	0.2590	0.2898	0.2471	24.5413	3833.7220
72500	0.1375	0.2590	0.2895	0.2483	24.6163	3823.0057
73000	0.1382	0.2608	0.2908	0.2502	24.6854	3812.3410
73500	0.1397	0.2630	0.2926	0.2524	24.7558	3801.7901
74000	0.1408	0.2648	0.2940	0.2538	24.8446	3791.3040
74500	0.1417	0.2664	0.2949	0.2556	24.9317	3780.8992
75000	0.1416	0.2666	0.2945	0.2566	25.0141	3770.6174
75500	0.1420	0.2673	0.2947	0.2578	25.1069	3760.3723
76000	0.1427	0.2692	0.2963	0.2600	25.2065	3750.2317
76500	0.1426	0.2690	0.2956	0.2597	25.3020	3740.1317
77000	0.1437	0.2707	0.2969	0.2612	25.4032	3730.1345
77500	0.1448	0.2725	0.2980	0.2632	25.5081	3720.2021
78000	0.1441	0.2729	0.2983	0.2625	25.6081	3710.3646
78500	0.1446	0.2737	0.2987	0.2645	25.7107	3700.5549
79000	0.1445	0.2752	0.2997	0.2641	25.8175	3690.8205
79500	0.1452	0.2761	0.3004	0.2642	25.9166	3681.2106
80000	0.1455	0.2766	0.3007	0.2650	26.0200	3671.6760
80500	0.1456	0.2771	0.3010	0.2655	26.1182	3662.1686
81000	0.1461	0.2785	0.3022	0.2677	26.2012	3652.7789
81500	0.1457	0.2782	0.3015	0.2674	26.2880	3643.4003
82000	0.1462	0.2797	0.3027	0.2691	26.3682	3634.1388
82500	0.1473	0.2809	0.3036	0.2706	26.4508	3624.9162
83000	0.1471	0.2823	0.3050	0.2714	26.5256	3615.7648
83500	0.1470	0.2819	0.3043	0.2716	26.5897	3606.6802
84000	0.1477	0.2834	0.3056	0.2727	26.6631	3597.6775
84500	0.1476	0.2836	0.3055	0.2734	26.7267	3588.7116
85000	0.1483	0.2852	0.3071	0.2744	26.7841	3579.8621
85500	0.1488	0.2860	0.3078	0.2759	26.8395	3571.0192
86000	0.1497	0.2879	0.3099	0.2761	26.8906	3562.2984
86500	0.1498	0.2882	0.3099	0.2768	26.9387	3553.6048
87000	0.1504	0.2894	0.3111	0.2779	26.9825	3544.9826
87500	0.1499	0.2891	0.3107	0.2782	27.0314	3536.4447
88000	0.1508	0.2902	0.3119	0.2787	27.0721	3527.9564
88500	0.1502	0.2898	0.3112	0.2791	27.1092	3519.5180
89000	0.1500	0.2898	0.3111	0.2796	27.1425	3511.1310
89500	0.1504	0.2908	0.3121	0.2802	27.1728	3502.8150
90000	0.1511	0.2915	0.3127	0.2805	27.1949	3494.5715
90500	0.1517	0.2923	0.3136	0.2814	27.2140	3486.3859
91000	0.1515	0.2927	0.3140	0.2815	27.2399	3478.2594
91500	0.1520	0.2927	0.3137	0.2822	27.2558	3470.1764
92000	0.1523	0.2929	0.3139	0.2823	27.2769	3462.1675
92500	0.1526	0.2935	0.3144	0.2825	27.2929	3454.1967
93000	0.1530	0.2940	0.3148	0.2832	27.3063	3446.2889
93500	0.1520	0.2928	0.3133	0.2826	27.3183	3438.4615
94000	0.1522	0.2934	0.3138	0.2828	27.3281	3430.6631
94500	0.1528	0.2936	0.3139	0.2837	27.3284	3422.9648
95000	0.1528	0.2939	0.3141	0.2837	27.3458	3415.2748
95500	0.1529	0.2942	0.3142	0.2843	27.3547	3407.6517
96000	0.1533	0.2951	0.3152	0.2848	27.3720	3400.0747
96500	0.1526	0.2942	0.3139	0.2842	27.3916	3392.5394
97000	0.1526	0.2941	0.3138	0.2846	27.4135	3385.0942
97500	0.1529	0.2941	0.3135	0.2847	27.4286	3377.6778
98000	0.1539	0.2959	0.3152	0.2856	27.4521	3370.3183
98500	0.1537	0.2953	0.3143	0.2866	27.4755	3362.9953
99000	0.1535	0.2951	0.3139	0.2854	27.5041	3355.7548
99500	0.1530	0.2951	0.3136	0.2856	27.5309	3348.5199
100000	0.1541	0.2954	0.3138	0.2869	27.5587	3341.3501
100500	0.1539	0.2965	0.3147	0.2867	27.5805	3334.2281
101000	0.1541	0.2964	0.3145	0.2881	27.6070	3327.1796
101500	0.1533	0.2960	0.3137	0.2868	27.6414	3320.1435
102000	0.1541	0.2969	0.3144	0.2883	27.6760	3313.2038
102500	0.1526	0.2958	0.3130	0.2869	27.7165	3306.2819
103000	0.1544	0.2979	0.3148	0.2886	27.7600	3299.4131
103500	0.1553	0.2994	0.3160	0.2907	27.7999	3292.5888
104000	0.1555	0.3002	0.3165	0.2903	27.8500	3285.7984
104500	0.1551	0.3004	0.3166	0.2910	27.8984	3279.0380
105000	0.1565	0.3025	0.3185	0.2931	27.9449	3272.3634
105500	0.1562	0.3021	0.3178	0.2931	28.0009	3265.7116
106000	0.1568	0.3037	0.3189	0.2944	28.0562	3259.1386
106500	0.1560	0.3036	0.3186	0.2941	28.1175	3252.6023
107000	0.1563	0.3043	0.3192	0.2945	28.1867	3246.0836
107500	0.1573	0.3063	0.3210	0.2960	28.2431	3239.6056
108000	0.1586	0.3076	0.3222	0.2975	28.3114	3233.1887
108500	0.1590	0.3081	0.3224	0.2976	28.3731	3226.8106
109000	0.1585	0.3087	0.3227	0.2982	28.4343	3220.4794
109500	0.1580	0.3087	0.3227	0.2977	28.4951	3214.1688
110000	0.1576	0.3093	0.3229	0.2975	28.5566	3207.8981
110500	0.1578	0.3101	0.3234	0.2982	28.6251	3201.6674
111000	0.1591	0.3122	0.3251	0.2999	28.6918	3195.5147
111500	0.1579	0.3118	0.3247	0.2996	28.7533	3189.3844
112000	0.1597	0.3147	0.3272	0.3008	28.8233	3183.2917
112500	0.1596	0.3149	0.3270	0.3008	28.8948	3177.2385
113000	0.1588	0.3152	0.3268	0.3010	28.9721	3171.2113
113500	0.1603	0.3171	0.3282	0.3012	29.0492	3165.2478
114000	0.1598	0.3184	0.3292	0.3021	29.1382	3159.3092
114500	0.1605	0.3187	0.3292	0.3029	29.2266	3153.4007
115000	0.1602	0.3193	0.3292	0.3030	29.3170	3147.5458
115500	0.1594	0.3196	0.3291	0.3033	29.4103	3141.7346
116000	0.1599	0.3207	0.3298	0.3043	29.5096	3135.9438
116500	0.1610	0.3226	0.3315	0.3050	29.6141	3130.1954
117000	0.1618	0.3231	0.3315	0.3064	29.7181	3124.4969
117500	0.1620	0.3244	0.3325	0.3075	29.8193	3118.8168
118000	0.1620	0.3251	0.3330	0.3083	29.9241	3113.1801
118500	0.1620	0.3252	0.3327	0.3092	30.0324	3107.5877
119000	0.1610	0.3252	0.3323	0.3093	30.1402	3102.0280
119500	0.1615	0.3259	0.3330	0.3093	30.2373	3096.4943
120000	0.1609	0.3256	0.3324	0.3101	30.3385	3090.9971
120500	0.1613	0.3268	0.3334	0.3109	30.4344	3085.5387
121000	0.1608	0.3274	0.3339	0.3116	30.5280	3080.1017
121500	0.1614	0.3279	0.3342	0.3132	30.6172	3074.7220
122000	0.1612	0.3277	0.3340	0.3132	30.6867	3069.3838
122500	0.1613	0.3284	0.3344	0.3133	30.7640	3064.0436
123000	0.1601	0.3279	0.3338	0.3136	30.8338	3058.7430
123500	0.1619	0.3300	0.3359	0.3159	30.8961	3053.4920
124000	0.1623	0.3313	0.3372	0.3169	30.9569	3048.2629
124500	0.1624	0.3309	0.3366	0.3172	31.0176	3043.0597
125000	0.1615	0.3305	0.3360	0.3168	31.0615	3037.9231
125500	0.1616	0.3318	0.3373	0.3178	31.1143	3032.7813
126000	0.1614	0.3312	0.3366	0.3174	31.1666	3027.6767
126500	0.1617	0.3319	0.3372	0.3196	31.2136	3022.5974
127000	0.1617	0.3323	0.3374	0.3198	31.2594	3017.5749
127500	0.1619	0.3338	0.3387	0.3219	31.3060	3012.5481
128000	0.1630	0.3352	0.3399	0.3235	31.3475	3007.5740
128500	0.1619	0.3342	0.3387	0.3238	31.3948	3002.6388
129000	0.1627	0.3357	0.3398	0.3259	31.4372	2997.7324
129500	0.1615	0.3359	0.3401	0.3263	31.4852	2992.8497
130000	0.1636	0.3375	0.3413	0.3294	31.5455	2988.0016
130500	0.1649	0.3395	0.3431	0.3323	31.6068	2983.1823
131000	0.1656	0.3403	0.3438	0.3344	31.6514	2978.3787
131500	0.1663	0.3415	0.3448	0.3366	31.7013	2973.6002
132000	0.1675	0.3425	0.3459	0.3373	31.7464	2968.8637
132500	0.1683	0.3424	0.3457	0.3387	31.7973	2964.1510
133000	0.1690	0.3427	0.3459	0.3386	31.8478	2959.4539
133500	0.1701	0.3447	0.3478	0.3409	31.8947	2954.8052
134000	0.1716	0.3459	0.3490	0.3420	31.9403	2950.1684
134500	0.1717	0.3452	0.3481	0.3419	31.9845	2945.5528
135000	0.1722	0.3458	0.3487	0.3429	32.0321	2940.9808
135500	0.1753	0.3482	0.3509	0.3443	32.0661	2936.4499
136000	0.1756	0.3484	0.3512	0.3447	32.1096	2931.9235
136500	0.1759	0.3486	0.3513	0.3456	32.1479	2927.4316
137000	0.1768	0.3497	0.3521	0.3468	32.1879	2922.9629
137500	0.1767	0.3492	0.3516	0.3460	32.2292	2918.5294
138000	0.1774	0.3488	0.3510	0.3464	32.2615	2914.1200
138500	0.1789	0.3508	0.3528	0.3492	32.2929	2909.7214
139000	0.1808	0.3526	0.3545	0.3503	32.3315	2905.3468
139500	0.1809	0.3529	0.3546	0.3510	32.3614	2901.0107
140000	0.1806	0.3524	0.3539	0.3501	32.4004	2896.6904
140500	0.1815	0.3530	0.3544	0.3520	32.4386	2892.4111
141000	0.1809	0.3530	0.3541	0.3519	32.4708	2888.1483
141500	0.1812	0.3531	0.3541	0.3531	32.5054	2883.8863
142000	0.1817	0.3528	0.3535	0.3540	32.5428	2879.6651
142500	0.1834	0.3547	0.3554	0.3549	32.5738	2875.4843
143000	0.1845	0.3548	0.3555	0.3571	32.6110	2871.3200
143500	0.1845	0.3557	0.3566	0.3575	32.6499	2867.1695
144000	0.1856	0.3552	0.3564	0.3588	32.6943	2863.0523
144500	0.1861	0.3570	0.3582	0.3607	32.7393	2858.9537
145000	0.1866	0.3565	0.3581	0.3614	32.7896	2854.8736
145500	0.1871	0.3575	0.3594	0.3626	32.8409	2850.8320
146000	0.1870	0.3566	0.3587	0.3630	32.8898	2846.7901
146500	0.1895	0.3580	0.3603	0.3658	32.9352	2842.7658
147000	0.1897	0.3587	0.3612	0.3672	32.9923	2838.7923
147500	0.1900	0.3586	0.3612	0.3675	33.0467	2834.8375
148000	0.1910	0.3589	0.3619	0.3702	33.1014	2830.8908
148500	0.1906	0.3604	0.3635	0.3694	33.1615	2826.9793
149000	0.1913	0.3595	0.3628	0.3710	33.2235	2823.0776
149500	0.1932	0.3611	0.3647	0.3724	33.2819	2819.2034
150000	0.1926	0.3601	0.3638	0.3736	33.3401	2815.3546
150500	0.1928	0.3609	0.3647	0.3737	33.3937	2811.5180
151000	0.1947	0.3624	0.3665	0.3759	33.4533	2807.7039
151500	0.1936	0.3615	0.3656	0.3747	33.5098	2803.9032
152000	0.1944	0.3614	0.3657	0.3767	33.5601	2800.1477
152500	0.1953	0.3628	0.3673	0.3774	33.6185	2796.3951
153000	0.1942	0.3622	0.3669	0.3782	33.6771	2792.6455
153500	0.1958	0.3636	0.3685	0.3796	33.7352	2788.9311
154000	0.1967	0.3637	0.3686	0.3798	33.7851	2785.2412
154500	0.1975	0.3652	0.3705	0.3814	33.8383	2781.5717
155000	0.1977	0.3648	0.3701	0.3817	33.8966	2777.9194
155500	0.1981	0.3650	0.3704	0.3818	33.9466	2774.2761
156000	0.1994	0.3658	0.3714	0.3832	33.9927	2770.6691
156500	0.1985	0.3660	0.3717	0.3827	34.0453	2767.0696
157000	0.1994	0.3665	0.3724	0.3839	34.0924	2763.4992
157500	0.2018	0.3681	0.3742	0.3870	34.1467	2759.9330
158000	0.2006	0.3676	0.3739	0.3862	34.1976	2756.3977
158500	0.2020	0.3682	0.3746	0.3867	34.2457	2752.8888
159000	0.2041	0.3697	0.3763	0.3887	34.2994	2749.3974
159500	0.2022	0.3682	0.3750	0.3873	34.3432	2745.9053
160000	0.2032	0.3697	0.3764	0.3887	34.3877	2742.4288
160500	0.2031	0.3695	0.3763	0.3879	34.4287	2738.9959
161000	0.2025	0.3692	0.3762	0.3877	34.4750	2735.5680
161500	0.2039	0.3702	0.3773	0.3888	34.5195	2732.1549
162000	0.2044	0.3698	0.3771	0.3888	34.5644	2728.7599
162500	0.2063	0.3716	0.3789	0.3910	34.6056	2725.3831
163000	0.2047	0.3706	0.3780	0.3902	34.6476	2722.0192
163500	0.2041	0.3709	0.3783	0.3899	34.6851	2718.6819
164000	0.2035	0.3705	0.3781	0.3899	34.7246	2715.3692
164500	0.2065	0.3718	0.3797	0.3918	34.7669	2712.0579
165000	0.2052	0.3713	0.3792	0.3911	34.8100	2708.7672
165500	0.2070	0.3725	0.3804	0.3929	34.8474	2705.4892
166000	0.2083	0.3732	0.3813	0.3940	34.8789	2702.2317
166500	0.2072	0.3726	0.3808	0.3938	34.9103	2698.9900
167000	0.2084	0.3733	0.3817	0.3949	34.9424	2695.7614
167500	0.2078	0.3727	0.3811	0.3941	34.9719	2692.5608
168000	0.2088	0.3743	0.3829	0.3957	35.0027	2689.3730
168500	0.2100	0.3749	0.3835	0.3967	35.0370	2686.2028
169000	0.2090	0.3743	0.3831	0.3961	35.0607	2683.0430
169500	0.2084	0.3739	0.3829	0.3961	35.1007	2679.8995
170000	0.2094	0.3738	0.3830	0.3973	35.1414	2676.7558
170500	0.2085	0.3737	0.3829	0.3966	35.1787	2673.6414
171000	0.2103	0.3750	0.3844	0.3984	35.2160	2670.5541
171500	0.2096	0.3748	0.3844	0.3980	35.2617	2667.4752
172000	0.2097	0.3760	0.3858	0.3983	35.3105	2664.4074
172500	0.2102	0.3758	0.3858	0.3983	35.3516	2661.3535
173000	0.2094	0.3751	0.3852	0.3987	35.4022	2658.3076
173500	0.2095	0.3754	0.3856	0.3987	35.4439	2655.2843
174000	0.2106	0.3759	0.3863	0.3995	35.4944	2652.2752
174500	0.2106	0.3761	0.3867	0.3990	35.5409	2649.2868
175000	0.2102	0.3754	0.3864	0.3991	35.5903	2646.3040
175500	0.2104	0.3755	0.3867	0.3991	35.6428	2643.3356
176000	0.2117	0.3757	0.3870	0.4010	35.6940	2640.3921
176500	0.2128	0.3763	0.3878	0.4023	35.7491	2637.4530
177000	0.2106	0.3760	0.3876	0.4006	35.8113	2634.5330
177500	0.2122	0.3764	0.3884	0.4029	35.8666	2631.6264
178000	0.2117	0.3764	0.3883	0.4019	35.9203	2628.7167
178500	0.2127	0.3766	0.3887	0.4028	35.9680	2625.8529
179000	0.2103	0.3763	0.3884	0.4011	36.0173	2622.9882
179500	0.2124	0.3768	0.3890	0.4038	36.0807	2620.1323
180000	0.2122	0.3772	0.3896	0.4037	36.1364	2617.2880
180500	0.2124	0.3767	0.3893	0.4035	36.1887	2614.4630
181000	0.2119	0.3769	0.3894	0.4033	36.2338	2611.6607
181500	0.2119	0.3769	0.3897	0.4034	36.2907	2608.8552
182000	0.2108	0.3765	0.3895	0.4025	36.3369	2606.0860
182500	0.2116	0.3767	0.3897	0.4036	36.3785	2603.3103
183000	0.2125	0.3774	0.3905	0.4051	36.4290	2600.5441
183500	0.2106	0.3756	0.3888	0.4043	36.4796	2597.8065
184000	0.2097	0.3754	0.3888	0.4036	36.5306	2595.0607
184500	0.2105	0.3758	0.3893	0.4040	36.5708	2592.3490
185000	0.2111	0.3768	0.3903	0.4042	36.6093	2589.6503
185500	0.2106	0.3769	0.3906	0.4039	36.6539	2586.9585
186000	0.2118	0.3777	0.3915	0.4060	36.6944	2584.2779
186500	0.2105	0.3769	0.3909	0.4052	36.7372	2581.6004
187000	0.2102	0.3765	0.3907	0.4044	36.7888	2578.9359
187500	0.2119	0.3776	0.3919	0.4066	36.8301	2576.3095
188000	0.2121	0.3775	0.3921	0.4071	36.8763	2573.6627
188500	0.2125	0.3778	0.3926	0.4074	36.9246	2571.0463
189000	0.2134	0.3783	0.3932	0.4091	36.9746	2568.4367
189500	0.2135	0.3785	0.3936	0.4090	37.0285	2565.8380
190000	0.2124	0.3784	0.3938	0.4097	37.0867	2563.2472
190500	0.2118	0.3789	0.3944	0.4095	37.1395	2560.6787
191000	0.2124	0.3790	0.3947	0.4101	37.2034	2558.1135
191500	0.2136	0.3796	0.3954	0.4112	37.2611	2555.5798
192000	0.2128	0.3785	0.3945	0.4115	37.3223	2553.0427
192500	0.2138	0.3795	0.3956	0.4121	37.3905	2550.5114
193000	0.2143	0.3796	0.3958	0.4117	37.4436	2547.9894
193500	0.2145	0.3792	0.3956	0.4124	37.5016	2545.4856
194000	0.2127	0.3790	0.3956	0.4113	37.5565	2542.9913
194500	0.2132	0.3796	0.3964	0.4119	37.6111	2540.5145
195000	0.2132	0.3790	0.3958	0.4113	37.6671	2538.0420
195500	0.2127	0.3789	0.3958	0.4121	37.7177	2535.5823
196000	0.2115	0.3778	0.3948	0.4109	37.7640	2533.1416
196500	0.2101	0.3776	0.3946	0.4102	37.8174	2530.6965
197000	0.2112	0.3788	0.3959	0.4114	37.8633	2528.2804
197500	0.2110	0.3785	0.3958	0.4106	37.9076	2525.8529
198000	0.2127	0.3797	0.3970	0.4121	37.9523	2523.4388
198500	0.2119	0.3790	0.3963	0.4116	37.9983	2521.0526
199000	0.2119	0.3791	0.3965	0.4117	38.0414	2518.6619
199500	0.2115	0.3787	0.3960	0.4112	38.0920	2516.2861
200000	0.2131	0.3798	0.3974	0.4131	38.1342	2513.9101
200500	0.2111	0.3786	0.3962	0.4115	38.1698	2511.5610
201000	0.2111	0.3789	0.3967	0.4115	38.2051	2509.2207
201500	0.2120	0.3792	0.3969	0.4123	38.2506	2506.8809
202000	0.2098	0.3778	0.3957	0.4112	38.2835	2504.5610
202500	0.2117	0.3792	0.3972	0.4130	38.3154	2502.2480
203000	0.2115	0.3787	0.3968	0.4124	38.3524	2499.9431
203500	0.2105	0.3786	0.3969	0.4126	38.3900	2497.6535
204000	0.2099	0.3782	0.3966	0.4123	38.4202	2495.3749
204500	0.2113	0.3786	0.3971	0.4130	38.4554	2493.0975
205000	0.2115	0.3786	0.3971	0.4138	38.4908	2490.8283
205500	0.2106	0.3787	0.3974	0.4123	38.5245	2488.5749
206000	0.2107	0.3786	0.3973	0.4129	38.5562	2486.3230
206500	0.2099	0.3775	0.3964	0.4130	38.5920	2484.0899
207000	0.2099	0.3775	0.3965	0.4127	38.6241	2481.8665
207500	0.2089	0.3776	0.3967	0.4119	38.6599	2479.6397
208000	0.2101	0.3781	0.3973	0.4126	38.6899	2477.4383
208500	0.2106	0.3788	0.3982	0.4131	38.7296	2475.2416
209000	0.2103	0.3776	0.3972	0.4133	38.7691	2473.0463
209500	0.2093	0.3775	0.3971	0.4132	38.8042	2470.8616
210000	0.2101	0.3782	0.3980	0.4136	38.8433	2468.6806
210500	0.2093	0.3772	0.3972	0.4129	38.8860	2466.5100
211000	0.2086	0.3770	0.3969	0.4121	38.9255	2464.3649
211500	0.2088	0.3769	0.3970	0.4127	38.9651	2462.2140
212000	0.2078	0.3766	0.3968	0.4126	39.0052	2460.0774
212500	0.2080	0.3766	0.3969	0.4132	39.0499	2457.9464
213000	0.2069	0.3765	0.3969	0.4115	39.0918	2455.8328
213500	0.2075	0.3769	0.3973	0.4131	39.1369	2453.7180
214000	0.2069	0.3772	0.3977	0.4128	39.1786	2451.6200
214500	0.2060	0.3760	0.3966	0.4118	39.2258	2449.5295
215000	0.2077	0.3777	0.3985	0.4138	39.2648	2447.4545
215500	0.2071	0.3773	0.3981	0.4140	39.3059	2445.3712
216000	0.2079	0.3774	0.3983	0.4142	39.3476	2443.3029
216500	0.2080	0.3784	0.3995	0.4145	39.3858	2441.2440
217000	0.2065	0.3773	0.3984	0.4140	39.4201	2439.2012
217500	0.2065	0.3777	0.3987	0.4145	39.4601	2437.1591
218000	0.2059	0.3770	0.3980	0.4134	39.4934	2435.1241
218500	0.2067	0.3767	0.3979	0.4142	39.5263	2433.0949
219000	0.2067	0.3774	0.3987	0.4156	39.5588	2431.0837
219500	0.2071	0.3772	0.3986	0.4148	39.5879	2429.0784
220000	0.2066	0.3769	0.3983	0.4154	39.6208	2427.0727
220500	0.2056	0.3770	0.3985	0.4146	39.6505	2425.0754
221000	0.2047	0.3763	0.3979	0.4141	39.6778	2423.0946
221500	0.2057	0.3778	0.3994	0.4159	39.7018	2421.1252
222000	0.2050	0.3769	0.3986	0.4152	39.7326	2419.1572
222500	0.2040	0.3767	0.3983	0.4149	39.7682	2417.1960
223000	0.2044	0.3775	0.3992	0.4153	39.7999	2415.2417
223500	0.2047	0.3763	0.3981	0.4149	39.8282	2413.3034
224000	0.2049	0.3770	0.3989	0.4161	39.8595	2411.3642
224500	0.2022	0.3762	0.3980	0.4138	39.8832	2409.4407
225000	0.2020	0.3756	0.3975	0.4131	39.9065	2407.5210
225500	0.2022	0.3751	0.3969	0.4130	39.9326	2405.6095
226000	0.2022	0.3758	0.3976	0.4139	39.9633	2403.7003
226500	0.2038	0.3758	0.3978	0.4144	39.9887	2401.7982
227000	0.2041	0.3759	0.3979	0.4150	40.0126	2399.9068
227500	0.2044	0.3769	0.3990	0.4153	40.0368	2398.0255
228000	0.2043	0.3765	0.3986	0.4158	40.0607	2396.1443
228500	0.2041	0.3767	0.3989	0.4154	40.0853	2394.2842
229000	0.2040	0.3761	0.3983	0.4151	40.1058	2392.4322
229500	0.2027	0.3756	0.3978	0.4139	40.1281	2390.5748
230000	0.2046	0.3759	0.3983	0.4150	40.1530	2388.7211
230500	0.2032	0.3751	0.3975	0.4141	40.1757	2386.8870
231000	0.2037	0.3749	0.3975	0.4144	40.1988	2385.0526
231500	0.2026	0.3753	0.3978	0.4148	40.2172	2383.2269
232000	0.2034	0.3759	0.3986	0.4148	40.2365	2381.4063
232500	0.2034	0.3755	0.3983	0.4146	40.2632	2379.5938
233000	0.2015	0.3745	0.3974	0.4140	40.2860	2377.7955
233500	0.2030	0.3753	0.3983	0.4147	40.3124	2375.9860
234000	0.2018	0.3744	0.3973	0.4147	40.3432	2374.1881
234500	0.2017	0.3745	0.3977	0.4139	40.3772	2372.4101
235000	0.2026	0.3756	0.3989	0.4153	40.4128	2370.6339
235500	0.2007	0.3740	0.3974	0.4136	40.4438	2368.8646
236000	0.2027	0.3739	0.3975	0.4149	40.4752	2367.0951
236500	0.2020	0.3733	0.3970	0.4148	40.5076	2365.3334
237000	0.2015	0.3732	0.3970	0.4147	40.5437	2363.5852
237500	0.2020	0.3734	0.3974	0.4151	40.5857	2361.8435
238000	0.2007	0.3729	0.3968	0.4137	40.6301	2360.1085
238500	0.2018	0.3734	0.3977	0.4150	40.6659	2358.3753
239000	0.2004	0.3725	0.3969	0.4147	40.7134	2356.6450
239500	0.2012	0.3735	0.3981	0.4158	40.7612	2354.9286
240000	0.2006	0.3732	0.3979	0.4155	40.8087	2353.2099
240500	0.2005	0.3725	0.3973	0.4155	40.8582	2351.5002
241000	0.2003	0.3729	0.3979	0.4151	40.9059	2349.8029
241500	0.1990	0.3721	0.3971	0.4153	40.9556	2348.1065
242000	0.2009	0.3727	0.3979	0.4159	41.0068	2346.4204
242500	0.2000	0.3724	0.3977	0.4156	41.0625	2344.7394
243000	0.1995	0.3720	0.3975	0.4160	41.1196	2343.0654
243500	0.1996	0.3714	0.3971	0.4159	41.1728	2341.3980
244000	0.2004	0.3719	0.3977	0.4170	41.2321	2339.7340
244500	0.1994	0.3713	0.3971	0.4170	41.2906	2338.0697
245000	0.1997	0.3717	0.3977	0.4166	41.3503	2336.4133
245500	0.2006	0.3723	0.3985	0.4176	41.4003	2334.7716
246000	0.1990	0.3706	0.3970	0.4165	41.4551	2333.1289
246500	0.1991	0.3707	0.3972	0.4174	41.5108	2331.4982
247000	0.1991	0.3704	0.3969	0.4172	41.5697	2329.8758
247500	0.1987	0.3710	0.3977	0.4171	41.6265	2328.2502
248000	0.1986	0.3706	0.3974	0.4172	41.6867	2326.6357
248500	0.1987	0.3709	0.3978	0.4175	41.7483	2325.0307
249000	0.1973	0.3693	0.3962	0.4163	41.8079	2323.4173
249500	0.1985	0.3712	0.3982	0.4173	41.8666	2321.8256
250000	0.1974	0.3703	0.3975	0.4168	41.9310	2320.2273
250500	0.1964	0.3697	0.3969	0.4167	41.9973	2318.6423
251000	0.1958	0.3696	0.3970	0.4163	42.0579	2317.0722
251500	0.1960	0.3690	0.3965	0.4164	42.1164	2315.4928
252000	0.1953	0.3687	0.3962	0.4163	42.1765	2313.9245
252500	0.1973	0.3695	0.3972	0.4181	42.2325	2312.3604
253000	0.1955	0.3687	0.3964	0.4166	42.2911	2310.8014
253500	0.1955	0.3682	0.3959	0.4169	42.3503	2309.2456
254000	0.1950	0.3683	0.3961	0.4171	42.4075	2307.6925
254500	0.1947	0.3683	0.3962	0.4172	42.4670	2306.1530
255000	0.1948	0.3680	0.3961	0.4173	42.5182	2304.6186
255500	0.1958	0.3684	0.3965	0.4191	42.5701	2303.0848
256000	0.1950	0.3681	0.3963	0.4179	42.6284	2301.5567
256500	0.1958	0.3688	0.3971	0.4192	42.6790	2300.0283
257000	0.1956	0.3687	0.3972	0.4197	42.7329	2298.5175
257500	0.1945	0.3685	0.3970	0.4193	42.7826	2297.0120
258000	0.1936	0.3676	0.3960	0.4189	42.8334	2295.5041
258500	0.1949	0.3692	0.3978	0.4203	42.8874	2294.0061
259000	0.1953	0.3690	0.3976	0.4206	42.9318	2292.5128
259500	0.1950	0.3693	0.3980	0.4208	42.9779	2291.0212
260000	0.1937	0.3681	0.3969	0.4201	43.0155	2289.5328
260500	0.1951	0.3690	0.3979	0.4222	43.0538	2288.0581
261000	0.1931	0.3678	0.3966	0.4201	43.0990	2286.5788
261500	0.1936	0.3678	0.3967	0.4208	43.1395	2285.1094
262000	0.1942	0.3689	0.3979	0.4218	43.1707	2283.6449
262500	0.1922	0.3670	0.3959	0.4199	43.1998	2282.1876
263000	0.1920	0.3676	0.3967	0.4204	43.2403	2280.7270
263500	0.1931	0.3680	0.3970	0.4217	43.2725	2279.2800
264000	0.1931	0.3678	0.3971	0.4212	43.3063	2277.8343
264500	0.1911	0.3670	0.3962	0.4206	43.3403	2276.3975
265000	0.1933	0.3678	0.3972	0.4227	43.3738	2274.9653
265500	0.1918	0.3672	0.3966	0.4209	43.4055	2273.5333
266000	0.1919	0.3677	0.3972	0.4221	43.4321	2272.1062
266500	0.1928	0.3678	0.3973	0.4226	43.4594	2270.6851
267000	0.1917	0.3677	0.3972	0.4228	43.4930	2269.2723
267500	0.1929	0.3679	0.3976	0.4232	43.5216	2267.8640
268000	0.1912	0.3677	0.3974	0.4225	43.5475	2266.4583
268500	0.1924	0.3680	0.3978	0.4242	43.5766	2265.0659
269000	0.1926	0.3680	0.3978	0.4243	43.6046	2263.6685
269500	0.1917	0.3676	0.3975	0.4243	43.6374	2262.2780
270000	0.1910	0.3666	0.3963	0.4235	43.6742	2260.8832
270500	0.1917	0.3675	0.3974	0.4244	43.7045	2259.5048
271000	0.1926	0.3690	0.3990	0.4258	43.7355	2258.1278
271500	0.1925	0.3683	0.3984	0.4263	43.7641	2256.7589
272000	0.1908	0.3673	0.3973	0.4244	43.7938	2255.3836
272500	0.1904	0.3675	0.3976	0.4249	43.8258	2254.0212
273000	0.1919	0.3688	0.3990	0.4262	43.8584	2252.6566
273500	0.1916	0.3683	0.3985	0.4265	43.8784	2251.3038
274000	0.1916	0.3687	0.3990	0.4271	43.9120	2249.9494
274500	0.1903	0.3676	0.3979	0.4265	43.9378	2248.6064
275000	0.1897	0.3675	0.3977	0.4263	43.9567	2247.2581
275500	0.1912	0.3687	0.3992	0.4274	43.9840	2245.9247
276000	0.1900	0.3681	0.3984	0.4270	44.0052	2244.5932
276500	0.1907	0.3685	0.3989	0.4275	44.0268	2243.2681
277000	0.1902	0.3680	0.3986	0.4277	44.0482	2241.9443
277500	0.1906	0.3685	0.3990	0.4281	44.0705	2240.6228
278000	0.1914	0.3695	0.4002	0.4292	44.0910	2239.3075
278500	0.1913	0.3692	0.3998	0.4296	44.1076	2237.9943
279000	0.1884	0.3675	0.3981	0.4277	44.1274	2236.6863
279500	0.1905	0.3688	0.3995	0.4298	44.1527	2235.3803
280000	0.1896	0.3678	0.3985	0.4289	44.1763	2234.0800
280500	0.1905	0.3686	0.3994	0.4298	44.1996	2232.7860
281000	0.1906	0.3687	0.3995	0.4304	44.2212	2231.4927
281500	0.1901	0.3684	0.3994	0.4304	44.2435	2230.2001
282000	0.1886	0.3676	0.3985	0.4293	44.2633	2228.9208
282500	0.1915	0.3697	0.4007	0.4320	44.2802	2227.6442
283000	0.1899	0.3688	0.3998	0.4310	44.3039	2226.3703
283500	0.1901	0.3695	0.4006	0.4314	44.3319	2225.0990
284000	0.1884	0.3686	0.3996	0.4306	44.3490	2223.8269
284500	0.1901	0.3685	0.3996	0.4319	44.3688	2222.5686
285000	0.1899	0.3685	0.3996	0.4317	44.3930	2221.3065
285500	0.1886	0.3685	0.3997	0.4315	44.4137	2220.0505
286000	0.1898	0.3685	0.3997	0.4323	44.4339	2218.8027
286500	0.1900	0.3688	0.4001	0.4338	44.4496	2217.5556
287000	0.1888	0.3684	0.3997	0.4331	44.4660	2216.3128
287500	0.1903	0.3690	0.4004	0.4341	44.4910	2215.0730
288000	0.1907	0.3697	0.4011	0.4349	44.5104	2213.8369
288500	0.1892	0.3692	0.4005	0.4342	44.5277	2212.6048
289000	0.1902	0.3698	0.4014	0.4353	44.5461	2211.3781
289500	0.1890	0.3688	0.4003	0.4346	44.5654	2210.1568
290000	0.1893	0.3691	0.4006	0.4358	44.5841	2208.9345
290500	0.1903	0.3697	0.4013	0.4360	44.6070	2207.7163
291000	0.1890	0.3689	0.4004	0.4356	44.6192	2206.5027
291500	0.1878	0.3685	0.4001	0.4345	44.6401	2205.2960
292000	0.1885	0.3693	0.4010	0.4363	44.6622	2204.0880
292500	0.1876	0.3686	0.4003	0.4359	44.6830	2202.8838
293000	0.1885	0.3694	0.4011	0.4368	44.6971	2201.6919
293500	0.1901	0.3703	0.4021	0.4386	44.7263	2200.4946
294000	0.1889	0.3696	0.4014	0.4383	44.7440	2199.3040
294500	0.1893	0.3698	0.4018	0.4385	44.7678	2198.1217
295000	0.1891	0.3697	0.4016	0.4383	44.7838	2196.9320
295500	0.1901	0.3705	0.4026	0.4396	44.7992	2195.7564
296000	0.1886	0.3698	0.4019	0.4384	44.8209	2194.5820
296500	0.1889	0.3694	0.4015	0.4391	44.8373	2193.4099
297000	0.1900	0.3704	0.4026	0.4407	44.8585	2192.2405
297500	0.1897	0.3702	0.4025	0.4408	44.8758	2191.0746
298000	0.1892	0.3701	0.4023	0.4398	44.8909	2189.9152
298500	0.1905	0.3703	0.4025	0.4407	44.9130	2188.7545
299000	0.1891	0.3701	0.4025	0.4402	44.9318	2187.6027
299500	0.1907	0.3706	0.4031	0.4417	44.9464	2186.4505
300000	0.1896	0.3703	0.4029	0.4413	44.9664	2185.3080
300500	0.1890	0.3693	0.4017	0.4409	44.9865	2184.1644
301000	0.1884	0.3698	0.4023	0.4410	45.0122	2183.0169
301500	0.1893	0.3697	0.4022	0.4413	45.0322	2181.8833
302000	0.1907	0.3717	0.4044	0.4434	45.0548	2180.7505
302500	0.1897	0.3709	0.4036	0.4432	45.0825	2179.6176
303000	0.1894	0.3702	0.4029	0.4425	45.0999	2178.4950
303500	0.1897	0.3706	0.4034	0.4434	45.1264	2177.3710
304000	0.1900	0.3713	0.4042	0.4440	45.1531	2176.2486
304500	0.1893	0.3705	0.4034	0.4435	45.1747	2175.1312
305000	0.1895	0.3704	0.4033	0.4444	45.1922	2174.0149
305500	0.1874	0.3693	0.4023	0.4427	45.2178	2172.9042
306000	0.1886	0.3703	0.4033	0.4436	45.2341	2171.8014
306500	0.1896	0.3710	0.4041	0.4453	45.2540	2170.6993
307000	0.1896	0.3709	0.4041	0.4457	45.2726	2169.6013
307500	0.1896	0.3707	0.4039	0.4457	45.2900	2168.5010
308000	0.1891	0.3710	0.4042	0.4456	45.3126	2167.4082
308500	0.1893	0.3709	0.4043	0.4453	45.3318	2166.3205
309000	0.1890	0.3702	0.4035	0.4456	45.3562	2165.2374
309500	0.1886	0.3707	0.4040	0.4452	45.3834	2164.1508
310000	0.1889	0.3706	0.4040	0.4465	45.4088	2163.0685
310500	0.1894	0.3718	0.4054	0.4477	45.4306	2161.9911
311000	0.1892	0.3715	0.4052	0.4477	45.4551	2160.9188
311500	0.1899	0.3715	0.4052	0.4479	45.4845	2159.8467
312000	0.1887	0.3705	0.4041	0.4466	45.5034	2158.7831
312500	0.1899	0.3711	0.4050	0.4480	45.5239	2157.7141
313000	0.1893	0.3717	0.4056	0.4476	45.5511	2156.6556
313500	0.1884	0.3711	0.4050	0.4475	45.5773	2155.5914
314000	0.1883	0.3706	0.4045	0.4472	45.5979	2154.5401
314500	0.1894	0.3709	0.4050	0.4489	45.6180	2153.4932
315000	0.1894	0.3714	0.4055	0.4494	45.6433	2152.4400
315500	0.1893	0.3711	0.4052	0.4494	45.6659	2151.3961
316000	0.1908	0.3718	0.4061	0.4505	45.6937	2150.3535
316500	0.1886	0.3714	0.4057	0.4492	45.7233	2149.3087
317000	0.1891	0.3713	0.4057	0.4499	45.7538	2148.2698
317500	0.1888	0.3712	0.4056	0.4498	45.7841	2147.2309
318000	0.1901	0.3725	0.4069	0.4510	45.8130	2146.2026
318500	0.1891	0.3721	0.4068	0.4505	45.8381	2145.1683
319000	0.1879	0.3714	0.4061	0.4501	45.8675	2144.1438
319500	0.1887	0.3719	0.4065	0.4508	45.8964	2143.1201
320000	0.1877	0.3716	0.4062	0.4504	45.9254	2142.0978
320500	0.1882	0.3720	0.4068	0.4510	45.9539	2141.0792
321000	0.1885	0.3712	0.4060	0.4506	45.9825	2140.0652
321500	0.1890	0.3720	0.4069	0.4523	46.0017	2139.0506
322000	0.1883	0.3717	0.4067	0.4511	46.0304	2138.0437
322500	0.1885	0.3721	0.4071	0.4515	46.0578	2137.0367
323000	0.1898	0.3722	0.4072	0.4532	46.0797	2136.0354
323500	0.1886	0.3719	0.4070	0.4518	46.1062	2135.0370
324000	0.1885	0.3725	0.4077	0.4528	46.1343	2134.0398
324500	0.1887	0.3719	0.4071	0.4526	46.1585	2133.0429
325000	0.1896	0.3729	0.4082	0.4538	46.1825	2132.0498
325500	0.1890	0.3730	0.4084	0.4535	46.2134	2131.0553
326000	0.1880	0.3725	0.4080	0.4534	46.2465	2130.0699
326500	0.1881	0.3722	0.4076	0.4531	46.2741	2129.0859
327000	0.1886	0.3728	0.4084	0.4536	46.2954	2128.1073
327500	0.1895	0.3730	0.4086	0.4540	46.3193	2127.1258
328000	0.1878	0.3721	0.4077	0.4530	46.3453	2126.1543
328500	0.1878	0.3716	0.4073	0.4531	46.3716	2125.1788
329000	0.1880	0.3727	0.4085	0.4536	46.3987	2124.2069
329500	0.1871	0.3717	0.4074	0.4530	46.4264	2123.2444
330000	0.1887	0.3723	0.4082	0.4548	46.4508	2122.2762
330500	0.1874	0.3726	0.4085	0.4538	46.4826	2121.3177
331000	0.1883	0.3719	0.4078	0.4549	46.5118	2120.3588
331500	0.1887	0.3732	0.4093	0.4555	46.5370	2119.3992
332000	0.1874	0.3728	0.4089	0.4544	46.5659	2118.4436
332500	0.1890	0.3733	0.4095	0.4565	46.5915	2117.4924
333000	0.1874	0.3727	0.4090	0.4558	46.6146	2116.5428
333500	0.1882	0.3728	0.4091	0.4552	46.6398	2115.5982
334000	0.1880	0.3731	0.4096	0.4561	46.6709	2114.6529
334500	0.1881	0.3734	0.4099	0.4559	46.6998	2113.7095
335000	0.1879	0.3733	0.4099	0.4568	46.7269	2112.7731
335500	0.1873	0.3726	0.4092	0.4556	46.7466	2111.8351
336000	0.1867	0.3731	0.4098	0.4558	46.7785	2110.8984
336500	0.1873	0.3732	0.4099	0.4567	46.8089	2109.9665
337000	0.1879	0.3735	0.4103	0.4573	46.8328	2109.0401
337500	0.1877	0.3735	0.4103	0.4573	46.8640	2108.1106
338000	0.1882	0.3739	0.4109	0.4584	46.8907	2107.1909
338500	0.1882	0.3742	0.4112	0.4581	46.9215	2106.2624
339000	0.1884	0.3736	0.4107	0.4580	46.9552	2105.3423
339500	0.1874	0.3738	0.4108	0.4578	46.9835	2104.4306
340000	0.1866	0.3733	0.4104	0.4571	47.0165	2103.5162
340500	0.1864	0.3734	0.4105	0.4572	47.0456	2102.6036
341000	0.1865	0.3730	0.4100	0.4569	47.0744	2101.6907
341500	0.1880	0.3742	0.4115	0.4585	47.1019	2100.7851
342000	0.1872	0.3741	0.4114	0.4580	47.1335	2099.8798
342500	0.1872	0.3737	0.4111	0.4581	47.1650	2098.9829
343000	0.1866	0.3729	0.4103	0.4576	47.1894	2098.0851
343500	0.1872	0.3735	0.4110	0.4582	47.2149	2097.1929
344000	0.1861	0.3733	0.4106	0.4576	47.2441	2096.2991
344500	0.1864	0.3731	0.4105	0.4578	47.2739	2095.4043
345000	0.1864	0.3736	0.4111	0.4582	47.3031	2094.5155
345500	0.1854	0.3732	0.4108	0.4575	47.3327	2093.6256
346000	0.1859	0.3732	0.4108	0.4576	47.3629	2092.7414
346500	0.1872	0.3739	0.4115	0.4588	47.3925	2091.8595
347000	0.1866	0.3739	0.4116	0.4585	47.4220	2090.9767
347500	0.1858	0.3731	0.4108	0.4577	47.4522	2090.1014
348000	0.1862	0.3732	0.4110	0.4580	47.4776	2089.2188
348500	0.1875	0.3742	0.4121	0.4595	47.4989	2088.3451
349000	0.1862	0.3737	0.4116	0.4589	47.5319	2087.4730
349500	0.1867	0.3748	0.4128	0.4593	47.5527	2086.6079
350000	0.1868	0.3744	0.4124	0.4591	47.5784	2085.7426
350500	0.1862	0.3745	0.4126	0.4589	47.6082	2084.8762
351000	0.1859	0.3742	0.4123	0.4590	47.6323	2084.0121
351500	0.1868	0.3751	0.4134	0.4601	47.6609	2083.1514
352000	0.1868	0.3747	0.4130	0.4601	47.6882	2082.2942
352500	0.1867	0.3750	0.4134	0.4607	47.7133	2081.4341
353000	0.1871	0.3747	0.4131	0.4604	47.7447	2080.5861
353500	0.1874	0.3755	0.4141	0.4609	47.7725	2079.7362
354000	0.1863	0.3743	0.4129	0.4603	47.8003	2078.8859
354500	0.1872	0.3756	0.4143	0.4610	47.8378	2078.0369
355000	0.1869	0.3747	0.4135	0.4614	47.8626	2077.1862
355500	0.1866	0.3744	0.4132	0.4616	47.8947	2076.3475
356000	0.1869	0.3750	0.4139	0.4615	47.9254	2075.5098
356500	0.1860	0.3747	0.4136	0.4610	47.9551	2074.6695
357000	0.1869	0.3753	0.4143	0.4615	47.9858	2073.8350
357500	0.1873	0.3752	0.4143	0.4621	48.0214	2073.0018
358000	0.1859	0.3740	0.4130	0.4607	48.0496	2072.1673
358500	0.1862	0.3749	0.4140	0.4618	48.0765	2071.3363
359000	0.1873	0.3754	0.4145	0.4630	48.1049	2070.5111
359500	0.1868	0.3750	0.4142	0.4619	48.1372	2069.6819
360000	0.1868	0.3752	0.4145	0.4626	48.1723	2068.8561
360500	0.1868	0.3750	0.4143	0.4629	48.2028	2068.0378
361000	0.1865	0.3754	0.4149	0.4635	48.2346	2067.2140
361500	0.1865	0.3749	0.4143	0.4631	48.2682	2066.4020
362000	0.1872	0.3751	0.4145	0.4633	48.2986	2065.5827
362500	0.1870	0.3750	0.4145	0.4636	48.3325	2064.7688
363000	0.1869	0.3754	0.4150	0.4644	48.3557	2063.9561
363500	0.1877	0.3761	0.4158	0.4649	48.3852	2063.1455
364000	0.1877	0.3758	0.4156	0.4652	48.4123	2062.3367
364500	0.1868	0.3759	0.4158	0.4641	48.4384	2061.5380
365000	0.1879	0.3761	0.4159	0.4646	48.4597	2060.7347
365500	0.1873	0.3760	0.4159	0.4646	48.4838	2059.9332
366000	0.1848	0.3748	0.4146	0.4627	48.5104	2059.1350
366500	0.1868	0.3762	0.4162	0.4645	48.5346	2058.3413
367000	0.1863	0.3757	0.4157	0.4649	48.5644	2057.5408
367500	0.1859	0.3752	0.4151	0.4646	48.5906	2056.7500
368000	0.1867	0.3762	0.4162	0.4649	48.6141	2055.9555
368500	0.1850	0.3749	0.4148	0.4637	48.6426	2055.1651
369000	0.1870	0.3766	0.4167	0.4657	48.6665	2054.3797
369500	0.1864	0.3758	0.4160	0.4651	48.6899	2053.5924
370000	0.1864	0.3763	0.4165	0.4658	48.7113	2052.8094
370500	0.1857	0.3757	0.4159	0.4647	48.7318	2052.0276
371000	0.1861	0.3762	0.4164	0.4653	48.7615	2051.2431
371500	0.1858	0.3758	0.4160	0.4658	48.7817	2050.4681
372000	0.1856	0.3749	0.4152	0.4655	48.7964	2049.6938
372500	0.1858	0.3760	0.4164	0.4661	48.8197	2048.9124
373000	0.1858	0.3760	0.4164	0.4664	48.8409	2048.1430
373500	0.1855	0.3754	0.4157	0.4656	48.8586	2047.3778
374000	0.1864	0.3763	0.4168	0.4665	48.8781	2046.6102
