VARIENCE: 20
500	0.0000	0.0000	0.0000	0.0385	10.0256	8811.3643
1000	0.0000	0.0000	0.0000	0.0385	10.0821	8551.2701
1500	0.0000	0.0000	0.0000	0.0385	10.1656	8318.3082
2000	0.0000	0.0000	0.0000	0.0385	10.2739	8105.7483
2500	0.0000	0.0000	0.0000	0.0385	10.4053	7917.7519
3000	0.0000	0.0000	0.0000	0.0385	10.5579	7742.8156
3500	0.0000	0.0000	0.0000	0.0385	10.7301	7582.7392
4000	0.0000	0.0000	0.0000	0.0385	10.9201	7436.2389
4500	0.0000	0.0000	0.0000	0.0385	11.1257	7300.0087
5000	0.0000	0.0000	0.0000	0.0385	11.3449	7176.1261
5500	0.0000	0.0000	0.0000	0.0385	11.5754	7061.9114
6000	0.0000	0.0000	0.0000	0.0385	11.8147	6957.3675
6500	0.0000	0.0000	0.0000	0.0385	12.0598	6861.4443
7000	0.0000	0.0000	0.0000	0.0385	12.3053	6772.4391
7500	0.0000	0.0000	0.0000	0.0385	12.5501	6691.2927
8000	0.0000	0.0000	0.0000	0.0385	12.7884	6616.1663
8500	0.0000	0.0000	0.0001	0.0385	13.0166	6547.2064
9000	0.0000	0.0004	0.0008	0.0388	13.2308	6482.9344
9500	0.0000	0.0011	0.0023	0.0395	13.4324	6423.8214
10000	0.0001	0.0041	0.0081	0.0416	13.6184	6368.6453
10500	0.0004	0.0098	0.0190	0.0469	13.8092	6316.8836
11000	0.0016	0.0195	0.0370	0.0539	13.9989	6268.2925
11500	0.0037	0.0294	0.0546	0.0594	14.1878	6222.5058
12000	0.0068	0.0402	0.0726	0.0674	14.3778	6179.3177
12500	0.0099	0.0477	0.0842	0.0714	14.5603	6137.4041
13000	0.0125	0.0525	0.0912	0.0733	14.7427	6097.5126
13500	0.0158	0.0576	0.0983	0.0749	14.9166	6059.0192
14000	0.0180	0.0604	0.1018	0.0762	15.0819	6021.9759
14500	0.0200	0.0624	0.1042	0.0769	15.2449	5986.1536
15000	0.0210	0.0648	0.1073	0.0788	15.4008	5951.2667
15500	0.0226	0.0674	0.1105	0.0811	15.5654	5917.2211
16000	0.0238	0.0719	0.1161	0.0854	15.7509	5884.2497
16500	0.0264	0.0797	0.1260	0.0937	15.9448	5852.0387
17000	0.0300	0.0854	0.1328	0.0997	16.1633	5820.3769
17500	0.0348	0.0930	0.1425	0.1052	16.3706	5789.2938
18000	0.0373	0.0956	0.1447	0.1073	16.5591	5758.8654
18500	0.0386	0.0962	0.1447	0.1089	16.7363	5728.9548
19000	0.0400	0.0992	0.1477	0.1120	16.9060	5699.8911
19500	0.0414	0.1025	0.1513	0.1154	17.0869	5671.0197
20000	0.0440	0.1077	0.1572	0.1189	17.2671	5642.5931
20500	0.0466	0.1118	0.1616	0.1211	17.4748	5614.6913
21000	0.0503	0.1170	0.1674	0.1235	17.6631	5586.9580
21500	0.0549	0.1222	0.1735	0.1239	17.8509	5559.7910
22000	0.0573	0.1248	0.1765	0.1234	18.0199	5532.8633
22500	0.0594	0.1281	0.1808	0.1249	18.1660	5506.5132
23000	0.0620	0.1307	0.1840	0.1238	18.2867	5480.3472
23500	0.0647	0.1339	0.1882	0.1233	18.3693	5454.6897
24000	0.0654	0.1349	0.1895	0.1236	18.4235	5429.1223
24500	0.0675	0.1379	0.1936	0.1258	18.4688	5403.9055
25000	0.0684	0.1392	0.1953	0.1263	18.4807	5379.1729
25500	0.0690	0.1402	0.1966	0.1271	18.4863	5354.5457
26000	0.0691	0.1402	0.1965	0.1280	18.4724	5330.3017
26500	0.0691	0.1413	0.1980	0.1285	18.4336	5306.2470
27000	0.0707	0.1436	0.2011	0.1297	18.3820	5282.6494
27500	0.0703	0.1426	0.1995	0.1295	18.3376	5259.0414
28000	0.0709	0.1437	0.2010	0.1304	18.2786	5235.7790
28500	0.0705	0.1434	0.2003	0.1303	18.2144	5212.7693
29000	0.0709	0.1440	0.2008	0.1312	18.1493	5189.9509
29500	0.0717	0.1456	0.2027	0.1319	18.0903	5167.3894
30000	0.0720	0.1461	0.2030	0.1327	18.0248	5145.1836
30500	0.0721	0.1465	0.2030	0.1333	17.9735	5123.0904
31000	0.0723	0.1471	0.2033	0.1346	17.9479	5101.2094
31500	0.0730	0.1487	0.2048	0.1369	17.9268	5079.7245
32000	0.0742	0.1508	0.2063	0.1398	17.9286	5058.2615
32500	0.0754	0.1534	0.2086	0.1441	17.9516	5037.0952
33000	0.0772	0.1564	0.2112	0.1484	18.0112	5016.0060
33500	0.0792	0.1592	0.2139	0.1525	18.0724	4995.2613
34000	0.0807	0.1615	0.2157	0.1559	18.1550	4974.7266
34500	0.0817	0.1632	0.2171	0.1580	18.2465	4954.3202
35000	0.0835	0.1663	0.2200	0.1607	18.3447	4934.1206
35500	0.0851	0.1692	0.2227	0.1629	18.4613	4914.1651
36000	0.0856	0.1715	0.2248	0.1652	18.5710	4894.3436
36500	0.0871	0.1749	0.2277	0.1686	18.7088	4874.6579
37000	0.0891	0.1795	0.2319	0.1734	18.8638	4855.1661
37500	0.0916	0.1841	0.2359	0.1768	19.0316	4835.9401
38000	0.0933	0.1870	0.2386	0.1785	19.1966	4816.7994
38500	0.0944	0.1889	0.2398	0.1795	19.3535	4797.8798
39000	0.0960	0.1907	0.2413	0.1807	19.5134	4779.1983
39500	0.0968	0.1917	0.2422	0.1814	19.6572	4760.5996
40000	0.0979	0.1926	0.2427	0.1813	19.7913	4742.1876
40500	0.0976	0.1921	0.2419	0.1814	19.9124	4723.9015
41000	0.0985	0.1934	0.2430	0.1810	20.0110	4705.8247
41500	0.0985	0.1930	0.2424	0.1820	20.0952	4687.8994
42000	0.0983	0.1928	0.2418	0.1807	20.1674	4670.1634
42500	0.0989	0.1935	0.2424	0.1811	20.2286	4652.5652
43000	0.0991	0.1940	0.2428	0.1807	20.2720	4635.0952
43500	0.0989	0.1938	0.2422	0.1803	20.3041	4617.8336
44000	0.0991	0.1936	0.2414	0.1808	20.3417	4600.6704
44500	0.0993	0.1943	0.2418	0.1812	20.3584	4583.7175
45000	0.0994	0.1943	0.2415	0.1821	20.3728	4566.8244
45500	0.0991	0.1941	0.2408	0.1816	20.3885	4550.1321
46000	0.0994	0.1944	0.2406	0.1824	20.4008	4533.6197
46500	0.0996	0.1949	0.2408	0.1826	20.4121	4517.2091
47000	0.1004	0.1958	0.2411	0.1840	20.4259	4500.9263
47500	0.1006	0.1969	0.2419	0.1850	20.4568	4484.8364
48000	0.1015	0.1976	0.2418	0.1854	20.4999	4468.9104
48500	0.1007	0.1972	0.2403	0.1854	20.5466	4453.0385
49000	0.1011	0.1994	0.2422	0.1864	20.6022	4437.2969
49500	0.1024	0.2017	0.2435	0.1905	20.6839	4421.7647
50000	0.1046	0.2053	0.2468	0.1935	20.7753	4406.3565
50500	0.1057	0.2068	0.2476	0.1966	20.8833	4390.9998
51000	0.1069	0.2086	0.2489	0.1984	21.0026	4375.8953
51500	0.1086	0.2097	0.2490	0.2015	21.1262	4360.8520
52000	0.1091	0.2111	0.2499	0.2038	21.2569	4345.9589
52500	0.1100	0.2119	0.2505	0.2045	21.3876	4331.2022
53000	0.1115	0.2140	0.2526	0.2074	21.5112	4316.5312
53500	0.1114	0.2142	0.2523	0.2076	21.6312	4301.9877
54000	0.1128	0.2163	0.2546	0.2099	21.7450	4287.6203
54500	0.1132	0.2172	0.2555	0.2113	21.8465	4273.3226
55000	0.1131	0.2166	0.2545	0.2113	21.9409	4259.1596
55500	0.1146	0.2196	0.2578	0.2132	22.0228	4245.1118
56000	0.1148	0.2194	0.2574	0.2140	22.0950	4231.1388
56500	0.1152	0.2204	0.2582	0.2141	22.1607	4217.3103
57000	0.1162	0.2218	0.2596	0.2154	22.2257	4203.6137
57500	0.1171	0.2233	0.2609	0.2164	22.2739	4190.0037
58000	0.1179	0.2237	0.2610	0.2171	22.3235	4176.5184
58500	0.1182	0.2253	0.2625	0.2173	22.3672	4163.1504
59000	0.1200	0.2276	0.2648	0.2196	22.4160	4149.8758
59500	0.1216	0.2303	0.2674	0.2208	22.4653	4136.7209
60000	0.1226	0.2310	0.2678	0.2216	22.5164	4123.6823
60500	0.1234	0.2321	0.2687	0.2223	22.5630	4110.7822
61000	0.1245	0.2338	0.2703	0.2233	22.6167	4097.9052
61500	0.1250	0.2349	0.2714	0.2235	22.6649	4085.1824
62000	0.1261	0.2366	0.2730	0.2231	22.7057	4072.5456
62500	0.1274	0.2382	0.2749	0.2243	22.7438	4060.0137
63000	0.1268	0.2381	0.2743	0.2248	22.7824	4047.5823
63500	0.1271	0.2389	0.2752	0.2250	22.8219	4035.2424
64000	0.1277	0.2408	0.2771	0.2264	22.8595	4022.9820
64500	0.1281	0.2423	0.2784	0.2283	22.8992	4010.8604
65000	0.1294	0.2441	0.2801	0.2295	22.9273	3998.8412
65500	0.1295	0.2451	0.2809	0.2315	22.9681	3986.9005
66000	0.1298	0.2455	0.2809	0.2324	22.9963	3975.0924
66500	0.1290	0.2454	0.2804	0.2330	23.0418	3963.3012
67000	0.1296	0.2470	0.2817	0.2358	23.0882	3951.6462
67500	0.1316	0.2490	0.2835	0.2382	23.1384	3940.0603
68000	0.1315	0.2495	0.2835	0.2408	23.1862	3928.6021
68500	0.1319	0.2489	0.2825	0.2417	23.2306	3917.2011
69000	0.1330	0.2509	0.2843	0.2431	23.2849	3905.8946
69500	0.1334	0.2506	0.2832	0.2451	23.3387	3894.6900
70000	0.1339	0.2520	0.2845	0.2464	23.4007	3883.5826
70500	0.1344	0.2524	0.2842	0.2470	23.4686	3872.5420
71000	0.1357	0.2540	0.2857	0.2480	23.5442	3861.5893
71500	0.1355	0.2549	0.2862	0.2497	23.6183	3850.7437
72000	0.1365	0.2553	0.2864	0.2501	23.6932	3839.9365
72500	0.1380	0.2566	0.2873	0.2515	23.7734	3829.2732
73000	0.1378	0.2571	0.2875	0.2517	23.8471	3818.6559
73500	0.1383	0.2568	0.2866	0.2511	23.9292	3808.1222
74000	0.1377	0.2565	0.2858	0.2515	24.0141	3797.6382
74500	0.1385	0.2565	0.2854	0.2513	24.0912	3787.2917
75000	0.1391	0.2573	0.2860	0.2519	24.1611	3777.0048
75500	0.1393	0.2577	0.2865	0.2518	24.2344	3766.7774
76000	0.1391	0.2578	0.2862	0.2516	24.3085	3756.6529
76500	0.1383	0.2576	0.2856	0.2514	24.3770	3746.5777
77000	0.1388	0.2575	0.2853	0.2515	24.4363	3736.5892
77500	0.1389	0.2572	0.2847	0.2515	24.4987	3726.7112
78000	0.1381	0.2570	0.2842	0.2516	24.5552	3716.8937
78500	0.1380	0.2570	0.2841	0.2514	24.6112	3707.1322
79000	0.1389	0.2579	0.2849	0.2527	24.6605	3697.4256
79500	0.1392	0.2582	0.2850	0.2526	24.7109	3687.8511
80000	0.1396	0.2585	0.2851	0.2535	24.7606	3678.3155
80500	0.1399	0.2591	0.2858	0.2535	24.8151	3668.8252
81000	0.1391	0.2581	0.2840	0.2543	24.8505	3659.4511
81500	0.1401	0.2588	0.2849	0.2551	24.8932	3650.1235
82000	0.1405	0.2584	0.2839	0.2553	24.9341	3640.8792
82500	0.1405	0.2592	0.2847	0.2564	24.9744	3631.6773
83000	0.1393	0.2587	0.2840	0.2568	25.0208	3622.5540
83500	0.1384	0.2574	0.2823	0.2553	25.0485	3613.5129
84000	0.1394	0.2583	0.2833	0.2567	25.0829	3604.5484
84500	0.1390	0.2582	0.2830	0.2572	25.1186	3595.6300
85000	0.1400	0.2592	0.2840	0.2575	25.1537	3586.7760
85500	0.1408	0.2600	0.2847	0.2595	25.1843	3577.9872
86000	0.1393	0.2580	0.2824	0.2580	25.2153	3569.2616
86500	0.1399	0.2587	0.2832	0.2583	25.2506	3560.5912
87000	0.1409	0.2600	0.2844	0.2589	25.2742	3551.9746
87500	0.1405	0.2608	0.2853	0.2582	25.2980	3543.4619
88000	0.1396	0.2598	0.2839	0.2581	25.3271	3534.9994
88500	0.1396	0.2601	0.2841	0.2581	25.3520	3526.5737
89000	0.1408	0.2623	0.2865	0.2594	25.3774	3518.2104
89500	0.1403	0.2621	0.2858	0.2583	25.4145	3509.9211
90000	0.1411	0.2627	0.2862	0.2583	25.4320	3501.7156
90500	0.1411	0.2641	0.2876	0.2597	25.4621	3493.5200
91000	0.1425	0.2653	0.2887	0.2609	25.4917	3485.4280
91500	0.1433	0.2658	0.2892	0.2616	25.5185	3477.3756
92000	0.1428	0.2672	0.2906	0.2617	25.5537	3469.3584
92500	0.1424	0.2663	0.2893	0.2617	25.5937	3461.4370
93000	0.1443	0.2684	0.2914	0.2629	25.6291	3453.5502
93500	0.1437	0.2683	0.2912	0.2628	25.6641	3445.7264
94000	0.1431	0.2688	0.2917	0.2623	25.6981	3437.9480
94500	0.1432	0.2684	0.2911	0.2626	25.7410	3430.2263
95000	0.1434	0.2699	0.2927	0.2626	25.7820	3422.5777
95500	0.1435	0.2693	0.2917	0.2637	25.8218	3414.9509
96000	0.1438	0.2704	0.2927	0.2643	25.8523	3407.4139
96500	0.1445	0.2709	0.2929	0.2641	25.8940	3399.8814
97000	0.1440	0.2715	0.2935	0.2651	25.9331	3392.4335
97500	0.1457	0.2738	0.2959	0.2657	25.9718	3385.0295
98000	0.1457	0.2738	0.2957	0.2670	26.0158	3377.7044
98500	0.1449	0.2740	0.2957	0.2674	26.0639	3370.4010
99000	0.1455	0.2743	0.2958	0.2679	26.1046	3363.1535
99500	0.1469	0.2765	0.2979	0.2696	26.1456	3355.9502
100000	0.1483	0.2779	0.2990	0.2709	26.1828	3348.8073
100500	0.1474	0.2778	0.2989	0.2702	26.2197	3341.6929
101000	0.1472	0.2773	0.2979	0.2710	26.2619	3334.6496
101500	0.1496	0.2802	0.3009	0.2735	26.3042	3327.6670
102000	0.1499	0.2809	0.3014	0.2747	26.3517	3320.7161
102500	0.1496	0.2822	0.3025	0.2750	26.4017	3313.7928
103000	0.1500	0.2826	0.3027	0.2760	26.4524	3306.9281
103500	0.1503	0.2831	0.3027	0.2764	26.5017	3300.1245
104000	0.1511	0.2848	0.3040	0.2785	26.5635	3293.3301
104500	0.1506	0.2851	0.3043	0.2780	26.6162	3286.6123
105000	0.1529	0.2864	0.3053	0.2802	26.6668	3279.9653
105500	0.1521	0.2870	0.3055	0.2802	26.7261	3273.3235
106000	0.1526	0.2873	0.3053	0.2810	26.7873	3266.7484
106500	0.1532	0.2888	0.3069	0.2821	26.8514	3260.2002
107000	0.1534	0.2893	0.3071	0.2835	26.9156	3253.7005
107500	0.1531	0.2895	0.3070	0.2821	26.9864	3247.2679
108000	0.1534	0.2902	0.3075	0.2833	27.0503	3240.8502
108500	0.1514	0.2891	0.3059	0.2824	27.1197	3234.4730
109000	0.1541	0.2915	0.3083	0.2845	27.1895	3228.1140
109500	0.1524	0.2907	0.3072	0.2847	27.2550	3221.8364
110000	0.1535	0.2917	0.3079	0.2855	27.3204	3215.6075
110500	0.1539	0.2921	0.3082	0.2868	27.3850	3209.4049
111000	0.1523	0.2921	0.3080	0.2851	27.4416	3203.2448
111500	0.1536	0.2930	0.3088	0.2863	27.5045	3197.1314
112000	0.1533	0.2928	0.3083	0.2871	27.5660	3191.0584
112500	0.1521	0.2925	0.3079	0.2860	27.6302	3185.0015
113000	0.1543	0.2946	0.3098	0.2886	27.6899	3178.9857
113500	0.1533	0.2942	0.3091	0.2870	27.7434	3173.0390
114000	0.1537	0.2941	0.3088	0.2883	27.7999	3167.1306
114500	0.1539	0.2939	0.3086	0.2885	27.8501	3161.2282
115000	0.1556	0.2966	0.3113	0.2901	27.9036	3155.3759
115500	0.1542	0.2961	0.3104	0.2890	27.9570	3149.5779
116000	0.1541	0.2970	0.3113	0.2899	28.0108	3143.8080
116500	0.1531	0.2961	0.3102	0.2890	28.0575	3138.0698
117000	0.1524	0.2960	0.3100	0.2899	28.1039	3132.3678
117500	0.1525	0.2967	0.3106	0.2906	28.1448	3126.7150
118000	0.1530	0.2977	0.3115	0.2907	28.1944	3121.0766
118500	0.1539	0.2994	0.3130	0.2915	28.2382	3115.4782
119000	0.1537	0.2995	0.3130	0.2911	28.2771	3109.9471
119500	0.1528	0.2995	0.3125	0.2913	28.3261	3104.4311
120000	0.1542	0.3008	0.3136	0.2930	28.3662	3098.9320
120500	0.1540	0.3016	0.3144	0.2931	28.3973	3093.4992
121000	0.1540	0.3026	0.3150	0.2952	28.4449	3088.0775
121500	0.1534	0.3027	0.3147	0.2949	28.4951	3082.6844
122000	0.1546	0.3049	0.3167	0.2964	28.5423	3077.3372
122500	0.1556	0.3065	0.3181	0.2981	28.6000	3072.0029
123000	0.1543	0.3061	0.3174	0.2978	28.6474	3066.7356
123500	0.1556	0.3081	0.3191	0.2996	28.7080	3061.4670
124000	0.1541	0.3080	0.3189	0.2994	28.7606	3056.2573
124500	0.1554	0.3090	0.3198	0.3009	28.8174	3051.0537
125000	0.1562	0.3104	0.3208	0.3017	28.8727	3045.9007
125500	0.1556	0.3109	0.3213	0.3011	28.9320	3040.7732
126000	0.1576	0.3127	0.3228	0.3025	28.9916	3035.6818
126500	0.1583	0.3139	0.3236	0.3040	29.0502	3030.6197
127000	0.1575	0.3136	0.3232	0.3031	29.1057	3025.5871
127500	0.1575	0.3144	0.3238	0.3034	29.1668	3020.5955
128000	0.1561	0.3136	0.3230	0.3026	29.2248	3015.6291
128500	0.1575	0.3146	0.3236	0.3041	29.2846	3010.6758
129000	0.1579	0.3160	0.3248	0.3048	29.3470	3005.7625
129500	0.1578	0.3164	0.3248	0.3055	29.4111	3000.8714
130000	0.1575	0.3172	0.3253	0.3057	29.4766	2996.0445
130500	0.1580	0.3185	0.3266	0.3059	29.5383	2991.2189
131000	0.1587	0.3195	0.3272	0.3072	29.6099	2986.4291
131500	0.1583	0.3194	0.3271	0.3068	29.6709	2981.6609
132000	0.1596	0.3210	0.3286	0.3091	29.7331	2976.9345
132500	0.1602	0.3221	0.3295	0.3096	29.7983	2972.2224
133000	0.1603	0.3220	0.3293	0.3101	29.8626	2967.5282
133500	0.1605	0.3237	0.3309	0.3101	29.9165	2962.8880
134000	0.1608	0.3242	0.3312	0.3108	29.9762	2958.2711
134500	0.1618	0.3248	0.3317	0.3129	30.0408	2953.6659
135000	0.1624	0.3263	0.3332	0.3143	30.0958	2949.0924
135500	0.1618	0.3263	0.3331	0.3149	30.1495	2944.5458
136000	0.1622	0.3275	0.3342	0.3155	30.2028	2940.0205
136500	0.1618	0.3269	0.3337	0.3156	30.2572	2935.5194
137000	0.1629	0.3285	0.3350	0.3174	30.3104	2931.0693
137500	0.1634	0.3293	0.3356	0.3184	30.3559	2926.6303
138000	0.1638	0.3306	0.3369	0.3189	30.4020	2922.2054
138500	0.1635	0.3313	0.3375	0.3209	30.4490	2917.8166
139000	0.1643	0.3303	0.3362	0.3207	30.5007	2913.4533
139500	0.1657	0.3328	0.3387	0.3216	30.5392	2909.1002
140000	0.1645	0.3322	0.3380	0.3210	30.5717	2904.7971
140500	0.1643	0.3330	0.3387	0.3224	30.6080	2900.4860
141000	0.1642	0.3321	0.3375	0.3227	30.6401	2896.2395
141500	0.1658	0.3334	0.3389	0.3232	30.6733	2891.9915
142000	0.1658	0.3344	0.3398	0.3256	30.7066	2887.7739
142500	0.1670	0.3361	0.3414	0.3262	30.7436	2883.5842
143000	0.1672	0.3354	0.3406	0.3262	30.7792	2879.4111
143500	0.1655	0.3356	0.3406	0.3265	30.8114	2875.2726
144000	0.1666	0.3360	0.3407	0.3271	30.8473	2871.1475
144500	0.1667	0.3375	0.3421	0.3278	30.8872	2867.0319
145000	0.1668	0.3383	0.3427	0.3288	30.9226	2862.9704
145500	0.1678	0.3385	0.3428	0.3304	30.9583	2858.9092
146000	0.1669	0.3387	0.3428	0.3297	30.9963	2854.8738
146500	0.1677	0.3400	0.3439	0.3321	31.0368	2850.8694
147000	0.1674	0.3399	0.3435	0.3320	31.0773	2846.8845
147500	0.1686	0.3414	0.3447	0.3341	31.1225	2842.9097
148000	0.1692	0.3419	0.3451	0.3350	31.1660	2838.9516
148500	0.1690	0.3422	0.3452	0.3355	31.2086	2835.0358
149000	0.1691	0.3436	0.3465	0.3356	31.2542	2831.1357
149500	0.1704	0.3439	0.3466	0.3371	31.3017	2827.2558
150000	0.1706	0.3438	0.3461	0.3374	31.3463	2823.3908
150500	0.1692	0.3431	0.3455	0.3382	31.3969	2819.5476
151000	0.1715	0.3453	0.3476	0.3393	31.4403	2815.7337
151500	0.1701	0.3443	0.3464	0.3400	31.4857	2811.9457
152000	0.1721	0.3464	0.3484	0.3419	31.5373	2808.1684
152500	0.1717	0.3464	0.3484	0.3427	31.5899	2804.4045
153000	0.1718	0.3466	0.3482	0.3427	31.6398	2800.6700
153500	0.1730	0.3481	0.3498	0.3443	31.6862	2796.9465
154000	0.1722	0.3481	0.3494	0.3443	31.7293	2793.2471
154500	0.1736	0.3492	0.3504	0.3458	31.7780	2789.5726
155000	0.1743	0.3500	0.3511	0.3475	31.8215	2785.9284
155500	0.1744	0.3500	0.3510	0.3472	31.8641	2782.2972
156000	0.1751	0.3514	0.3521	0.3480	31.9095	2778.6720
156500	0.1751	0.3516	0.3522	0.3490	31.9508	2775.0834
157000	0.1757	0.3528	0.3536	0.3500	31.9987	2771.4997
157500	0.1749	0.3521	0.3532	0.3499	32.0419	2767.9355
158000	0.1756	0.3512	0.3526	0.3515	32.0926	2764.3792
158500	0.1764	0.3524	0.3539	0.3528	32.1394	2760.8752
159000	0.1761	0.3520	0.3539	0.3533	32.1839	2757.3540
159500	0.1772	0.3527	0.3548	0.3542	32.2333	2753.8797
160000	0.1789	0.3537	0.3559	0.3568	32.2923	2750.4202
160500	0.1771	0.3528	0.3552	0.3561	32.3508	2746.9654
161000	0.1770	0.3537	0.3563	0.3565	32.4070	2743.5369
161500	0.1772	0.3542	0.3570	0.3571	32.4600	2740.1238
162000	0.1763	0.3540	0.3569	0.3575	32.5283	2736.7309
162500	0.1773	0.3539	0.3569	0.3586	32.5953	2733.3454
163000	0.1777	0.3551	0.3583	0.3600	32.6519	2729.9907
163500	0.1786	0.3554	0.3585	0.3602	32.7104	2726.6392
164000	0.1784	0.3554	0.3588	0.3610	32.7733	2723.3227
164500	0.1774	0.3549	0.3584	0.3605	32.8246	2720.0093
165000	0.1773	0.3547	0.3582	0.3615	32.8774	2716.7068
165500	0.1785	0.3558	0.3593	0.3632	32.9291	2713.4365
166000	0.1798	0.3575	0.3611	0.3648	32.9752	2710.1708
166500	0.1787	0.3564	0.3601	0.3646	33.0317	2706.9178
167000	0.1794	0.3570	0.3607	0.3651	33.0813	2703.6906
167500	0.1794	0.3569	0.3607	0.3658	33.1254	2700.4815
168000	0.1795	0.3568	0.3608	0.3663	33.1632	2697.2963
168500	0.1792	0.3564	0.3604	0.3664	33.2010	2694.1164
169000	0.1791	0.3563	0.3603	0.3657	33.2374	2690.9521
169500	0.1797	0.3568	0.3609	0.3676	33.2688	2687.7996
170000	0.1801	0.3574	0.3616	0.3678	33.3055	2684.6786
170500	0.1795	0.3569	0.3613	0.3679	33.3389	2681.5599
171000	0.1798	0.3577	0.3621	0.3683	33.3693	2678.4696
171500	0.1816	0.3578	0.3625	0.3701	33.3943	2675.3807
172000	0.1806	0.3576	0.3622	0.3696	33.4243	2672.3116
172500	0.1812	0.3572	0.3622	0.3700	33.4547	2669.2585
173000	0.1812	0.3582	0.3633	0.3720	33.4903	2666.2218
173500	0.1821	0.3581	0.3633	0.3723	33.5219	2663.1896
174000	0.1826	0.3582	0.3636	0.3732	33.5501	2660.1764
174500	0.1835	0.3586	0.3641	0.3741	33.5869	2657.1942
175000	0.1835	0.3585	0.3641	0.3739	33.6199	2654.2130
175500	0.1843	0.3590	0.3649	0.3753	33.6571	2651.2439
176000	0.1844	0.3592	0.3653	0.3752	33.7004	2648.2856
176500	0.1845	0.3597	0.3658	0.3763	33.7374	2645.3443
177000	0.1846	0.3597	0.3661	0.3768	33.7741	2642.4260
177500	0.1849	0.3598	0.3662	0.3767	33.8242	2639.5113
178000	0.1846	0.3592	0.3657	0.3770	33.8678	2636.6153
178500	0.1849	0.3594	0.3663	0.3771	33.9092	2633.7363
179000	0.1850	0.3601	0.3671	0.3779	33.9568	2630.8596
179500	0.1859	0.3607	0.3678	0.3791	34.0017	2628.0050
180000	0.1862	0.3613	0.3684	0.3790	34.0542	2625.1666
180500	0.1859	0.3597	0.3672	0.3789	34.1055	2622.3405
181000	0.1855	0.3602	0.3676	0.3788	34.1385	2619.5354
181500	0.1865	0.3610	0.3686	0.3797	34.1781	2616.7289
182000	0.1863	0.3602	0.3680	0.3795	34.2263	2613.9391
182500	0.1856	0.3608	0.3687	0.3792	34.2661	2611.1601
183000	0.1865	0.3611	0.3691	0.3799	34.3077	2608.4069
183500	0.1865	0.3616	0.3697	0.3802	34.3540	2605.6581
184000	0.1867	0.3620	0.3702	0.3804	34.4009	2602.9139
184500	0.1876	0.3625	0.3710	0.3815	34.4509	2600.2007
185000	0.1852	0.3615	0.3698	0.3796	34.4935	2597.4851
185500	0.1878	0.3633	0.3720	0.3824	34.5405	2594.7940
186000	0.1887	0.3633	0.3720	0.3835	34.5847	2592.1128
186500	0.1862	0.3619	0.3708	0.3810	34.6327	2589.4449
187000	0.1881	0.3636	0.3727	0.3833	34.6778	2586.7705
187500	0.1876	0.3633	0.3725	0.3824	34.7197	2584.1131
188000	0.1884	0.3634	0.3727	0.3839	34.7613	2581.4719
188500	0.1885	0.3640	0.3734	0.3840	34.8021	2578.8622
189000	0.1872	0.3635	0.3730	0.3837	34.8435	2576.2558
189500	0.1878	0.3636	0.3732	0.3838	34.8937	2573.6515
190000	0.1872	0.3630	0.3728	0.3836	34.9406	2571.0592
190500	0.1885	0.3646	0.3745	0.3851	34.9803	2568.4765
191000	0.1887	0.3641	0.3742	0.3848	35.0294	2565.9135
191500	0.1883	0.3637	0.3739	0.3853	35.0734	2563.3528
192000	0.1874	0.3637	0.3739	0.3848	35.1183	2560.8098
192500	0.1885	0.3637	0.3741	0.3862	35.1619	2558.2791
193000	0.1882	0.3644	0.3749	0.3868	35.2058	2555.7659
193500	0.1879	0.3642	0.3748	0.3861	35.2507	2553.2590
194000	0.1884	0.3649	0.3756	0.3873	35.2995	2550.7651
194500	0.1893	0.3656	0.3764	0.3880	35.3464	2548.2734
195000	0.1890	0.3651	0.3759	0.3878	35.3854	2545.7938
195500	0.1882	0.3658	0.3767	0.3877	35.4256	2543.3251
196000	0.1892	0.3657	0.3768	0.3894	35.4639	2540.8708
196500	0.1885	0.3656	0.3767	0.3886	35.5059	2538.4299
197000	0.1894	0.3657	0.3768	0.3889	35.5420	2535.9966
197500	0.1898	0.3654	0.3765	0.3898	35.5800	2533.5844
198000	0.1907	0.3659	0.3771	0.3908	35.6067	2531.1746
198500	0.1900	0.3664	0.3777	0.3905	35.6453	2528.7605
199000	0.1898	0.3661	0.3775	0.3909	35.6763	2526.3649
199500	0.1908	0.3668	0.3783	0.3919	35.7031	2523.9917
200000	0.1908	0.3669	0.3784	0.3914	35.7342	2521.6280
200500	0.1912	0.3676	0.3791	0.3927	35.7659	2519.2691
201000	0.1899	0.3669	0.3785	0.3918	35.7993	2516.9245
201500	0.1906	0.3668	0.3786	0.3922	35.8295	2514.5857
202000	0.1903	0.3675	0.3792	0.3930	35.8543	2512.2652
202500	0.1915	0.3682	0.3800	0.3931	35.8857	2509.9467
203000	0.1908	0.3673	0.3792	0.3927	35.9094	2507.6405
203500	0.1901	0.3666	0.3784	0.3926	35.9371	2505.3415
204000	0.1911	0.3678	0.3798	0.3933	35.9691	2503.0469
204500	0.1914	0.3679	0.3801	0.3933	35.9962	2500.7716
205000	0.1919	0.3677	0.3798	0.3935	36.0139	2498.5051
205500	0.1912	0.3684	0.3806	0.3936	36.0362	2496.2355
206000	0.1920	0.3681	0.3805	0.3937	36.0542	2493.9987
206500	0.1916	0.3680	0.3804	0.3935	36.0848	2491.7574
207000	0.1918	0.3682	0.3808	0.3937	36.1127	2489.5226
207500	0.1925	0.3690	0.3817	0.3949	36.1381	2487.3071
208000	0.1929	0.3685	0.3814	0.3954	36.1635	2485.0919
208500	0.1912	0.3680	0.3808	0.3931	36.1865	2482.8924
209000	0.1933	0.3692	0.3822	0.3957	36.2161	2480.6983
209500	0.1928	0.3688	0.3819	0.3958	36.2418	2478.5175
210000	0.1937	0.3687	0.3823	0.3965	36.2746	2476.3447
210500	0.1932	0.3682	0.3817	0.3958	36.3014	2474.1831
211000	0.1947	0.3688	0.3826	0.3962	36.3283	2472.0219
211500	0.1940	0.3682	0.3821	0.3961	36.3603	2469.8831
212000	0.1942	0.3689	0.3830	0.3964	36.4019	2467.7367
212500	0.1943	0.3692	0.3835	0.3963	36.4380	2465.6088
213000	0.1941	0.3690	0.3834	0.3965	36.4742	2463.4823
213500	0.1936	0.3683	0.3829	0.3961	36.5204	2461.3744
214000	0.1949	0.3690	0.3838	0.3983	36.5647	2459.2770
214500	0.1944	0.3688	0.3837	0.3979	36.6111	2457.1739
215000	0.1946	0.3686	0.3837	0.3979	36.6577	2455.0847
215500	0.1944	0.3690	0.3842	0.3980	36.7070	2453.0060
216000	0.1929	0.3680	0.3834	0.3964	36.7578	2450.9390
216500	0.1929	0.3680	0.3835	0.3969	36.8123	2448.8765
217000	0.1950	0.3687	0.3845	0.3995	36.8678	2446.8207
217500	0.1947	0.3684	0.3845	0.3994	36.9213	2444.7775
218000	0.1931	0.3682	0.3843	0.3979	36.9794	2442.7487
218500	0.1932	0.3685	0.3849	0.3983	37.0437	2440.7230
219000	0.1938	0.3682	0.3846	0.3991	37.1078	2438.6982
219500	0.1936	0.3689	0.3854	0.3999	37.1639	2436.6841
220000	0.1957	0.3694	0.3861	0.4014	37.2221	2434.6829
220500	0.1940	0.3682	0.3850	0.3996	37.2824	2432.6811
221000	0.1941	0.3684	0.3853	0.4007	37.3421	2430.6976
221500	0.1950	0.3696	0.3867	0.4015	37.4026	2428.7263
222000	0.1926	0.3681	0.3852	0.3997	37.4618	2426.7483
222500	0.1932	0.3685	0.3857	0.4007	37.5195	2424.7769
223000	0.1951	0.3698	0.3871	0.4023	37.5702	2422.8259
223500	0.1958	0.3691	0.3866	0.4027	37.6170	2420.8783
224000	0.1960	0.3695	0.3871	0.4031	37.6706	2418.9335
224500	0.1941	0.3686	0.3863	0.4024	37.7169	2416.9989
225000	0.1947	0.3686	0.3864	0.4027	37.7662	2415.0675
225500	0.1952	0.3686	0.3865	0.4033	37.8035	2413.1442
226000	0.1952	0.3689	0.3869	0.4033	37.8512	2411.2349
226500	0.1942	0.3686	0.3867	0.4025	37.8922	2409.3253
227000	0.1944	0.3687	0.3868	0.4030	37.9350	2407.4266
227500	0.1950	0.3695	0.3878	0.4040	37.9786	2405.5455
228000	0.1947	0.3689	0.3873	0.4039	38.0215	2403.6669
228500	0.1946	0.3688	0.3873	0.4036	38.0710	2401.7886
229000	0.1945	0.3690	0.3877	0.4049	38.1066	2399.9183
229500	0.1951	0.3697	0.3883	0.4058	38.1481	2398.0628
230000	0.1965	0.3706	0.3895	0.4071	38.1935	2396.2101
230500	0.1955	0.3692	0.3883	0.4061	38.2258	2394.3698
231000	0.1951	0.3689	0.3882	0.4062	38.2797	2392.5234
231500	0.1957	0.3689	0.3883	0.4072	38.3234	2390.6874
232000	0.1958	0.3692	0.3886	0.4076	38.3659	2388.8679
232500	0.1945	0.3682	0.3878	0.4058	38.4082	2387.0516
233000	0.1957	0.3691	0.3889	0.4079	38.4538	2385.2375
233500	0.1952	0.3684	0.3884	0.4076	38.5091	2383.4331
234000	0.1952	0.3681	0.3881	0.4072	38.5627	2381.6338
234500	0.1927	0.3667	0.3868	0.4054	38.6142	2379.8482
235000	0.1931	0.3672	0.3874	0.4064	38.6674	2378.0627
235500	0.1921	0.3654	0.3857	0.4053	38.7158	2376.2831
236000	0.1928	0.3663	0.3867	0.4062	38.7759	2374.5108
236500	0.1944	0.3670	0.3877	0.4076	38.8268	2372.7490
237000	0.1935	0.3672	0.3880	0.4071	38.8796	2370.9998
237500	0.1916	0.3658	0.3866	0.4053	38.9285	2369.2488
238000	0.1908	0.3655	0.3863	0.4053	38.9794	2367.5058
238500	0.1915	0.3656	0.3865	0.4059	39.0341	2365.7630
239000	0.1927	0.3664	0.3875	0.4073	39.0902	2364.0284
239500	0.1916	0.3664	0.3875	0.4062	39.1360	2362.3090
240000	0.1918	0.3668	0.3881	0.4076	39.1905	2360.5891
240500	0.1923	0.3662	0.3876	0.4077	39.2362	2358.8770
241000	0.1926	0.3667	0.3880	0.4080	39.2763	2357.1781
241500	0.1920	0.3665	0.3880	0.4078	39.3228	2355.4751
242000	0.1929	0.3669	0.3885	0.4083	39.3645	2353.7784
242500	0.1915	0.3662	0.3878	0.4078	39.4076	2352.0958
243000	0.1925	0.3673	0.3889	0.4084	39.4491	2350.4058
243500	0.1912	0.3664	0.3880	0.4083	39.4850	2348.7261
244000	0.1920	0.3668	0.3886	0.4091	39.5265	2347.0535
244500	0.1922	0.3673	0.3892	0.4094	39.5605	2345.3958
245000	0.1918	0.3667	0.3886	0.4091	39.5946	2343.7438
245500	0.1911	0.3662	0.3881	0.4082	39.6291	2342.0959
246000	0.1917	0.3671	0.3890	0.4085	39.6646	2340.4447
246500	0.1927	0.3678	0.3898	0.4101	39.6960	2338.8096
247000	0.1919	0.3673	0.3894	0.4091	39.7318	2337.1745
247500	0.1923	0.3672	0.3892	0.4089	39.7619	2335.5480
248000	0.1923	0.3667	0.3889	0.4090	39.7967	2333.9256
248500	0.1907	0.3666	0.3888	0.4089	39.8228	2332.3127
249000	0.1912	0.3675	0.3897	0.4099	39.8501	2330.7055
249500	0.1932	0.3678	0.3901	0.4108	39.8777	2329.1028
Done training
