VARIENCE: 50
500	0.0000	0.0000	0.0000	0.0385	10.0254	8811.8001
1000	0.0000	0.0000	0.0000	0.0385	10.0818	8553.6673
1500	0.0000	0.0000	0.0000	0.0385	10.1651	8316.9025
2000	0.0000	0.0000	0.0000	0.0385	10.2732	8114.0766
2500	0.0000	0.0000	0.0000	0.0385	10.4044	7917.1960
3000	0.0000	0.0000	0.0000	0.0385	10.5568	7741.0615
3500	0.0000	0.0000	0.0000	0.0385	10.7287	7582.1417
4000	0.0000	0.0000	0.0000	0.0385	10.9184	7436.0106
4500	0.0000	0.0000	0.0000	0.0385	11.1239	7299.8917
5000	0.0000	0.0000	0.0000	0.0385	11.3432	7175.7795
5500	0.0000	0.0000	0.0000	0.0385	11.5737	7061.8970
6000	0.0000	0.0000	0.0000	0.0385	11.8127	6957.1728
6500	0.0000	0.0000	0.0000	0.0385	12.0575	6860.4604
7000	0.0000	0.0000	0.0000	0.0385	12.3041	6771.6470
7500	0.0000	0.0000	0.0000	0.0385	12.5491	6690.8220
8000	0.0000	0.0000	0.0000	0.0385	12.7878	6616.3129
8500	0.0000	0.0000	0.0000	0.0385	13.0160	6546.5383
9000	0.0000	0.0000	0.0002	0.0385	13.2338	6482.7000
9500	0.0000	0.0005	0.0011	0.0390	13.4354	6423.2866
10000	0.0000	0.0015	0.0032	0.0396	13.6233	6368.2544
10500	0.0002	0.0064	0.0125	0.0440	13.8033	6316.6778
11000	0.0009	0.0140	0.0268	0.0504	13.9810	6267.9533
11500	0.0029	0.0261	0.0486	0.0576	14.1805	6222.1843
12000	0.0069	0.0415	0.0743	0.0688	14.3961	6178.5810
12500	0.0099	0.0492	0.0862	0.0735	14.6092	6136.8310
13000	0.0128	0.0553	0.0947	0.0767	14.8200	6096.8061
13500	0.0153	0.0594	0.1000	0.0787	15.0344	6058.3755
14000	0.0186	0.0640	0.1052	0.0823	15.2504	6021.2945
14500	0.0212	0.0705	0.1129	0.0899	15.4940	5985.3046
15000	0.0260	0.0768	0.1202	0.0955	15.7688	5950.3885
15500	0.0309	0.0833	0.1281	0.1025	16.0686	5916.2662
16000	0.0355	0.0873	0.1323	0.1058	16.3605	5883.2277
16500	0.0375	0.0892	0.1342	0.1060	16.6207	5851.0277
17000	0.0388	0.0900	0.1345	0.1060	16.8586	5819.3103
17500	0.0391	0.0912	0.1359	0.1063	17.0614	5788.3078
18000	0.0398	0.0923	0.1365	0.1069	17.2395	5758.0720
18500	0.0409	0.0958	0.1407	0.1089	17.4068	5728.0622
19000	0.0423	0.0994	0.1448	0.1122	17.5591	5698.7288
19500	0.0447	0.1042	0.1503	0.1147	17.7126	5670.0491
20000	0.0469	0.1078	0.1542	0.1163	17.8614	5641.5502
20500	0.0497	0.1121	0.1593	0.1177	18.0110	5613.7280
21000	0.0527	0.1165	0.1647	0.1195	18.1409	5586.0839
21500	0.0553	0.1195	0.1682	0.1201	18.2577	5558.8669
22000	0.0583	0.1233	0.1730	0.1203	18.3530	5531.9365
22500	0.0599	0.1260	0.1766	0.1209	18.4404	5505.6677
23000	0.0623	0.1290	0.1803	0.1217	18.5008	5479.5212
23500	0.0629	0.1299	0.1816	0.1217	18.5342	5453.8013
24000	0.0647	0.1329	0.1853	0.1228	18.5679	5428.2677
24500	0.0655	0.1340	0.1867	0.1241	18.5994	5403.1596
25000	0.0664	0.1357	0.1889	0.1255	18.6116	5378.3369
25500	0.0668	0.1361	0.1892	0.1267	18.6065	5353.6161
26000	0.0667	0.1361	0.1892	0.1271	18.5799	5329.5175
26500	0.0682	0.1387	0.1923	0.1292	18.5438	5305.5704
27000	0.0682	0.1387	0.1921	0.1295	18.4882	5281.8843
27500	0.0691	0.1400	0.1933	0.1314	18.4375	5258.3012
28000	0.0689	0.1399	0.1932	0.1311	18.3673	5235.1647
28500	0.0696	0.1406	0.1936	0.1323	18.2982	5212.2070
29000	0.0695	0.1410	0.1938	0.1335	18.2350	5189.4308
29500	0.0701	0.1416	0.1941	0.1345	18.1746	5166.9200
30000	0.0708	0.1427	0.1949	0.1358	18.1213	5144.6841
30500	0.0719	0.1439	0.1958	0.1374	18.0676	5122.5947
31000	0.0716	0.1435	0.1949	0.1377	18.0214	5100.7883
31500	0.0726	0.1452	0.1964	0.1400	17.9982	5079.2724
32000	0.0722	0.1443	0.1947	0.1401	17.9824	5057.8887
32500	0.0736	0.1464	0.1969	0.1421	17.9681	5036.7629
33000	0.0735	0.1469	0.1973	0.1432	17.9814	5015.7707
33500	0.0739	0.1481	0.1986	0.1450	18.0064	4995.0646
34000	0.0737	0.1491	0.1998	0.1475	18.0413	4974.4842
34500	0.0742	0.1497	0.2004	0.1494	18.0840	4954.1373
35000	0.0751	0.1507	0.2013	0.1520	18.1262	4934.0445
35500	0.0752	0.1522	0.2030	0.1541	18.1733	4914.0211
36000	0.0762	0.1541	0.2051	0.1560	18.2149	4894.2382
36500	0.0778	0.1564	0.2076	0.1574	18.2600	4874.6235
37000	0.0791	0.1593	0.2110	0.1592	18.3050	4855.2961
37500	0.0798	0.1608	0.2120	0.1603	18.3395	4836.0409
38000	0.0809	0.1630	0.2145	0.1620	18.3857	4817.0340
38500	0.0827	0.1661	0.2174	0.1642	18.4441	4798.1735
39000	0.0851	0.1706	0.2223	0.1670	18.5065	4779.3472
39500	0.0867	0.1733	0.2247	0.1693	18.5818	4760.8989
40000	0.0883	0.1765	0.2280	0.1704	18.6612	4742.6017
40500	0.0901	0.1800	0.2306	0.1734	18.7435	4724.4384
41000	0.0923	0.1846	0.2359	0.1764	18.8275	4706.4091
41500	0.0949	0.1890	0.2391	0.1802	18.9393	4688.5002
42000	0.0976	0.1950	0.2451	0.1837	19.0740	4670.7930
42500	0.1004	0.1994	0.2483	0.1878	19.2422	4653.2745
43000	0.1027	0.2035	0.2519	0.1912	19.4185	4635.8542
43500	0.1058	0.2076	0.2552	0.1936	19.5962	4618.6756
44000	0.1074	0.2099	0.2569	0.1958	19.7899	4601.6324
44500	0.1079	0.2101	0.2560	0.1974	19.9805	4584.7607
45000	0.1095	0.2132	0.2590	0.2001	20.1741	4567.9562
45500	0.1116	0.2155	0.2607	0.2033	20.3632	4551.3739
46000	0.1120	0.2164	0.2612	0.2045	20.5651	4534.8855
46500	0.1127	0.2175	0.2617	0.2062	20.7529	4518.5339
47000	0.1141	0.2198	0.2643	0.2078	20.9301	4502.3832
47500	0.1146	0.2204	0.2645	0.2092	21.1038	4486.3463
48000	0.1143	0.2205	0.2646	0.2089	21.2584	4470.3941
48500	0.1138	0.2208	0.2649	0.2085	21.3924	4454.6473
49000	0.1140	0.2211	0.2649	0.2088	21.5151	4439.1127
49500	0.1124	0.2202	0.2638	0.2067	21.6219	4423.5690
50000	0.1137	0.2216	0.2654	0.2090	21.7062	4408.1924
50500	0.1120	0.2193	0.2624	0.2069	21.7794	4392.9432
51000	0.1137	0.2215	0.2647	0.2086	21.8384	4377.8718
51500	0.1128	0.2208	0.2640	0.2080	21.8790	4362.9372
52000	0.1118	0.2196	0.2624	0.2067	21.9041	4348.0765
52500	0.1122	0.2199	0.2625	0.2064	21.9289	4333.3321
53000	0.1133	0.2218	0.2645	0.2079	21.9336	4318.7451
53500	0.1128	0.2214	0.2640	0.2080	21.9318	4304.2822
54000	0.1122	0.2208	0.2630	0.2077	21.9264	4289.9731
54500	0.1127	0.2214	0.2633	0.2076	21.9099	4275.7393
55000	0.1122	0.2211	0.2627	0.2064	21.8907	4261.6148
55500	0.1121	0.2209	0.2621	0.2057	21.8725	4247.6183
56000	0.1108	0.2198	0.2604	0.2052	21.8560	4233.7602
56500	0.1130	0.2218	0.2622	0.2069	21.8343	4219.9630
57000	0.1121	0.2220	0.2623	0.2067	21.8210	4206.2927
57500	0.1117	0.2208	0.2602	0.2066	21.8133	4192.8081
58000	0.1109	0.2207	0.2598	0.2057	21.8132	4179.4394
58500	0.1109	0.2206	0.2593	0.2071	21.8175	4166.1019
59000	0.1101	0.2207	0.2593	0.2068	21.8302	4152.9064
59500	0.1103	0.2212	0.2596	0.2076	21.8517	4139.8337
60000	0.1093	0.2202	0.2580	0.2072	21.8779	4126.8074
60500	0.1097	0.2211	0.2588	0.2079	21.9116	4113.9548
61000	0.1081	0.2202	0.2574	0.2095	21.9558	4101.1610
61500	0.1068	0.2194	0.2561	0.2095	21.9921	4088.4584
62000	0.1089	0.2218	0.2583	0.2124	22.0375	4075.8925
62500	0.1083	0.2216	0.2574	0.2122	22.0817	4063.4470
63000	0.1104	0.2242	0.2598	0.2149	22.1397	4051.0233
63500	0.1105	0.2255	0.2605	0.2155	22.2054	4038.7790
64000	0.1119	0.2282	0.2629	0.2163	22.2750	4026.5916
64500	0.1114	0.2283	0.2624	0.2174	22.3522	4014.5405
65000	0.1129	0.2304	0.2643	0.2189	22.4364	4002.5518
65500	0.1135	0.2313	0.2645	0.2202	22.5363	3990.6427
66000	0.1124	0.2300	0.2625	0.2196	22.6360	3978.8721
66500	0.1135	0.2319	0.2646	0.2214	22.7305	3967.1590
67000	0.1143	0.2327	0.2650	0.2229	22.8302	3955.5198
67500	0.1148	0.2338	0.2662	0.2222	22.9302	3944.0170
68000	0.1153	0.2341	0.2665	0.2240	23.0358	3932.5598
68500	0.1159	0.2353	0.2676	0.2249	23.1253	3921.2152
69000	0.1179	0.2375	0.2699	0.2269	23.2075	3909.9716
69500	0.1162	0.2358	0.2678	0.2252	23.2851	3898.8203
70000	0.1168	0.2363	0.2683	0.2263	23.3525	3887.7134
70500	0.1180	0.2375	0.2694	0.2280	23.4137	3876.6953
71000	0.1183	0.2378	0.2699	0.2298	23.4669	3865.7649
71500	0.1179	0.2381	0.2700	0.2290	23.5057	3854.9482
72000	0.1211	0.2413	0.2734	0.2330	23.5435	3844.1959
72500	0.1206	0.2410	0.2731	0.2337	23.5725	3833.5446
73000	0.1216	0.2420	0.2738	0.2337	23.6019	3822.9734
73500	0.1210	0.2410	0.2724	0.2335	23.6202	3812.4925
74000	0.1244	0.2456	0.2775	0.2373	23.6411	3802.0434
74500	0.1253	0.2470	0.2787	0.2379	23.6512	3791.7567
75000	0.1255	0.2473	0.2789	0.2385	23.6627	3781.4799
75500	0.1263	0.2478	0.2789	0.2394	23.6805	3771.2756
76000	0.1280	0.2497	0.2809	0.2416	23.6977	3761.2002
76500	0.1289	0.2507	0.2814	0.2423	23.7182	3751.1222
77000	0.1295	0.2514	0.2815	0.2433	23.7467	3741.1802
77500	0.1292	0.2507	0.2807	0.2428	23.7760	3731.3141
78000	0.1297	0.2519	0.2817	0.2444	23.8106	3721.5070
78500	0.1316	0.2540	0.2837	0.2464	23.8566	3711.7690
79000	0.1334	0.2560	0.2856	0.2472	23.9049	3702.1046
79500	0.1333	0.2560	0.2854	0.2484	23.9489	3692.5142
80000	0.1334	0.2570	0.2864	0.2480	23.9968	3683.0265
80500	0.1334	0.2569	0.2858	0.2475	24.0451	3673.5774
81000	0.1346	0.2580	0.2871	0.2496	24.0943	3664.2065
81500	0.1359	0.2582	0.2870	0.2487	24.1362	3654.8927
82000	0.1360	0.2594	0.2879	0.2502	24.1805	3645.6607
82500	0.1364	0.2594	0.2880	0.2508	24.2224	3636.5077
83000	0.1381	0.2607	0.2889	0.2515	24.2623	3627.3637
83500	0.1372	0.2609	0.2891	0.2507	24.2997	3618.3636
84000	0.1376	0.2612	0.2894	0.2513	24.3355	3609.4050
84500	0.1388	0.2618	0.2896	0.2522	24.3690	3600.4960
85000	0.1374	0.2609	0.2884	0.2513	24.4082	3591.6813
85500	0.1385	0.2627	0.2903	0.2524	24.4396	3582.8883
86000	0.1383	0.2617	0.2889	0.2521	24.4675	3574.2087
86500	0.1376	0.2624	0.2893	0.2526	24.5080	3565.5562
87000	0.1363	0.2611	0.2878	0.2514	24.5521	3556.9689
87500	0.1364	0.2621	0.2887	0.2529	24.5985	3548.4696
88000	0.1358	0.2623	0.2886	0.2539	24.6523	3540.0176
88500	0.1355	0.2621	0.2880	0.2525	24.6951	3531.6229
89000	0.1365	0.2634	0.2892	0.2543	24.7431	3523.2652
89500	0.1347	0.2618	0.2873	0.2550	24.7944	3515.0040
90000	0.1351	0.2614	0.2865	0.2546	24.8511	3506.8181
90500	0.1348	0.2611	0.2863	0.2544	24.8963	3498.6611
91000	0.1340	0.2611	0.2861	0.2539	24.9485	3490.5649
91500	0.1350	0.2620	0.2870	0.2561	25.0027	3482.5256
92000	0.1364	0.2626	0.2874	0.2571	25.0604	3474.5373
92500	0.1352	0.2615	0.2860	0.2573	25.1019	3466.6064
93000	0.1379	0.2634	0.2879	0.2581	25.1488	3458.7532
93500	0.1349	0.2617	0.2858	0.2573	25.1904	3450.9220
94000	0.1361	0.2624	0.2866	0.2579	25.2309	3443.2001
94500	0.1368	0.2626	0.2865	0.2585	25.2654	3435.4795
95000	0.1377	0.2632	0.2869	0.2597	25.2983	3427.8080
95500	0.1390	0.2651	0.2889	0.2607	25.3303	3420.2296
96000	0.1370	0.2635	0.2871	0.2594	25.3602	3412.6795
96500	0.1380	0.2648	0.2881	0.2608	25.3892	3405.1847
97000	0.1372	0.2641	0.2872	0.2596	25.4152	3397.7537
97500	0.1390	0.2651	0.2880	0.2611	25.4408	3390.3562
98000	0.1386	0.2656	0.2883	0.2620	25.4618	3383.0407
98500	0.1404	0.2674	0.2900	0.2632	25.4783	3375.7589
99000	0.1396	0.2672	0.2896	0.2629	25.4924	3368.5506
99500	0.1407	0.2674	0.2894	0.2646	25.5176	3361.3687
100000	0.1413	0.2682	0.2899	0.2644	25.5499	3354.2476
100500	0.1409	0.2683	0.2895	0.2647	25.5809	3347.1331
101000	0.1399	0.2686	0.2897	0.2648	25.6099	3340.1127
101500	0.1406	0.2692	0.2900	0.2653	25.6436	3333.0999
102000	0.1413	0.2704	0.2909	0.2662	25.6799	3326.1918
102500	0.1407	0.2703	0.2906	0.2673	25.7259	3319.2772
103000	0.1413	0.2708	0.2910	0.2691	25.7690	3312.4584
103500	0.1406	0.2711	0.2913	0.2690	25.8174	3305.6453
104000	0.1415	0.2731	0.2931	0.2703	25.8667	3298.8958
104500	0.1412	0.2735	0.2936	0.2708	25.9046	3292.2048
105000	0.1401	0.2728	0.2928	0.2710	25.9556	3285.5510
105500	0.1398	0.2735	0.2934	0.2710	26.0069	3278.9244
106000	0.1393	0.2731	0.2929	0.2704	26.0573	3272.3572
106500	0.1401	0.2753	0.2953	0.2722	26.1042	3265.8473
107000	0.1391	0.2742	0.2940	0.2717	26.1589	3259.3558
107500	0.1412	0.2757	0.2955	0.2740	26.2152	3252.8921
108000	0.1418	0.2768	0.2966	0.2744	26.2629	3246.4914
108500	0.1406	0.2777	0.2976	0.2745	26.3062	3240.1568
109000	0.1413	0.2792	0.2993	0.2754	26.3493	3233.8396
109500	0.1415	0.2792	0.2990	0.2753	26.4005	3227.5731
110000	0.1409	0.2785	0.2984	0.2747	26.4369	3221.3437
110500	0.1420	0.2792	0.2990	0.2760	26.4734	3215.1645
111000	0.1428	0.2799	0.2995	0.2763	26.5112	3209.0089
111500	0.1424	0.2806	0.3003	0.2761	26.5374	3202.9237
112000	0.1410	0.2803	0.3000	0.2759	26.5681	3196.8657
112500	0.1426	0.2812	0.3008	0.2772	26.5948	3190.8188
113000	0.1432	0.2827	0.3022	0.2777	26.6160	3184.8327
113500	0.1432	0.2816	0.3009	0.2756	26.6380	3178.8786
114000	0.1423	0.2819	0.3012	0.2761	26.6563	3172.9716
114500	0.1418	0.2806	0.2996	0.2755	26.6744	3167.1034
115000	0.1440	0.2823	0.3014	0.2776	26.6956	3161.2535
115500	0.1442	0.2831	0.3021	0.2774	26.7094	3155.4726
116000	0.1453	0.2842	0.3031	0.2793	26.7275	3149.7042
116500	0.1459	0.2854	0.3041	0.2787	26.7401	3143.9710
117000	0.1471	0.2862	0.3049	0.2789	26.7507	3138.2936
117500	0.1465	0.2864	0.3048	0.2781	26.7663	3132.6418
118000	0.1433	0.2839	0.3019	0.2746	26.7743	3127.0074
118500	0.1454	0.2855	0.3032	0.2764	26.7895	3121.4461
119000	0.1448	0.2852	0.3028	0.2765	26.8083	3115.8852
119500	0.1454	0.2861	0.3034	0.2765	26.8168	3110.3787
120000	0.1458	0.2853	0.3021	0.2758	26.8299	3104.9096
120500	0.1459	0.2861	0.3029	0.2754	26.8455	3099.4671
121000	0.1448	0.2864	0.3026	0.2750	26.8673	3094.0617
121500	0.1451	0.2867	0.3027	0.2753	26.8889	3088.6782
122000	0.1445	0.2858	0.3016	0.2741	26.9119	3083.3609
122500	0.1447	0.2866	0.3019	0.2750	26.9473	3078.0442
123000	0.1447	0.2869	0.3020	0.2734	26.9760	3072.7811
123500	0.1446	0.2874	0.3020	0.2733	27.0105	3067.5384
124000	0.1424	0.2861	0.3001	0.2721	27.0511	3062.3163
124500	0.1422	0.2860	0.3000	0.2727	27.0985	3057.1485
125000	0.1429	0.2868	0.3006	0.2724	27.1630	3051.9985
125500	0.1435	0.2878	0.3013	0.2734	27.2262	3046.8975
126000	0.1428	0.2884	0.3018	0.2739	27.2910	3041.8121
126500	0.1416	0.2883	0.3016	0.2731	27.3630	3036.7663
127000	0.1422	0.2897	0.3029	0.2734	27.4400	3031.7442
127500	0.1422	0.2906	0.3038	0.2732	27.5172	3026.7458
128000	0.1420	0.2907	0.3039	0.2745	27.6018	3021.7952
128500	0.1426	0.2909	0.3040	0.2739	27.6846	3016.8601
129000	0.1410	0.2911	0.3042	0.2727	27.7592	3011.9607
129500	0.1411	0.2921	0.3052	0.2738	27.8367	3007.0990
130000	0.1423	0.2930	0.3062	0.2755	27.9221	3002.2459
130500	0.1407	0.2926	0.3058	0.2744	27.9980	2997.4347
131000	0.1429	0.2945	0.3075	0.2761	28.0710	2992.6501
131500	0.1418	0.2949	0.3079	0.2748	28.1324	2987.9038
132000	0.1429	0.2954	0.3083	0.2759	28.1898	2983.1739
132500	0.1436	0.2969	0.3099	0.2760	28.2368	2978.4741
133000	0.1419	0.2959	0.3089	0.2753	28.2812	2973.8131
133500	0.1428	0.2968	0.3095	0.2760	28.3219	2969.1511
134000	0.1445	0.2982	0.3111	0.2777	28.3534	2964.5343
134500	0.1441	0.2983	0.3109	0.2765	28.3891	2959.9552
135000	0.1436	0.2989	0.3115	0.2760	28.4181	2955.3871
135500	0.1452	0.2995	0.3118	0.2777	28.4472	2950.8332
136000	0.1445	0.2992	0.3117	0.2766	28.4812	2946.3281
136500	0.1451	0.2998	0.3122	0.2783	28.5072	2941.8239
137000	0.1472	0.3020	0.3143	0.2796	28.5289	2937.3756
137500	0.1470	0.3013	0.3134	0.2787	28.5528	2932.9627
138000	0.1462	0.3008	0.3128	0.2790	28.5765	2928.5426
138500	0.1482	0.3025	0.3144	0.2807	28.6004	2924.1783
139000	0.1469	0.3021	0.3140	0.2800	28.6216	2919.8006
139500	0.1484	0.3039	0.3154	0.2807	28.6409	2915.4886
140000	0.1467	0.3021	0.3136	0.2790	28.6661	2911.1853
140500	0.1484	0.3036	0.3149	0.2810	28.6881	2906.9005
141000	0.1487	0.3043	0.3156	0.2816	28.7048	2902.6491
141500	0.1498	0.3052	0.3161	0.2822	28.7321	2898.4229
142000	0.1495	0.3050	0.3158	0.2836	28.7565	2894.2065
142500	0.1510	0.3056	0.3163	0.2849	28.7836	2890.0267
143000	0.1504	0.3049	0.3155	0.2856	28.8132	2885.8598
143500	0.1527	0.3071	0.3175	0.2873	28.8409	2881.7155
144000	0.1520	0.3062	0.3164	0.2879	28.8714	2877.6055
144500	0.1516	0.3063	0.3164	0.2887	28.9074	2873.5175
145000	0.1533	0.3080	0.3178	0.2893	28.9436	2869.4544
145500	0.1525	0.3080	0.3177	0.2901	28.9756	2865.4002
146000	0.1542	0.3088	0.3181	0.2912	29.0134	2861.3866
146500	0.1539	0.3092	0.3186	0.2925	29.0466	2857.3793
147000	0.1546	0.3104	0.3197	0.2938	29.0871	2853.4037
147500	0.1528	0.3089	0.3180	0.2933	29.1260	2849.4300
148000	0.1548	0.3112	0.3201	0.2934	29.1571	2845.5060
148500	0.1552	0.3118	0.3207	0.2945	29.1958	2841.5860
149000	0.1570	0.3121	0.3207	0.2961	29.2311	2837.6909
149500	0.1551	0.3111	0.3192	0.2951	29.2681	2833.8169
150000	0.1567	0.3128	0.3211	0.2972	29.3050	2829.9710
150500	0.1585	0.3139	0.3217	0.2982	29.3364	2826.1507
151000	0.1579	0.3134	0.3210	0.2973	29.3740	2822.3392
151500	0.1600	0.3153	0.3228	0.3010	29.4070	2818.5428
152000	0.1605	0.3161	0.3232	0.3008	29.4371	2814.7837
152500	0.1598	0.3154	0.3225	0.3018	29.4731	2811.0367
153000	0.1615	0.3171	0.3240	0.3030	29.5122	2807.3020
153500	0.1594	0.3167	0.3233	0.3012	29.5545	2803.6037
154000	0.1621	0.3188	0.3253	0.3032	29.5953	2799.9185
154500	0.1630	0.3203	0.3267	0.3044	29.6378	2796.2423
155000	0.1608	0.3187	0.3249	0.3032	29.6862	2792.5780
155500	0.1613	0.3185	0.3246	0.3045	29.7331	2788.9538
156000	0.1626	0.3210	0.3269	0.3055	29.7800	2785.3512
156500	0.1637	0.3217	0.3274	0.3060	29.8302	2781.7667
157000	0.1608	0.3195	0.3251	0.3048	29.8850	2778.1876
157500	0.1616	0.3208	0.3262	0.3052	29.9382	2774.6438
158000	0.1612	0.3208	0.3262	0.3055	29.9972	2771.1079
158500	0.1622	0.3226	0.3280	0.3053	30.0540	2767.5815
159000	0.1607	0.3210	0.3263	0.3054	30.1155	2764.0674
159500	0.1615	0.3214	0.3265	0.3052	30.1702	2760.5990
160000	0.1594	0.3193	0.3244	0.3042	30.2223	2757.1264
160500	0.1611	0.3209	0.3259	0.3062	30.2721	2753.6881
161000	0.1618	0.3223	0.3273	0.3056	30.3213	2750.2632
161500	0.1597	0.3208	0.3259	0.3065	30.3677	2746.8544
162000	0.1599	0.3213	0.3264	0.3061	30.4165	2743.4743
162500	0.1614	0.3232	0.3283	0.3080	30.4658	2740.1069
163000	0.1617	0.3231	0.3281	0.3072	30.5152	2736.7497
163500	0.1630	0.3244	0.3294	0.3082	30.5682	2733.4053
164000	0.1608	0.3224	0.3274	0.3073	30.6104	2730.0793
164500	0.1610	0.3231	0.3282	0.3071	30.6547	2726.7777
165000	0.1625	0.3235	0.3284	0.3082	30.6978	2723.4843
165500	0.1613	0.3233	0.3283	0.3079	30.7410	2720.2101
166000	0.1607	0.3226	0.3275	0.3076	30.7846	2716.9711
166500	0.1632	0.3239	0.3288	0.3094	30.8181	2713.7265
167000	0.1586	0.3216	0.3265	0.3066	30.8502	2710.5132
167500	0.1644	0.3254	0.3301	0.3096	30.8752	2707.3116
168000	0.1646	0.3261	0.3308	0.3109	30.9018	2704.1261
168500	0.1614	0.3242	0.3290	0.3093	30.9367	2700.9524
169000	0.1640	0.3258	0.3305	0.3110	30.9630	2697.7905
169500	0.1623	0.3240	0.3286	0.3093	30.9861	2694.6666
170000	0.1634	0.3251	0.3295	0.3110	31.0113	2691.5287
170500	0.1644	0.3263	0.3306	0.3114	31.0362	2688.4230
171000	0.1639	0.3251	0.3295	0.3118	31.0584	2685.3314
171500	0.1646	0.3258	0.3301	0.3115	31.0812	2682.2432
172000	0.1634	0.3254	0.3297	0.3112	31.0997	2679.1869
172500	0.1642	0.3266	0.3307	0.3117	31.1147	2676.1515
173000	0.1650	0.3265	0.3307	0.3119	31.1327	2673.1136
173500	0.1647	0.3271	0.3313	0.3132	31.1546	2670.1014
174000	0.1654	0.3276	0.3316	0.3135	31.1726	2667.0919
174500	0.1640	0.3276	0.3315	0.3128	31.1926	2664.1111
175000	0.1646	0.3272	0.3310	0.3138	31.2041	2661.1413
175500	0.1654	0.3265	0.3301	0.3128	31.2147	2658.1796
176000	0.1658	0.3279	0.3314	0.3145	31.2281	2655.2239
176500	0.1674	0.3289	0.3322	0.3156	31.2414	2652.3008
177000	0.1687	0.3299	0.3333	0.3161	31.2504	2649.3769
177500	0.1666	0.3286	0.3316	0.3142	31.2618	2646.4640
178000	0.1667	0.3289	0.3320	0.3152	31.2701	2643.5877
178500	0.1659	0.3277	0.3305	0.3137	31.2869	2640.7051
179000	0.1679	0.3301	0.3329	0.3162	31.3027	2637.8503
179500	0.1697	0.3320	0.3346	0.3184	31.3210	2635.0049
180000	0.1679	0.3301	0.3326	0.3168	31.3325	2632.1705
180500	0.1696	0.3316	0.3336	0.3182	31.3519	2629.3407
181000	0.1681	0.3306	0.3327	0.3172	31.3754	2626.5348
181500	0.1697	0.3321	0.3338	0.3175	31.3939	2623.7438
182000	0.1684	0.3307	0.3323	0.3175	31.4127	2620.9638
182500	0.1672	0.3310	0.3322	0.3174	31.4358	2618.1956
183000	0.1679	0.3308	0.3321	0.3176	31.4588	2615.4437
183500	0.1685	0.3322	0.3335	0.3185	31.4897	2612.6951
184000	0.1684	0.3320	0.3330	0.3180	31.5222	2609.9587
184500	0.1685	0.3320	0.3327	0.3179	31.5511	2607.2446
185000	0.1682	0.3329	0.3335	0.3188	31.5794	2604.5390
185500	0.1665	0.3303	0.3310	0.3182	31.6134	2601.8401
186000	0.1680	0.3327	0.3335	0.3196	31.6494	2599.1658
186500	0.1679	0.3332	0.3342	0.3199	31.6852	2596.5033
187000	0.1661	0.3311	0.3324	0.3185	31.7271	2593.8492
187500	0.1665	0.3312	0.3326	0.3195	31.7726	2591.2025
188000	0.1658	0.3304	0.3319	0.3193	31.8193	2588.5593
188500	0.1676	0.3319	0.3336	0.3209	31.8582	2585.9552
189000	0.1649	0.3305	0.3321	0.3193	31.8990	2583.3497
189500	0.1657	0.3318	0.3335	0.3204	31.9513	2580.7541
190000	0.1668	0.3314	0.3335	0.3210	31.9969	2578.1645
190500	0.1662	0.3315	0.3337	0.3207	32.0418	2575.6026
191000	0.1650	0.3302	0.3324	0.3207	32.0809	2573.0396
191500	0.1647	0.3299	0.3322	0.3210	32.1228	2570.4959
192000	0.1649	0.3302	0.3326	0.3215	32.1670	2567.9545
192500	0.1657	0.3305	0.3333	0.3220	32.2000	2565.4177
193000	0.1648	0.3300	0.3329	0.3216	32.2334	2562.9087
193500	0.1642	0.3294	0.3325	0.3215	32.2701	2560.4090
194000	0.1635	0.3285	0.3317	0.3225	32.3085	2557.9174
194500	0.1666	0.3312	0.3345	0.3231	32.3500	2555.4387
195000	0.1633	0.3287	0.3322	0.3220	32.3875	2552.9721
195500	0.1660	0.3304	0.3341	0.3246	32.4295	2550.5045
196000	0.1649	0.3302	0.3341	0.3241	32.4637	2548.0657
196500	0.1642	0.3281	0.3322	0.3241	32.5031	2545.6274
197000	0.1637	0.3291	0.3333	0.3237	32.5378	2543.2056
197500	0.1652	0.3297	0.3339	0.3248	32.5783	2540.7832
198000	0.1655	0.3296	0.3341	0.3256	32.6228	2538.3824
198500	0.1634	0.3283	0.3327	0.3245	32.6678	2535.9871
199000	0.1659	0.3302	0.3349	0.3273	32.7157	2533.5977
199500	0.1643	0.3303	0.3349	0.3277	32.7647	2531.2348
200000	0.1636	0.3289	0.3338	0.3271	32.8220	2528.8730
200500	0.1631	0.3280	0.3332	0.3277	32.8814	2526.5235
201000	0.1633	0.3291	0.3343	0.3279	32.9297	2524.1866
201500	0.1663	0.3310	0.3362	0.3294	32.9808	2521.8564
202000	0.1645	0.3308	0.3361	0.3310	33.0287	2519.5361
202500	0.1667	0.3317	0.3370	0.3328	33.0826	2517.2261
203000	0.1633	0.3303	0.3356	0.3308	33.1373	2514.9154
203500	0.1641	0.3314	0.3368	0.3311	33.1805	2512.6284
204000	0.1630	0.3313	0.3369	0.3322	33.2379	2510.3469
204500	0.1660	0.3329	0.3385	0.3336	33.2940	2508.0722
205000	0.1645	0.3327	0.3383	0.3335	33.3485	2505.8096
205500	0.1665	0.3339	0.3395	0.3360	33.4038	2503.5524
206000	0.1665	0.3343	0.3400	0.3362	33.4522	2501.3072
206500	0.1652	0.3330	0.3387	0.3360	33.5040	2499.0772
207000	0.1675	0.3345	0.3403	0.3375	33.5554	2496.8472
207500	0.1661	0.3341	0.3399	0.3380	33.5958	2494.6308
208000	0.1662	0.3350	0.3408	0.3389	33.6437	2492.4272
208500	0.1674	0.3358	0.3417	0.3397	33.6800	2490.2313
209000	0.1660	0.3350	0.3410	0.3394	33.7238	2488.0366
209500	0.1692	0.3378	0.3439	0.3419	33.7624	2485.8646
210000	0.1688	0.3363	0.3424	0.3426	33.7998	2483.7027
210500	0.1670	0.3357	0.3419	0.3424	33.8377	2481.5423
211000	0.1699	0.3382	0.3443	0.3440	33.8744	2479.3806
211500	0.1704	0.3379	0.3442	0.3446	33.9099	2477.2308
212000	0.1701	0.3368	0.3431	0.3443	33.9419	2475.1001
212500	0.1698	0.3382	0.3446	0.3455	33.9757	2472.9737
213000	0.1717	0.3399	0.3464	0.3474	34.0047	2470.8615
213500	0.1706	0.3384	0.3449	0.3469	34.0286	2468.7460
214000	0.1734	0.3416	0.3482	0.3486	34.0545	2466.6482
214500	0.1727	0.3393	0.3459	0.3482	34.0735	2464.5622
215000	0.1734	0.3405	0.3472	0.3490	34.0933	2462.4805
215500	0.1727	0.3407	0.3474	0.3495	34.1214	2460.4100
216000	0.1724	0.3405	0.3474	0.3489	34.1450	2458.3403
216500	0.1731	0.3412	0.3480	0.3503	34.1732	2456.2757
217000	0.1720	0.3402	0.3472	0.3504	34.1928	2454.2291
217500	0.1738	0.3417	0.3487	0.3506	34.2126	2452.1947
218000	0.1739	0.3420	0.3489	0.3519	34.2332	2450.1676
218500	0.1733	0.3415	0.3486	0.3516	34.2580	2448.1395
219000	0.1735	0.3419	0.3490	0.3522	34.2756	2446.1231
219500	0.1749	0.3419	0.3492	0.3525	34.2983	2444.1196
220000	0.1755	0.3424	0.3497	0.3532	34.3158	2442.1179
220500	0.1745	0.3424	0.3497	0.3535	34.3280	2440.1352
221000	0.1768	0.3436	0.3510	0.3556	34.3436	2438.1568
221500	0.1742	0.3422	0.3496	0.3541	34.3640	2436.1882
222000	0.1751	0.3423	0.3498	0.3536	34.3781	2434.2159
222500	0.1753	0.3424	0.3499	0.3542	34.3928	2432.2594
223000	0.1766	0.3432	0.3508	0.3554	34.4053	2430.3165
223500	0.1745	0.3421	0.3497	0.3539	34.4249	2428.3761
224000	0.1745	0.3425	0.3502	0.3536	34.4464	2426.4356
224500	0.1756	0.3430	0.3507	0.3546	34.4609	2424.5069
225000	0.1758	0.3439	0.3515	0.3548	34.4805	2422.5861
225500	0.1740	0.3436	0.3512	0.3537	34.5047	2420.6698
226000	0.1729	0.3422	0.3499	0.3533	34.5294	2418.7785
226500	0.1730	0.3425	0.3502	0.3548	34.5537	2416.8808
227000	0.1740	0.3435	0.3513	0.3556	34.5742	2414.9904
227500	0.1742	0.3435	0.3511	0.3558	34.5960	2413.1044
228000	0.1721	0.3438	0.3514	0.3545	34.6244	2411.2337
228500	0.1728	0.3435	0.3512	0.3554	34.6515	2409.3651
229000	0.1723	0.3435	0.3512	0.3551	34.6728	2407.4963
229500	0.1710	0.3431	0.3508	0.3554	34.6898	2405.6501
230000	0.1721	0.3434	0.3513	0.3557	34.7094	2403.8060
230500	0.1695	0.3426	0.3503	0.3547	34.7298	2401.9662
231000	0.1698	0.3430	0.3508	0.3541	34.7559	2400.1383
231500	0.1676	0.3417	0.3495	0.3534	34.7729	2398.3075
232000	0.1693	0.3423	0.3504	0.3551	34.7966	2396.4934
232500	0.1694	0.3423	0.3503	0.3549	34.8202	2394.6906
233000	0.1711	0.3430	0.3512	0.3567	34.8442	2392.8811
233500	0.1716	0.3432	0.3515	0.3576	34.8656	2391.0758
234000	0.1725	0.3428	0.3511	0.3579	34.8898	2389.2872
234500	0.1703	0.3425	0.3508	0.3568	34.9086	2387.5000
235000	0.1715	0.3424	0.3508	0.3574	34.9204	2385.7177
235500	0.1722	0.3433	0.3519	0.3589	34.9342	2383.9566
236000	0.1697	0.3416	0.3501	0.3572	34.9517	2382.1835
236500	0.1721	0.3432	0.3521	0.3592	34.9691	2380.4306
237000	0.1718	0.3420	0.3507	0.3590	34.9828	2378.6825
237500	0.1746	0.3446	0.3536	0.3614	34.9960	2376.9366
238000	0.1726	0.3423	0.3514	0.3603	35.0099	2375.1970
238500	0.1737	0.3430	0.3523	0.3613	35.0180	2373.4746
239000	0.1725	0.3408	0.3502	0.3591	35.0299	2371.7527
239500	0.1740	0.3435	0.3529	0.3609	35.0394	2370.0308
240000	0.1734	0.3420	0.3516	0.3612	35.0531	2368.3162
240500	0.1706	0.3392	0.3487	0.3594	35.0699	2366.6100
241000	0.1738	0.3421	0.3519	0.3620	35.0848	2364.9148
241500	0.1738	0.3422	0.3522	0.3622	35.0955	2363.2268
242000	0.1753	0.3433	0.3534	0.3636	35.1150	2361.5447
242500	0.1743	0.3428	0.3530	0.3639	35.1362	2359.8572
243000	0.1748	0.3421	0.3525	0.3638	35.1579	2358.1828
243500	0.1754	0.3432	0.3539	0.3644	35.1736	2356.5194
244000	0.1738	0.3415	0.3523	0.3636	35.1948	2354.8626
244500	0.1724	0.3407	0.3516	0.3623	35.2201	2353.2001
245000	0.1727	0.3407	0.3519	0.3637	35.2536	2351.5462
245500	0.1738	0.3413	0.3527	0.3646	35.2801	2349.9115
246000	0.1745	0.3413	0.3528	0.3656	35.3155	2348.2779
246500	0.1735	0.3416	0.3532	0.3646	35.3537	2346.6471
247000	0.1732	0.3404	0.3521	0.3642	35.3877	2345.0224
247500	0.1737	0.3408	0.3526	0.3652	35.4295	2343.3971
248000	0.1729	0.3407	0.3526	0.3654	35.4773	2341.7844
248500	0.1728	0.3405	0.3524	0.3649	35.5237	2340.1869
249000	0.1720	0.3406	0.3526	0.3651	35.5808	2338.5801
249500	0.1725	0.3407	0.3527	0.3665	35.6315	2336.9847
Done training
